nohup: 忽略输入
epoch:  0
0th epoch validation confusion matrix: [[32.0, 27.0], [0.0, 0.0]] eval_metric: 0.5424
epoch:  20
20th epoch validation confusion matrix: [[31.98, 26.98], [0.02, 0.02]] eval_metric: 0.5424
epoch:  40
40th epoch validation confusion matrix: [[31.76, 26.83], [0.24, 0.17]] eval_metric: 0.5412
epoch:  60
60th epoch validation confusion matrix: [[31.83, 26.89], [0.17, 0.11]] eval_metric: 0.5414
epoch:  80
80th epoch validation confusion matrix: [[30.44, 25.74], [1.56, 1.26]] eval_metric: 0.5373
epoch:  100
100th epoch validation confusion matrix: [[4.72, 3.92], [27.28, 23.08]] eval_metric: 0.4712
epoch:  120
120th epoch validation confusion matrix: [[30.86, 26.07], [1.14, 0.93]] eval_metric: 0.5388
epoch:  140
140th epoch validation confusion matrix: [[19.26, 16.15], [12.74, 10.85]] eval_metric: 0.5103
epoch:  160
160th epoch validation confusion matrix: [[15.16, 12.87], [16.84, 14.13]] eval_metric: 0.4964
epoch:  180
180th epoch validation confusion matrix: [[29.95, 25.25], [2.05, 1.75]] eval_metric: 0.5373
epoch:  200
200th epoch validation confusion matrix: [[4.63, 3.84], [27.37, 23.16]] eval_metric: 0.4710
epoch:  220
220th epoch validation confusion matrix: [[24.55, 20.51], [7.45, 6.49]] eval_metric: 0.5261
epoch:  240
240th epoch validation confusion matrix: [[17.31, 14.63], [14.69, 12.37]] eval_metric: 0.5031
epoch:  260
260th epoch validation confusion matrix: [[25.48, 21.42], [6.52, 5.58]] eval_metric: 0.5264
epoch:  280
280th epoch validation confusion matrix: [[28.48, 24.01], [3.52, 2.99]] eval_metric: 0.5334
epoch:  300
300th epoch validation confusion matrix: [[26.31, 22.09], [5.69, 4.91]] eval_metric: 0.5292
epoch:  320
320th epoch validation confusion matrix: [[31.01, 26.14], [0.99, 0.86]] eval_metric: 0.5402
epoch:  340
340th epoch validation confusion matrix: [[24.44, 20.54], [7.56, 6.46]] eval_metric: 0.5237
epoch:  360
360th epoch validation confusion matrix: [[2.26, 1.94], [29.74, 25.06]] eval_metric: 0.4631
epoch:  380
380th epoch validation confusion matrix: [[26.87, 22.38], [5.13, 4.62]] eval_metric: 0.5337
epoch:  400
400th epoch validation confusion matrix: [[4.16, 3.34], [27.84, 23.66]] eval_metric: 0.4715
epoch:  420
420th epoch validation confusion matrix: [[14.5, 11.97], [17.5, 15.03]] eval_metric: 0.5005
epoch:  440
440th epoch validation confusion matrix: [[25.57, 21.33], [6.43, 5.67]] eval_metric: 0.5295
epoch:  460
460th epoch validation confusion matrix: [[29.68, 24.97], [2.32, 2.03]] eval_metric: 0.5375
epoch:  480
480th epoch validation confusion matrix: [[26.52, 22.25], [5.48, 4.75]] eval_metric: 0.5300
epoch:  500
500th epoch validation confusion matrix: [[8.66, 7.18], [23.34, 19.82]] eval_metric: 0.4827
epoch:  520
520th epoch validation confusion matrix: [[28.02, 23.49], [3.98, 3.51]] eval_metric: 0.5344
epoch:  540
540th epoch validation confusion matrix: [[26.03, 21.72], [5.97, 5.28]] eval_metric: 0.5307
epoch:  560
560th epoch validation confusion matrix: [[28.01, 23.44], [3.99, 3.56]] eval_metric: 0.5351
epoch:  580
580th epoch validation confusion matrix: [[28.1, 23.51], [3.9, 3.49]] eval_metric: 0.5354
epoch:  600
600th epoch validation confusion matrix: [[17.6, 14.6], [14.4, 12.4]] eval_metric: 0.5085
epoch:  620
620th epoch validation confusion matrix: [[27.11, 22.76], [4.89, 4.24]] eval_metric: 0.5314
epoch:  640
640th epoch validation confusion matrix: [[21.01, 17.52], [10.99, 9.48]] eval_metric: 0.5168
epoch:  660
660th epoch validation confusion matrix: [[24.84, 20.81], [7.16, 6.19]] eval_metric: 0.5259
epoch:  680
680th epoch validation confusion matrix: [[23.63, 19.75], [8.37, 7.25]] eval_metric: 0.5234
epoch:  700
700th epoch validation confusion matrix: [[6.72, 5.65], [25.28, 21.35]] eval_metric: 0.4758
epoch:  720
720th epoch validation confusion matrix: [[22.14, 18.6], [9.86, 8.4]] eval_metric: 0.5176
epoch:  740
740th epoch validation confusion matrix: [[18.2, 15.45], [13.8, 11.55]] eval_metric: 0.5042
epoch:  760
760th epoch validation confusion matrix: [[15.99, 13.55], [16.01, 13.45]] eval_metric: 0.4990
epoch:  780
780th epoch validation confusion matrix: [[26.13, 21.99], [5.87, 5.01]] eval_metric: 0.5278
epoch:  800
800th epoch validation confusion matrix: [[23.01, 19.3], [8.99, 7.7]] eval_metric: 0.5205
epoch:  820
820th epoch validation confusion matrix: [[19.76, 16.61], [12.24, 10.39]] eval_metric: 0.5110
epoch:  840
840th epoch validation confusion matrix: [[24.9, 20.84], [7.1, 6.16]] eval_metric: 0.5264
epoch:  860
860th epoch validation confusion matrix: [[15.59, 12.96], [16.41, 14.04]] eval_metric: 0.5022
epoch:  880
880th epoch validation confusion matrix: [[16.57, 13.85], [15.43, 13.15]] eval_metric: 0.5037
epoch:  900
900th epoch validation confusion matrix: [[27.1, 22.62], [4.9, 4.38]] eval_metric: 0.5336
epoch:  920
920th epoch validation confusion matrix: [[23.14, 19.31], [8.86, 7.69]] eval_metric: 0.5225
epoch:  940
940th epoch validation confusion matrix: [[18.04, 15.21], [13.96, 11.79]] eval_metric: 0.5056
epoch:  960
960th epoch validation confusion matrix: [[21.6, 18.1], [10.4, 8.9]] eval_metric: 0.5169
epoch:  980
980th epoch validation confusion matrix: [[18.83, 15.76], [13.17, 11.24]] eval_metric: 0.5097
epoch:  1000
1000th epoch validation confusion matrix: [[21.15, 17.68], [10.85, 9.32]] eval_metric: 0.5164
epoch:  1020
1020th epoch validation confusion matrix: [[21.03, 17.51], [10.97, 9.49]] eval_metric: 0.5173
epoch:  1040
1040th epoch validation confusion matrix: [[7.05, 5.79], [24.95, 21.21]] eval_metric: 0.4790
epoch:  1060
1060th epoch validation confusion matrix: [[18.54, 15.51], [13.46, 11.49]] eval_metric: 0.5090
epoch:  1080
1080th epoch validation confusion matrix: [[21.59, 18.16], [10.41, 8.84]] eval_metric: 0.5158
epoch:  1100
1100th epoch validation confusion matrix: [[26.07, 21.62], [5.93, 5.38]] eval_metric: 0.5331
epoch:  1120
1120th epoch validation confusion matrix: [[22.68, 18.85], [9.32, 8.15]] eval_metric: 0.5225
epoch:  1140
1140th epoch validation confusion matrix: [[14.3, 11.87], [17.7, 15.13]] eval_metric: 0.4988
epoch:  1160
1160th epoch validation confusion matrix: [[23.36, 19.42], [8.64, 7.58]] eval_metric: 0.5244
epoch:  1180
1180th epoch validation confusion matrix: [[19.34, 16.06], [12.66, 10.94]] eval_metric: 0.5132
epoch:  1200
1200th epoch validation confusion matrix: [[16.12, 13.4], [15.88, 13.6]] eval_metric: 0.5037
epoch:  1220
1220th epoch validation confusion matrix: [[20.68, 17.18], [11.32, 9.82]] eval_metric: 0.5169
epoch:  1240
1240th epoch validation confusion matrix: [[18.5, 15.56], [13.5, 11.44]] eval_metric: 0.5075
epoch:  1260
1260th epoch validation confusion matrix: [[22.61, 18.63], [9.39, 8.37]] eval_metric: 0.5251
epoch:  1280
1280th epoch validation confusion matrix: [[24.18, 20.05], [7.82, 6.95]] eval_metric: 0.5276
epoch:  1300
1300th epoch validation confusion matrix: [[23.8, 19.72], [8.2, 7.28]] eval_metric: 0.5268
epoch:  1320
1320th epoch validation confusion matrix: [[22.2, 18.4], [9.8, 8.6]] eval_metric: 0.5220
epoch:  1340
1340th epoch validation confusion matrix: [[22.9, 18.96], [9.1, 8.04]] eval_metric: 0.5244
epoch:  1360
1360th epoch validation confusion matrix: [[18.37, 15.31], [13.63, 11.69]] eval_metric: 0.5095
epoch:  1380
1380th epoch validation confusion matrix: [[21.3, 17.79], [10.7, 9.21]] eval_metric: 0.5171
epoch:  1400
1400th epoch validation confusion matrix: [[20.0, 16.65], [12.0, 10.35]] eval_metric: 0.5144
epoch:  1420
1420th epoch validation confusion matrix: [[19.28, 16.09], [12.72, 10.91]] eval_metric: 0.5117
epoch:  1440
1440th epoch validation confusion matrix: [[17.09, 14.36], [14.91, 12.64]] eval_metric: 0.5039
epoch:  1460
1460th epoch validation confusion matrix: [[19.8, 16.49], [12.2, 10.51]] eval_metric: 0.5137
epoch:  1480
1480th epoch validation confusion matrix: [[22.24, 18.62], [9.76, 8.38]] eval_metric: 0.5190
epoch:  1500
1500th epoch validation confusion matrix: [[20.34, 16.88], [11.66, 10.12]] eval_metric: 0.5163
epoch:  1520
1520th epoch validation confusion matrix: [[14.45, 12.13], [17.55, 14.87]] eval_metric: 0.4969
epoch:  1540
1540th epoch validation confusion matrix: [[16.95, 14.24], [15.05, 12.76]] eval_metric: 0.5036
epoch:  1560
1560th epoch validation confusion matrix: [[19.37, 16.11], [12.63, 10.89]] eval_metric: 0.5129
epoch:  1580
1580th epoch validation confusion matrix: [[15.3, 12.86], [16.7, 14.14]] eval_metric: 0.4990
epoch:  1600
1600th epoch validation confusion matrix: [[19.6, 16.36], [12.4, 10.64]] eval_metric: 0.5125
epoch:  1620
1620th epoch validation confusion matrix: [[16.88, 14.18], [15.12, 12.82]] eval_metric: 0.5034
epoch:  1640
1640th epoch validation confusion matrix: [[6.81, 5.68], [25.19, 21.32]] eval_metric: 0.4768
epoch:  1660
1660th epoch validation confusion matrix: [[20.4, 17.06], [11.6, 9.94]] eval_metric: 0.5142
epoch:  1680
1680th epoch validation confusion matrix: [[4.66, 4.0], [27.34, 23.0]] eval_metric: 0.4688
epoch:  1700
1700th epoch validation confusion matrix: [[7.21, 5.83], [24.79, 21.17]] eval_metric: 0.4810
epoch:  1720
1720th epoch validation confusion matrix: [[13.85, 11.53], [18.15, 15.47]] eval_metric: 0.4969
epoch:  1740
1740th epoch validation confusion matrix: [[20.91, 17.55], [11.09, 9.45]] eval_metric: 0.5146
epoch:  1760
1760th epoch validation confusion matrix: [[24.49, 20.43], [7.51, 6.57]] eval_metric: 0.5264
epoch:  1780
1780th epoch validation confusion matrix: [[20.18, 16.51], [11.82, 10.49]] eval_metric: 0.5198
epoch:  1800
1800th epoch validation confusion matrix: [[6.35, 5.31], [25.65, 21.69]] eval_metric: 0.4753
epoch:  1820
1820th epoch validation confusion matrix: [[6.11, 5.06], [25.89, 21.94]] eval_metric: 0.4754
epoch:  1840
1840th epoch validation confusion matrix: [[16.88, 14.01], [15.12, 12.99]] eval_metric: 0.5063
epoch:  1860
1860th epoch validation confusion matrix: [[15.0, 12.5], [17.0, 14.5]] eval_metric: 0.5000
epoch:  1880
1880th epoch validation confusion matrix: [[14.08, 11.81], [17.92, 15.19]] eval_metric: 0.4961
epoch:  1900
1900th epoch validation confusion matrix: [[19.71, 16.27], [12.29, 10.73]] eval_metric: 0.5159
epoch:  1920
1920th epoch validation confusion matrix: [[21.28, 17.52], [10.72, 9.48]] eval_metric: 0.5214
epoch:  1940
1940th epoch validation confusion matrix: [[21.01, 17.23], [10.99, 9.77]] eval_metric: 0.5217
epoch:  1960
1960th epoch validation confusion matrix: [[15.26, 12.67], [16.74, 14.33]] eval_metric: 0.5015
epoch:  1980
1980th epoch validation confusion matrix: [[19.23, 15.91], [12.77, 11.09]] eval_metric: 0.5139
epoch:  2000
2000th epoch validation confusion matrix: [[18.24, 14.98], [13.76, 12.02]] eval_metric: 0.5129
epoch:  2020
2020th epoch validation confusion matrix: [[22.31, 18.67], [9.69, 8.33]] eval_metric: 0.5193
epoch:  2040
2040th epoch validation confusion matrix: [[5.92, 4.89], [26.08, 22.11]] eval_metric: 0.4751
epoch:  2060
2060th epoch validation confusion matrix: [[18.91, 15.65], [13.09, 11.35]] eval_metric: 0.5129
epoch:  2080
2080th epoch validation confusion matrix: [[6.94, 5.75], [25.06, 21.25]] eval_metric: 0.4778
epoch:  2100
2100th epoch validation confusion matrix: [[17.45, 14.45], [14.55, 12.55]] eval_metric: 0.5085
epoch:  2120
2120th epoch validation confusion matrix: [[23.74, 19.4], [8.26, 7.6]] eval_metric: 0.5312
epoch:  2140
2140th epoch validation confusion matrix: [[19.94, 16.53], [12.06, 10.47]] eval_metric: 0.5154
epoch:  2160
2160th epoch validation confusion matrix: [[5.38, 4.62], [26.62, 22.38]] eval_metric: 0.4705
epoch:  2180
2180th epoch validation confusion matrix: [[9.42, 7.83], [22.58, 19.17]] eval_metric: 0.4846
epoch:  2200
2200th epoch validation confusion matrix: [[5.18, 4.34], [26.82, 22.66]] eval_metric: 0.4719
epoch:  2220
2220th epoch validation confusion matrix: [[7.63, 6.3], [24.37, 20.7]] eval_metric: 0.4802
epoch:  2240
2240th epoch validation confusion matrix: [[7.6, 6.29], [24.4, 20.71]] eval_metric: 0.4798
epoch:  2260
2260th epoch validation confusion matrix: [[8.83, 7.1], [23.17, 19.9]] eval_metric: 0.4869
epoch:  2280
2280th epoch validation confusion matrix: [[18.64, 15.33], [13.36, 11.67]] eval_metric: 0.5137
epoch:  2300
2300th epoch validation confusion matrix: [[13.85, 11.36], [18.15, 15.64]] eval_metric: 0.4998
epoch:  2320
2320th epoch validation confusion matrix: [[15.1, 12.45], [16.9, 14.55]] eval_metric: 0.5025
epoch:  2340
2340th epoch validation confusion matrix: [[15.17, 12.56], [16.83, 14.44]] eval_metric: 0.5019
epoch:  2360
2360th epoch validation confusion matrix: [[18.07, 14.97], [13.93, 12.03]] eval_metric: 0.5102
epoch:  2380
2380th epoch validation confusion matrix: [[10.1, 8.1], [21.9, 18.9]] eval_metric: 0.4915
epoch:  2400
2400th epoch validation confusion matrix: [[9.77, 7.91], [22.23, 19.09]] eval_metric: 0.4892
epoch:  2420
2420th epoch validation confusion matrix: [[6.68, 5.41], [25.32, 21.59]] eval_metric: 0.4792
epoch:  2440
2440th epoch validation confusion matrix: [[16.27, 13.32], [15.73, 13.68]] eval_metric: 0.5076
epoch:  2460
2460th epoch validation confusion matrix: [[20.63, 16.94], [11.37, 10.06]] eval_metric: 0.5202
epoch:  2480
2480th epoch validation confusion matrix: [[9.03, 7.27], [22.97, 19.73]] eval_metric: 0.4875
epoch:  2500
2500th epoch validation confusion matrix: [[12.17, 9.64], [19.83, 17.36]] eval_metric: 0.5005
epoch:  2520
2520th epoch validation confusion matrix: [[10.72, 8.42], [21.28, 18.58]] eval_metric: 0.4966
epoch:  2540
2540th epoch validation confusion matrix: [[8.17, 6.63], [23.83, 20.37]] eval_metric: 0.4837
epoch:  2560
2560th epoch validation confusion matrix: [[18.56, 15.14], [13.44, 11.86]] eval_metric: 0.5156
epoch:  2580
2580th epoch validation confusion matrix: [[11.31, 8.98], [20.69, 18.02]] eval_metric: 0.4971
epoch:  2600
2600th epoch validation confusion matrix: [[19.66, 16.16], [12.34, 10.84]] eval_metric: 0.5169
epoch:  2620
2620th epoch validation confusion matrix: [[20.93, 16.75], [11.07, 10.25]] eval_metric: 0.5285
epoch:  2640
2640th epoch validation confusion matrix: [[9.81, 7.86], [22.19, 19.14]] eval_metric: 0.4907
epoch:  2660
2660th epoch validation confusion matrix: [[8.76, 6.95], [23.24, 20.05]] eval_metric: 0.4883
epoch:  2680
2680th epoch validation confusion matrix: [[19.32, 15.58], [12.68, 11.42]] eval_metric: 0.5210
epoch:  2700
2700th epoch validation confusion matrix: [[9.14, 7.4], [22.86, 19.6]] eval_metric: 0.4871
epoch:  2720
2720th epoch validation confusion matrix: [[19.53, 15.78], [12.47, 11.22]] eval_metric: 0.5212
epoch:  2740
2740th epoch validation confusion matrix: [[15.64, 12.69], [16.36, 14.31]] eval_metric: 0.5076
epoch:  2760
2760th epoch validation confusion matrix: [[18.65, 15.15], [13.35, 11.85]] eval_metric: 0.5169
epoch:  2780
2780th epoch validation confusion matrix: [[18.55, 15.15], [13.45, 11.85]] eval_metric: 0.5153
epoch:  2800
2800th epoch validation confusion matrix: [[20.79, 16.81], [11.21, 10.19]] eval_metric: 0.5251
epoch:  2820
2820th epoch validation confusion matrix: [[18.32, 14.89], [13.68, 12.11]] eval_metric: 0.5158
epoch:  2840
2840th epoch validation confusion matrix: [[19.77, 16.24], [12.23, 10.76]] eval_metric: 0.5175
epoch:  2860
2860th epoch validation confusion matrix: [[24.72, 20.29], [7.28, 6.71]] eval_metric: 0.5327
epoch:  2880
2880th epoch validation confusion matrix: [[16.19, 13.08], [15.81, 13.92]] eval_metric: 0.5103
epoch:  2900
2900th epoch validation confusion matrix: [[22.14, 17.82], [9.86, 9.18]] eval_metric: 0.5308
epoch:  2920
2920th epoch validation confusion matrix: [[18.48, 14.82], [13.52, 12.18]] eval_metric: 0.5197
epoch:  2940
2940th epoch validation confusion matrix: [[6.18, 5.01], [25.82, 21.99]] eval_metric: 0.4775
epoch:  2960
2960th epoch validation confusion matrix: [[15.36, 12.61], [16.64, 14.39]] eval_metric: 0.5042
epoch:  2980
2980th epoch validation confusion matrix: [[20.82, 16.93], [11.18, 10.07]] eval_metric: 0.5236
Best model saved at the 20th epoch: 0.5423728813559322 [[31.98, 26.98], [0.02, 0.02]]
testing and generating DPMs ... 
train confusion matrix  [[119.89, 59.95], [0.11, 0.05]]  accuracy  0.6663333333333333
valid confusion matrix  [[31.98, 26.98], [0.02, 0.02]]  accuracy  0.5423728813559322
test confusion matrix  [[28.96, 15.99], [0.04, 0.01]]  accuracy  0.6437777777777778
DPM generation is done
