nohup: 忽略输入
epoch:  0
0th epoch validation confusion matrix: [[27.39, 10.79], [0.61, 0.21]] eval_metric: 0.7077
epoch:  20
20th epoch validation confusion matrix: [[12.79, 4.94], [15.21, 6.06]] eval_metric: 0.4833
epoch:  40
40th epoch validation confusion matrix: [[11.63, 4.47], [16.37, 6.53]] eval_metric: 0.4656
epoch:  60
60th epoch validation confusion matrix: [[13.04, 5.15], [14.96, 5.85]] eval_metric: 0.4844
epoch:  80
80th epoch validation confusion matrix: [[8.83, 3.37], [19.17, 7.63]] eval_metric: 0.4221
epoch:  100
100th epoch validation confusion matrix: [[19.13, 7.48], [8.87, 3.52]] eval_metric: 0.5808
epoch:  120
120th epoch validation confusion matrix: [[7.31, 2.74], [20.69, 8.26]] eval_metric: 0.3992
epoch:  140
140th epoch validation confusion matrix: [[6.44, 2.36], [21.56, 8.64]] eval_metric: 0.3867
epoch:  160
160th epoch validation confusion matrix: [[4.39, 1.64], [23.61, 9.36]] eval_metric: 0.3526
epoch:  180
180th epoch validation confusion matrix: [[5.09, 1.91], [22.91, 9.09]] eval_metric: 0.3636
epoch:  200
200th epoch validation confusion matrix: [[3.52, 1.31], [24.48, 9.69]] eval_metric: 0.3387
epoch:  220
220th epoch validation confusion matrix: [[0.58, 0.15], [27.42, 10.85]] eval_metric: 0.2931
epoch:  240
240th epoch validation confusion matrix: [[3.34, 1.24], [24.66, 9.76]] eval_metric: 0.3359
epoch:  260
260th epoch validation confusion matrix: [[8.0, 2.98], [20.0, 8.02]] eval_metric: 0.4108
epoch:  280
280th epoch validation confusion matrix: [[4.61, 1.77], [23.39, 9.23]] eval_metric: 0.3549
epoch:  300
300th epoch validation confusion matrix: [[2.46, 0.9], [25.54, 10.1]] eval_metric: 0.3221
epoch:  320
320th epoch validation confusion matrix: [[19.16, 7.39], [8.84, 3.61]] eval_metric: 0.5838
epoch:  340
340th epoch validation confusion matrix: [[5.5, 2.09], [22.5, 8.91]] eval_metric: 0.3695
epoch:  360
360th epoch validation confusion matrix: [[7.15, 2.76], [20.85, 8.24]] eval_metric: 0.3946
epoch:  380
380th epoch validation confusion matrix: [[2.37, 0.71], [25.63, 10.29]] eval_metric: 0.3246
epoch:  400
400th epoch validation confusion matrix: [[21.24, 8.27], [6.76, 2.73]] eval_metric: 0.6146
epoch:  420
420th epoch validation confusion matrix: [[7.8, 2.82], [20.2, 8.18]] eval_metric: 0.4097
epoch:  440
440th epoch validation confusion matrix: [[5.68, 2.02], [22.32, 8.98]] eval_metric: 0.3759
epoch:  460
460th epoch validation confusion matrix: [[3.75, 1.22], [24.25, 9.78]] eval_metric: 0.3469
epoch:  480
480th epoch validation confusion matrix: [[5.99, 2.12], [22.01, 8.88]] eval_metric: 0.3813
epoch:  500
500th epoch validation confusion matrix: [[9.65, 3.55], [18.35, 7.45]] eval_metric: 0.4385
epoch:  520
520th epoch validation confusion matrix: [[14.97, 5.82], [13.03, 5.18]] eval_metric: 0.5167
epoch:  540
540th epoch validation confusion matrix: [[11.59, 4.44], [16.41, 6.56]] eval_metric: 0.4654
epoch:  560
560th epoch validation confusion matrix: [[4.25, 1.52], [23.75, 9.48]] eval_metric: 0.3521
epoch:  580
580th epoch validation confusion matrix: [[19.66, 7.66], [8.34, 3.34]] eval_metric: 0.5897
epoch:  600
600th epoch validation confusion matrix: [[5.38, 1.85], [22.62, 9.15]] eval_metric: 0.3726
epoch:  620
620th epoch validation confusion matrix: [[6.45, 2.3], [21.55, 8.7]] eval_metric: 0.3885
epoch:  640
640th epoch validation confusion matrix: [[5.3, 1.69], [22.7, 9.31]] eval_metric: 0.3746
epoch:  660
660th epoch validation confusion matrix: [[3.15, 1.01], [24.85, 9.99]] eval_metric: 0.3369
epoch:  680
680th epoch validation confusion matrix: [[16.89, 6.4], [11.11, 4.6]] eval_metric: 0.5510
epoch:  700
700th epoch validation confusion matrix: [[8.44, 3.01], [19.56, 7.99]] eval_metric: 0.4213
epoch:  720
720th epoch validation confusion matrix: [[7.56, 2.63], [20.44, 8.37]] eval_metric: 0.4085
epoch:  740
740th epoch validation confusion matrix: [[19.24, 7.36], [8.76, 3.64]] eval_metric: 0.5867
epoch:  760
760th epoch validation confusion matrix: [[6.96, 2.36], [21.04, 8.64]] eval_metric: 0.4000
epoch:  780
780th epoch validation confusion matrix: [[11.09, 4.02], [16.91, 6.98]] eval_metric: 0.4633
epoch:  800
800th epoch validation confusion matrix: [[7.09, 2.43], [20.91, 8.57]] eval_metric: 0.4015
epoch:  820
820th epoch validation confusion matrix: [[3.5, 1.11], [24.5, 9.89]] eval_metric: 0.3433
epoch:  840
840th epoch validation confusion matrix: [[3.83, 1.21], [24.17, 9.79]] eval_metric: 0.3492
epoch:  860
860th epoch validation confusion matrix: [[6.79, 2.32], [21.21, 8.68]] eval_metric: 0.3967
epoch:  880
880th epoch validation confusion matrix: [[9.38, 3.35], [18.62, 7.65]] eval_metric: 0.4367
epoch:  900
900th epoch validation confusion matrix: [[6.89, 2.38], [21.11, 8.62]] eval_metric: 0.3977
epoch:  920
920th epoch validation confusion matrix: [[10.9, 4.03], [17.1, 6.97]] eval_metric: 0.4582
epoch:  940
940th epoch validation confusion matrix: [[4.39, 1.32], [23.61, 9.68]] eval_metric: 0.3608
epoch:  960
960th epoch validation confusion matrix: [[5.83, 1.82], [22.17, 9.18]] eval_metric: 0.3849
epoch:  980
980th epoch validation confusion matrix: [[4.34, 1.32], [23.66, 9.68]] eval_metric: 0.3595
epoch:  1000
1000th epoch validation confusion matrix: [[6.77, 2.22], [21.23, 8.78]] eval_metric: 0.3987
epoch:  1020
1020th epoch validation confusion matrix: [[6.79, 2.22], [21.21, 8.78]] eval_metric: 0.3992
epoch:  1040
1040th epoch validation confusion matrix: [[8.54, 3.04], [19.46, 7.96]] eval_metric: 0.4231
epoch:  1060
1060th epoch validation confusion matrix: [[5.26, 1.75], [22.74, 9.25]] eval_metric: 0.3721
epoch:  1080
1080th epoch validation confusion matrix: [[6.21, 2.12], [21.79, 8.88]] eval_metric: 0.3869
epoch:  1100
1100th epoch validation confusion matrix: [[3.63, 1.11], [24.37, 9.89]] eval_metric: 0.3467
epoch:  1120
1120th epoch validation confusion matrix: [[6.04, 2.04], [21.96, 8.96]] eval_metric: 0.3846
epoch:  1140
1140th epoch validation confusion matrix: [[9.31, 3.33], [18.69, 7.67]] eval_metric: 0.4354
epoch:  1160
1160th epoch validation confusion matrix: [[8.89, 3.13], [19.11, 7.87]] eval_metric: 0.4297
epoch:  1180
1180th epoch validation confusion matrix: [[7.89, 2.8], [20.11, 8.2]] eval_metric: 0.4126
epoch:  1200
1200th epoch validation confusion matrix: [[4.94, 1.79], [23.06, 9.21]] eval_metric: 0.3628
epoch:  1220
1220th epoch validation confusion matrix: [[3.24, 0.93], [24.76, 10.07]] eval_metric: 0.3413
epoch:  1240
1240th epoch validation confusion matrix: [[6.3, 2.17], [21.7, 8.83]] eval_metric: 0.3879
epoch:  1260
1260th epoch validation confusion matrix: [[8.67, 3.03], [19.33, 7.97]] eval_metric: 0.4267
epoch:  1280
1280th epoch validation confusion matrix: [[12.66, 4.66], [15.34, 6.34]] eval_metric: 0.4872
epoch:  1300
1300th epoch validation confusion matrix: [[10.64, 3.82], [17.36, 7.18]] eval_metric: 0.4569
epoch:  1320
1320th epoch validation confusion matrix: [[6.85, 2.36], [21.15, 8.64]] eval_metric: 0.3972
epoch:  1340
1340th epoch validation confusion matrix: [[4.81, 1.56], [23.19, 9.44]] eval_metric: 0.3654
epoch:  1360
1360th epoch validation confusion matrix: [[7.82, 2.62], [20.18, 8.38]] eval_metric: 0.4154
epoch:  1380
1380th epoch validation confusion matrix: [[6.58, 2.14], [21.42, 8.86]] eval_metric: 0.3959
epoch:  1400
1400th epoch validation confusion matrix: [[10.16, 3.58], [17.84, 7.42]] eval_metric: 0.4508
epoch:  1420
1420th epoch validation confusion matrix: [[7.15, 2.37], [20.85, 8.63]] eval_metric: 0.4046
epoch:  1440
1440th epoch validation confusion matrix: [[6.23, 2.3], [21.77, 8.7]] eval_metric: 0.3828
epoch:  1460
1460th epoch validation confusion matrix: [[4.03, 1.32], [23.97, 9.68]] eval_metric: 0.3515
epoch:  1480
1480th epoch validation confusion matrix: [[3.41, 1.05], [24.59, 9.95]] eval_metric: 0.3426
epoch:  1500
1500th epoch validation confusion matrix: [[4.8, 1.51], [23.2, 9.49]] eval_metric: 0.3664
epoch:  1520
1520th epoch validation confusion matrix: [[5.48, 1.89], [22.52, 9.11]] eval_metric: 0.3741
epoch:  1540
1540th epoch validation confusion matrix: [[10.18, 3.61], [17.82, 7.39]] eval_metric: 0.4505
epoch:  1560
1560th epoch validation confusion matrix: [[12.18, 4.42], [15.82, 6.58]] eval_metric: 0.4810
epoch:  1580
1580th epoch validation confusion matrix: [[8.88, 3.15], [19.12, 7.85]] eval_metric: 0.4290
epoch:  1600
1600th epoch validation confusion matrix: [[11.39, 4.16], [16.61, 6.84]] eval_metric: 0.4674
epoch:  1620
1620th epoch validation confusion matrix: [[13.28, 4.76], [14.72, 6.24]] eval_metric: 0.5005
epoch:  1640
1640th epoch validation confusion matrix: [[8.8, 3.07], [19.2, 7.93]] eval_metric: 0.4290
epoch:  1660
1660th epoch validation confusion matrix: [[10.34, 3.68], [17.66, 7.32]] eval_metric: 0.4528
epoch:  1680
1680th epoch validation confusion matrix: [[19.97, 7.66], [8.03, 3.34]] eval_metric: 0.5977
epoch:  1700
1700th epoch validation confusion matrix: [[12.24, 4.49], [15.76, 6.51]] eval_metric: 0.4808
epoch:  1720
1720th epoch validation confusion matrix: [[7.83, 2.72], [20.17, 8.28]] eval_metric: 0.4131
epoch:  1740
1740th epoch validation confusion matrix: [[6.78, 2.35], [21.22, 8.65]] eval_metric: 0.3956
epoch:  1760
1760th epoch validation confusion matrix: [[12.24, 4.47], [15.76, 6.53]] eval_metric: 0.4813
epoch:  1780
1780th epoch validation confusion matrix: [[10.14, 3.54], [17.86, 7.46]] eval_metric: 0.4513
epoch:  1800
1800th epoch validation confusion matrix: [[10.41, 3.68], [17.59, 7.32]] eval_metric: 0.4546
epoch:  1820
1820th epoch validation confusion matrix: [[10.74, 3.84], [17.26, 7.16]] eval_metric: 0.4590
epoch:  1840
1840th epoch validation confusion matrix: [[10.48, 3.66], [17.52, 7.34]] eval_metric: 0.4569
epoch:  1860
1860th epoch validation confusion matrix: [[11.02, 3.91], [16.98, 7.09]] eval_metric: 0.4644
epoch:  1880
1880th epoch validation confusion matrix: [[7.71, 2.5], [20.29, 8.5]] eval_metric: 0.4156
epoch:  1900
1900th epoch validation confusion matrix: [[9.59, 3.36], [18.41, 7.64]] eval_metric: 0.4418
epoch:  1920
1920th epoch validation confusion matrix: [[9.19, 3.16], [18.81, 7.84]] eval_metric: 0.4367
epoch:  1940
1940th epoch validation confusion matrix: [[13.34, 4.76], [14.66, 6.24]] eval_metric: 0.5021
epoch:  1960
1960th epoch validation confusion matrix: [[12.95, 4.69], [15.05, 6.31]] eval_metric: 0.4938
epoch:  1980
1980th epoch validation confusion matrix: [[9.89, 3.27], [18.11, 7.73]] eval_metric: 0.4518
epoch:  2000
2000th epoch validation confusion matrix: [[8.43, 2.76], [19.57, 8.24]] eval_metric: 0.4274
epoch:  2020
2020th epoch validation confusion matrix: [[11.61, 4.01], [16.39, 6.99]] eval_metric: 0.4769
epoch:  2040
2040th epoch validation confusion matrix: [[7.87, 2.74], [20.13, 8.26]] eval_metric: 0.4136
epoch:  2060
2060th epoch validation confusion matrix: [[9.97, 3.41], [18.03, 7.59]] eval_metric: 0.4503
epoch:  2080
2080th epoch validation confusion matrix: [[13.59, 4.93], [14.41, 6.07]] eval_metric: 0.5041
epoch:  2100
2100th epoch validation confusion matrix: [[8.63, 2.89], [19.37, 8.11]] eval_metric: 0.4292
epoch:  2120
2120th epoch validation confusion matrix: [[6.03, 1.93], [21.97, 9.07]] eval_metric: 0.3872
epoch:  2140
2140th epoch validation confusion matrix: [[9.8, 3.51], [18.2, 7.49]] eval_metric: 0.4433
epoch:  2160
2160th epoch validation confusion matrix: [[9.03, 3.05], [18.97, 7.95]] eval_metric: 0.4354
epoch:  2180
2180th epoch validation confusion matrix: [[9.05, 3.06], [18.95, 7.94]] eval_metric: 0.4356
epoch:  2200
2200th epoch validation confusion matrix: [[10.31, 3.52], [17.69, 7.48]] eval_metric: 0.4562
epoch:  2220
2220th epoch validation confusion matrix: [[12.9, 4.71], [15.1, 6.29]] eval_metric: 0.4921
epoch:  2240
2240th epoch validation confusion matrix: [[17.44, 6.51], [10.56, 4.49]] eval_metric: 0.5623
epoch:  2260
2260th epoch validation confusion matrix: [[11.79, 4.15], [16.21, 6.85]] eval_metric: 0.4779
epoch:  2280
2280th epoch validation confusion matrix: [[9.23, 3.21], [18.77, 7.79]] eval_metric: 0.4364
epoch:  2300
2300th epoch validation confusion matrix: [[11.35, 4.08], [16.65, 6.92]] eval_metric: 0.4685
epoch:  2320
2320th epoch validation confusion matrix: [[10.54, 3.7], [17.46, 7.3]] eval_metric: 0.4574
epoch:  2340
2340th epoch validation confusion matrix: [[11.3, 3.96], [16.7, 7.04]] eval_metric: 0.4703
epoch:  2360
2360th epoch validation confusion matrix: [[9.3, 3.11], [18.7, 7.89]] eval_metric: 0.4408
epoch:  2380
2380th epoch validation confusion matrix: [[11.9, 4.22], [16.1, 6.78]] eval_metric: 0.4790
epoch:  2400
2400th epoch validation confusion matrix: [[8.99, 2.97], [19.01, 8.03]] eval_metric: 0.4364
epoch:  2420
2420th epoch validation confusion matrix: [[8.27, 2.77], [19.73, 8.23]] eval_metric: 0.4231
epoch:  2440
2440th epoch validation confusion matrix: [[6.52, 2.04], [21.48, 8.96]] eval_metric: 0.3969
epoch:  2460
2460th epoch validation confusion matrix: [[11.24, 4.05], [16.76, 6.95]] eval_metric: 0.4664
epoch:  2480
2480th epoch validation confusion matrix: [[7.22, 2.43], [20.78, 8.57]] eval_metric: 0.4049
epoch:  2500
2500th epoch validation confusion matrix: [[8.49, 2.96], [19.51, 8.04]] eval_metric: 0.4238
epoch:  2520
2520th epoch validation confusion matrix: [[11.67, 4.22], [16.33, 6.78]] eval_metric: 0.4731
epoch:  2540
2540th epoch validation confusion matrix: [[10.29, 3.69], [17.71, 7.31]] eval_metric: 0.4513
epoch:  2560
2560th epoch validation confusion matrix: [[8.54, 2.99], [19.46, 8.01]] eval_metric: 0.4244
epoch:  2580
2580th epoch validation confusion matrix: [[9.67, 3.42], [18.33, 7.58]] eval_metric: 0.4423
epoch:  2600
2600th epoch validation confusion matrix: [[11.61, 4.13], [16.39, 6.87]] eval_metric: 0.4738
epoch:  2620
2620th epoch validation confusion matrix: [[7.56, 2.56], [20.44, 8.44]] eval_metric: 0.4103
epoch:  2640
2640th epoch validation confusion matrix: [[11.96, 4.42], [16.04, 6.58]] eval_metric: 0.4754
epoch:  2660
2660th epoch validation confusion matrix: [[8.59, 2.96], [19.41, 8.04]] eval_metric: 0.4264
epoch:  2680
2680th epoch validation confusion matrix: [[9.02, 3.17], [18.98, 7.83]] eval_metric: 0.4321
epoch:  2700
2700th epoch validation confusion matrix: [[4.99, 1.57], [23.01, 9.43]] eval_metric: 0.3697
epoch:  2720
2720th epoch validation confusion matrix: [[11.98, 4.24], [16.02, 6.76]] eval_metric: 0.4805
epoch:  2740
2740th epoch validation confusion matrix: [[7.01, 2.31], [20.99, 8.69]] eval_metric: 0.4026
epoch:  2760
2760th epoch validation confusion matrix: [[11.84, 4.41], [16.16, 6.59]] eval_metric: 0.4726
epoch:  2780
2780th epoch validation confusion matrix: [[8.74, 2.99], [19.26, 8.01]] eval_metric: 0.4295
epoch:  2800
2800th epoch validation confusion matrix: [[8.47, 3.04], [19.53, 7.96]] eval_metric: 0.4213
epoch:  2820
2820th epoch validation confusion matrix: [[10.19, 3.54], [17.81, 7.46]] eval_metric: 0.4526
epoch:  2840
2840th epoch validation confusion matrix: [[8.4, 2.91], [19.6, 8.09]] eval_metric: 0.4228
epoch:  2860
2860th epoch validation confusion matrix: [[7.21, 2.45], [20.79, 8.55]] eval_metric: 0.4041
epoch:  2880
2880th epoch validation confusion matrix: [[8.4, 2.84], [19.6, 8.16]] eval_metric: 0.4246
epoch:  2900
2900th epoch validation confusion matrix: [[9.27, 3.2], [18.73, 7.8]] eval_metric: 0.4377
epoch:  2920
2920th epoch validation confusion matrix: [[8.71, 2.93], [19.29, 8.07]] eval_metric: 0.4303
epoch:  2940
2940th epoch validation confusion matrix: [[11.38, 3.92], [16.62, 7.08]] eval_metric: 0.4733
epoch:  2960
2960th epoch validation confusion matrix: [[6.78, 2.13], [21.22, 8.87]] eval_metric: 0.4013
epoch:  2980
2980th epoch validation confusion matrix: [[9.73, 3.29], [18.27, 7.71]] eval_metric: 0.4472
Best model saved at the 0th epoch: 0.7076923076923077 [[27.39, 10.79], [0.61, 0.21]]
testing and generating DPMs ... 
train confusion matrix  [[85.17, 71.51], [1.83, 1.49]]  accuracy  0.541625
valid confusion matrix  [[27.39, 10.79], [0.61, 0.21]]  accuracy  0.7076923076923077
test confusion matrix  [[64.66, 34.24], [1.34, 0.76]]  accuracy  0.6477227722772277
DPM generation is done
epoch:  0
0th epoch validation confusion matrix: [[17.28, 13.34], [4.72, 3.66]] eval_metric: 0.5369
epoch:  20
20th epoch validation confusion matrix: [[21.72, 16.78], [0.28, 0.22]] eval_metric: 0.5626
epoch:  40
40th epoch validation confusion matrix: [[21.98, 16.99], [0.02, 0.01]] eval_metric: 0.5638
epoch:  60
60th epoch validation confusion matrix: [[21.62, 16.74], [0.38, 0.26]] eval_metric: 0.5610
epoch:  80
80th epoch validation confusion matrix: [[17.0, 12.93], [5.0, 4.07]] eval_metric: 0.5403
epoch:  100
100th epoch validation confusion matrix: [[19.93, 15.42], [2.07, 1.58]] eval_metric: 0.5515
epoch:  120
120th epoch validation confusion matrix: [[21.13, 16.31], [0.87, 0.69]] eval_metric: 0.5595
epoch:  140
140th epoch validation confusion matrix: [[13.39, 10.31], [8.61, 6.69]] eval_metric: 0.5149
epoch:  160
160th epoch validation confusion matrix: [[0.85, 0.64], [21.15, 16.36]] eval_metric: 0.4413
epoch:  180
180th epoch validation confusion matrix: [[11.85, 9.0], [10.15, 8.0]] eval_metric: 0.5090
epoch:  200
200th epoch validation confusion matrix: [[17.39, 13.12], [4.61, 3.88]] eval_metric: 0.5454
epoch:  220
220th epoch validation confusion matrix: [[20.53, 15.57], [1.47, 1.43]] eval_metric: 0.5631
epoch:  240
240th epoch validation confusion matrix: [[14.08, 10.59], [7.92, 6.41]] eval_metric: 0.5254
epoch:  260
260th epoch validation confusion matrix: [[21.98, 16.98], [0.02, 0.02]] eval_metric: 0.5641
epoch:  280
280th epoch validation confusion matrix: [[16.93, 12.92], [5.07, 4.08]] eval_metric: 0.5387
epoch:  300
300th epoch validation confusion matrix: [[6.96, 5.16], [15.04, 11.84]] eval_metric: 0.4821
epoch:  320
320th epoch validation confusion matrix: [[21.37, 16.48], [0.63, 0.52]] eval_metric: 0.5613
epoch:  340
340th epoch validation confusion matrix: [[2.72, 1.79], [19.28, 15.21]] eval_metric: 0.4597
epoch:  360
360th epoch validation confusion matrix: [[14.87, 11.02], [7.13, 5.98]] eval_metric: 0.5346
epoch:  380
380th epoch validation confusion matrix: [[14.37, 10.78], [7.63, 6.22]] eval_metric: 0.5279
epoch:  400
400th epoch validation confusion matrix: [[6.8, 4.73], [15.2, 12.27]] eval_metric: 0.4890
epoch:  420
420th epoch validation confusion matrix: [[6.79, 4.67], [15.21, 12.33]] eval_metric: 0.4903
epoch:  440
440th epoch validation confusion matrix: [[7.25, 5.05], [14.75, 11.95]] eval_metric: 0.4923
epoch:  460
460th epoch validation confusion matrix: [[8.05, 5.7], [13.95, 11.3]] eval_metric: 0.4962
epoch:  480
480th epoch validation confusion matrix: [[16.12, 12.23], [5.88, 4.77]] eval_metric: 0.5356
epoch:  500
500th epoch validation confusion matrix: [[17.24, 13.1], [4.76, 3.9]] eval_metric: 0.5421
epoch:  520
520th epoch validation confusion matrix: [[7.97, 5.97], [14.03, 11.03]] eval_metric: 0.4872
epoch:  540
540th epoch validation confusion matrix: [[19.37, 14.88], [2.63, 2.12]] eval_metric: 0.5510
epoch:  560
560th epoch validation confusion matrix: [[9.01, 6.74], [12.99, 10.26]] eval_metric: 0.4941
epoch:  580
580th epoch validation confusion matrix: [[4.11, 2.99], [17.89, 14.01]] eval_metric: 0.4646
epoch:  600
600th epoch validation confusion matrix: [[10.94, 8.22], [11.06, 8.78]] eval_metric: 0.5056
epoch:  620
620th epoch validation confusion matrix: [[2.52, 1.67], [19.48, 15.33]] eval_metric: 0.4577
epoch:  640
640th epoch validation confusion matrix: [[6.76, 4.77], [15.24, 12.23]] eval_metric: 0.4869
epoch:  660
660th epoch validation confusion matrix: [[6.85, 5.02], [15.15, 11.98]] eval_metric: 0.4828
epoch:  680
680th epoch validation confusion matrix: [[10.08, 7.27], [11.92, 9.73]] eval_metric: 0.5079
epoch:  700
700th epoch validation confusion matrix: [[7.15, 4.87], [14.85, 12.13]] eval_metric: 0.4944
epoch:  720
720th epoch validation confusion matrix: [[14.46, 10.76], [7.54, 6.24]] eval_metric: 0.5308
epoch:  740
740th epoch validation confusion matrix: [[7.73, 5.24], [14.27, 11.76]] eval_metric: 0.4997
epoch:  760
760th epoch validation confusion matrix: [[15.65, 11.6], [6.35, 5.4]] eval_metric: 0.5397
epoch:  780
780th epoch validation confusion matrix: [[8.72, 6.07], [13.28, 10.93]] eval_metric: 0.5038
epoch:  800
800th epoch validation confusion matrix: [[3.27, 2.23], [18.73, 14.77]] eval_metric: 0.4626
epoch:  820
820th epoch validation confusion matrix: [[15.0, 11.22], [7.0, 5.78]] eval_metric: 0.5328
epoch:  840
840th epoch validation confusion matrix: [[5.54, 3.62], [16.46, 13.38]] eval_metric: 0.4851
epoch:  860
860th epoch validation confusion matrix: [[6.08, 4.02], [15.92, 12.98]] eval_metric: 0.4887
epoch:  880
880th epoch validation confusion matrix: [[12.52, 9.25], [9.48, 7.75]] eval_metric: 0.5197
epoch:  900
900th epoch validation confusion matrix: [[4.52, 3.08], [17.48, 13.92]] eval_metric: 0.4728
epoch:  920
920th epoch validation confusion matrix: [[6.9, 4.78], [15.1, 12.22]] eval_metric: 0.4903
epoch:  940
940th epoch validation confusion matrix: [[9.78, 6.95], [12.22, 10.05]] eval_metric: 0.5085
epoch:  960
960th epoch validation confusion matrix: [[6.24, 4.25], [15.76, 12.75]] eval_metric: 0.4869
epoch:  980
980th epoch validation confusion matrix: [[3.7, 2.34], [18.3, 14.66]] eval_metric: 0.4708
epoch:  1000
1000th epoch validation confusion matrix: [[5.21, 3.49], [16.79, 13.51]] eval_metric: 0.4800
epoch:  1020
1020th epoch validation confusion matrix: [[5.69, 3.73], [16.31, 13.27]] eval_metric: 0.4862
epoch:  1040
1040th epoch validation confusion matrix: [[5.47, 3.82], [16.53, 13.18]] eval_metric: 0.4782
epoch:  1060
1060th epoch validation confusion matrix: [[8.67, 5.99], [13.33, 11.01]] eval_metric: 0.5046
epoch:  1080
1080th epoch validation confusion matrix: [[17.37, 12.82], [4.63, 4.18]] eval_metric: 0.5526
epoch:  1100
1100th epoch validation confusion matrix: [[6.79, 4.59], [15.21, 12.41]] eval_metric: 0.4923
epoch:  1120
1120th epoch validation confusion matrix: [[11.5, 8.13], [10.5, 8.87]] eval_metric: 0.5223
epoch:  1140
1140th epoch validation confusion matrix: [[1.71, 0.93], [20.29, 16.07]] eval_metric: 0.4559
epoch:  1160
1160th epoch validation confusion matrix: [[3.97, 2.44], [18.03, 14.56]] eval_metric: 0.4751
epoch:  1180
1180th epoch validation confusion matrix: [[5.56, 3.5], [16.44, 13.5]] eval_metric: 0.4887
epoch:  1200
1200th epoch validation confusion matrix: [[2.21, 1.3], [19.79, 15.7]] eval_metric: 0.4592
epoch:  1220
1220th epoch validation confusion matrix: [[2.14, 1.13], [19.86, 15.87]] eval_metric: 0.4618
epoch:  1240
1240th epoch validation confusion matrix: [[3.49, 2.18], [18.51, 14.82]] eval_metric: 0.4695
epoch:  1260
1260th epoch validation confusion matrix: [[11.1, 7.94], [10.9, 9.06]] eval_metric: 0.5169
epoch:  1280
1280th epoch validation confusion matrix: [[5.42, 3.71], [16.58, 13.29]] eval_metric: 0.4797
epoch:  1300
1300th epoch validation confusion matrix: [[4.96, 3.3], [17.04, 13.7]] eval_metric: 0.4785
epoch:  1320
1320th epoch validation confusion matrix: [[3.75, 2.39], [18.25, 14.61]] eval_metric: 0.4708
epoch:  1340
1340th epoch validation confusion matrix: [[6.8, 4.48], [15.2, 12.52]] eval_metric: 0.4954
epoch:  1360
1360th epoch validation confusion matrix: [[6.36, 4.22], [15.64, 12.78]] eval_metric: 0.4908
epoch:  1380
1380th epoch validation confusion matrix: [[4.74, 2.87], [17.26, 14.13]] eval_metric: 0.4838
epoch:  1400
1400th epoch validation confusion matrix: [[4.61, 2.98], [17.39, 14.02]] eval_metric: 0.4777
epoch:  1420
1420th epoch validation confusion matrix: [[3.3, 2.08], [18.7, 14.92]] eval_metric: 0.4672
epoch:  1440
1440th epoch validation confusion matrix: [[17.79, 13.25], [4.21, 3.75]] eval_metric: 0.5523
epoch:  1460
1460th epoch validation confusion matrix: [[6.51, 4.46], [15.49, 12.54]] eval_metric: 0.4885
epoch:  1480
1480th epoch validation confusion matrix: [[9.15, 6.33], [12.85, 10.67]] eval_metric: 0.5082
epoch:  1500
1500th epoch validation confusion matrix: [[4.95, 3.08], [17.05, 13.92]] eval_metric: 0.4838
epoch:  1520
1520th epoch validation confusion matrix: [[4.7, 2.97], [17.3, 14.03]] eval_metric: 0.4803
epoch:  1540
1540th epoch validation confusion matrix: [[5.2, 3.57], [16.8, 13.43]] eval_metric: 0.4777
epoch:  1560
1560th epoch validation confusion matrix: [[7.22, 4.89], [14.78, 12.11]] eval_metric: 0.4956
epoch:  1580
1580th epoch validation confusion matrix: [[6.69, 4.29], [15.31, 12.71]] eval_metric: 0.4974
epoch:  1600
1600th epoch validation confusion matrix: [[14.35, 10.36], [7.65, 6.64]] eval_metric: 0.5382
epoch:  1620
1620th epoch validation confusion matrix: [[7.25, 4.8], [14.75, 12.2]] eval_metric: 0.4987
epoch:  1640
1640th epoch validation confusion matrix: [[5.7, 3.66], [16.3, 13.34]] eval_metric: 0.4882
epoch:  1660
1660th epoch validation confusion matrix: [[3.54, 2.08], [18.46, 14.92]] eval_metric: 0.4733
epoch:  1680
1680th epoch validation confusion matrix: [[3.9, 2.37], [18.1, 14.63]] eval_metric: 0.4751
epoch:  1700
1700th epoch validation confusion matrix: [[13.0, 9.14], [9.0, 7.86]] eval_metric: 0.5349
epoch:  1720
1720th epoch validation confusion matrix: [[11.62, 8.24], [10.38, 8.76]] eval_metric: 0.5226
epoch:  1740
1740th epoch validation confusion matrix: [[6.35, 4.06], [15.65, 12.94]] eval_metric: 0.4946
epoch:  1760
1760th epoch validation confusion matrix: [[6.38, 4.11], [15.62, 12.89]] eval_metric: 0.4941
epoch:  1780
1780th epoch validation confusion matrix: [[4.01, 2.47], [17.99, 14.53]] eval_metric: 0.4754
epoch:  1800
1800th epoch validation confusion matrix: [[5.13, 3.43], [16.87, 13.57]] eval_metric: 0.4795
epoch:  1820
1820th epoch validation confusion matrix: [[5.7, 3.83], [16.3, 13.17]] eval_metric: 0.4838
epoch:  1840
1840th epoch validation confusion matrix: [[6.59, 4.38], [15.41, 12.62]] eval_metric: 0.4926
epoch:  1860
1860th epoch validation confusion matrix: [[5.28, 3.43], [16.72, 13.57]] eval_metric: 0.4833
epoch:  1880
1880th epoch validation confusion matrix: [[6.44, 4.11], [15.56, 12.89]] eval_metric: 0.4956
epoch:  1900
1900th epoch validation confusion matrix: [[18.39, 13.68], [3.61, 3.32]] eval_metric: 0.5567
epoch:  1920
1920th epoch validation confusion matrix: [[17.11, 12.5], [4.89, 4.5]] eval_metric: 0.5541
epoch:  1940
1940th epoch validation confusion matrix: [[7.27, 4.72], [14.73, 12.28]] eval_metric: 0.5013
epoch:  1960
1960th epoch validation confusion matrix: [[7.41, 4.86], [14.59, 12.14]] eval_metric: 0.5013
epoch:  1980
1980th epoch validation confusion matrix: [[5.62, 3.6], [16.38, 13.4]] eval_metric: 0.4877
epoch:  2000
2000th epoch validation confusion matrix: [[4.78, 2.9], [17.22, 14.1]] eval_metric: 0.4841
epoch:  2020
2020th epoch validation confusion matrix: [[13.78, 9.77], [8.22, 7.23]] eval_metric: 0.5387
epoch:  2040
2040th epoch validation confusion matrix: [[6.83, 4.49], [15.17, 12.51]] eval_metric: 0.4959
epoch:  2060
2060th epoch validation confusion matrix: [[9.2, 6.35], [12.8, 10.65]] eval_metric: 0.5090
epoch:  2080
2080th epoch validation confusion matrix: [[4.04, 2.4], [17.96, 14.6]] eval_metric: 0.4779
epoch:  2100
2100th epoch validation confusion matrix: [[3.69, 2.13], [18.31, 14.87]] eval_metric: 0.4759
epoch:  2120
2120th epoch validation confusion matrix: [[6.09, 3.86], [15.91, 13.14]] eval_metric: 0.4931
epoch:  2140
2140th epoch validation confusion matrix: [[7.76, 5.06], [14.24, 11.94]] eval_metric: 0.5051
epoch:  2160
2160th epoch validation confusion matrix: [[10.27, 7.24], [11.73, 9.76]] eval_metric: 0.5136
epoch:  2180
2180th epoch validation confusion matrix: [[6.28, 3.98], [15.72, 13.02]] eval_metric: 0.4949
epoch:  2200
2200th epoch validation confusion matrix: [[5.76, 3.52], [16.24, 13.48]] eval_metric: 0.4933
epoch:  2220
2220th epoch validation confusion matrix: [[6.63, 4.34], [15.37, 12.66]] eval_metric: 0.4946
epoch:  2240
2240th epoch validation confusion matrix: [[5.62, 3.57], [16.38, 13.43]] eval_metric: 0.4885
epoch:  2260
2260th epoch validation confusion matrix: [[5.43, 3.33], [16.57, 13.67]] eval_metric: 0.4897
epoch:  2280
2280th epoch validation confusion matrix: [[6.06, 3.83], [15.94, 13.17]] eval_metric: 0.4931
epoch:  2300
2300th epoch validation confusion matrix: [[16.12, 11.88], [5.88, 5.12]] eval_metric: 0.5446
epoch:  2320
2320th epoch validation confusion matrix: [[13.05, 9.28], [8.95, 7.72]] eval_metric: 0.5326
epoch:  2340
2340th epoch validation confusion matrix: [[10.48, 7.31], [11.52, 9.69]] eval_metric: 0.5172
epoch:  2360
2360th epoch validation confusion matrix: [[12.81, 9.24], [9.19, 7.76]] eval_metric: 0.5274
epoch:  2380
2380th epoch validation confusion matrix: [[10.92, 7.9], [11.08, 9.1]] eval_metric: 0.5133
epoch:  2400
2400th epoch validation confusion matrix: [[6.34, 4.11], [15.66, 12.89]] eval_metric: 0.4931
epoch:  2420
2420th epoch validation confusion matrix: [[12.79, 9.23], [9.21, 7.77]] eval_metric: 0.5272
epoch:  2440
2440th epoch validation confusion matrix: [[5.77, 3.66], [16.23, 13.34]] eval_metric: 0.4900
epoch:  2460
2460th epoch validation confusion matrix: [[5.74, 3.93], [16.26, 13.07]] eval_metric: 0.4823
epoch:  2480
2480th epoch validation confusion matrix: [[3.2, 1.83], [18.8, 15.17]] eval_metric: 0.4710
epoch:  2500
2500th epoch validation confusion matrix: [[4.68, 2.77], [17.32, 14.23]] eval_metric: 0.4849
epoch:  2520
2520th epoch validation confusion matrix: [[9.13, 6.17], [12.87, 10.83]] eval_metric: 0.5118
epoch:  2540
2540th epoch validation confusion matrix: [[11.06, 7.77], [10.94, 9.23]] eval_metric: 0.5203
epoch:  2560
2560th epoch validation confusion matrix: [[7.25, 4.59], [14.75, 12.41]] eval_metric: 0.5041
epoch:  2580
2580th epoch validation confusion matrix: [[3.84, 2.22], [18.16, 14.78]] eval_metric: 0.4774
epoch:  2600
2600th epoch validation confusion matrix: [[9.24, 6.11], [12.76, 10.89]] eval_metric: 0.5162
epoch:  2620
2620th epoch validation confusion matrix: [[5.25, 3.35], [16.75, 13.65]] eval_metric: 0.4846
epoch:  2640
2640th epoch validation confusion matrix: [[8.82, 5.94], [13.18, 11.06]] eval_metric: 0.5097
epoch:  2660
2660th epoch validation confusion matrix: [[7.68, 4.85], [14.32, 12.15]] eval_metric: 0.5085
epoch:  2680
2680th epoch validation confusion matrix: [[5.26, 3.24], [16.74, 13.76]] eval_metric: 0.4877
epoch:  2700
2700th epoch validation confusion matrix: [[6.7, 4.39], [15.3, 12.61]] eval_metric: 0.4951
epoch:  2720
2720th epoch validation confusion matrix: [[11.66, 8.51], [10.34, 8.49]] eval_metric: 0.5167
epoch:  2740
2740th epoch validation confusion matrix: [[7.81, 5.17], [14.19, 11.83]] eval_metric: 0.5036
epoch:  2760
2760th epoch validation confusion matrix: [[5.82, 3.59], [16.18, 13.41]] eval_metric: 0.4931
epoch:  2780
2780th epoch validation confusion matrix: [[5.47, 3.29], [16.53, 13.71]] eval_metric: 0.4918
epoch:  2800
2800th epoch validation confusion matrix: [[4.25, 2.47], [17.75, 14.53]] eval_metric: 0.4815
epoch:  2820
2820th epoch validation confusion matrix: [[8.92, 6.03], [13.08, 10.97]] eval_metric: 0.5100
epoch:  2840
2840th epoch validation confusion matrix: [[5.55, 3.35], [16.45, 13.65]] eval_metric: 0.4923
epoch:  2860
2860th epoch validation confusion matrix: [[15.09, 10.99], [6.91, 6.01]] eval_metric: 0.5410
epoch:  2880
2880th epoch validation confusion matrix: [[9.34, 6.32], [12.66, 10.68]] eval_metric: 0.5133
epoch:  2900
2900th epoch validation confusion matrix: [[5.14, 3.09], [16.86, 13.91]] eval_metric: 0.4885
epoch:  2920
2920th epoch validation confusion matrix: [[7.93, 5.1], [14.07, 11.9]] eval_metric: 0.5085
epoch:  2940
2940th epoch validation confusion matrix: [[16.37, 12.05], [5.63, 4.95]] eval_metric: 0.5467
epoch:  2960
2960th epoch validation confusion matrix: [[5.89, 3.71], [16.11, 13.29]] eval_metric: 0.4918
epoch:  2980
2980th epoch validation confusion matrix: [[8.33, 5.59], [13.67, 11.41]] eval_metric: 0.5062
Best model saved at the 260th epoch: 0.5641025641025641 [[21.98, 16.98], [0.02, 0.02]]
testing and generating DPMs ... 
train confusion matrix  [[92.92, 66.9], [0.08, 0.1]]  accuracy  0.581375
valid confusion matrix  [[21.98, 16.98], [0.02, 0.02]]  accuracy  0.5641025641025641
test confusion matrix  [[65.95, 34.95], [0.05, 0.05]]  accuracy  0.6534653465346535
DPM generation is done
epoch:  0
0th epoch validation confusion matrix: [[0.0, 0.0], [27.0, 12.0]] eval_metric: 0.3077
epoch:  20
20th epoch validation confusion matrix: [[0.0, 0.0], [27.0, 12.0]] eval_metric: 0.3077
epoch:  40
40th epoch validation confusion matrix: [[0.0, 0.0], [27.0, 12.0]] eval_metric: 0.3077
epoch:  60
60th epoch validation confusion matrix: [[11.63, 5.06], [15.37, 6.94]] eval_metric: 0.4762
epoch:  80
80th epoch validation confusion matrix: [[0.01, 0.01], [26.99, 11.99]] eval_metric: 0.3077
epoch:  100
100th epoch validation confusion matrix: [[24.4, 10.86], [2.6, 1.14]] eval_metric: 0.6549
epoch:  120
120th epoch validation confusion matrix: [[0.0, 0.0], [27.0, 12.0]] eval_metric: 0.3077
epoch:  140
140th epoch validation confusion matrix: [[0.0, 0.0], [27.0, 12.0]] eval_metric: 0.3077
epoch:  160
160th epoch validation confusion matrix: [[0.0, 0.0], [27.0, 12.0]] eval_metric: 0.3077
epoch:  180
180th epoch validation confusion matrix: [[0.01, 0.0], [26.99, 12.0]] eval_metric: 0.3079
epoch:  200
200th epoch validation confusion matrix: [[3.49, 1.6], [23.51, 10.4]] eval_metric: 0.3562
epoch:  220
220th epoch validation confusion matrix: [[0.55, 0.25], [26.45, 11.75]] eval_metric: 0.3154
epoch:  240
240th epoch validation confusion matrix: [[2.74, 1.19], [24.26, 10.81]] eval_metric: 0.3474
epoch:  260
260th epoch validation confusion matrix: [[0.16, 0.08], [26.84, 11.92]] eval_metric: 0.3097
epoch:  280
280th epoch validation confusion matrix: [[9.25, 4.0], [17.75, 8.0]] eval_metric: 0.4423
epoch:  300
300th epoch validation confusion matrix: [[4.32, 1.91], [22.68, 10.09]] eval_metric: 0.3695
epoch:  320
320th epoch validation confusion matrix: [[16.51, 7.39], [10.49, 4.61]] eval_metric: 0.5415
epoch:  340
340th epoch validation confusion matrix: [[3.56, 1.5], [23.44, 10.5]] eval_metric: 0.3605
epoch:  360
360th epoch validation confusion matrix: [[3.45, 1.63], [23.55, 10.37]] eval_metric: 0.3544
epoch:  380
380th epoch validation confusion matrix: [[16.0, 7.19], [11.0, 4.81]] eval_metric: 0.5336
epoch:  400
400th epoch validation confusion matrix: [[24.75, 11.03], [2.25, 0.97]] eval_metric: 0.6595
epoch:  420
420th epoch validation confusion matrix: [[17.34, 7.58], [9.66, 4.42]] eval_metric: 0.5579
epoch:  440
440th epoch validation confusion matrix: [[1.94, 0.79], [25.06, 11.21]] eval_metric: 0.3372
epoch:  460
460th epoch validation confusion matrix: [[4.06, 1.66], [22.94, 10.34]] eval_metric: 0.3692
epoch:  480
480th epoch validation confusion matrix: [[6.27, 2.45], [20.73, 9.55]] eval_metric: 0.4056
epoch:  500
500th epoch validation confusion matrix: [[3.32, 1.5], [23.68, 10.5]] eval_metric: 0.3544
epoch:  520
520th epoch validation confusion matrix: [[5.18, 2.34], [21.82, 9.66]] eval_metric: 0.3805
epoch:  540
540th epoch validation confusion matrix: [[6.97, 3.15], [20.03, 8.85]] eval_metric: 0.4056
epoch:  560
560th epoch validation confusion matrix: [[4.43, 1.96], [22.57, 10.04]] eval_metric: 0.3710
epoch:  580
580th epoch validation confusion matrix: [[17.38, 7.83], [9.62, 4.17]] eval_metric: 0.5526
epoch:  600
600th epoch validation confusion matrix: [[5.58, 2.3], [21.42, 9.7]] eval_metric: 0.3918
epoch:  620
620th epoch validation confusion matrix: [[20.43, 9.0], [6.57, 3.0]] eval_metric: 0.6008
epoch:  640
640th epoch validation confusion matrix: [[4.58, 1.9], [22.42, 10.1]] eval_metric: 0.3764
epoch:  660
660th epoch validation confusion matrix: [[7.18, 3.19], [19.82, 8.81]] eval_metric: 0.4100
epoch:  680
680th epoch validation confusion matrix: [[9.52, 4.48], [17.48, 7.52]] eval_metric: 0.4369
epoch:  700
700th epoch validation confusion matrix: [[8.19, 3.51], [18.81, 8.49]] eval_metric: 0.4277
epoch:  720
720th epoch validation confusion matrix: [[9.07, 3.65], [17.93, 8.35]] eval_metric: 0.4467
epoch:  740
740th epoch validation confusion matrix: [[7.07, 2.84], [19.93, 9.16]] eval_metric: 0.4162
epoch:  760
760th epoch validation confusion matrix: [[15.18, 6.74], [11.82, 5.26]] eval_metric: 0.5241
epoch:  780
780th epoch validation confusion matrix: [[22.84, 9.98], [4.16, 2.02]] eval_metric: 0.6374
epoch:  800
800th epoch validation confusion matrix: [[18.37, 7.8], [8.63, 4.2]] eval_metric: 0.5787
epoch:  820
820th epoch validation confusion matrix: [[20.55, 8.84], [6.45, 3.16]] eval_metric: 0.6079
epoch:  840
840th epoch validation confusion matrix: [[5.42, 2.09], [21.58, 9.91]] eval_metric: 0.3931
epoch:  860
860th epoch validation confusion matrix: [[8.4, 3.49], [18.6, 8.51]] eval_metric: 0.4336
epoch:  880
880th epoch validation confusion matrix: [[15.96, 6.84], [11.04, 5.16]] eval_metric: 0.5415
epoch:  900
900th epoch validation confusion matrix: [[8.46, 3.58], [18.54, 8.42]] eval_metric: 0.4328
epoch:  920
920th epoch validation confusion matrix: [[3.76, 1.44], [23.24, 10.56]] eval_metric: 0.3672
epoch:  940
940th epoch validation confusion matrix: [[10.76, 4.68], [16.24, 7.32]] eval_metric: 0.4636
epoch:  960
960th epoch validation confusion matrix: [[9.53, 4.13], [17.47, 7.87]] eval_metric: 0.4462
epoch:  980
980th epoch validation confusion matrix: [[6.88, 3.09], [20.12, 8.91]] eval_metric: 0.4049
epoch:  1000
1000th epoch validation confusion matrix: [[14.77, 6.58], [12.23, 5.42]] eval_metric: 0.5177
epoch:  1020
1020th epoch validation confusion matrix: [[13.12, 5.96], [13.88, 6.04]] eval_metric: 0.4913
epoch:  1040
1040th epoch validation confusion matrix: [[7.37, 3.31], [19.63, 8.69]] eval_metric: 0.4118
epoch:  1060
1060th epoch validation confusion matrix: [[7.69, 3.44], [19.31, 8.56]] eval_metric: 0.4167
epoch:  1080
1080th epoch validation confusion matrix: [[8.22, 3.37], [18.78, 8.63]] eval_metric: 0.4321
epoch:  1100
1100th epoch validation confusion matrix: [[11.55, 5.03], [15.45, 6.97]] eval_metric: 0.4749
epoch:  1120
1120th epoch validation confusion matrix: [[4.16, 1.61], [22.84, 10.39]] eval_metric: 0.3731
epoch:  1140
1140th epoch validation confusion matrix: [[14.73, 6.67], [12.27, 5.33]] eval_metric: 0.5144
epoch:  1160
1160th epoch validation confusion matrix: [[13.55, 6.09], [13.45, 5.91]] eval_metric: 0.4990
epoch:  1180
1180th epoch validation confusion matrix: [[22.59, 10.07], [4.41, 1.93]] eval_metric: 0.6287
epoch:  1200
1200th epoch validation confusion matrix: [[7.01, 2.92], [19.99, 9.08]] eval_metric: 0.4126
epoch:  1220
1220th epoch validation confusion matrix: [[2.85, 0.97], [24.15, 11.03]] eval_metric: 0.3559
epoch:  1240
1240th epoch validation confusion matrix: [[15.05, 6.72], [11.95, 5.28]] eval_metric: 0.5213
epoch:  1260
1260th epoch validation confusion matrix: [[3.41, 1.1], [23.59, 10.9]] eval_metric: 0.3669
epoch:  1280
1280th epoch validation confusion matrix: [[9.92, 4.02], [17.08, 7.98]] eval_metric: 0.4590
epoch:  1300
1300th epoch validation confusion matrix: [[8.98, 3.82], [18.02, 8.18]] eval_metric: 0.4400
epoch:  1320
1320th epoch validation confusion matrix: [[10.55, 4.42], [16.45, 7.58]] eval_metric: 0.4649
epoch:  1340
1340th epoch validation confusion matrix: [[10.41, 4.59], [16.59, 7.41]] eval_metric: 0.4569
epoch:  1360
1360th epoch validation confusion matrix: [[10.69, 4.72], [16.31, 7.28]] eval_metric: 0.4608
epoch:  1380
1380th epoch validation confusion matrix: [[3.56, 1.27], [23.44, 10.73]] eval_metric: 0.3664
epoch:  1400
1400th epoch validation confusion matrix: [[4.35, 1.56], [22.65, 10.44]] eval_metric: 0.3792
epoch:  1420
1420th epoch validation confusion matrix: [[15.16, 6.33], [11.84, 5.67]] eval_metric: 0.5341
epoch:  1440
1440th epoch validation confusion matrix: [[12.43, 5.19], [14.57, 6.81]] eval_metric: 0.4933
epoch:  1460
1460th epoch validation confusion matrix: [[4.63, 1.76], [22.37, 10.24]] eval_metric: 0.3813
epoch:  1480
1480th epoch validation confusion matrix: [[3.29, 1.09], [23.71, 10.91]] eval_metric: 0.3641
epoch:  1500
1500th epoch validation confusion matrix: [[4.39, 1.58], [22.61, 10.42]] eval_metric: 0.3797
epoch:  1520
1520th epoch validation confusion matrix: [[9.18, 3.86], [17.82, 8.14]] eval_metric: 0.4441
epoch:  1540
1540th epoch validation confusion matrix: [[8.98, 3.7], [18.02, 8.3]] eval_metric: 0.4431
epoch:  1560
1560th epoch validation confusion matrix: [[6.61, 2.75], [20.39, 9.25]] eval_metric: 0.4067
epoch:  1580
1580th epoch validation confusion matrix: [[1.55, 0.37], [25.45, 11.63]] eval_metric: 0.3379
epoch:  1600
1600th epoch validation confusion matrix: [[3.79, 1.42], [23.21, 10.58]] eval_metric: 0.3685
epoch:  1620
1620th epoch validation confusion matrix: [[8.64, 3.45], [18.36, 8.55]] eval_metric: 0.4408
epoch:  1640
1640th epoch validation confusion matrix: [[9.66, 3.84], [17.34, 8.16]] eval_metric: 0.4569
epoch:  1660
1660th epoch validation confusion matrix: [[19.57, 8.56], [7.43, 3.44]] eval_metric: 0.5900
epoch:  1680
1680th epoch validation confusion matrix: [[6.17, 2.42], [20.83, 9.58]] eval_metric: 0.4038
epoch:  1700
1700th epoch validation confusion matrix: [[9.54, 3.86], [17.46, 8.14]] eval_metric: 0.4533
epoch:  1720
1720th epoch validation confusion matrix: [[10.9, 4.54], [16.1, 7.46]] eval_metric: 0.4708
epoch:  1740
1740th epoch validation confusion matrix: [[13.04, 5.54], [13.96, 6.46]] eval_metric: 0.5000
epoch:  1760
1760th epoch validation confusion matrix: [[16.67, 7.34], [10.33, 4.66]] eval_metric: 0.5469
epoch:  1780
1780th epoch validation confusion matrix: [[8.84, 3.59], [18.16, 8.41]] eval_metric: 0.4423
epoch:  1800
1800th epoch validation confusion matrix: [[5.56, 2.13], [21.44, 9.87]] eval_metric: 0.3956
epoch:  1820
1820th epoch validation confusion matrix: [[8.17, 3.41], [18.83, 8.59]] eval_metric: 0.4297
epoch:  1840
1840th epoch validation confusion matrix: [[4.72, 1.85], [22.28, 10.15]] eval_metric: 0.3813
epoch:  1860
1860th epoch validation confusion matrix: [[6.29, 2.54], [20.71, 9.46]] eval_metric: 0.4038
epoch:  1880
1880th epoch validation confusion matrix: [[7.98, 3.37], [19.02, 8.63]] eval_metric: 0.4259
epoch:  1900
1900th epoch validation confusion matrix: [[9.34, 4.25], [17.66, 7.75]] eval_metric: 0.4382
epoch:  1920
1920th epoch validation confusion matrix: [[6.53, 2.78], [20.47, 9.22]] eval_metric: 0.4038
epoch:  1940
1940th epoch validation confusion matrix: [[8.6, 3.59], [18.4, 8.41]] eval_metric: 0.4362
epoch:  1960
1960th epoch validation confusion matrix: [[7.36, 3.03], [19.64, 8.97]] eval_metric: 0.4187
epoch:  1980
1980th epoch validation confusion matrix: [[12.12, 5.2], [14.88, 6.8]] eval_metric: 0.4851
epoch:  2000
2000th epoch validation confusion matrix: [[5.97, 2.47], [21.03, 9.53]] eval_metric: 0.3974
epoch:  2020
2020th epoch validation confusion matrix: [[9.3, 3.84], [17.7, 8.16]] eval_metric: 0.4477
epoch:  2040
2040th epoch validation confusion matrix: [[6.99, 2.81], [20.01, 9.19]] eval_metric: 0.4149
epoch:  2060
2060th epoch validation confusion matrix: [[10.48, 4.27], [16.52, 7.73]] eval_metric: 0.4669
epoch:  2080
2080th epoch validation confusion matrix: [[9.59, 4.15], [17.41, 7.85]] eval_metric: 0.4472
epoch:  2100
2100th epoch validation confusion matrix: [[17.87, 7.64], [9.13, 4.36]] eval_metric: 0.5700
epoch:  2120
2120th epoch validation confusion matrix: [[16.22, 6.96], [10.78, 5.04]] eval_metric: 0.5451
epoch:  2140
2140th epoch validation confusion matrix: [[6.26, 2.43], [20.74, 9.57]] eval_metric: 0.4059
epoch:  2160
2160th epoch validation confusion matrix: [[17.83, 7.64], [9.17, 4.36]] eval_metric: 0.5690
epoch:  2180
2180th epoch validation confusion matrix: [[8.64, 3.55], [18.36, 8.45]] eval_metric: 0.4382
epoch:  2200
2200th epoch validation confusion matrix: [[16.73, 7.18], [10.27, 4.82]] eval_metric: 0.5526
epoch:  2220
2220th epoch validation confusion matrix: [[17.99, 7.96], [9.01, 4.04]] eval_metric: 0.5649
epoch:  2240
2240th epoch validation confusion matrix: [[7.5, 3.16], [19.5, 8.84]] eval_metric: 0.4190
epoch:  2260
2260th epoch validation confusion matrix: [[8.77, 3.75], [18.23, 8.25]] eval_metric: 0.4364
epoch:  2280
2280th epoch validation confusion matrix: [[7.15, 2.93], [19.85, 9.07]] eval_metric: 0.4159
epoch:  2300
2300th epoch validation confusion matrix: [[9.75, 4.15], [17.25, 7.85]] eval_metric: 0.4513
epoch:  2320
2320th epoch validation confusion matrix: [[7.06, 2.73], [19.94, 9.27]] eval_metric: 0.4187
epoch:  2340
2340th epoch validation confusion matrix: [[7.61, 2.95], [19.39, 9.05]] eval_metric: 0.4272
epoch:  2360
2360th epoch validation confusion matrix: [[8.31, 3.44], [18.69, 8.56]] eval_metric: 0.4326
epoch:  2380
2380th epoch validation confusion matrix: [[17.45, 7.52], [9.55, 4.48]] eval_metric: 0.5623
epoch:  2400
2400th epoch validation confusion matrix: [[9.08, 3.71], [17.92, 8.29]] eval_metric: 0.4454
epoch:  2420
2420th epoch validation confusion matrix: [[7.17, 2.82], [19.83, 9.18]] eval_metric: 0.4192
epoch:  2440
2440th epoch validation confusion matrix: [[8.27, 3.35], [18.73, 8.65]] eval_metric: 0.4338
epoch:  2460
2460th epoch validation confusion matrix: [[7.61, 2.94], [19.39, 9.06]] eval_metric: 0.4274
epoch:  2480
2480th epoch validation confusion matrix: [[7.94, 3.11], [19.06, 8.89]] eval_metric: 0.4315
epoch:  2500
2500th epoch validation confusion matrix: [[5.94, 2.36], [21.06, 9.64]] eval_metric: 0.3995
epoch:  2520
2520th epoch validation confusion matrix: [[16.51, 7.06], [10.49, 4.94]] eval_metric: 0.5500
epoch:  2540
2540th epoch validation confusion matrix: [[15.87, 6.61], [11.13, 5.39]] eval_metric: 0.5451
epoch:  2560
2560th epoch validation confusion matrix: [[18.77, 8.21], [8.23, 3.79]] eval_metric: 0.5785
epoch:  2580
2580th epoch validation confusion matrix: [[16.04, 6.85], [10.96, 5.15]] eval_metric: 0.5433
epoch:  2600
2600th epoch validation confusion matrix: [[16.46, 7.01], [10.54, 4.99]] eval_metric: 0.5500
epoch:  2620
2620th epoch validation confusion matrix: [[16.53, 7.0], [10.47, 5.0]] eval_metric: 0.5521
epoch:  2640
2640th epoch validation confusion matrix: [[18.04, 7.78], [8.96, 4.22]] eval_metric: 0.5708
epoch:  2660
2660th epoch validation confusion matrix: [[7.67, 2.86], [19.33, 9.14]] eval_metric: 0.4310
epoch:  2680
2680th epoch validation confusion matrix: [[7.68, 2.96], [19.32, 9.04]] eval_metric: 0.4287
epoch:  2700
2700th epoch validation confusion matrix: [[7.44, 2.85], [19.56, 9.15]] eval_metric: 0.4254
epoch:  2720
2720th epoch validation confusion matrix: [[10.23, 4.35], [16.77, 7.65]] eval_metric: 0.4585
epoch:  2740
2740th epoch validation confusion matrix: [[8.68, 3.51], [18.32, 8.49]] eval_metric: 0.4403
epoch:  2760
2760th epoch validation confusion matrix: [[8.88, 3.8], [18.12, 8.2]] eval_metric: 0.4379
epoch:  2780
2780th epoch validation confusion matrix: [[5.54, 2.08], [21.46, 9.92]] eval_metric: 0.3964
epoch:  2800
2800th epoch validation confusion matrix: [[9.23, 3.92], [17.77, 8.08]] eval_metric: 0.4438
epoch:  2820
2820th epoch validation confusion matrix: [[7.94, 3.11], [19.06, 8.89]] eval_metric: 0.4315
epoch:  2840
2840th epoch validation confusion matrix: [[8.18, 3.32], [18.82, 8.68]] eval_metric: 0.4323
epoch:  2860
2860th epoch validation confusion matrix: [[9.71, 4.17], [17.29, 7.83]] eval_metric: 0.4497
epoch:  2880
2880th epoch validation confusion matrix: [[9.26, 3.82], [17.74, 8.18]] eval_metric: 0.4472
epoch:  2900
2900th epoch validation confusion matrix: [[12.04, 5.23], [14.96, 6.77]] eval_metric: 0.4823
epoch:  2920
2920th epoch validation confusion matrix: [[10.64, 4.49], [16.36, 7.51]] eval_metric: 0.4654
epoch:  2940
2940th epoch validation confusion matrix: [[10.01, 4.28], [16.99, 7.72]] eval_metric: 0.4546
epoch:  2960
2960th epoch validation confusion matrix: [[9.28, 3.88], [17.72, 8.12]] eval_metric: 0.4462
epoch:  2980
2980th epoch validation confusion matrix: [[10.37, 4.37], [16.63, 7.63]] eval_metric: 0.4615
Best model saved at the 400th epoch: 0.6594871794871795 [[24.75, 11.03], [2.25, 0.97]]
testing and generating DPMs ... 
train confusion matrix  [[80.82, 65.75], [7.18, 6.25]]  accuracy  0.5441874999999999
valid confusion matrix  [[24.75, 11.03], [2.25, 0.97]]  accuracy  0.6594871794871795
test confusion matrix  [[60.55, 31.98], [5.45, 3.02]]  accuracy  0.6294059405940594
DPM generation is done
epoch:  0
0th epoch validation confusion matrix: [[0.0, 0.0], [23.0, 16.0]] eval_metric: 0.4103
epoch:  20
20th epoch validation confusion matrix: [[0.09, 0.03], [22.91, 15.97]] eval_metric: 0.4118
epoch:  40
40th epoch validation confusion matrix: [[2.94, 2.16], [20.06, 13.84]] eval_metric: 0.4303
epoch:  60
60th epoch validation confusion matrix: [[2.59, 1.7], [20.41, 14.3]] eval_metric: 0.4331
epoch:  80
80th epoch validation confusion matrix: [[0.0, 0.0], [23.0, 16.0]] eval_metric: 0.4103
epoch:  100
100th epoch validation confusion matrix: [[0.0, 0.0], [23.0, 16.0]] eval_metric: 0.4103
epoch:  120
120th epoch validation confusion matrix: [[0.18, 0.11], [22.82, 15.89]] eval_metric: 0.4121
epoch:  140
140th epoch validation confusion matrix: [[0.55, 0.33], [22.45, 15.67]] eval_metric: 0.4159
epoch:  160
160th epoch validation confusion matrix: [[0.57, 0.3], [22.43, 15.7]] eval_metric: 0.4172
epoch:  180
180th epoch validation confusion matrix: [[14.11, 9.56], [8.89, 6.44]] eval_metric: 0.5269
epoch:  200
200th epoch validation confusion matrix: [[0.24, 0.09], [22.76, 15.91]] eval_metric: 0.4141
epoch:  220
220th epoch validation confusion matrix: [[0.1, 0.06], [22.9, 15.94]] eval_metric: 0.4113
epoch:  240
240th epoch validation confusion matrix: [[0.21, 0.14], [22.79, 15.86]] eval_metric: 0.4121
epoch:  260
260th epoch validation confusion matrix: [[1.16, 0.71], [21.84, 15.29]] eval_metric: 0.4218
epoch:  280
280th epoch validation confusion matrix: [[2.53, 1.56], [20.47, 14.44]] eval_metric: 0.4351
epoch:  300
300th epoch validation confusion matrix: [[13.19, 9.12], [9.81, 6.88]] eval_metric: 0.5146
epoch:  320
320th epoch validation confusion matrix: [[7.6, 5.0], [15.4, 11.0]] eval_metric: 0.4769
epoch:  340
340th epoch validation confusion matrix: [[20.33, 14.23], [2.67, 1.77]] eval_metric: 0.5667
epoch:  360
360th epoch validation confusion matrix: [[11.7, 8.1], [11.3, 7.9]] eval_metric: 0.5026
epoch:  380
380th epoch validation confusion matrix: [[13.16, 9.06], [9.84, 6.94]] eval_metric: 0.5154
epoch:  400
400th epoch validation confusion matrix: [[15.84, 10.93], [7.16, 5.07]] eval_metric: 0.5362
epoch:  420
420th epoch validation confusion matrix: [[1.11, 0.7], [21.89, 15.3]] eval_metric: 0.4208
epoch:  440
440th epoch validation confusion matrix: [[1.18, 0.73], [21.82, 15.27]] eval_metric: 0.4218
epoch:  460
460th epoch validation confusion matrix: [[0.72, 0.41], [22.28, 15.59]] eval_metric: 0.4182
epoch:  480
480th epoch validation confusion matrix: [[0.2, 0.1], [22.8, 15.9]] eval_metric: 0.4128
epoch:  500
500th epoch validation confusion matrix: [[14.25, 10.02], [8.75, 5.98]] eval_metric: 0.5187
epoch:  520
520th epoch validation confusion matrix: [[1.87, 1.2], [21.13, 14.8]] eval_metric: 0.4274
epoch:  540
540th epoch validation confusion matrix: [[3.91, 2.66], [19.09, 13.34]] eval_metric: 0.4423
epoch:  560
560th epoch validation confusion matrix: [[2.9, 1.84], [20.1, 14.16]] eval_metric: 0.4374
epoch:  580
580th epoch validation confusion matrix: [[6.87, 4.58], [16.13, 11.42]] eval_metric: 0.4690
epoch:  600
600th epoch validation confusion matrix: [[3.24, 2.05], [19.76, 13.95]] eval_metric: 0.4408
epoch:  620
620th epoch validation confusion matrix: [[1.45, 0.81], [21.55, 15.19]] eval_metric: 0.4267
epoch:  640
640th epoch validation confusion matrix: [[3.25, 2.15], [19.75, 13.85]] eval_metric: 0.4385
epoch:  660
660th epoch validation confusion matrix: [[2.83, 1.85], [20.17, 14.15]] eval_metric: 0.4354
epoch:  680
680th epoch validation confusion matrix: [[3.04, 1.87], [19.96, 14.13]] eval_metric: 0.4403
epoch:  700
700th epoch validation confusion matrix: [[2.4, 1.68], [20.6, 14.32]] eval_metric: 0.4287
epoch:  720
720th epoch validation confusion matrix: [[4.05, 2.69], [18.95, 13.31]] eval_metric: 0.4451
epoch:  740
740th epoch validation confusion matrix: [[4.53, 3.15], [18.47, 12.85]] eval_metric: 0.4456
epoch:  760
760th epoch validation confusion matrix: [[3.07, 1.99], [19.93, 14.01]] eval_metric: 0.4379
epoch:  780
780th epoch validation confusion matrix: [[9.65, 6.7], [13.35, 9.3]] eval_metric: 0.4859
epoch:  800
800th epoch validation confusion matrix: [[10.15, 7.0], [12.85, 9.0]] eval_metric: 0.4910
epoch:  820
820th epoch validation confusion matrix: [[8.92, 6.07], [14.08, 9.93]] eval_metric: 0.4833
epoch:  840
840th epoch validation confusion matrix: [[1.65, 1.03], [21.35, 14.97]] eval_metric: 0.4262
epoch:  860
860th epoch validation confusion matrix: [[4.25, 3.02], [18.75, 12.98]] eval_metric: 0.4418
epoch:  880
880th epoch validation confusion matrix: [[10.36, 7.12], [12.64, 8.88]] eval_metric: 0.4933
epoch:  900
900th epoch validation confusion matrix: [[8.33, 5.67], [14.67, 10.33]] eval_metric: 0.4785
epoch:  920
920th epoch validation confusion matrix: [[3.98, 2.56], [19.02, 13.44]] eval_metric: 0.4467
epoch:  940
940th epoch validation confusion matrix: [[2.5, 1.57], [20.5, 14.43]] eval_metric: 0.4341
epoch:  960
960th epoch validation confusion matrix: [[8.68, 5.8], [14.32, 10.2]] eval_metric: 0.4841
epoch:  980
980th epoch validation confusion matrix: [[9.48, 6.2], [13.52, 9.8]] eval_metric: 0.4944
epoch:  1000
1000th epoch validation confusion matrix: [[3.1, 1.86], [19.9, 14.14]] eval_metric: 0.4421
epoch:  1020
1020th epoch validation confusion matrix: [[6.98, 4.61], [16.02, 11.39]] eval_metric: 0.4710
epoch:  1040
1040th epoch validation confusion matrix: [[3.64, 2.21], [19.36, 13.79]] eval_metric: 0.4469
epoch:  1060
1060th epoch validation confusion matrix: [[5.01, 3.15], [17.99, 12.85]] eval_metric: 0.4579
epoch:  1080
1080th epoch validation confusion matrix: [[4.71, 2.98], [18.29, 13.02]] eval_metric: 0.4546
epoch:  1100
1100th epoch validation confusion matrix: [[4.06, 2.51], [18.94, 13.49]] eval_metric: 0.4500
epoch:  1120
1120th epoch validation confusion matrix: [[6.16, 4.02], [16.84, 11.98]] eval_metric: 0.4651
epoch:  1140
1140th epoch validation confusion matrix: [[15.51, 10.55], [7.49, 5.45]] eval_metric: 0.5374
epoch:  1160
1160th epoch validation confusion matrix: [[8.05, 5.22], [14.95, 10.78]] eval_metric: 0.4828
epoch:  1180
1180th epoch validation confusion matrix: [[5.54, 3.51], [17.46, 12.49]] eval_metric: 0.4623
epoch:  1200
1200th epoch validation confusion matrix: [[4.25, 2.68], [18.75, 13.32]] eval_metric: 0.4505
epoch:  1220
1220th epoch validation confusion matrix: [[21.53, 15.06], [1.47, 0.94]] eval_metric: 0.5762
epoch:  1240
1240th epoch validation confusion matrix: [[20.52, 14.21], [2.48, 1.79]] eval_metric: 0.5721
epoch:  1260
1260th epoch validation confusion matrix: [[8.02, 5.09], [14.98, 10.91]] eval_metric: 0.4854
epoch:  1280
1280th epoch validation confusion matrix: [[4.86, 3.05], [18.14, 12.95]] eval_metric: 0.4567
epoch:  1300
1300th epoch validation confusion matrix: [[7.12, 4.81], [15.88, 11.19]] eval_metric: 0.4695
epoch:  1320
1320th epoch validation confusion matrix: [[6.22, 4.03], [16.78, 11.97]] eval_metric: 0.4664
epoch:  1340
1340th epoch validation confusion matrix: [[4.1, 2.54], [18.9, 13.46]] eval_metric: 0.4503
epoch:  1360
1360th epoch validation confusion matrix: [[4.35, 2.72], [18.65, 13.28]] eval_metric: 0.4521
epoch:  1380
1380th epoch validation confusion matrix: [[3.49, 2.12], [19.51, 13.88]] eval_metric: 0.4454
epoch:  1400
1400th epoch validation confusion matrix: [[4.87, 3.09], [18.13, 12.91]] eval_metric: 0.4559
epoch:  1420
1420th epoch validation confusion matrix: [[15.43, 10.43], [7.57, 5.57]] eval_metric: 0.5385
epoch:  1440
1440th epoch validation confusion matrix: [[18.76, 12.98], [4.24, 3.02]] eval_metric: 0.5585
epoch:  1460
1460th epoch validation confusion matrix: [[5.75, 3.65], [17.25, 12.35]] eval_metric: 0.4641
epoch:  1480
1480th epoch validation confusion matrix: [[9.93, 6.81], [13.07, 9.19]] eval_metric: 0.4903
epoch:  1500
1500th epoch validation confusion matrix: [[3.08, 1.85], [19.92, 14.15]] eval_metric: 0.4418
epoch:  1520
1520th epoch validation confusion matrix: [[10.62, 6.93], [12.38, 9.07]] eval_metric: 0.5049
epoch:  1540
1540th epoch validation confusion matrix: [[4.55, 2.95], [18.45, 13.05]] eval_metric: 0.4513
epoch:  1560
1560th epoch validation confusion matrix: [[6.6, 4.39], [16.4, 11.61]] eval_metric: 0.4669
epoch:  1580
1580th epoch validation confusion matrix: [[14.04, 9.61], [8.96, 6.39]] eval_metric: 0.5238
epoch:  1600
1600th epoch validation confusion matrix: [[2.55, 1.51], [20.45, 14.49]] eval_metric: 0.4369
epoch:  1620
1620th epoch validation confusion matrix: [[14.51, 10.0], [8.49, 6.0]] eval_metric: 0.5259
epoch:  1640
1640th epoch validation confusion matrix: [[3.67, 2.29], [19.33, 13.71]] eval_metric: 0.4456
epoch:  1660
1660th epoch validation confusion matrix: [[7.58, 5.02], [15.42, 10.98]] eval_metric: 0.4759
epoch:  1680
1680th epoch validation confusion matrix: [[8.4, 5.5], [14.6, 10.5]] eval_metric: 0.4846
epoch:  1700
1700th epoch validation confusion matrix: [[5.62, 3.7], [17.38, 12.3]] eval_metric: 0.4595
epoch:  1720
1720th epoch validation confusion matrix: [[5.04, 3.28], [17.96, 12.72]] eval_metric: 0.4554
epoch:  1740
1740th epoch validation confusion matrix: [[8.59, 5.7], [14.41, 10.3]] eval_metric: 0.4844
epoch:  1760
1760th epoch validation confusion matrix: [[8.52, 5.8], [14.48, 10.2]] eval_metric: 0.4800
epoch:  1780
1780th epoch validation confusion matrix: [[12.55, 8.62], [10.45, 7.38]] eval_metric: 0.5110
epoch:  1800
1800th epoch validation confusion matrix: [[3.76, 2.3], [19.24, 13.7]] eval_metric: 0.4477
epoch:  1820
1820th epoch validation confusion matrix: [[6.89, 4.59], [16.11, 11.41]] eval_metric: 0.4692
epoch:  1840
1840th epoch validation confusion matrix: [[15.5, 10.58], [7.5, 5.42]] eval_metric: 0.5364
epoch:  1860
1860th epoch validation confusion matrix: [[8.24, 5.58], [14.76, 10.42]] eval_metric: 0.4785
epoch:  1880
1880th epoch validation confusion matrix: [[6.46, 4.39], [16.54, 11.61]] eval_metric: 0.4633
epoch:  1900
1900th epoch validation confusion matrix: [[11.8, 7.8], [11.2, 8.2]] eval_metric: 0.5128
epoch:  1920
1920th epoch validation confusion matrix: [[16.97, 11.74], [6.03, 4.26]] eval_metric: 0.5444
epoch:  1940
1940th epoch validation confusion matrix: [[15.52, 10.79], [7.48, 5.21]] eval_metric: 0.5315
epoch:  1960
1960th epoch validation confusion matrix: [[9.96, 6.47], [13.04, 9.53]] eval_metric: 0.4997
epoch:  1980
1980th epoch validation confusion matrix: [[18.76, 13.03], [4.24, 2.97]] eval_metric: 0.5572
epoch:  2000
2000th epoch validation confusion matrix: [[5.2, 3.46], [17.8, 12.54]] eval_metric: 0.4549
epoch:  2020
2020th epoch validation confusion matrix: [[17.15, 11.76], [5.85, 4.24]] eval_metric: 0.5485
epoch:  2040
2040th epoch validation confusion matrix: [[4.7, 2.98], [18.3, 13.02]] eval_metric: 0.4544
epoch:  2060
2060th epoch validation confusion matrix: [[6.37, 4.24], [16.63, 11.76]] eval_metric: 0.4649
epoch:  2080
2080th epoch validation confusion matrix: [[8.41, 5.69], [14.59, 10.31]] eval_metric: 0.4800
epoch:  2100
2100th epoch validation confusion matrix: [[6.47, 4.44], [16.53, 11.56]] eval_metric: 0.4623
epoch:  2120
2120th epoch validation confusion matrix: [[12.17, 8.42], [10.83, 7.58]] eval_metric: 0.5064
epoch:  2140
2140th epoch validation confusion matrix: [[11.39, 7.68], [11.61, 8.32]] eval_metric: 0.5054
epoch:  2160
2160th epoch validation confusion matrix: [[4.32, 2.77], [18.68, 13.23]] eval_metric: 0.4500
epoch:  2180
2180th epoch validation confusion matrix: [[10.0, 6.62], [13.0, 9.38]] eval_metric: 0.4969
epoch:  2200
2200th epoch validation confusion matrix: [[5.58, 3.77], [17.42, 12.23]] eval_metric: 0.4567
epoch:  2220
2220th epoch validation confusion matrix: [[6.83, 4.57], [16.17, 11.43]] eval_metric: 0.4682
epoch:  2240
2240th epoch validation confusion matrix: [[8.15, 5.42], [14.85, 10.58]] eval_metric: 0.4803
epoch:  2260
2260th epoch validation confusion matrix: [[6.31, 4.34], [16.69, 11.66]] eval_metric: 0.4608
epoch:  2280
2280th epoch validation confusion matrix: [[8.27, 5.66], [14.73, 10.34]] eval_metric: 0.4772
epoch:  2300
2300th epoch validation confusion matrix: [[5.51, 3.62], [17.49, 12.38]] eval_metric: 0.4587
epoch:  2320
2320th epoch validation confusion matrix: [[4.92, 3.18], [18.08, 12.82]] eval_metric: 0.4549
epoch:  2340
2340th epoch validation confusion matrix: [[4.76, 3.15], [18.24, 12.85]] eval_metric: 0.4515
epoch:  2360
2360th epoch validation confusion matrix: [[15.02, 10.48], [7.98, 5.52]] eval_metric: 0.5267
epoch:  2380
2380th epoch validation confusion matrix: [[4.85, 3.23], [18.15, 12.77]] eval_metric: 0.4518
epoch:  2400
2400th epoch validation confusion matrix: [[9.63, 6.65], [13.37, 9.35]] eval_metric: 0.4867
epoch:  2420
2420th epoch validation confusion matrix: [[9.59, 6.64], [13.41, 9.36]] eval_metric: 0.4859
epoch:  2440
2440th epoch validation confusion matrix: [[14.19, 9.9], [8.81, 6.1]] eval_metric: 0.5203
epoch:  2460
2460th epoch validation confusion matrix: [[16.67, 11.65], [6.33, 4.35]] eval_metric: 0.5390
epoch:  2480
2480th epoch validation confusion matrix: [[13.07, 9.12], [9.93, 6.88]] eval_metric: 0.5115
epoch:  2500
2500th epoch validation confusion matrix: [[12.52, 8.68], [10.48, 7.32]] eval_metric: 0.5087
epoch:  2520
2520th epoch validation confusion matrix: [[8.66, 6.02], [14.34, 9.98]] eval_metric: 0.4779
epoch:  2540
2540th epoch validation confusion matrix: [[15.04, 10.42], [7.96, 5.58]] eval_metric: 0.5287
epoch:  2560
2560th epoch validation confusion matrix: [[15.46, 10.75], [7.54, 5.25]] eval_metric: 0.5310
epoch:  2580
2580th epoch validation confusion matrix: [[4.62, 3.04], [18.38, 12.96]] eval_metric: 0.4508
epoch:  2600
2600th epoch validation confusion matrix: [[9.64, 6.58], [13.36, 9.42]] eval_metric: 0.4887
epoch:  2620
2620th epoch validation confusion matrix: [[6.98, 4.77], [16.02, 11.23]] eval_metric: 0.4669
epoch:  2640
2640th epoch validation confusion matrix: [[6.8, 4.65], [16.2, 11.35]] eval_metric: 0.4654
epoch:  2660
2660th epoch validation confusion matrix: [[10.3, 7.2], [12.7, 8.8]] eval_metric: 0.4897
epoch:  2680
2680th epoch validation confusion matrix: [[5.95, 4.06], [17.05, 11.94]] eval_metric: 0.4587
epoch:  2700
2700th epoch validation confusion matrix: [[8.86, 6.05], [14.14, 9.95]] eval_metric: 0.4823
epoch:  2720
2720th epoch validation confusion matrix: [[9.05, 6.31], [13.95, 9.69]] eval_metric: 0.4805
epoch:  2740
2740th epoch validation confusion matrix: [[9.95, 6.8], [13.05, 9.2]] eval_metric: 0.4910
epoch:  2760
2760th epoch validation confusion matrix: [[7.99, 5.36], [15.01, 10.64]] eval_metric: 0.4777
epoch:  2780
2780th epoch validation confusion matrix: [[6.24, 3.92], [16.76, 12.08]] eval_metric: 0.4697
epoch:  2800
2800th epoch validation confusion matrix: [[6.21, 4.12], [16.79, 11.88]] eval_metric: 0.4638
epoch:  2820
2820th epoch validation confusion matrix: [[8.86, 5.86], [14.14, 10.14]] eval_metric: 0.4872
epoch:  2840
2840th epoch validation confusion matrix: [[14.49, 9.94], [8.51, 6.06]] eval_metric: 0.5269
epoch:  2860
2860th epoch validation confusion matrix: [[17.79, 12.14], [5.21, 3.86]] eval_metric: 0.5551
epoch:  2880
2880th epoch validation confusion matrix: [[8.2, 5.24], [14.8, 10.76]] eval_metric: 0.4862
epoch:  2900
2900th epoch validation confusion matrix: [[4.05, 2.54], [18.95, 13.46]] eval_metric: 0.4490
epoch:  2920
2920th epoch validation confusion matrix: [[15.44, 10.7], [7.56, 5.3]] eval_metric: 0.5318
epoch:  2940
2940th epoch validation confusion matrix: [[5.96, 3.87], [17.04, 12.13]] eval_metric: 0.4638
epoch:  2960
2960th epoch validation confusion matrix: [[5.95, 3.68], [17.05, 12.32]] eval_metric: 0.4685
epoch:  2980
2980th epoch validation confusion matrix: [[13.08, 9.1], [9.92, 6.9]] eval_metric: 0.5123
Best model saved at the 1220th epoch: 0.5761538461538462 [[21.53, 15.06], [1.47, 0.94]]
testing and generating DPMs ... 
train confusion matrix  [[86.72, 62.97], [5.28, 5.03]]  accuracy  0.5734375
valid confusion matrix  [[21.53, 15.06], [1.47, 0.94]]  accuracy  0.5761538461538462
test confusion matrix  [[62.01, 32.12], [3.99, 2.88]]  accuracy  0.6424752475247525
DPM generation is done
epoch:  0
0th epoch validation confusion matrix: [[17.0, 22.0], [0.0, 0.0]] eval_metric: 0.4359
epoch:  20
20th epoch validation confusion matrix: [[17.0, 22.0], [0.0, 0.0]] eval_metric: 0.4359
epoch:  40
40th epoch validation confusion matrix: [[17.0, 22.0], [0.0, 0.0]] eval_metric: 0.4359
epoch:  60
60th epoch validation confusion matrix: [[9.34, 12.36], [7.66, 9.64]] eval_metric: 0.4867
epoch:  80
80th epoch validation confusion matrix: [[16.99, 21.99], [0.01, 0.01]] eval_metric: 0.4359
epoch:  100
100th epoch validation confusion matrix: [[16.59, 21.41], [0.41, 0.59]] eval_metric: 0.4405
epoch:  120
120th epoch validation confusion matrix: [[15.03, 19.69], [1.97, 2.31]] eval_metric: 0.4446
epoch:  140
140th epoch validation confusion matrix: [[13.68, 17.6], [3.32, 4.4]] eval_metric: 0.4636
epoch:  160
160th epoch validation confusion matrix: [[16.51, 21.3], [0.49, 0.7]] eval_metric: 0.4413
epoch:  180
180th epoch validation confusion matrix: [[16.73, 21.58], [0.27, 0.42]] eval_metric: 0.4397
epoch:  200
200th epoch validation confusion matrix: [[16.21, 21.08], [0.79, 0.92]] eval_metric: 0.4392
epoch:  220
220th epoch validation confusion matrix: [[17.0, 22.0], [0.0, 0.0]] eval_metric: 0.4359
epoch:  240
240th epoch validation confusion matrix: [[16.89, 21.89], [0.11, 0.11]] eval_metric: 0.4359
epoch:  260
260th epoch validation confusion matrix: [[16.95, 21.93], [0.05, 0.07]] eval_metric: 0.4364
epoch:  280
280th epoch validation confusion matrix: [[8.81, 11.58], [8.19, 10.42]] eval_metric: 0.4931
epoch:  300
300th epoch validation confusion matrix: [[10.73, 13.91], [6.27, 8.09]] eval_metric: 0.4826
epoch:  320
320th epoch validation confusion matrix: [[7.76, 10.14], [9.24, 11.86]] eval_metric: 0.5031
epoch:  340
340th epoch validation confusion matrix: [[10.91, 14.05], [6.09, 7.95]] eval_metric: 0.4836
epoch:  360
360th epoch validation confusion matrix: [[10.37, 13.6], [6.63, 8.4]] eval_metric: 0.4813
epoch:  380
380th epoch validation confusion matrix: [[11.81, 15.32], [5.19, 6.68]] eval_metric: 0.4741
epoch:  400
400th epoch validation confusion matrix: [[16.73, 21.61], [0.27, 0.39]] eval_metric: 0.4390
epoch:  420
420th epoch validation confusion matrix: [[13.9, 18.03], [3.1, 3.97]] eval_metric: 0.4582
epoch:  440
440th epoch validation confusion matrix: [[13.62, 17.51], [3.38, 4.49]] eval_metric: 0.4644
epoch:  460
460th epoch validation confusion matrix: [[0.55, 0.63], [16.45, 21.37]] eval_metric: 0.5621
epoch:  480
480th epoch validation confusion matrix: [[16.62, 21.55], [0.38, 0.45]] eval_metric: 0.4377
epoch:  500
500th epoch validation confusion matrix: [[11.07, 14.37], [5.93, 7.63]] eval_metric: 0.4795
epoch:  520
520th epoch validation confusion matrix: [[16.87, 21.8], [0.13, 0.2]] eval_metric: 0.4377
epoch:  540
540th epoch validation confusion matrix: [[16.92, 21.88], [0.08, 0.12]] eval_metric: 0.4369
epoch:  560
560th epoch validation confusion matrix: [[8.63, 11.16], [8.37, 10.84]] eval_metric: 0.4992
epoch:  580
580th epoch validation confusion matrix: [[9.89, 12.93], [7.11, 9.07]] eval_metric: 0.4862
epoch:  600
600th epoch validation confusion matrix: [[8.01, 10.21], [8.99, 11.79]] eval_metric: 0.5077
epoch:  620
620th epoch validation confusion matrix: [[12.74, 16.57], [4.26, 5.43]] eval_metric: 0.4659
epoch:  640
640th epoch validation confusion matrix: [[8.02, 10.28], [8.98, 11.72]] eval_metric: 0.5062
epoch:  660
660th epoch validation confusion matrix: [[13.79, 17.52], [3.21, 4.48]] eval_metric: 0.4685
epoch:  680
680th epoch validation confusion matrix: [[11.42, 14.49], [5.58, 7.51]] eval_metric: 0.4854
epoch:  700
700th epoch validation confusion matrix: [[13.95, 17.86], [3.05, 4.14]] eval_metric: 0.4638
epoch:  720
720th epoch validation confusion matrix: [[5.09, 6.31], [11.91, 15.69]] eval_metric: 0.5328
epoch:  740
740th epoch validation confusion matrix: [[10.07, 13.19], [6.93, 8.81]] eval_metric: 0.4841
epoch:  760
760th epoch validation confusion matrix: [[5.66, 6.97], [11.34, 15.03]] eval_metric: 0.5305
epoch:  780
780th epoch validation confusion matrix: [[1.52, 1.6], [15.48, 20.4]] eval_metric: 0.5621
epoch:  800
800th epoch validation confusion matrix: [[15.53, 19.96], [1.47, 2.04]] eval_metric: 0.4505
epoch:  820
820th epoch validation confusion matrix: [[1.0, 0.93], [16.0, 21.07]] eval_metric: 0.5659
epoch:  840
840th epoch validation confusion matrix: [[7.0, 8.7], [10.0, 13.3]] eval_metric: 0.5205
epoch:  860
860th epoch validation confusion matrix: [[3.89, 4.36], [13.11, 17.64]] eval_metric: 0.5521
epoch:  880
880th epoch validation confusion matrix: [[2.89, 3.08], [14.11, 18.92]] eval_metric: 0.5592
epoch:  900
900th epoch validation confusion matrix: [[4.86, 5.47], [12.14, 16.53]] eval_metric: 0.5485
epoch:  920
920th epoch validation confusion matrix: [[1.66, 1.56], [15.34, 20.44]] eval_metric: 0.5667
epoch:  940
940th epoch validation confusion matrix: [[12.44, 15.35], [4.56, 6.65]] eval_metric: 0.4895
epoch:  960
960th epoch validation confusion matrix: [[6.1, 7.61], [10.9, 14.39]] eval_metric: 0.5254
epoch:  980
980th epoch validation confusion matrix: [[7.94, 9.62], [9.06, 12.38]] eval_metric: 0.5210
epoch:  1000
1000th epoch validation confusion matrix: [[7.38, 9.11], [9.62, 12.89]] eval_metric: 0.5197
epoch:  1020
1020th epoch validation confusion matrix: [[1.01, 0.93], [15.99, 21.07]] eval_metric: 0.5662
epoch:  1040
1040th epoch validation confusion matrix: [[5.7, 6.7], [11.3, 15.3]] eval_metric: 0.5385
epoch:  1060
1060th epoch validation confusion matrix: [[0.14, 0.09], [16.86, 21.91]] eval_metric: 0.5654
epoch:  1080
1080th epoch validation confusion matrix: [[2.41, 2.58], [14.59, 19.42]] eval_metric: 0.5597
epoch:  1100
1100th epoch validation confusion matrix: [[4.7, 5.52], [12.3, 16.48]] eval_metric: 0.5431
epoch:  1120
1120th epoch validation confusion matrix: [[4.5, 5.04], [12.5, 16.96]] eval_metric: 0.5503
epoch:  1140
1140th epoch validation confusion matrix: [[4.3, 5.08], [12.7, 16.92]] eval_metric: 0.5441
epoch:  1160
1160th epoch validation confusion matrix: [[7.88, 9.97], [9.12, 12.03]] eval_metric: 0.5105
epoch:  1180
1180th epoch validation confusion matrix: [[7.54, 9.62], [9.46, 12.38]] eval_metric: 0.5108
epoch:  1200
1200th epoch validation confusion matrix: [[3.59, 3.91], [13.41, 18.09]] eval_metric: 0.5559
epoch:  1220
1220th epoch validation confusion matrix: [[12.92, 16.0], [4.08, 6.0]] eval_metric: 0.4851
epoch:  1240
1240th epoch validation confusion matrix: [[10.25, 12.27], [6.75, 9.73]] eval_metric: 0.5123
epoch:  1260
1260th epoch validation confusion matrix: [[8.04, 9.55], [8.96, 12.45]] eval_metric: 0.5254
epoch:  1280
1280th epoch validation confusion matrix: [[8.56, 11.01], [8.44, 10.99]] eval_metric: 0.5013
epoch:  1300
1300th epoch validation confusion matrix: [[8.35, 10.11], [8.65, 11.89]] eval_metric: 0.5190
epoch:  1320
1320th epoch validation confusion matrix: [[1.13, 1.05], [15.87, 20.95]] eval_metric: 0.5662
epoch:  1340
1340th epoch validation confusion matrix: [[3.93, 4.4], [13.07, 17.6]] eval_metric: 0.5521
epoch:  1360
1360th epoch validation confusion matrix: [[7.75, 8.72], [9.25, 13.28]] eval_metric: 0.5392
epoch:  1380
1380th epoch validation confusion matrix: [[5.84, 6.68], [11.16, 15.32]] eval_metric: 0.5426
epoch:  1400
1400th epoch validation confusion matrix: [[10.85, 12.82], [6.15, 9.18]] eval_metric: 0.5136
epoch:  1420
1420th epoch validation confusion matrix: [[4.89, 5.14], [12.11, 16.86]] eval_metric: 0.5577
epoch:  1440
1440th epoch validation confusion matrix: [[12.28, 14.72], [4.72, 7.28]] eval_metric: 0.5015
epoch:  1460
1460th epoch validation confusion matrix: [[3.8, 3.89], [13.2, 18.11]] eval_metric: 0.5618
epoch:  1480
1480th epoch validation confusion matrix: [[8.86, 10.26], [8.14, 11.74]] eval_metric: 0.5282
epoch:  1500
1500th epoch validation confusion matrix: [[3.79, 3.94], [13.21, 18.06]] eval_metric: 0.5603
epoch:  1520
1520th epoch validation confusion matrix: [[4.05, 4.21], [12.95, 17.79]] eval_metric: 0.5600
epoch:  1540
1540th epoch validation confusion matrix: [[13.59, 16.99], [3.41, 5.01]] eval_metric: 0.4769
epoch:  1560
1560th epoch validation confusion matrix: [[4.09, 4.32], [12.91, 17.68]] eval_metric: 0.5582
epoch:  1580
1580th epoch validation confusion matrix: [[12.54, 15.35], [4.46, 6.65]] eval_metric: 0.4921
epoch:  1600
1600th epoch validation confusion matrix: [[10.14, 12.54], [6.86, 9.46]] eval_metric: 0.5026
epoch:  1620
1620th epoch validation confusion matrix: [[9.35, 11.38], [7.65, 10.62]] eval_metric: 0.5121
epoch:  1640
1640th epoch validation confusion matrix: [[7.41, 8.65], [9.59, 13.35]] eval_metric: 0.5323
epoch:  1660
1660th epoch validation confusion matrix: [[3.59, 3.81], [13.41, 18.19]] eval_metric: 0.5585
epoch:  1680
1680th epoch validation confusion matrix: [[1.84, 1.91], [15.16, 20.09]] eval_metric: 0.5623
epoch:  1700
1700th epoch validation confusion matrix: [[3.56, 3.74], [13.44, 18.26]] eval_metric: 0.5595
epoch:  1720
1720th epoch validation confusion matrix: [[5.98, 7.01], [11.02, 14.99]] eval_metric: 0.5377
epoch:  1740
1740th epoch validation confusion matrix: [[9.21, 10.72], [7.79, 11.28]] eval_metric: 0.5254
epoch:  1760
1760th epoch validation confusion matrix: [[1.45, 1.33], [15.55, 20.67]] eval_metric: 0.5672
epoch:  1780
1780th epoch validation confusion matrix: [[3.01, 3.29], [13.99, 18.71]] eval_metric: 0.5569
epoch:  1800
1800th epoch validation confusion matrix: [[2.48, 2.43], [14.52, 19.57]] eval_metric: 0.5654
epoch:  1820
1820th epoch validation confusion matrix: [[11.86, 14.33], [5.14, 7.67]] eval_metric: 0.5008
epoch:  1840
1840th epoch validation confusion matrix: [[12.33, 15.38], [4.67, 6.62]] eval_metric: 0.4859
epoch:  1860
1860th epoch validation confusion matrix: [[11.62, 14.24], [5.38, 7.76]] eval_metric: 0.4969
epoch:  1880
1880th epoch validation confusion matrix: [[10.42, 12.02], [6.58, 9.98]] eval_metric: 0.5231
epoch:  1900
1900th epoch validation confusion matrix: [[2.86, 2.83], [14.14, 19.17]] eval_metric: 0.5649
epoch:  1920
1920th epoch validation confusion matrix: [[2.51, 2.48], [14.49, 19.52]] eval_metric: 0.5649
epoch:  1940
1940th epoch validation confusion matrix: [[2.28, 2.25], [14.72, 19.75]] eval_metric: 0.5649
epoch:  1960
1960th epoch validation confusion matrix: [[11.09, 12.95], [5.91, 9.05]] eval_metric: 0.5164
epoch:  1980
1980th epoch validation confusion matrix: [[14.0, 17.4], [3.0, 4.6]] eval_metric: 0.4769
epoch:  2000
2000th epoch validation confusion matrix: [[10.75, 13.18], [6.25, 8.82]] eval_metric: 0.5018
epoch:  2020
2020th epoch validation confusion matrix: [[5.18, 5.65], [11.82, 16.35]] eval_metric: 0.5521
epoch:  2040
2040th epoch validation confusion matrix: [[5.61, 6.04], [11.39, 15.96]] eval_metric: 0.5531
epoch:  2060
2060th epoch validation confusion matrix: [[5.21, 5.69], [11.79, 16.31]] eval_metric: 0.5518
epoch:  2080
2080th epoch validation confusion matrix: [[5.09, 5.48], [11.91, 16.52]] eval_metric: 0.5541
epoch:  2100
2100th epoch validation confusion matrix: [[4.05, 4.08], [12.95, 17.92]] eval_metric: 0.5633
epoch:  2120
2120th epoch validation confusion matrix: [[9.87, 11.75], [7.13, 10.25]] eval_metric: 0.5159
epoch:  2140
2140th epoch validation confusion matrix: [[6.26, 6.66], [10.74, 15.34]] eval_metric: 0.5538
epoch:  2160
2160th epoch validation confusion matrix: [[2.18, 2.16], [14.82, 19.84]] eval_metric: 0.5646
epoch:  2180
2180th epoch validation confusion matrix: [[6.23, 7.42], [10.77, 14.58]] eval_metric: 0.5336
epoch:  2200
2200th epoch validation confusion matrix: [[1.66, 1.44], [15.34, 20.56]] eval_metric: 0.5697
epoch:  2220
2220th epoch validation confusion matrix: [[5.36, 5.68], [11.64, 16.32]] eval_metric: 0.5559
epoch:  2240
2240th epoch validation confusion matrix: [[2.31, 2.14], [14.69, 19.86]] eval_metric: 0.5685
epoch:  2260
2260th epoch validation confusion matrix: [[1.79, 1.57], [15.21, 20.43]] eval_metric: 0.5697
epoch:  2280
2280th epoch validation confusion matrix: [[3.91, 3.94], [13.09, 18.06]] eval_metric: 0.5633
epoch:  2300
2300th epoch validation confusion matrix: [[4.74, 4.82], [12.26, 17.18]] eval_metric: 0.5621
epoch:  2320
2320th epoch validation confusion matrix: [[3.41, 3.29], [13.59, 18.71]] eval_metric: 0.5672
epoch:  2340
2340th epoch validation confusion matrix: [[3.62, 3.5], [13.38, 18.5]] eval_metric: 0.5672
epoch:  2360
2360th epoch validation confusion matrix: [[2.54, 2.78], [14.46, 19.22]] eval_metric: 0.5579
epoch:  2380
2380th epoch validation confusion matrix: [[4.81, 5.24], [12.19, 16.76]] eval_metric: 0.5531
epoch:  2400
2400th epoch validation confusion matrix: [[2.55, 2.27], [14.45, 19.73]] eval_metric: 0.5713
epoch:  2420
2420th epoch validation confusion matrix: [[2.31, 2.02], [14.69, 19.98]] eval_metric: 0.5715
epoch:  2440
2440th epoch validation confusion matrix: [[1.74, 1.61], [15.26, 20.39]] eval_metric: 0.5674
epoch:  2460
2460th epoch validation confusion matrix: [[11.49, 13.94], [5.51, 8.06]] eval_metric: 0.5013
epoch:  2480
2480th epoch validation confusion matrix: [[6.89, 7.78], [10.11, 14.22]] eval_metric: 0.5413
epoch:  2500
2500th epoch validation confusion matrix: [[4.36, 4.47], [12.64, 17.53]] eval_metric: 0.5613
epoch:  2520
2520th epoch validation confusion matrix: [[3.87, 3.85], [13.13, 18.15]] eval_metric: 0.5646
epoch:  2540
2540th epoch validation confusion matrix: [[2.43, 2.26], [14.57, 19.74]] eval_metric: 0.5685
epoch:  2560
2560th epoch validation confusion matrix: [[3.82, 3.58], [13.18, 18.42]] eval_metric: 0.5703
epoch:  2580
2580th epoch validation confusion matrix: [[2.75, 2.57], [14.25, 19.43]] eval_metric: 0.5687
epoch:  2600
2600th epoch validation confusion matrix: [[3.32, 3.06], [13.68, 18.94]] eval_metric: 0.5708
epoch:  2620
2620th epoch validation confusion matrix: [[2.35, 2.14], [14.65, 19.86]] eval_metric: 0.5695
epoch:  2640
2640th epoch validation confusion matrix: [[4.14, 4.24], [12.86, 17.76]] eval_metric: 0.5615
epoch:  2660
2660th epoch validation confusion matrix: [[1.0, 0.88], [16.0, 21.12]] eval_metric: 0.5672
epoch:  2680
2680th epoch validation confusion matrix: [[2.53, 2.75], [14.47, 19.25]] eval_metric: 0.5585
epoch:  2700
2700th epoch validation confusion matrix: [[4.0, 4.2], [13.0, 17.8]] eval_metric: 0.5590
epoch:  2720
2720th epoch validation confusion matrix: [[9.56, 11.52], [7.44, 10.48]] eval_metric: 0.5138
epoch:  2740
2740th epoch validation confusion matrix: [[8.28, 9.46], [8.72, 12.54]] eval_metric: 0.5338
epoch:  2760
2760th epoch validation confusion matrix: [[4.4, 4.2], [12.6, 17.8]] eval_metric: 0.5692
epoch:  2780
2780th epoch validation confusion matrix: [[3.17, 3.19], [13.83, 18.81]] eval_metric: 0.5636
epoch:  2800
2800th epoch validation confusion matrix: [[3.26, 2.87], [13.74, 19.13]] eval_metric: 0.5741
epoch:  2820
2820th epoch validation confusion matrix: [[1.76, 1.48], [15.24, 20.52]] eval_metric: 0.5713
epoch:  2840
2840th epoch validation confusion matrix: [[3.83, 3.6], [13.17, 18.4]] eval_metric: 0.5700
epoch:  2860
2860th epoch validation confusion matrix: [[5.28, 5.61], [11.72, 16.39]] eval_metric: 0.5556
epoch:  2880
2880th epoch validation confusion matrix: [[2.72, 2.37], [14.28, 19.63]] eval_metric: 0.5731
epoch:  2900
2900th epoch validation confusion matrix: [[8.15, 9.37], [8.85, 12.63]] eval_metric: 0.5328
epoch:  2920
2920th epoch validation confusion matrix: [[9.47, 10.9], [7.53, 11.1]] eval_metric: 0.5274
epoch:  2940
2940th epoch validation confusion matrix: [[3.68, 3.65], [13.32, 18.35]] eval_metric: 0.5649
epoch:  2960
2960th epoch validation confusion matrix: [[9.72, 11.04], [7.28, 10.96]] eval_metric: 0.5303
epoch:  2980
2980th epoch validation confusion matrix: [[4.26, 4.25], [12.74, 17.75]] eval_metric: 0.5644
Best model saved at the 2800th epoch: 0.5741025641025641 [[3.26, 2.87], [13.74, 19.13]]
testing and generating DPMs ... 
train confusion matrix  [[21.21, 9.36], [76.79, 52.64]]  accuracy  0.4615625
valid confusion matrix  [[3.26, 2.87], [13.74, 19.13]]  accuracy  0.5741025641025641
test confusion matrix  [[15.57, 4.19], [50.43, 30.81]]  accuracy  0.45920792079207917
DPM generation is done
