nohup: 忽略输入
epoch:  0
0th epoch validation confusion matrix: [[0.0, 0.0], [20.0, 19.0]] eval_metric: 0.4872
epoch:  20
20th epoch validation confusion matrix: [[0.41, 0.42], [19.59, 18.58]] eval_metric: 0.4869
epoch:  40
40th epoch validation confusion matrix: [[0.09, 0.09], [19.91, 18.91]] eval_metric: 0.4872
epoch:  60
60th epoch validation confusion matrix: [[0.52, 0.43], [19.48, 18.57]] eval_metric: 0.4895
epoch:  80
80th epoch validation confusion matrix: [[0.0, 0.0], [20.0, 19.0]] eval_metric: 0.4872
epoch:  100
100th epoch validation confusion matrix: [[0.04, 0.03], [19.96, 18.97]] eval_metric: 0.4874
epoch:  120
120th epoch validation confusion matrix: [[3.22, 2.6], [16.78, 16.4]] eval_metric: 0.5031
epoch:  140
140th epoch validation confusion matrix: [[0.71, 0.5], [19.29, 18.5]] eval_metric: 0.4926
epoch:  160
160th epoch validation confusion matrix: [[1.23, 1.1], [18.77, 17.9]] eval_metric: 0.4905
epoch:  180
180th epoch validation confusion matrix: [[7.95, 6.48], [12.05, 12.52]] eval_metric: 0.5249
epoch:  200
200th epoch validation confusion matrix: [[11.15, 10.11], [8.85, 8.89]] eval_metric: 0.5138
epoch:  220
220th epoch validation confusion matrix: [[16.66, 14.93], [3.34, 4.07]] eval_metric: 0.5315
epoch:  240
240th epoch validation confusion matrix: [[16.41, 14.07], [3.59, 4.93]] eval_metric: 0.5472
epoch:  260
260th epoch validation confusion matrix: [[6.42, 5.12], [13.58, 13.88]] eval_metric: 0.5205
epoch:  280
280th epoch validation confusion matrix: [[4.79, 3.85], [15.21, 15.15]] eval_metric: 0.5113
epoch:  300
300th epoch validation confusion matrix: [[10.41, 9.25], [9.59, 9.75]] eval_metric: 0.5169
epoch:  320
320th epoch validation confusion matrix: [[6.96, 5.87], [13.04, 13.13]] eval_metric: 0.5151
epoch:  340
340th epoch validation confusion matrix: [[14.74, 13.28], [5.26, 5.72]] eval_metric: 0.5246
epoch:  360
360th epoch validation confusion matrix: [[7.82, 6.0], [12.18, 13.0]] eval_metric: 0.5338
epoch:  380
380th epoch validation confusion matrix: [[5.45, 4.15], [14.55, 14.85]] eval_metric: 0.5205
epoch:  400
400th epoch validation confusion matrix: [[5.93, 4.29], [14.07, 14.71]] eval_metric: 0.5292
epoch:  420
420th epoch validation confusion matrix: [[7.07, 5.08], [12.93, 13.92]] eval_metric: 0.5382
epoch:  440
440th epoch validation confusion matrix: [[14.58, 11.66], [5.42, 7.34]] eval_metric: 0.5621
epoch:  460
460th epoch validation confusion matrix: [[11.2, 8.83], [8.8, 10.17]] eval_metric: 0.5479
epoch:  480
480th epoch validation confusion matrix: [[14.53, 11.84], [5.47, 7.16]] eval_metric: 0.5562
epoch:  500
500th epoch validation confusion matrix: [[17.97, 15.18], [2.03, 3.82]] eval_metric: 0.5587
epoch:  520
520th epoch validation confusion matrix: [[16.43, 13.61], [3.57, 5.39]] eval_metric: 0.5595
epoch:  540
540th epoch validation confusion matrix: [[14.16, 11.29], [5.84, 7.71]] eval_metric: 0.5608
epoch:  560
560th epoch validation confusion matrix: [[8.1, 5.81], [11.9, 13.19]] eval_metric: 0.5459
epoch:  580
580th epoch validation confusion matrix: [[13.69, 11.01], [6.31, 7.99]] eval_metric: 0.5559
epoch:  600
600th epoch validation confusion matrix: [[14.91, 11.79], [5.09, 7.21]] eval_metric: 0.5672
epoch:  620
620th epoch validation confusion matrix: [[11.41, 8.69], [8.59, 10.31]] eval_metric: 0.5569
epoch:  640
640th epoch validation confusion matrix: [[10.37, 7.12], [9.63, 11.88]] eval_metric: 0.5705
epoch:  660
660th epoch validation confusion matrix: [[16.39, 12.64], [3.61, 6.36]] eval_metric: 0.5833
epoch:  680
680th epoch validation confusion matrix: [[7.83, 4.62], [12.17, 14.38]] eval_metric: 0.5695
epoch:  700
700th epoch validation confusion matrix: [[5.56, 3.13], [14.44, 15.87]] eval_metric: 0.5495
epoch:  720
720th epoch validation confusion matrix: [[11.67, 8.64], [8.33, 10.36]] eval_metric: 0.5649
epoch:  740
740th epoch validation confusion matrix: [[6.75, 4.23], [13.25, 14.77]] eval_metric: 0.5518
epoch:  760
760th epoch validation confusion matrix: [[9.01, 5.86], [10.99, 13.14]] eval_metric: 0.5679
epoch:  780
780th epoch validation confusion matrix: [[10.93, 7.73], [9.07, 11.27]] eval_metric: 0.5692
epoch:  800
800th epoch validation confusion matrix: [[8.66, 5.82], [11.34, 13.18]] eval_metric: 0.5600
epoch:  820
820th epoch validation confusion matrix: [[8.69, 5.51], [11.31, 13.49]] eval_metric: 0.5687
epoch:  840
840th epoch validation confusion matrix: [[13.28, 9.71], [6.72, 9.29]] eval_metric: 0.5787
epoch:  860
860th epoch validation confusion matrix: [[15.96, 12.26], [4.04, 6.74]] eval_metric: 0.5821
epoch:  880
880th epoch validation confusion matrix: [[14.77, 11.23], [5.23, 7.77]] eval_metric: 0.5779
epoch:  900
900th epoch validation confusion matrix: [[16.41, 12.47], [3.59, 6.53]] eval_metric: 0.5882
epoch:  920
920th epoch validation confusion matrix: [[10.34, 6.4], [9.66, 12.6]] eval_metric: 0.5882
epoch:  940
940th epoch validation confusion matrix: [[6.38, 3.38], [13.62, 15.62]] eval_metric: 0.5641
epoch:  960
960th epoch validation confusion matrix: [[7.67, 4.15], [12.33, 14.85]] eval_metric: 0.5774
epoch:  980
980th epoch validation confusion matrix: [[15.18, 11.2], [4.82, 7.8]] eval_metric: 0.5892
epoch:  1000
1000th epoch validation confusion matrix: [[16.14, 11.99], [3.86, 7.01]] eval_metric: 0.5936
epoch:  1020
1020th epoch validation confusion matrix: [[8.22, 4.73], [11.78, 14.27]] eval_metric: 0.5767
epoch:  1040
1040th epoch validation confusion matrix: [[12.83, 8.78], [7.17, 10.22]] eval_metric: 0.5910
epoch:  1060
1060th epoch validation confusion matrix: [[14.66, 10.58], [5.34, 8.42]] eval_metric: 0.5918
epoch:  1080
1080th epoch validation confusion matrix: [[6.42, 3.24], [13.58, 15.76]] eval_metric: 0.5687
epoch:  1100
1100th epoch validation confusion matrix: [[13.1, 9.76], [6.9, 9.24]] eval_metric: 0.5728
epoch:  1120
1120th epoch validation confusion matrix: [[9.75, 5.74], [10.25, 13.26]] eval_metric: 0.5900
epoch:  1140
1140th epoch validation confusion matrix: [[14.62, 10.62], [5.38, 8.38]] eval_metric: 0.5897
epoch:  1160
1160th epoch validation confusion matrix: [[17.11, 13.02], [2.89, 5.98]] eval_metric: 0.5921
epoch:  1180
1180th epoch validation confusion matrix: [[16.78, 13.28], [3.22, 5.72]] eval_metric: 0.5769
epoch:  1200
1200th epoch validation confusion matrix: [[14.48, 10.69], [5.52, 8.31]] eval_metric: 0.5844
epoch:  1220
1220th epoch validation confusion matrix: [[15.26, 11.14], [4.74, 7.86]] eval_metric: 0.5928
epoch:  1240
1240th epoch validation confusion matrix: [[15.51, 11.51], [4.49, 7.49]] eval_metric: 0.5897
epoch:  1260
1260th epoch validation confusion matrix: [[13.82, 9.5], [6.18, 9.5]] eval_metric: 0.5979
epoch:  1280
1280th epoch validation confusion matrix: [[14.35, 10.02], [5.65, 8.98]] eval_metric: 0.5982
epoch:  1300
1300th epoch validation confusion matrix: [[15.34, 11.03], [4.66, 7.97]] eval_metric: 0.5977
epoch:  1320
1320th epoch validation confusion matrix: [[6.61, 3.12], [13.39, 15.88]] eval_metric: 0.5767
epoch:  1340
1340th epoch validation confusion matrix: [[13.91, 9.54], [6.09, 9.46]] eval_metric: 0.5992
epoch:  1360
1360th epoch validation confusion matrix: [[8.4, 4.36], [11.6, 14.64]] eval_metric: 0.5908
epoch:  1380
1380th epoch validation confusion matrix: [[15.09, 10.5], [4.91, 8.5]] eval_metric: 0.6049
epoch:  1400
1400th epoch validation confusion matrix: [[12.8, 8.32], [7.2, 10.68]] eval_metric: 0.6021
epoch:  1420
1420th epoch validation confusion matrix: [[13.12, 8.85], [6.88, 10.15]] eval_metric: 0.5967
epoch:  1440
1440th epoch validation confusion matrix: [[16.11, 11.57], [3.89, 7.43]] eval_metric: 0.6036
epoch:  1460
1460th epoch validation confusion matrix: [[14.1, 9.65], [5.9, 9.35]] eval_metric: 0.6013
epoch:  1480
1480th epoch validation confusion matrix: [[9.08, 5.05], [10.92, 13.95]] eval_metric: 0.5905
epoch:  1500
1500th epoch validation confusion matrix: [[13.91, 9.32], [6.09, 9.68]] eval_metric: 0.6049
epoch:  1520
1520th epoch validation confusion matrix: [[10.15, 6.55], [9.85, 12.45]] eval_metric: 0.5795
epoch:  1540
1540th epoch validation confusion matrix: [[12.95, 8.46], [7.05, 10.54]] eval_metric: 0.6023
epoch:  1560
1560th epoch validation confusion matrix: [[16.43, 11.84], [3.57, 7.16]] eval_metric: 0.6049
epoch:  1580
1580th epoch validation confusion matrix: [[16.46, 11.64], [3.54, 7.36]] eval_metric: 0.6108
epoch:  1600
1600th epoch validation confusion matrix: [[12.87, 8.41], [7.13, 10.59]] eval_metric: 0.6015
epoch:  1620
1620th epoch validation confusion matrix: [[12.15, 7.86], [7.85, 11.14]] eval_metric: 0.5972
epoch:  1640
1640th epoch validation confusion matrix: [[12.1, 7.54], [7.9, 11.46]] eval_metric: 0.6041
epoch:  1660
1660th epoch validation confusion matrix: [[7.85, 4.02], [12.15, 14.98]] eval_metric: 0.5854
epoch:  1680
1680th epoch validation confusion matrix: [[9.51, 4.95], [10.49, 14.05]] eval_metric: 0.6041
epoch:  1700
1700th epoch validation confusion matrix: [[9.8, 5.27], [10.2, 13.73]] eval_metric: 0.6033
epoch:  1720
1720th epoch validation confusion matrix: [[9.51, 5.59], [10.49, 13.41]] eval_metric: 0.5877
epoch:  1740
1740th epoch validation confusion matrix: [[14.29, 9.2], [5.71, 9.8]] eval_metric: 0.6177
epoch:  1760
1760th epoch validation confusion matrix: [[10.01, 5.68], [9.99, 13.32]] eval_metric: 0.5982
epoch:  1780
1780th epoch validation confusion matrix: [[12.91, 8.33], [7.09, 10.67]] eval_metric: 0.6046
epoch:  1800
1800th epoch validation confusion matrix: [[16.31, 11.33], [3.69, 7.67]] eval_metric: 0.6149
epoch:  1820
1820th epoch validation confusion matrix: [[13.63, 9.03], [6.37, 9.97]] eval_metric: 0.6051
epoch:  1840
1840th epoch validation confusion matrix: [[17.25, 12.67], [2.75, 6.33]] eval_metric: 0.6046
epoch:  1860
1860th epoch validation confusion matrix: [[14.68, 9.98], [5.32, 9.02]] eval_metric: 0.6077
epoch:  1880
1880th epoch validation confusion matrix: [[13.36, 8.27], [6.64, 10.73]] eval_metric: 0.6177
epoch:  1900
1900th epoch validation confusion matrix: [[14.59, 10.37], [5.41, 8.63]] eval_metric: 0.5954
epoch:  1920
1920th epoch validation confusion matrix: [[15.9, 10.88], [4.1, 8.12]] eval_metric: 0.6159
epoch:  1940
1940th epoch validation confusion matrix: [[13.64, 9.06], [6.36, 9.94]] eval_metric: 0.6046
epoch:  1960
1960th epoch validation confusion matrix: [[11.96, 7.11], [8.04, 11.89]] eval_metric: 0.6115
epoch:  1980
1980th epoch validation confusion matrix: [[15.03, 10.2], [4.97, 8.8]] eval_metric: 0.6110
epoch:  2000
2000th epoch validation confusion matrix: [[15.53, 10.59], [4.47, 8.41]] eval_metric: 0.6138
epoch:  2020
2020th epoch validation confusion matrix: [[15.46, 10.7], [4.54, 8.3]] eval_metric: 0.6092
epoch:  2040
2040th epoch validation confusion matrix: [[15.4, 9.9], [4.6, 9.1]] eval_metric: 0.6282
epoch:  2060
2060th epoch validation confusion matrix: [[12.41, 7.52], [7.59, 11.48]] eval_metric: 0.6126
epoch:  2080
2080th epoch validation confusion matrix: [[13.14, 8.76], [6.86, 10.24]] eval_metric: 0.5995
epoch:  2100
2100th epoch validation confusion matrix: [[14.74, 10.25], [5.26, 8.75]] eval_metric: 0.6023
epoch:  2120
2120th epoch validation confusion matrix: [[10.05, 5.29], [9.95, 13.71]] eval_metric: 0.6092
epoch:  2140
2140th epoch validation confusion matrix: [[16.54, 11.31], [3.46, 7.69]] eval_metric: 0.6213
epoch:  2160
2160th epoch validation confusion matrix: [[14.02, 8.85], [5.98, 10.15]] eval_metric: 0.6197
epoch:  2180
2180th epoch validation confusion matrix: [[15.78, 10.86], [4.22, 8.14]] eval_metric: 0.6133
epoch:  2200
2200th epoch validation confusion matrix: [[10.49, 5.85], [9.51, 13.15]] eval_metric: 0.6062
epoch:  2220
2220th epoch validation confusion matrix: [[15.6, 10.67], [4.4, 8.33]] eval_metric: 0.6136
epoch:  2240
2240th epoch validation confusion matrix: [[17.6, 12.9], [2.4, 6.1]] eval_metric: 0.6077
epoch:  2260
2260th epoch validation confusion matrix: [[12.22, 7.8], [7.78, 11.2]] eval_metric: 0.6005
epoch:  2280
2280th epoch validation confusion matrix: [[11.49, 6.46], [8.51, 12.54]] eval_metric: 0.6162
epoch:  2300
2300th epoch validation confusion matrix: [[15.33, 9.87], [4.67, 9.13]] eval_metric: 0.6272
epoch:  2320
2320th epoch validation confusion matrix: [[11.08, 5.97], [8.92, 13.03]] eval_metric: 0.6182
epoch:  2340
2340th epoch validation confusion matrix: [[16.03, 10.82], [3.97, 8.18]] eval_metric: 0.6208
epoch:  2360
2360th epoch validation confusion matrix: [[14.21, 8.84], [5.79, 10.16]] eval_metric: 0.6249
epoch:  2380
2380th epoch validation confusion matrix: [[14.02, 8.82], [5.98, 10.18]] eval_metric: 0.6205
epoch:  2400
2400th epoch validation confusion matrix: [[13.42, 8.31], [6.58, 10.69]] eval_metric: 0.6182
epoch:  2420
2420th epoch validation confusion matrix: [[14.29, 9.08], [5.71, 9.92]] eval_metric: 0.6208
epoch:  2440
2440th epoch validation confusion matrix: [[12.31, 7.15], [7.69, 11.85]] eval_metric: 0.6195
epoch:  2460
2460th epoch validation confusion matrix: [[14.13, 9.04], [5.87, 9.96]] eval_metric: 0.6177
epoch:  2480
2480th epoch validation confusion matrix: [[14.75, 9.59], [5.25, 9.41]] eval_metric: 0.6195
epoch:  2500
2500th epoch validation confusion matrix: [[14.42, 9.21], [5.58, 9.79]] eval_metric: 0.6208
epoch:  2520
2520th epoch validation confusion matrix: [[15.19, 10.46], [4.81, 8.54]] eval_metric: 0.6085
epoch:  2540
2540th epoch validation confusion matrix: [[15.74, 10.36], [4.26, 8.64]] eval_metric: 0.6251
epoch:  2560
2560th epoch validation confusion matrix: [[14.14, 9.03], [5.86, 9.97]] eval_metric: 0.6182
epoch:  2580
2580th epoch validation confusion matrix: [[14.2, 8.95], [5.8, 10.05]] eval_metric: 0.6218
epoch:  2600
2600th epoch validation confusion matrix: [[13.56, 8.23], [6.44, 10.77]] eval_metric: 0.6238
epoch:  2620
2620th epoch validation confusion matrix: [[14.26, 8.96], [5.74, 10.04]] eval_metric: 0.6231
epoch:  2640
2640th epoch validation confusion matrix: [[16.6, 11.32], [3.4, 7.68]] eval_metric: 0.6226
epoch:  2660
2660th epoch validation confusion matrix: [[14.85, 9.86], [5.15, 9.14]] eval_metric: 0.6151
epoch:  2680
2680th epoch validation confusion matrix: [[13.88, 8.55], [6.12, 10.45]] eval_metric: 0.6238
epoch:  2700
2700th epoch validation confusion matrix: [[16.4, 11.1], [3.6, 7.9]] eval_metric: 0.6231
epoch:  2720
2720th epoch validation confusion matrix: [[17.52, 12.35], [2.48, 6.65]] eval_metric: 0.6197
epoch:  2740
2740th epoch validation confusion matrix: [[15.95, 10.32], [4.05, 8.68]] eval_metric: 0.6315
epoch:  2760
2760th epoch validation confusion matrix: [[16.15, 11.03], [3.85, 7.97]] eval_metric: 0.6185
epoch:  2780
2780th epoch validation confusion matrix: [[15.42, 9.94], [4.58, 9.06]] eval_metric: 0.6277
epoch:  2800
2800th epoch validation confusion matrix: [[13.79, 8.48], [6.21, 10.52]] eval_metric: 0.6233
epoch:  2820
2820th epoch validation confusion matrix: [[10.58, 5.37], [9.42, 13.63]] eval_metric: 0.6208
epoch:  2840
2840th epoch validation confusion matrix: [[13.9, 8.57], [6.1, 10.43]] eval_metric: 0.6238
epoch:  2860
2860th epoch validation confusion matrix: [[16.17, 10.46], [3.83, 8.54]] eval_metric: 0.6336
epoch:  2880
2880th epoch validation confusion matrix: [[12.36, 6.83], [7.64, 12.17]] eval_metric: 0.6290
epoch:  2900
2900th epoch validation confusion matrix: [[9.2, 4.14], [10.8, 14.86]] eval_metric: 0.6169
epoch:  2920
2920th epoch validation confusion matrix: [[14.96, 9.61], [5.04, 9.39]] eval_metric: 0.6244
epoch:  2940
2940th epoch validation confusion matrix: [[9.14, 4.19], [10.86, 14.81]] eval_metric: 0.6141
epoch:  2960
2960th epoch validation confusion matrix: [[17.12, 11.58], [2.88, 7.42]] eval_metric: 0.6292
epoch:  2980
2980th epoch validation confusion matrix: [[16.9, 11.36], [3.1, 7.64]] eval_metric: 0.6292
Best model saved at the 2860th epoch: 0.6335897435897436 [[16.17, 10.46], [3.83, 8.54]]
testing and generating DPMs ... 
train confusion matrix  [[67.42, 38.51], [15.58, 38.49]]  accuracy  0.6619375
valid confusion matrix  [[16.17, 10.46], [3.83, 8.54]]  accuracy  0.6335897435897436
test confusion matrix  [[13.15, 10.45], [2.85, 9.55]]  accuracy  0.6305555555555556
DPM generation is done
epoch:  0
0th epoch validation confusion matrix: [[0.0, 0.0], [15.0, 24.0]] eval_metric: 0.6154
epoch:  20
20th epoch validation confusion matrix: [[0.54, 0.86], [14.46, 23.14]] eval_metric: 0.6072
epoch:  40
40th epoch validation confusion matrix: [[6.17, 9.5], [8.83, 14.5]] eval_metric: 0.5300
epoch:  60
60th epoch validation confusion matrix: [[1.28, 1.56], [13.72, 22.44]] eval_metric: 0.6082
epoch:  80
80th epoch validation confusion matrix: [[0.12, 0.2], [14.88, 23.8]] eval_metric: 0.6133
epoch:  100
100th epoch validation confusion matrix: [[0.3, 0.44], [14.7, 23.56]] eval_metric: 0.6118
epoch:  120
120th epoch validation confusion matrix: [[5.55, 8.58], [9.45, 15.42]] eval_metric: 0.5377
epoch:  140
140th epoch validation confusion matrix: [[4.61, 7.0], [10.39, 17.0]] eval_metric: 0.5541
epoch:  160
160th epoch validation confusion matrix: [[12.79, 19.22], [2.21, 4.78]] eval_metric: 0.4505
epoch:  180
180th epoch validation confusion matrix: [[3.78, 5.38], [11.22, 18.62]] eval_metric: 0.5744
epoch:  200
200th epoch validation confusion matrix: [[5.24, 7.27], [9.76, 16.73]] eval_metric: 0.5633
epoch:  220
220th epoch validation confusion matrix: [[6.87, 9.7], [8.13, 14.3]] eval_metric: 0.5428
epoch:  240
240th epoch validation confusion matrix: [[8.7, 12.96], [6.3, 11.04]] eval_metric: 0.5062
epoch:  260
260th epoch validation confusion matrix: [[4.17, 5.5], [10.83, 18.5]] eval_metric: 0.5813
epoch:  280
280th epoch validation confusion matrix: [[11.51, 17.17], [3.49, 6.83]] eval_metric: 0.4703
epoch:  300
300th epoch validation confusion matrix: [[6.61, 9.69], [8.39, 14.31]] eval_metric: 0.5364
epoch:  320
320th epoch validation confusion matrix: [[11.95, 17.02], [3.05, 6.98]] eval_metric: 0.4854
epoch:  340
340th epoch validation confusion matrix: [[4.38, 5.04], [10.62, 18.96]] eval_metric: 0.5985
epoch:  360
360th epoch validation confusion matrix: [[6.26, 8.42], [8.74, 15.58]] eval_metric: 0.5600
epoch:  380
380th epoch validation confusion matrix: [[4.68, 5.56], [10.32, 18.44]] eval_metric: 0.5928
epoch:  400
400th epoch validation confusion matrix: [[6.56, 8.47], [8.44, 15.53]] eval_metric: 0.5664
epoch:  420
420th epoch validation confusion matrix: [[7.05, 9.01], [7.95, 14.99]] eval_metric: 0.5651
epoch:  440
440th epoch validation confusion matrix: [[5.03, 5.98], [9.97, 18.02]] eval_metric: 0.5910
epoch:  460
460th epoch validation confusion matrix: [[13.21, 19.22], [1.79, 4.78]] eval_metric: 0.4613
epoch:  480
480th epoch validation confusion matrix: [[10.22, 13.59], [4.78, 10.41]] eval_metric: 0.5290
epoch:  500
500th epoch validation confusion matrix: [[5.21, 6.9], [9.79, 17.1]] eval_metric: 0.5721
epoch:  520
520th epoch validation confusion matrix: [[10.86, 14.48], [4.14, 9.52]] eval_metric: 0.5226
epoch:  540
540th epoch validation confusion matrix: [[11.59, 15.59], [3.41, 8.41]] eval_metric: 0.5128
epoch:  560
560th epoch validation confusion matrix: [[10.74, 14.27], [4.26, 9.73]] eval_metric: 0.5249
epoch:  580
580th epoch validation confusion matrix: [[11.11, 15.1], [3.89, 8.9]] eval_metric: 0.5131
epoch:  600
600th epoch validation confusion matrix: [[11.45, 15.34], [3.55, 8.66]] eval_metric: 0.5156
epoch:  620
620th epoch validation confusion matrix: [[11.9, 16.26], [3.1, 7.74]] eval_metric: 0.5036
epoch:  640
640th epoch validation confusion matrix: [[12.47, 16.99], [2.53, 7.01]] eval_metric: 0.4995
epoch:  660
660th epoch validation confusion matrix: [[9.53, 11.9], [5.47, 12.1]] eval_metric: 0.5546
epoch:  680
680th epoch validation confusion matrix: [[11.67, 15.54], [3.33, 8.46]] eval_metric: 0.5162
epoch:  700
700th epoch validation confusion matrix: [[12.24, 16.41], [2.76, 7.59]] eval_metric: 0.5085
epoch:  720
720th epoch validation confusion matrix: [[11.63, 15.41], [3.37, 8.59]] eval_metric: 0.5185
epoch:  740
740th epoch validation confusion matrix: [[4.78, 4.92], [10.22, 19.08]] eval_metric: 0.6118
epoch:  760
760th epoch validation confusion matrix: [[10.95, 13.89], [4.05, 10.11]] eval_metric: 0.5400
epoch:  780
780th epoch validation confusion matrix: [[11.69, 14.9], [3.31, 9.1]] eval_metric: 0.5331
epoch:  800
800th epoch validation confusion matrix: [[12.39, 16.27], [2.61, 7.73]] eval_metric: 0.5159
epoch:  820
820th epoch validation confusion matrix: [[11.79, 15.02], [3.21, 8.98]] eval_metric: 0.5326
epoch:  840
840th epoch validation confusion matrix: [[12.31, 15.9], [2.69, 8.1]] eval_metric: 0.5233
epoch:  860
860th epoch validation confusion matrix: [[5.78, 5.92], [9.22, 18.08]] eval_metric: 0.6118
epoch:  880
880th epoch validation confusion matrix: [[12.18, 15.43], [2.82, 8.57]] eval_metric: 0.5321
epoch:  900
900th epoch validation confusion matrix: [[11.87, 14.72], [3.13, 9.28]] eval_metric: 0.5423
epoch:  920
920th epoch validation confusion matrix: [[10.04, 11.89], [4.96, 12.11]] eval_metric: 0.5679
epoch:  940
940th epoch validation confusion matrix: [[11.24, 13.97], [3.76, 10.03]] eval_metric: 0.5454
epoch:  960
960th epoch validation confusion matrix: [[12.08, 15.35], [2.92, 8.65]] eval_metric: 0.5315
epoch:  980
980th epoch validation confusion matrix: [[8.65, 9.76], [6.35, 14.24]] eval_metric: 0.5869
epoch:  1000
1000th epoch validation confusion matrix: [[13.61, 18.12], [1.39, 5.88]] eval_metric: 0.4997
epoch:  1020
1020th epoch validation confusion matrix: [[9.93, 11.21], [5.07, 12.79]] eval_metric: 0.5826
epoch:  1040
1040th epoch validation confusion matrix: [[4.9, 4.14], [10.1, 19.86]] eval_metric: 0.6349
epoch:  1060
1060th epoch validation confusion matrix: [[5.93, 5.57], [9.07, 18.43]] eval_metric: 0.6246
epoch:  1080
1080th epoch validation confusion matrix: [[6.28, 6.12], [8.72, 17.88]] eval_metric: 0.6195
epoch:  1100
1100th epoch validation confusion matrix: [[10.51, 11.91], [4.49, 12.09]] eval_metric: 0.5795
epoch:  1120
1120th epoch validation confusion matrix: [[9.84, 10.94], [5.16, 13.06]] eval_metric: 0.5872
epoch:  1140
1140th epoch validation confusion matrix: [[13.13, 16.97], [1.87, 7.03]] eval_metric: 0.5169
epoch:  1160
1160th epoch validation confusion matrix: [[11.17, 13.14], [3.83, 10.86]] eval_metric: 0.5649
epoch:  1180
1180th epoch validation confusion matrix: [[10.63, 12.47], [4.37, 11.53]] eval_metric: 0.5682
epoch:  1200
1200th epoch validation confusion matrix: [[11.64, 13.97], [3.36, 10.03]] eval_metric: 0.5556
epoch:  1220
1220th epoch validation confusion matrix: [[10.22, 11.82], [4.78, 12.18]] eval_metric: 0.5744
epoch:  1240
1240th epoch validation confusion matrix: [[10.73, 12.64], [4.27, 11.36]] eval_metric: 0.5664
epoch:  1260
1260th epoch validation confusion matrix: [[13.09, 16.64], [1.91, 7.36]] eval_metric: 0.5244
epoch:  1280
1280th epoch validation confusion matrix: [[11.86, 14.03], [3.14, 9.97]] eval_metric: 0.5597
epoch:  1300
1300th epoch validation confusion matrix: [[13.15, 17.12], [1.85, 6.88]] eval_metric: 0.5136
epoch:  1320
1320th epoch validation confusion matrix: [[13.22, 16.9], [1.78, 7.1]] eval_metric: 0.5210
epoch:  1340
1340th epoch validation confusion matrix: [[11.36, 13.16], [3.64, 10.84]] eval_metric: 0.5692
epoch:  1360
1360th epoch validation confusion matrix: [[12.86, 15.67], [2.14, 8.33]] eval_metric: 0.5433
epoch:  1380
1380th epoch validation confusion matrix: [[10.23, 11.28], [4.77, 12.72]] eval_metric: 0.5885
epoch:  1400
1400th epoch validation confusion matrix: [[11.68, 13.31], [3.32, 10.69]] eval_metric: 0.5736
epoch:  1420
1420th epoch validation confusion matrix: [[10.94, 12.55], [4.06, 11.45]] eval_metric: 0.5741
epoch:  1440
1440th epoch validation confusion matrix: [[11.12, 13.12], [3.88, 10.88]] eval_metric: 0.5641
epoch:  1460
1460th epoch validation confusion matrix: [[10.9, 12.75], [4.1, 11.25]] eval_metric: 0.5679
epoch:  1480
1480th epoch validation confusion matrix: [[9.0, 9.78], [6.0, 14.22]] eval_metric: 0.5954
epoch:  1500
1500th epoch validation confusion matrix: [[11.68, 13.88], [3.32, 10.12]] eval_metric: 0.5590
epoch:  1520
1520th epoch validation confusion matrix: [[10.29, 11.6], [4.71, 12.4]] eval_metric: 0.5818
epoch:  1540
1540th epoch validation confusion matrix: [[12.36, 14.81], [2.64, 9.19]] eval_metric: 0.5526
epoch:  1560
1560th epoch validation confusion matrix: [[12.52, 15.41], [2.48, 8.59]] eval_metric: 0.5413
epoch:  1580
1580th epoch validation confusion matrix: [[6.36, 5.48], [8.64, 18.52]] eval_metric: 0.6379
epoch:  1600
1600th epoch validation confusion matrix: [[10.72, 12.26], [4.28, 11.74]] eval_metric: 0.5759
epoch:  1620
1620th epoch validation confusion matrix: [[12.51, 15.2], [2.49, 8.8]] eval_metric: 0.5464
epoch:  1640
1640th epoch validation confusion matrix: [[11.05, 12.46], [3.95, 11.54]] eval_metric: 0.5792
epoch:  1660
1660th epoch validation confusion matrix: [[10.52, 11.32], [4.48, 12.68]] eval_metric: 0.5949
epoch:  1680
1680th epoch validation confusion matrix: [[10.01, 10.45], [4.99, 13.55]] eval_metric: 0.6041
epoch:  1700
1700th epoch validation confusion matrix: [[10.94, 12.03], [4.06, 11.97]] eval_metric: 0.5874
epoch:  1720
1720th epoch validation confusion matrix: [[7.52, 6.95], [7.48, 17.05]] eval_metric: 0.6300
epoch:  1740
1740th epoch validation confusion matrix: [[9.89, 10.31], [5.11, 13.69]] eval_metric: 0.6046
epoch:  1760
1760th epoch validation confusion matrix: [[11.34, 12.63], [3.66, 11.37]] eval_metric: 0.5823
epoch:  1780
1780th epoch validation confusion matrix: [[9.88, 10.33], [5.12, 13.67]] eval_metric: 0.6038
epoch:  1800
1800th epoch validation confusion matrix: [[11.45, 13.13], [3.55, 10.87]] eval_metric: 0.5723
epoch:  1820
1820th epoch validation confusion matrix: [[9.54, 9.98], [5.46, 14.02]] eval_metric: 0.6041
epoch:  1840
1840th epoch validation confusion matrix: [[11.58, 13.53], [3.42, 10.47]] eval_metric: 0.5654
epoch:  1860
1860th epoch validation confusion matrix: [[11.14, 12.65], [3.86, 11.35]] eval_metric: 0.5767
epoch:  1880
1880th epoch validation confusion matrix: [[9.77, 10.32], [5.23, 13.68]] eval_metric: 0.6013
epoch:  1900
1900th epoch validation confusion matrix: [[10.23, 10.74], [4.77, 13.26]] eval_metric: 0.6023
epoch:  1920
1920th epoch validation confusion matrix: [[12.71, 14.85], [2.29, 9.15]] eval_metric: 0.5605
epoch:  1940
1940th epoch validation confusion matrix: [[10.09, 10.67], [4.91, 13.33]] eval_metric: 0.6005
epoch:  1960
1960th epoch validation confusion matrix: [[12.79, 15.44], [2.21, 8.56]] eval_metric: 0.5474
epoch:  1980
1980th epoch validation confusion matrix: [[11.12, 12.8], [3.88, 11.2]] eval_metric: 0.5723
epoch:  2000
2000th epoch validation confusion matrix: [[10.06, 10.71], [4.94, 13.29]] eval_metric: 0.5987
epoch:  2020
2020th epoch validation confusion matrix: [[9.81, 9.63], [5.19, 14.37]] eval_metric: 0.6200
epoch:  2040
2040th epoch validation confusion matrix: [[10.84, 12.2], [4.16, 11.8]] eval_metric: 0.5805
epoch:  2060
2060th epoch validation confusion matrix: [[11.77, 13.0], [3.23, 11.0]] eval_metric: 0.5838
epoch:  2080
2080th epoch validation confusion matrix: [[12.87, 15.52], [2.13, 8.48]] eval_metric: 0.5474
epoch:  2100
2100th epoch validation confusion matrix: [[12.01, 14.22], [2.99, 9.78]] eval_metric: 0.5587
epoch:  2120
2120th epoch validation confusion matrix: [[12.22, 14.11], [2.78, 9.89]] eval_metric: 0.5669
epoch:  2140
2140th epoch validation confusion matrix: [[11.71, 13.18], [3.29, 10.82]] eval_metric: 0.5777
epoch:  2160
2160th epoch validation confusion matrix: [[11.97, 13.74], [3.03, 10.26]] eval_metric: 0.5700
epoch:  2180
2180th epoch validation confusion matrix: [[12.17, 14.11], [2.83, 9.89]] eval_metric: 0.5656
epoch:  2200
2200th epoch validation confusion matrix: [[8.91, 9.21], [6.09, 14.79]] eval_metric: 0.6077
epoch:  2220
2220th epoch validation confusion matrix: [[11.02, 12.09], [3.98, 11.91]] eval_metric: 0.5879
epoch:  2240
2240th epoch validation confusion matrix: [[13.72, 17.61], [1.28, 6.39]] eval_metric: 0.5156
epoch:  2260
2260th epoch validation confusion matrix: [[11.62, 12.5], [3.38, 11.5]] eval_metric: 0.5928
epoch:  2280
2280th epoch validation confusion matrix: [[11.46, 12.57], [3.54, 11.43]] eval_metric: 0.5869
epoch:  2300
2300th epoch validation confusion matrix: [[9.7, 9.5], [5.3, 14.5]] eval_metric: 0.6205
epoch:  2320
2320th epoch validation confusion matrix: [[10.7, 11.98], [4.3, 12.02]] eval_metric: 0.5826
epoch:  2340
2340th epoch validation confusion matrix: [[4.37, 2.79], [10.63, 21.21]] eval_metric: 0.6559
epoch:  2360
2360th epoch validation confusion matrix: [[5.44, 3.56], [9.56, 20.44]] eval_metric: 0.6636
epoch:  2380
2380th epoch validation confusion matrix: [[10.18, 10.34], [4.82, 13.66]] eval_metric: 0.6113
epoch:  2400
2400th epoch validation confusion matrix: [[11.99, 13.42], [3.01, 10.58]] eval_metric: 0.5787
epoch:  2420
2420th epoch validation confusion matrix: [[11.93, 13.3], [3.07, 10.7]] eval_metric: 0.5803
epoch:  2440
2440th epoch validation confusion matrix: [[6.74, 5.04], [8.26, 18.96]] eval_metric: 0.6590
epoch:  2460
2460th epoch validation confusion matrix: [[11.15, 11.94], [3.85, 12.06]] eval_metric: 0.5951
epoch:  2480
2480th epoch validation confusion matrix: [[13.19, 15.54], [1.81, 8.46]] eval_metric: 0.5551
epoch:  2500
2500th epoch validation confusion matrix: [[10.59, 11.19], [4.41, 12.81]] eval_metric: 0.6000
epoch:  2520
2520th epoch validation confusion matrix: [[11.14, 12.01], [3.86, 11.99]] eval_metric: 0.5931
epoch:  2540
2540th epoch validation confusion matrix: [[11.94, 13.26], [3.06, 10.74]] eval_metric: 0.5815
epoch:  2560
2560th epoch validation confusion matrix: [[11.07, 12.06], [3.93, 11.94]] eval_metric: 0.5900
epoch:  2580
2580th epoch validation confusion matrix: [[10.82, 11.35], [4.18, 12.65]] eval_metric: 0.6018
epoch:  2600
2600th epoch validation confusion matrix: [[11.34, 12.42], [3.66, 11.58]] eval_metric: 0.5877
epoch:  2620
2620th epoch validation confusion matrix: [[11.24, 11.98], [3.76, 12.02]] eval_metric: 0.5964
epoch:  2640
2640th epoch validation confusion matrix: [[9.76, 9.52], [5.24, 14.48]] eval_metric: 0.6215
epoch:  2660
2660th epoch validation confusion matrix: [[6.71, 5.12], [8.29, 18.88]] eval_metric: 0.6562
epoch:  2680
2680th epoch validation confusion matrix: [[11.98, 13.55], [3.02, 10.45]] eval_metric: 0.5751
epoch:  2700
2700th epoch validation confusion matrix: [[11.67, 12.71], [3.33, 11.29]] eval_metric: 0.5887
epoch:  2720
2720th epoch validation confusion matrix: [[9.33, 9.04], [5.67, 14.96]] eval_metric: 0.6228
epoch:  2740
2740th epoch validation confusion matrix: [[5.44, 3.65], [9.56, 20.35]] eval_metric: 0.6613
epoch:  2760
2760th epoch validation confusion matrix: [[12.48, 14.31], [2.52, 9.69]] eval_metric: 0.5685
epoch:  2780
2780th epoch validation confusion matrix: [[11.86, 12.95], [3.14, 11.05]] eval_metric: 0.5874
epoch:  2800
2800th epoch validation confusion matrix: [[11.49, 12.44], [3.51, 11.56]] eval_metric: 0.5910
epoch:  2820
2820th epoch validation confusion matrix: [[11.49, 12.05], [3.51, 11.95]] eval_metric: 0.6010
epoch:  2840
2840th epoch validation confusion matrix: [[6.55, 4.63], [8.45, 19.37]] eval_metric: 0.6646
epoch:  2860
2860th epoch validation confusion matrix: [[11.52, 12.1], [3.48, 11.9]] eval_metric: 0.6005
epoch:  2880
2880th epoch validation confusion matrix: [[11.85, 13.14], [3.15, 10.86]] eval_metric: 0.5823
epoch:  2900
2900th epoch validation confusion matrix: [[11.41, 12.1], [3.59, 11.9]] eval_metric: 0.5977
epoch:  2920
2920th epoch validation confusion matrix: [[10.67, 11.22], [4.33, 12.78]] eval_metric: 0.6013
epoch:  2940
2940th epoch validation confusion matrix: [[6.02, 4.06], [8.98, 19.94]] eval_metric: 0.6656
epoch:  2960
2960th epoch validation confusion matrix: [[11.61, 12.5], [3.39, 11.5]] eval_metric: 0.5926
epoch:  2980
2980th epoch validation confusion matrix: [[7.04, 5.64], [7.96, 18.36]] eval_metric: 0.6513
Best model saved at the 2940th epoch: 0.6656410256410257 [[6.02, 4.06], [8.98, 19.94]]
testing and generating DPMs ... 
train confusion matrix  [[42.13, 11.76], [45.87, 60.24]]  accuracy  0.6398125
valid confusion matrix  [[6.02, 4.06], [8.98, 19.94]]  accuracy  0.6656410256410257
test confusion matrix  [[7.68, 3.59], [8.32, 16.41]]  accuracy  0.6691666666666667
DPM generation is done
epoch:  0
0th epoch validation confusion matrix: [[0.0, 0.0], [21.0, 18.0]] eval_metric: 0.4615
epoch:  20
20th epoch validation confusion matrix: [[19.4, 16.5], [1.6, 1.5]] eval_metric: 0.5359
epoch:  40
40th epoch validation confusion matrix: [[21.0, 18.0], [0.0, 0.0]] eval_metric: 0.5385
epoch:  60
60th epoch validation confusion matrix: [[2.01, 1.86], [18.99, 16.14]] eval_metric: 0.4654
epoch:  80
80th epoch validation confusion matrix: [[3.08, 2.71], [17.92, 15.29]] eval_metric: 0.4710
epoch:  100
100th epoch validation confusion matrix: [[20.05, 17.19], [0.95, 0.81]] eval_metric: 0.5349
epoch:  120
120th epoch validation confusion matrix: [[14.87, 12.5], [6.13, 5.5]] eval_metric: 0.5223
epoch:  140
140th epoch validation confusion matrix: [[19.61, 16.66], [1.39, 1.34]] eval_metric: 0.5372
epoch:  160
160th epoch validation confusion matrix: [[16.67, 13.98], [4.33, 4.02]] eval_metric: 0.5305
epoch:  180
180th epoch validation confusion matrix: [[17.45, 14.72], [3.55, 3.28]] eval_metric: 0.5315
epoch:  200
200th epoch validation confusion matrix: [[17.04, 14.15], [3.96, 3.85]] eval_metric: 0.5356
epoch:  220
220th epoch validation confusion matrix: [[12.49, 10.67], [8.51, 7.33]] eval_metric: 0.5082
epoch:  240
240th epoch validation confusion matrix: [[15.54, 12.88], [5.46, 5.12]] eval_metric: 0.5297
epoch:  260
260th epoch validation confusion matrix: [[16.77, 14.09], [4.23, 3.91]] eval_metric: 0.5303
epoch:  280
280th epoch validation confusion matrix: [[17.87, 15.06], [3.13, 2.94]] eval_metric: 0.5336
epoch:  300
300th epoch validation confusion matrix: [[15.95, 13.09], [5.05, 4.91]] eval_metric: 0.5349
epoch:  320
320th epoch validation confusion matrix: [[16.03, 13.11], [4.97, 4.89]] eval_metric: 0.5364
epoch:  340
340th epoch validation confusion matrix: [[18.63, 15.44], [2.37, 2.56]] eval_metric: 0.5433
epoch:  360
360th epoch validation confusion matrix: [[8.41, 6.58], [12.59, 11.42]] eval_metric: 0.5085
epoch:  380
380th epoch validation confusion matrix: [[15.67, 13.04], [5.33, 4.96]] eval_metric: 0.5290
epoch:  400
400th epoch validation confusion matrix: [[12.32, 10.03], [8.68, 7.97]] eval_metric: 0.5203
epoch:  420
420th epoch validation confusion matrix: [[16.77, 13.48], [4.23, 4.52]] eval_metric: 0.5459
epoch:  440
440th epoch validation confusion matrix: [[13.68, 10.95], [7.32, 7.05]] eval_metric: 0.5315
epoch:  460
460th epoch validation confusion matrix: [[15.41, 12.14], [5.59, 5.86]] eval_metric: 0.5454
epoch:  480
480th epoch validation confusion matrix: [[17.58, 14.14], [3.42, 3.86]] eval_metric: 0.5497
epoch:  500
500th epoch validation confusion matrix: [[17.54, 13.64], [3.46, 4.36]] eval_metric: 0.5615
epoch:  520
520th epoch validation confusion matrix: [[15.53, 12.64], [5.47, 5.36]] eval_metric: 0.5356
epoch:  540
540th epoch validation confusion matrix: [[17.43, 13.74], [3.57, 4.26]] eval_metric: 0.5562
epoch:  560
560th epoch validation confusion matrix: [[15.25, 11.78], [5.75, 6.22]] eval_metric: 0.5505
epoch:  580
580th epoch validation confusion matrix: [[15.57, 12.34], [5.43, 5.66]] eval_metric: 0.5444
epoch:  600
600th epoch validation confusion matrix: [[14.16, 10.5], [6.84, 7.5]] eval_metric: 0.5554
epoch:  620
620th epoch validation confusion matrix: [[16.64, 12.8], [4.36, 5.2]] eval_metric: 0.5600
epoch:  640
640th epoch validation confusion matrix: [[13.75, 10.43], [7.25, 7.57]] eval_metric: 0.5467
epoch:  660
660th epoch validation confusion matrix: [[19.7, 16.0], [1.3, 2.0]] eval_metric: 0.5564
epoch:  680
680th epoch validation confusion matrix: [[10.15, 6.83], [10.85, 11.17]] eval_metric: 0.5467
epoch:  700
700th epoch validation confusion matrix: [[17.65, 13.82], [3.35, 4.18]] eval_metric: 0.5597
epoch:  720
720th epoch validation confusion matrix: [[15.06, 12.16], [5.94, 5.84]] eval_metric: 0.5359
epoch:  740
740th epoch validation confusion matrix: [[17.42, 12.96], [3.58, 5.04]] eval_metric: 0.5759
epoch:  760
760th epoch validation confusion matrix: [[18.92, 14.71], [2.08, 3.29]] eval_metric: 0.5695
epoch:  780
780th epoch validation confusion matrix: [[17.19, 13.17], [3.81, 4.83]] eval_metric: 0.5646
epoch:  800
800th epoch validation confusion matrix: [[15.84, 11.78], [5.16, 6.22]] eval_metric: 0.5656
epoch:  820
820th epoch validation confusion matrix: [[17.73, 13.38], [3.27, 4.62]] eval_metric: 0.5731
epoch:  840
840th epoch validation confusion matrix: [[7.92, 4.36], [13.08, 13.64]] eval_metric: 0.5528
epoch:  860
860th epoch validation confusion matrix: [[9.29, 5.82], [11.71, 12.18]] eval_metric: 0.5505
epoch:  880
880th epoch validation confusion matrix: [[17.04, 12.08], [3.96, 5.92]] eval_metric: 0.5887
epoch:  900
900th epoch validation confusion matrix: [[15.58, 11.13], [5.42, 6.87]] eval_metric: 0.5756
epoch:  920
920th epoch validation confusion matrix: [[16.1, 11.26], [4.9, 6.74]] eval_metric: 0.5856
epoch:  940
940th epoch validation confusion matrix: [[17.59, 12.9], [3.41, 5.1]] eval_metric: 0.5818
epoch:  960
960th epoch validation confusion matrix: [[15.24, 10.36], [5.76, 7.64]] eval_metric: 0.5867
epoch:  980
980th epoch validation confusion matrix: [[16.48, 12.2], [4.52, 5.8]] eval_metric: 0.5713
epoch:  1000
1000th epoch validation confusion matrix: [[16.48, 11.44], [4.52, 6.56]] eval_metric: 0.5908
epoch:  1020
1020th epoch validation confusion matrix: [[15.93, 11.08], [5.07, 6.92]] eval_metric: 0.5859
epoch:  1040
1040th epoch validation confusion matrix: [[18.91, 13.93], [2.09, 4.07]] eval_metric: 0.5892
epoch:  1060
1060th epoch validation confusion matrix: [[14.94, 10.08], [6.06, 7.92]] eval_metric: 0.5862
epoch:  1080
1080th epoch validation confusion matrix: [[18.02, 12.61], [2.98, 5.39]] eval_metric: 0.6003
epoch:  1100
1100th epoch validation confusion matrix: [[16.65, 11.79], [4.35, 6.21]] eval_metric: 0.5862
epoch:  1120
1120th epoch validation confusion matrix: [[16.48, 11.34], [4.52, 6.66]] eval_metric: 0.5933
epoch:  1140
1140th epoch validation confusion matrix: [[16.27, 10.87], [4.73, 7.13]] eval_metric: 0.6000
epoch:  1160
1160th epoch validation confusion matrix: [[15.79, 10.68], [5.21, 7.32]] eval_metric: 0.5926
epoch:  1180
1180th epoch validation confusion matrix: [[13.78, 8.91], [7.22, 9.09]] eval_metric: 0.5864
epoch:  1200
1200th epoch validation confusion matrix: [[17.53, 11.95], [3.47, 6.05]] eval_metric: 0.6046
epoch:  1220
1220th epoch validation confusion matrix: [[16.63, 10.84], [4.37, 7.16]] eval_metric: 0.6100
epoch:  1240
1240th epoch validation confusion matrix: [[13.3, 8.6], [7.7, 9.4]] eval_metric: 0.5821
epoch:  1260
1260th epoch validation confusion matrix: [[18.12, 12.31], [2.88, 5.69]] eval_metric: 0.6105
epoch:  1280
1280th epoch validation confusion matrix: [[15.75, 10.25], [5.25, 7.75]] eval_metric: 0.6026
epoch:  1300
1300th epoch validation confusion matrix: [[15.65, 10.35], [5.35, 7.65]] eval_metric: 0.5974
epoch:  1320
1320th epoch validation confusion matrix: [[15.02, 9.66], [5.98, 8.34]] eval_metric: 0.5990
epoch:  1340
1340th epoch validation confusion matrix: [[14.07, 8.78], [6.93, 9.22]] eval_metric: 0.5972
epoch:  1360
1360th epoch validation confusion matrix: [[14.75, 9.19], [6.25, 8.81]] eval_metric: 0.6041
epoch:  1380
1380th epoch validation confusion matrix: [[18.11, 12.61], [2.89, 5.39]] eval_metric: 0.6026
epoch:  1400
1400th epoch validation confusion matrix: [[19.86, 14.7], [1.14, 3.3]] eval_metric: 0.5938
epoch:  1420
1420th epoch validation confusion matrix: [[16.01, 10.27], [4.99, 7.73]] eval_metric: 0.6087
epoch:  1440
1440th epoch validation confusion matrix: [[15.37, 9.6], [5.63, 8.4]] eval_metric: 0.6095
epoch:  1460
1460th epoch validation confusion matrix: [[15.48, 9.66], [5.52, 8.34]] eval_metric: 0.6108
epoch:  1480
1480th epoch validation confusion matrix: [[14.58, 9.25], [6.42, 8.75]] eval_metric: 0.5982
epoch:  1500
1500th epoch validation confusion matrix: [[16.43, 10.55], [4.57, 7.45]] eval_metric: 0.6123
epoch:  1520
1520th epoch validation confusion matrix: [[18.19, 12.16], [2.81, 5.84]] eval_metric: 0.6162
epoch:  1540
1540th epoch validation confusion matrix: [[13.55, 8.11], [7.45, 9.89]] eval_metric: 0.6010
epoch:  1560
1560th epoch validation confusion matrix: [[16.23, 10.32], [4.77, 7.68]] eval_metric: 0.6131
epoch:  1580
1580th epoch validation confusion matrix: [[16.12, 10.16], [4.88, 7.84]] eval_metric: 0.6144
epoch:  1600
1600th epoch validation confusion matrix: [[16.38, 10.57], [4.62, 7.43]] eval_metric: 0.6105
epoch:  1620
1620th epoch validation confusion matrix: [[16.29, 10.67], [4.71, 7.33]] eval_metric: 0.6056
epoch:  1640
1640th epoch validation confusion matrix: [[18.99, 13.06], [2.01, 4.94]] eval_metric: 0.6136
epoch:  1660
1660th epoch validation confusion matrix: [[14.85, 8.69], [6.15, 9.31]] eval_metric: 0.6195
epoch:  1680
1680th epoch validation confusion matrix: [[16.42, 10.25], [4.58, 7.75]] eval_metric: 0.6197
epoch:  1700
1700th epoch validation confusion matrix: [[17.99, 11.97], [3.01, 6.03]] eval_metric: 0.6159
epoch:  1720
1720th epoch validation confusion matrix: [[10.73, 5.1], [10.27, 12.9]] eval_metric: 0.6059
epoch:  1740
1740th epoch validation confusion matrix: [[16.85, 10.68], [4.15, 7.32]] eval_metric: 0.6197
epoch:  1760
1760th epoch validation confusion matrix: [[17.25, 11.05], [3.75, 6.95]] eval_metric: 0.6205
epoch:  1780
1780th epoch validation confusion matrix: [[17.3, 10.95], [3.7, 7.05]] eval_metric: 0.6244
epoch:  1800
1800th epoch validation confusion matrix: [[19.14, 13.26], [1.86, 4.74]] eval_metric: 0.6123
epoch:  1820
1820th epoch validation confusion matrix: [[15.85, 9.76], [5.15, 8.24]] eval_metric: 0.6177
epoch:  1840
1840th epoch validation confusion matrix: [[17.43, 10.79], [3.57, 7.21]] eval_metric: 0.6318
epoch:  1860
1860th epoch validation confusion matrix: [[18.59, 12.24], [2.41, 5.76]] eval_metric: 0.6244
epoch:  1880
1880th epoch validation confusion matrix: [[20.03, 14.42], [0.97, 3.58]] eval_metric: 0.6054
epoch:  1900
1900th epoch validation confusion matrix: [[17.04, 10.88], [3.96, 7.12]] eval_metric: 0.6195
epoch:  1920
1920th epoch validation confusion matrix: [[14.56, 9.01], [6.44, 8.99]] eval_metric: 0.6038
epoch:  1940
1940th epoch validation confusion matrix: [[16.83, 10.53], [4.17, 7.47]] eval_metric: 0.6231
epoch:  1960
1960th epoch validation confusion matrix: [[17.85, 11.22], [3.15, 6.78]] eval_metric: 0.6315
epoch:  1980
1980th epoch validation confusion matrix: [[17.36, 11.07], [3.64, 6.93]] eval_metric: 0.6228
epoch:  2000
2000th epoch validation confusion matrix: [[18.15, 11.82], [2.85, 6.18]] eval_metric: 0.6238
epoch:  2020
2020th epoch validation confusion matrix: [[17.71, 11.33], [3.29, 6.67]] eval_metric: 0.6251
epoch:  2040
2040th epoch validation confusion matrix: [[17.45, 10.82], [3.55, 7.18]] eval_metric: 0.6315
epoch:  2060
2060th epoch validation confusion matrix: [[14.92, 8.54], [6.08, 9.46]] eval_metric: 0.6251
epoch:  2080
2080th epoch validation confusion matrix: [[18.12, 11.58], [2.88, 6.42]] eval_metric: 0.6292
epoch:  2100
2100th epoch validation confusion matrix: [[15.34, 9.6], [5.66, 8.4]] eval_metric: 0.6087
epoch:  2120
2120th epoch validation confusion matrix: [[16.68, 10.35], [4.32, 7.65]] eval_metric: 0.6238
epoch:  2140
2140th epoch validation confusion matrix: [[19.09, 13.37], [1.91, 4.63]] eval_metric: 0.6082
epoch:  2160
2160th epoch validation confusion matrix: [[13.85, 7.95], [7.15, 10.05]] eval_metric: 0.6128
epoch:  2180
2180th epoch validation confusion matrix: [[15.45, 9.24], [5.55, 8.76]] eval_metric: 0.6208
epoch:  2200
2200th epoch validation confusion matrix: [[14.99, 8.99], [6.01, 9.01]] eval_metric: 0.6154
epoch:  2220
2220th epoch validation confusion matrix: [[19.42, 13.35], [1.58, 4.65]] eval_metric: 0.6172
epoch:  2240
2240th epoch validation confusion matrix: [[15.71, 9.27], [5.29, 8.73]] eval_metric: 0.6267
epoch:  2260
2260th epoch validation confusion matrix: [[13.03, 6.35], [7.97, 11.65]] eval_metric: 0.6328
epoch:  2280
2280th epoch validation confusion matrix: [[16.75, 10.23], [4.25, 7.77]] eval_metric: 0.6287
epoch:  2300
2300th epoch validation confusion matrix: [[16.92, 10.24], [4.08, 7.76]] eval_metric: 0.6328
epoch:  2320
2320th epoch validation confusion matrix: [[16.67, 9.98], [4.33, 8.02]] eval_metric: 0.6331
epoch:  2340
2340th epoch validation confusion matrix: [[17.42, 10.95], [3.58, 7.05]] eval_metric: 0.6274
epoch:  2360
2360th epoch validation confusion matrix: [[17.77, 11.22], [3.23, 6.78]] eval_metric: 0.6295
epoch:  2380
2380th epoch validation confusion matrix: [[15.96, 9.36], [5.04, 8.64]] eval_metric: 0.6308
epoch:  2400
2400th epoch validation confusion matrix: [[13.65, 7.69], [7.35, 10.31]] eval_metric: 0.6144
epoch:  2420
2420th epoch validation confusion matrix: [[16.88, 10.33], [4.12, 7.67]] eval_metric: 0.6295
epoch:  2440
2440th epoch validation confusion matrix: [[16.83, 10.46], [4.17, 7.54]] eval_metric: 0.6249
epoch:  2460
2460th epoch validation confusion matrix: [[14.52, 7.76], [6.48, 10.24]] eval_metric: 0.6349
epoch:  2480
2480th epoch validation confusion matrix: [[18.57, 11.76], [2.43, 6.24]] eval_metric: 0.6362
epoch:  2500
2500th epoch validation confusion matrix: [[20.55, 15.47], [0.45, 2.53]] eval_metric: 0.5918
epoch:  2520
2520th epoch validation confusion matrix: [[15.74, 8.87], [5.26, 9.13]] eval_metric: 0.6377
epoch:  2540
2540th epoch validation confusion matrix: [[17.55, 11.0], [3.45, 7.0]] eval_metric: 0.6295
epoch:  2560
2560th epoch validation confusion matrix: [[15.23, 8.61], [5.77, 9.39]] eval_metric: 0.6313
epoch:  2580
2580th epoch validation confusion matrix: [[12.46, 6.11], [8.54, 11.89]] eval_metric: 0.6244
epoch:  2600
2600th epoch validation confusion matrix: [[15.61, 9.21], [5.39, 8.79]] eval_metric: 0.6256
epoch:  2620
2620th epoch validation confusion matrix: [[17.24, 10.57], [3.76, 7.43]] eval_metric: 0.6326
epoch:  2640
2640th epoch validation confusion matrix: [[15.18, 8.94], [5.82, 9.06]] eval_metric: 0.6215
epoch:  2660
2660th epoch validation confusion matrix: [[16.92, 10.24], [4.08, 7.76]] eval_metric: 0.6328
epoch:  2680
2680th epoch validation confusion matrix: [[16.49, 10.0], [4.51, 8.0]] eval_metric: 0.6279
epoch:  2700
2700th epoch validation confusion matrix: [[17.92, 11.31], [3.08, 6.69]] eval_metric: 0.6310
epoch:  2720
2720th epoch validation confusion matrix: [[17.49, 11.09], [3.51, 6.91]] eval_metric: 0.6256
epoch:  2740
2740th epoch validation confusion matrix: [[11.61, 4.87], [9.39, 13.13]] eval_metric: 0.6344
epoch:  2760
2760th epoch validation confusion matrix: [[18.33, 11.94], [2.67, 6.06]] eval_metric: 0.6254
epoch:  2780
2780th epoch validation confusion matrix: [[17.04, 10.3], [3.96, 7.7]] eval_metric: 0.6344
epoch:  2800
2800th epoch validation confusion matrix: [[14.87, 8.23], [6.13, 9.77]] eval_metric: 0.6318
epoch:  2820
2820th epoch validation confusion matrix: [[15.27, 8.65], [5.73, 9.35]] eval_metric: 0.6313
epoch:  2840
2840th epoch validation confusion matrix: [[16.52, 9.45], [4.48, 8.55]] eval_metric: 0.6428
epoch:  2860
2860th epoch validation confusion matrix: [[15.12, 8.58], [5.88, 9.42]] eval_metric: 0.6292
epoch:  2880
2880th epoch validation confusion matrix: [[18.19, 11.18], [2.81, 6.82]] eval_metric: 0.6413
epoch:  2900
2900th epoch validation confusion matrix: [[10.03, 4.0], [10.97, 14.0]] eval_metric: 0.6162
epoch:  2920
2920th epoch validation confusion matrix: [[17.58, 10.6], [3.42, 7.4]] eval_metric: 0.6405
epoch:  2940
2940th epoch validation confusion matrix: [[18.7, 11.71], [2.3, 6.29]] eval_metric: 0.6408
epoch:  2960
2960th epoch validation confusion matrix: [[12.18, 5.56], [8.82, 12.44]] eval_metric: 0.6313
epoch:  2980
2980th epoch validation confusion matrix: [[15.56, 8.71], [5.44, 9.29]] eval_metric: 0.6372
Best model saved at the 2840th epoch: 0.6428205128205128 [[16.52, 9.45], [4.48, 8.55]]
testing and generating DPMs ... 
train confusion matrix  [[66.44, 38.41], [15.56, 39.59]]  accuracy  0.6626875
valid confusion matrix  [[16.52, 9.45], [4.48, 8.55]]  accuracy  0.6428205128205128
test confusion matrix  [[13.15, 10.12], [2.85, 9.88]]  accuracy  0.6397222222222223
DPM generation is done
epoch:  0
0th epoch validation confusion matrix: [[0.0, 0.0], [16.0, 23.0]] eval_metric: 0.5897
epoch:  20
20th epoch validation confusion matrix: [[1.01, 1.28], [14.99, 21.72]] eval_metric: 0.5828
epoch:  40
40th epoch validation confusion matrix: [[12.05, 16.43], [3.95, 6.57]] eval_metric: 0.4774
epoch:  60
60th epoch validation confusion matrix: [[15.61, 22.35], [0.39, 0.65]] eval_metric: 0.4169
epoch:  80
80th epoch validation confusion matrix: [[3.85, 5.29], [12.15, 17.71]] eval_metric: 0.5528
epoch:  100
100th epoch validation confusion matrix: [[11.55, 15.65], [4.45, 7.35]] eval_metric: 0.4846
epoch:  120
120th epoch validation confusion matrix: [[7.81, 10.37], [8.19, 12.63]] eval_metric: 0.5241
epoch:  140
140th epoch validation confusion matrix: [[3.81, 4.66], [12.19, 18.34]] eval_metric: 0.5679
epoch:  160
160th epoch validation confusion matrix: [[11.77, 15.84], [4.23, 7.16]] eval_metric: 0.4854
epoch:  180
180th epoch validation confusion matrix: [[12.46, 16.27], [3.54, 6.73]] eval_metric: 0.4921
epoch:  200
200th epoch validation confusion matrix: [[9.77, 12.91], [6.23, 10.09]] eval_metric: 0.5092
epoch:  220
220th epoch validation confusion matrix: [[14.41, 19.81], [1.59, 3.19]] eval_metric: 0.4513
epoch:  240
240th epoch validation confusion matrix: [[9.5, 12.47], [6.5, 10.53]] eval_metric: 0.5136
epoch:  260
260th epoch validation confusion matrix: [[12.08, 15.76], [3.92, 7.24]] eval_metric: 0.4954
epoch:  280
280th epoch validation confusion matrix: [[4.06, 4.39], [11.94, 18.61]] eval_metric: 0.5813
epoch:  300
300th epoch validation confusion matrix: [[5.81, 6.41], [10.19, 16.59]] eval_metric: 0.5744
epoch:  320
320th epoch validation confusion matrix: [[6.53, 7.07], [9.47, 15.93]] eval_metric: 0.5759
epoch:  340
340th epoch validation confusion matrix: [[9.95, 12.44], [6.05, 10.56]] eval_metric: 0.5259
epoch:  360
360th epoch validation confusion matrix: [[6.9, 7.33], [9.1, 15.67]] eval_metric: 0.5787
epoch:  380
380th epoch validation confusion matrix: [[8.31, 10.28], [7.69, 12.72]] eval_metric: 0.5392
epoch:  400
400th epoch validation confusion matrix: [[5.68, 6.05], [10.32, 16.95]] eval_metric: 0.5803
epoch:  420
420th epoch validation confusion matrix: [[9.33, 10.89], [6.67, 12.11]] eval_metric: 0.5497
epoch:  440
440th epoch validation confusion matrix: [[5.09, 4.99], [10.91, 18.01]] eval_metric: 0.5923
epoch:  460
460th epoch validation confusion matrix: [[9.92, 11.37], [6.08, 11.63]] eval_metric: 0.5526
epoch:  480
480th epoch validation confusion matrix: [[12.01, 15.12], [3.99, 7.88]] eval_metric: 0.5100
epoch:  500
500th epoch validation confusion matrix: [[12.24, 14.86], [3.76, 8.14]] eval_metric: 0.5226
epoch:  520
520th epoch validation confusion matrix: [[14.01, 17.45], [1.99, 5.55]] eval_metric: 0.5015
epoch:  540
540th epoch validation confusion matrix: [[6.31, 6.72], [9.69, 16.28]] eval_metric: 0.5792
epoch:  560
560th epoch validation confusion matrix: [[8.34, 9.25], [7.66, 13.75]] eval_metric: 0.5664
epoch:  580
580th epoch validation confusion matrix: [[7.18, 6.88], [8.82, 16.12]] eval_metric: 0.5974
epoch:  600
600th epoch validation confusion matrix: [[10.9, 11.95], [5.1, 11.05]] eval_metric: 0.5628
epoch:  620
620th epoch validation confusion matrix: [[6.43, 5.84], [9.57, 17.16]] eval_metric: 0.6049
epoch:  640
640th epoch validation confusion matrix: [[11.17, 12.31], [4.83, 10.69]] eval_metric: 0.5605
epoch:  660
660th epoch validation confusion matrix: [[13.79, 16.31], [2.21, 6.69]] eval_metric: 0.5251
epoch:  680
680th epoch validation confusion matrix: [[12.83, 14.43], [3.17, 8.57]] eval_metric: 0.5487
epoch:  700
700th epoch validation confusion matrix: [[11.8, 12.77], [4.2, 10.23]] eval_metric: 0.5649
epoch:  720
720th epoch validation confusion matrix: [[8.4, 7.9], [7.6, 15.1]] eval_metric: 0.6026
epoch:  740
740th epoch validation confusion matrix: [[9.38, 9.6], [6.62, 13.4]] eval_metric: 0.5841
epoch:  760
760th epoch validation confusion matrix: [[8.37, 8.66], [7.63, 14.34]] eval_metric: 0.5823
epoch:  780
780th epoch validation confusion matrix: [[9.8, 10.22], [6.2, 12.78]] eval_metric: 0.5790
epoch:  800
800th epoch validation confusion matrix: [[9.16, 9.44], [6.84, 13.56]] eval_metric: 0.5826
epoch:  820
820th epoch validation confusion matrix: [[5.19, 3.55], [10.81, 19.45]] eval_metric: 0.6318
epoch:  840
840th epoch validation confusion matrix: [[14.04, 16.51], [1.96, 6.49]] eval_metric: 0.5264
epoch:  860
860th epoch validation confusion matrix: [[12.91, 14.3], [3.09, 8.7]] eval_metric: 0.5541
epoch:  880
880th epoch validation confusion matrix: [[9.63, 9.56], [6.37, 13.44]] eval_metric: 0.5915
epoch:  900
900th epoch validation confusion matrix: [[12.31, 13.5], [3.69, 9.5]] eval_metric: 0.5592
epoch:  920
920th epoch validation confusion matrix: [[13.21, 14.34], [2.79, 8.66]] eval_metric: 0.5608
epoch:  940
940th epoch validation confusion matrix: [[8.74, 7.93], [7.26, 15.07]] eval_metric: 0.6105
epoch:  960
960th epoch validation confusion matrix: [[12.32, 13.13], [3.68, 9.87]] eval_metric: 0.5690
epoch:  980
980th epoch validation confusion matrix: [[9.94, 9.45], [6.06, 13.55]] eval_metric: 0.6023
epoch:  1000
1000th epoch validation confusion matrix: [[10.62, 10.76], [5.38, 12.24]] eval_metric: 0.5862
epoch:  1020
1020th epoch validation confusion matrix: [[9.1, 7.91], [6.9, 15.09]] eval_metric: 0.6203
epoch:  1040
1040th epoch validation confusion matrix: [[9.24, 8.69], [6.76, 14.31]] eval_metric: 0.6038
epoch:  1060
1060th epoch validation confusion matrix: [[12.45, 13.23], [3.55, 9.77]] eval_metric: 0.5697
epoch:  1080
1080th epoch validation confusion matrix: [[13.29, 14.64], [2.71, 8.36]] eval_metric: 0.5551
epoch:  1100
1100th epoch validation confusion matrix: [[6.93, 5.61], [9.07, 17.39]] eval_metric: 0.6236
epoch:  1120
1120th epoch validation confusion matrix: [[9.27, 8.73], [6.73, 14.27]] eval_metric: 0.6036
epoch:  1140
1140th epoch validation confusion matrix: [[9.89, 9.97], [6.11, 13.03]] eval_metric: 0.5877
epoch:  1160
1160th epoch validation confusion matrix: [[12.24, 12.65], [3.76, 10.35]] eval_metric: 0.5792
epoch:  1180
1180th epoch validation confusion matrix: [[10.99, 11.78], [5.01, 11.22]] eval_metric: 0.5695
epoch:  1200
1200th epoch validation confusion matrix: [[8.75, 8.08], [7.25, 14.92]] eval_metric: 0.6069
epoch:  1220
1220th epoch validation confusion matrix: [[11.34, 11.04], [4.66, 11.96]] eval_metric: 0.5974
epoch:  1240
1240th epoch validation confusion matrix: [[10.63, 10.09], [5.37, 12.91]] eval_metric: 0.6036
epoch:  1260
1260th epoch validation confusion matrix: [[11.84, 12.19], [4.16, 10.81]] eval_metric: 0.5808
epoch:  1280
1280th epoch validation confusion matrix: [[8.12, 6.77], [7.88, 16.23]] eval_metric: 0.6244
epoch:  1300
1300th epoch validation confusion matrix: [[10.78, 10.21], [5.22, 12.79]] eval_metric: 0.6044
epoch:  1320
1320th epoch validation confusion matrix: [[12.28, 12.24], [3.72, 10.76]] eval_metric: 0.5908
epoch:  1340
1340th epoch validation confusion matrix: [[14.08, 15.81], [1.92, 7.19]] eval_metric: 0.5454
epoch:  1360
1360th epoch validation confusion matrix: [[9.65, 8.76], [6.35, 14.24]] eval_metric: 0.6126
epoch:  1380
1380th epoch validation confusion matrix: [[12.14, 12.82], [3.86, 10.18]] eval_metric: 0.5723
epoch:  1400
1400th epoch validation confusion matrix: [[12.15, 12.51], [3.85, 10.49]] eval_metric: 0.5805
epoch:  1420
1420th epoch validation confusion matrix: [[12.32, 12.46], [3.68, 10.54]] eval_metric: 0.5862
epoch:  1440
1440th epoch validation confusion matrix: [[11.07, 10.88], [4.93, 12.12]] eval_metric: 0.5946
epoch:  1460
1460th epoch validation confusion matrix: [[12.48, 12.48], [3.52, 10.52]] eval_metric: 0.5897
epoch:  1480
1480th epoch validation confusion matrix: [[8.97, 7.56], [7.03, 15.44]] eval_metric: 0.6259
epoch:  1500
1500th epoch validation confusion matrix: [[6.46, 4.4], [9.54, 18.6]] eval_metric: 0.6426
epoch:  1520
1520th epoch validation confusion matrix: [[12.29, 12.19], [3.71, 10.81]] eval_metric: 0.5923
epoch:  1540
1540th epoch validation confusion matrix: [[13.28, 13.82], [2.72, 9.18]] eval_metric: 0.5759
epoch:  1560
1560th epoch validation confusion matrix: [[11.38, 10.87], [4.62, 12.13]] eval_metric: 0.6028
epoch:  1580
1580th epoch validation confusion matrix: [[12.74, 12.29], [3.26, 10.71]] eval_metric: 0.6013
epoch:  1600
1600th epoch validation confusion matrix: [[10.82, 10.13], [5.18, 12.87]] eval_metric: 0.6074
epoch:  1620
1620th epoch validation confusion matrix: [[12.62, 12.69], [3.38, 10.31]] eval_metric: 0.5879
epoch:  1640
1640th epoch validation confusion matrix: [[8.38, 6.53], [7.62, 16.47]] eval_metric: 0.6372
epoch:  1660
1660th epoch validation confusion matrix: [[8.88, 7.75], [7.12, 15.25]] eval_metric: 0.6187
epoch:  1680
1680th epoch validation confusion matrix: [[8.22, 6.22], [7.78, 16.78]] eval_metric: 0.6410
epoch:  1700
1700th epoch validation confusion matrix: [[8.44, 6.47], [7.56, 16.53]] eval_metric: 0.6403
epoch:  1720
1720th epoch validation confusion matrix: [[13.09, 12.94], [2.91, 10.06]] eval_metric: 0.5936
epoch:  1740
1740th epoch validation confusion matrix: [[14.2, 14.94], [1.8, 8.06]] eval_metric: 0.5708
epoch:  1760
1760th epoch validation confusion matrix: [[11.42, 10.84], [4.58, 12.16]] eval_metric: 0.6046
epoch:  1780
1780th epoch validation confusion matrix: [[9.17, 8.11], [6.83, 14.89]] eval_metric: 0.6169
epoch:  1800
1800th epoch validation confusion matrix: [[11.15, 10.73], [4.85, 12.27]] eval_metric: 0.6005
epoch:  1820
1820th epoch validation confusion matrix: [[11.92, 11.74], [4.08, 11.26]] eval_metric: 0.5944
epoch:  1840
1840th epoch validation confusion matrix: [[11.83, 11.33], [4.17, 11.67]] eval_metric: 0.6026
epoch:  1860
1860th epoch validation confusion matrix: [[8.72, 6.61], [7.28, 16.39]] eval_metric: 0.6438
epoch:  1880
1880th epoch validation confusion matrix: [[13.8, 14.3], [2.2, 8.7]] eval_metric: 0.5769
epoch:  1900
1900th epoch validation confusion matrix: [[7.64, 5.05], [8.36, 17.95]] eval_metric: 0.6562
epoch:  1920
1920th epoch validation confusion matrix: [[13.03, 13.27], [2.97, 9.73]] eval_metric: 0.5836
epoch:  1940
1940th epoch validation confusion matrix: [[7.59, 4.99], [8.41, 18.01]] eval_metric: 0.6564
epoch:  1960
1960th epoch validation confusion matrix: [[7.39, 4.93], [8.61, 18.07]] eval_metric: 0.6528
epoch:  1980
1980th epoch validation confusion matrix: [[13.75, 14.47], [2.25, 8.53]] eval_metric: 0.5713
epoch:  2000
2000th epoch validation confusion matrix: [[12.64, 12.42], [3.36, 10.58]] eval_metric: 0.5954
epoch:  2020
2020th epoch validation confusion matrix: [[13.59, 13.7], [2.41, 9.3]] eval_metric: 0.5869
epoch:  2040
2040th epoch validation confusion matrix: [[10.94, 10.3], [5.06, 12.7]] eval_metric: 0.6062
epoch:  2060
2060th epoch validation confusion matrix: [[11.9, 11.35], [4.1, 11.65]] eval_metric: 0.6038
epoch:  2080
2080th epoch validation confusion matrix: [[9.87, 8.45], [6.13, 14.55]] eval_metric: 0.6262
epoch:  2100
2100th epoch validation confusion matrix: [[9.28, 7.92], [6.72, 15.08]] eval_metric: 0.6246
epoch:  2120
2120th epoch validation confusion matrix: [[13.18, 12.93], [2.82, 10.07]] eval_metric: 0.5962
epoch:  2140
2140th epoch validation confusion matrix: [[12.02, 10.74], [3.98, 12.26]] eval_metric: 0.6226
epoch:  2160
2160th epoch validation confusion matrix: [[13.21, 12.58], [2.79, 10.42]] eval_metric: 0.6059
epoch:  2180
2180th epoch validation confusion matrix: [[13.08, 12.7], [2.92, 10.3]] eval_metric: 0.5995
epoch:  2200
2200th epoch validation confusion matrix: [[12.1, 11.56], [3.9, 11.44]] eval_metric: 0.6036
epoch:  2220
2220th epoch validation confusion matrix: [[11.8, 11.02], [4.2, 11.98]] eval_metric: 0.6097
epoch:  2240
2240th epoch validation confusion matrix: [[11.19, 9.78], [4.81, 13.22]] eval_metric: 0.6259
epoch:  2260
2260th epoch validation confusion matrix: [[13.47, 13.32], [2.53, 9.68]] eval_metric: 0.5936
epoch:  2280
2280th epoch validation confusion matrix: [[12.49, 11.67], [3.51, 11.33]] eval_metric: 0.6108
epoch:  2300
2300th epoch validation confusion matrix: [[9.36, 6.98], [6.64, 16.02]] eval_metric: 0.6508
epoch:  2320
2320th epoch validation confusion matrix: [[10.05, 8.49], [5.95, 14.51]] eval_metric: 0.6297
epoch:  2340
2340th epoch validation confusion matrix: [[8.68, 6.19], [7.32, 16.81]] eval_metric: 0.6536
epoch:  2360
2360th epoch validation confusion matrix: [[11.89, 11.05], [4.11, 11.95]] eval_metric: 0.6113
epoch:  2380
2380th epoch validation confusion matrix: [[12.31, 11.35], [3.69, 11.65]] eval_metric: 0.6144
epoch:  2400
2400th epoch validation confusion matrix: [[5.94, 2.89], [10.06, 20.11]] eval_metric: 0.6679
epoch:  2420
2420th epoch validation confusion matrix: [[14.09, 14.29], [1.91, 8.71]] eval_metric: 0.5846
epoch:  2440
2440th epoch validation confusion matrix: [[8.87, 7.59], [7.13, 15.41]] eval_metric: 0.6226
epoch:  2460
2460th epoch validation confusion matrix: [[8.91, 6.59], [7.09, 16.41]] eval_metric: 0.6492
epoch:  2480
2480th epoch validation confusion matrix: [[14.34, 14.95], [1.66, 8.05]] eval_metric: 0.5741
epoch:  2500
2500th epoch validation confusion matrix: [[13.62, 13.85], [2.38, 9.15]] eval_metric: 0.5838
epoch:  2520
2520th epoch validation confusion matrix: [[12.89, 11.77], [3.11, 11.23]] eval_metric: 0.6185
epoch:  2540
2540th epoch validation confusion matrix: [[12.27, 11.29], [3.73, 11.71]] eval_metric: 0.6149
epoch:  2560
2560th epoch validation confusion matrix: [[14.34, 14.65], [1.66, 8.35]] eval_metric: 0.5818
epoch:  2580
2580th epoch validation confusion matrix: [[13.07, 12.22], [2.93, 10.78]] eval_metric: 0.6115
epoch:  2600
2600th epoch validation confusion matrix: [[10.71, 9.48], [5.29, 13.52]] eval_metric: 0.6213
epoch:  2620
2620th epoch validation confusion matrix: [[11.88, 10.83], [4.12, 12.17]] eval_metric: 0.6167
epoch:  2640
2640th epoch validation confusion matrix: [[10.56, 9.49], [5.44, 13.51]] eval_metric: 0.6172
epoch:  2660
2660th epoch validation confusion matrix: [[10.77, 9.45], [5.23, 13.55]] eval_metric: 0.6236
epoch:  2680
2680th epoch validation confusion matrix: [[13.3, 12.28], [2.7, 10.72]] eval_metric: 0.6159
epoch:  2700
2700th epoch validation confusion matrix: [[9.32, 6.86], [6.68, 16.14]] eval_metric: 0.6528
epoch:  2720
2720th epoch validation confusion matrix: [[13.47, 12.98], [2.53, 10.02]] eval_metric: 0.6023
epoch:  2740
2740th epoch validation confusion matrix: [[14.57, 14.64], [1.43, 8.36]] eval_metric: 0.5879
epoch:  2760
2760th epoch validation confusion matrix: [[8.28, 5.45], [7.72, 17.55]] eval_metric: 0.6623
epoch:  2780
2780th epoch validation confusion matrix: [[12.55, 11.26], [3.45, 11.74]] eval_metric: 0.6228
epoch:  2800
2800th epoch validation confusion matrix: [[11.31, 9.85], [4.69, 13.15]] eval_metric: 0.6272
epoch:  2820
2820th epoch validation confusion matrix: [[9.99, 7.89], [6.01, 15.11]] eval_metric: 0.6436
epoch:  2840
2840th epoch validation confusion matrix: [[9.11, 6.78], [6.89, 16.22]] eval_metric: 0.6495
epoch:  2860
2860th epoch validation confusion matrix: [[12.46, 11.89], [3.54, 11.11]] eval_metric: 0.6044
epoch:  2880
2880th epoch validation confusion matrix: [[14.21, 14.32], [1.79, 8.68]] eval_metric: 0.5869
epoch:  2900
2900th epoch validation confusion matrix: [[9.35, 7.04], [6.65, 15.96]] eval_metric: 0.6490
epoch:  2920
2920th epoch validation confusion matrix: [[5.22, 2.49], [10.78, 20.51]] eval_metric: 0.6597
epoch:  2940
2940th epoch validation confusion matrix: [[8.26, 5.35], [7.74, 17.65]] eval_metric: 0.6644
epoch:  2960
2960th epoch validation confusion matrix: [[5.85, 2.94], [10.15, 20.06]] eval_metric: 0.6644
epoch:  2980
2980th epoch validation confusion matrix: [[8.26, 5.8], [7.74, 17.2]] eval_metric: 0.6528
Best model saved at the 2400th epoch: 0.667948717948718 [[5.94, 2.89], [10.06, 20.11]]
testing and generating DPMs ... 
train confusion matrix  [[32.41, 7.96], [54.59, 65.04]]  accuracy  0.6090625000000001
valid confusion matrix  [[5.94, 2.89], [10.06, 20.11]]  accuracy  0.667948717948718
test confusion matrix  [[6.42, 2.63], [9.58, 17.37]]  accuracy  0.6608333333333333
DPM generation is done
epoch:  0
0th epoch validation confusion matrix: [[0.0, 0.0], [15.0, 24.0]] eval_metric: 0.6154
epoch:  20
20th epoch validation confusion matrix: [[0.0, 0.0], [15.0, 24.0]] eval_metric: 0.6154
epoch:  40
40th epoch validation confusion matrix: [[12.26, 19.56], [2.74, 4.44]] eval_metric: 0.4282
epoch:  60
60th epoch validation confusion matrix: [[0.74, 0.89], [14.26, 23.11]] eval_metric: 0.6115
epoch:  80
80th epoch validation confusion matrix: [[0.64, 0.84], [14.36, 23.16]] eval_metric: 0.6103
epoch:  100
100th epoch validation confusion matrix: [[3.3, 4.7], [11.7, 19.3]] eval_metric: 0.5795
epoch:  120
120th epoch validation confusion matrix: [[2.86, 3.81], [12.14, 20.19]] eval_metric: 0.5910
epoch:  140
140th epoch validation confusion matrix: [[12.55, 19.42], [2.45, 4.58]] eval_metric: 0.4392
epoch:  160
160th epoch validation confusion matrix: [[4.52, 6.58], [10.48, 17.42]] eval_metric: 0.5626
epoch:  180
180th epoch validation confusion matrix: [[13.06, 20.12], [1.94, 3.88]] eval_metric: 0.4344
epoch:  200
200th epoch validation confusion matrix: [[11.27, 16.52], [3.73, 7.48]] eval_metric: 0.4808
epoch:  220
220th epoch validation confusion matrix: [[10.43, 15.46], [4.57, 8.54]] eval_metric: 0.4864
epoch:  240
240th epoch validation confusion matrix: [[10.05, 14.84], [4.95, 9.16]] eval_metric: 0.4926
epoch:  260
260th epoch validation confusion matrix: [[11.46, 16.81], [3.54, 7.19]] eval_metric: 0.4782
epoch:  280
280th epoch validation confusion matrix: [[11.08, 15.32], [3.92, 8.68]] eval_metric: 0.5067
epoch:  300
300th epoch validation confusion matrix: [[12.13, 17.07], [2.87, 6.93]] eval_metric: 0.4887
epoch:  320
320th epoch validation confusion matrix: [[11.27, 15.62], [3.73, 8.38]] eval_metric: 0.5038
epoch:  340
340th epoch validation confusion matrix: [[11.55, 16.27], [3.45, 7.73]] eval_metric: 0.4944
epoch:  360
360th epoch validation confusion matrix: [[13.25, 20.27], [1.75, 3.73]] eval_metric: 0.4354
epoch:  380
380th epoch validation confusion matrix: [[5.84, 6.64], [9.16, 17.36]] eval_metric: 0.5949
epoch:  400
400th epoch validation confusion matrix: [[11.44, 15.67], [3.56, 8.33]] eval_metric: 0.5069
epoch:  420
420th epoch validation confusion matrix: [[13.57, 20.22], [1.43, 3.78]] eval_metric: 0.4449
epoch:  440
440th epoch validation confusion matrix: [[11.31, 15.2], [3.69, 8.8]] eval_metric: 0.5156
epoch:  460
460th epoch validation confusion matrix: [[12.5, 16.83], [2.5, 7.17]] eval_metric: 0.5044
epoch:  480
480th epoch validation confusion matrix: [[6.17, 5.76], [8.83, 18.24]] eval_metric: 0.6259
epoch:  500
500th epoch validation confusion matrix: [[13.18, 17.79], [1.82, 6.21]] eval_metric: 0.4972
epoch:  520
520th epoch validation confusion matrix: [[13.36, 18.89], [1.64, 5.11]] eval_metric: 0.4736
epoch:  540
540th epoch validation confusion matrix: [[10.19, 12.54], [4.81, 11.46]] eval_metric: 0.5551
epoch:  560
560th epoch validation confusion matrix: [[11.61, 15.3], [3.39, 8.7]] eval_metric: 0.5208
epoch:  580
580th epoch validation confusion matrix: [[12.4, 15.83], [2.6, 8.17]] eval_metric: 0.5274
epoch:  600
600th epoch validation confusion matrix: [[13.44, 18.26], [1.56, 5.74]] eval_metric: 0.4918
epoch:  620
620th epoch validation confusion matrix: [[13.09, 17.6], [1.91, 6.4]] eval_metric: 0.4997
epoch:  640
640th epoch validation confusion matrix: [[11.76, 15.07], [3.24, 8.93]] eval_metric: 0.5305
epoch:  660
660th epoch validation confusion matrix: [[12.35, 15.82], [2.65, 8.18]] eval_metric: 0.5264
epoch:  680
680th epoch validation confusion matrix: [[9.75, 10.91], [5.25, 13.09]] eval_metric: 0.5856
epoch:  700
700th epoch validation confusion matrix: [[12.09, 14.51], [2.91, 9.49]] eval_metric: 0.5533
epoch:  720
720th epoch validation confusion matrix: [[13.58, 17.82], [1.42, 6.18]] eval_metric: 0.5067
epoch:  740
740th epoch validation confusion matrix: [[5.5, 4.21], [9.5, 19.79]] eval_metric: 0.6485
epoch:  760
760th epoch validation confusion matrix: [[13.02, 17.03], [1.98, 6.97]] eval_metric: 0.5126
epoch:  780
780th epoch validation confusion matrix: [[10.96, 12.44], [4.04, 11.56]] eval_metric: 0.5774
epoch:  800
800th epoch validation confusion matrix: [[11.14, 12.68], [3.86, 11.32]] eval_metric: 0.5759
epoch:  820
820th epoch validation confusion matrix: [[13.79, 17.92], [1.21, 6.08]] eval_metric: 0.5095
epoch:  840
840th epoch validation confusion matrix: [[7.59, 7.05], [7.41, 16.95]] eval_metric: 0.6292
epoch:  860
860th epoch validation confusion matrix: [[12.32, 14.75], [2.68, 9.25]] eval_metric: 0.5531
epoch:  880
880th epoch validation confusion matrix: [[13.61, 17.29], [1.39, 6.71]] eval_metric: 0.5210
epoch:  900
900th epoch validation confusion matrix: [[11.61, 12.97], [3.39, 11.03]] eval_metric: 0.5805
epoch:  920
920th epoch validation confusion matrix: [[13.76, 17.54], [1.24, 6.46]] eval_metric: 0.5185
epoch:  940
940th epoch validation confusion matrix: [[12.3, 14.19], [2.7, 9.81]] eval_metric: 0.5669
epoch:  960
960th epoch validation confusion matrix: [[13.94, 17.97], [1.06, 6.03]] eval_metric: 0.5121
epoch:  980
980th epoch validation confusion matrix: [[13.16, 15.79], [1.84, 8.21]] eval_metric: 0.5479
epoch:  1000
1000th epoch validation confusion matrix: [[12.83, 15.12], [2.17, 8.88]] eval_metric: 0.5567
epoch:  1020
1020th epoch validation confusion matrix: [[10.84, 11.25], [4.16, 12.75]] eval_metric: 0.6049
epoch:  1040
1040th epoch validation confusion matrix: [[12.41, 13.76], [2.59, 10.24]] eval_metric: 0.5808
epoch:  1060
1060th epoch validation confusion matrix: [[12.15, 13.41], [2.85, 10.59]] eval_metric: 0.5831
epoch:  1080
1080th epoch validation confusion matrix: [[12.89, 15.2], [2.11, 8.8]] eval_metric: 0.5562
epoch:  1100
1100th epoch validation confusion matrix: [[12.26, 13.81], [2.74, 10.19]] eval_metric: 0.5756
epoch:  1120
1120th epoch validation confusion matrix: [[14.22, 18.27], [0.78, 5.73]] eval_metric: 0.5115
epoch:  1140
1140th epoch validation confusion matrix: [[12.13, 13.49], [2.87, 10.51]] eval_metric: 0.5805
epoch:  1160
1160th epoch validation confusion matrix: [[11.66, 12.74], [3.34, 11.26]] eval_metric: 0.5877
epoch:  1180
1180th epoch validation confusion matrix: [[10.31, 10.38], [4.69, 13.62]] eval_metric: 0.6136
epoch:  1200
1200th epoch validation confusion matrix: [[12.38, 14.87], [2.62, 9.13]] eval_metric: 0.5515
epoch:  1220
1220th epoch validation confusion matrix: [[10.32, 10.69], [4.68, 13.31]] eval_metric: 0.6059
epoch:  1240
1240th epoch validation confusion matrix: [[12.35, 14.01], [2.65, 9.99]] eval_metric: 0.5728
epoch:  1260
1260th epoch validation confusion matrix: [[12.96, 14.86], [2.04, 9.14]] eval_metric: 0.5667
epoch:  1280
1280th epoch validation confusion matrix: [[13.42, 15.73], [1.58, 8.27]] eval_metric: 0.5562
epoch:  1300
1300th epoch validation confusion matrix: [[12.88, 14.93], [2.12, 9.07]] eval_metric: 0.5628
epoch:  1320
1320th epoch validation confusion matrix: [[13.48, 16.71], [1.52, 7.29]] eval_metric: 0.5326
epoch:  1340
1340th epoch validation confusion matrix: [[11.61, 12.42], [3.39, 11.58]] eval_metric: 0.5946
epoch:  1360
1360th epoch validation confusion matrix: [[12.33, 13.64], [2.67, 10.36]] eval_metric: 0.5818
epoch:  1380
1380th epoch validation confusion matrix: [[12.21, 13.84], [2.79, 10.16]] eval_metric: 0.5736
epoch:  1400
1400th epoch validation confusion matrix: [[11.62, 12.33], [3.38, 11.67]] eval_metric: 0.5972
epoch:  1420
1420th epoch validation confusion matrix: [[10.66, 10.35], [4.34, 13.65]] eval_metric: 0.6233
epoch:  1440
1440th epoch validation confusion matrix: [[11.83, 13.09], [3.17, 10.91]] eval_metric: 0.5831
epoch:  1460
1460th epoch validation confusion matrix: [[11.36, 12.07], [3.64, 11.93]] eval_metric: 0.5972
epoch:  1480
1480th epoch validation confusion matrix: [[12.13, 12.87], [2.87, 11.13]] eval_metric: 0.5964
epoch:  1500
1500th epoch validation confusion matrix: [[12.91, 15.06], [2.09, 8.94]] eval_metric: 0.5603
epoch:  1520
1520th epoch validation confusion matrix: [[7.72, 6.38], [7.28, 17.62]] eval_metric: 0.6497
epoch:  1540
1540th epoch validation confusion matrix: [[12.75, 14.08], [2.25, 9.92]] eval_metric: 0.5813
epoch:  1560
1560th epoch validation confusion matrix: [[13.09, 14.53], [1.91, 9.47]] eval_metric: 0.5785
epoch:  1580
1580th epoch validation confusion matrix: [[11.59, 12.02], [3.41, 11.98]] eval_metric: 0.6044
epoch:  1600
1600th epoch validation confusion matrix: [[13.28, 14.85], [1.72, 9.15]] eval_metric: 0.5751
epoch:  1620
1620th epoch validation confusion matrix: [[13.04, 14.74], [1.96, 9.26]] eval_metric: 0.5718
epoch:  1640
1640th epoch validation confusion matrix: [[12.48, 13.32], [2.52, 10.68]] eval_metric: 0.5938
epoch:  1660
1660th epoch validation confusion matrix: [[12.37, 13.42], [2.63, 10.58]] eval_metric: 0.5885
epoch:  1680
1680th epoch validation confusion matrix: [[12.64, 13.47], [2.36, 10.53]] eval_metric: 0.5941
epoch:  1700
1700th epoch validation confusion matrix: [[12.28, 12.88], [2.72, 11.12]] eval_metric: 0.6000
epoch:  1720
1720th epoch validation confusion matrix: [[10.4, 10.09], [4.6, 13.91]] eval_metric: 0.6233
epoch:  1740
1740th epoch validation confusion matrix: [[9.05, 8.84], [5.95, 15.16]] eval_metric: 0.6208
epoch:  1760
1760th epoch validation confusion matrix: [[13.64, 15.48], [1.36, 8.52]] eval_metric: 0.5682
epoch:  1780
1780th epoch validation confusion matrix: [[13.17, 14.59], [1.83, 9.41]] eval_metric: 0.5790
epoch:  1800
1800th epoch validation confusion matrix: [[13.21, 15.23], [1.79, 8.77]] eval_metric: 0.5636
epoch:  1820
1820th epoch validation confusion matrix: [[13.01, 14.79], [1.99, 9.21]] eval_metric: 0.5697
epoch:  1840
1840th epoch validation confusion matrix: [[14.13, 17.16], [0.87, 6.84]] eval_metric: 0.5377
epoch:  1860
1860th epoch validation confusion matrix: [[8.22, 6.83], [6.78, 17.17]] eval_metric: 0.6510
epoch:  1880
1880th epoch validation confusion matrix: [[12.46, 12.87], [2.54, 11.13]] eval_metric: 0.6049
epoch:  1900
1900th epoch validation confusion matrix: [[13.12, 14.82], [1.88, 9.18]] eval_metric: 0.5718
epoch:  1920
1920th epoch validation confusion matrix: [[13.36, 16.06], [1.64, 7.94]] eval_metric: 0.5462
epoch:  1940
1940th epoch validation confusion matrix: [[13.8, 16.3], [1.2, 7.7]] eval_metric: 0.5513
epoch:  1960
1960th epoch validation confusion matrix: [[12.25, 12.57], [2.75, 11.43]] eval_metric: 0.6072
epoch:  1980
1980th epoch validation confusion matrix: [[12.72, 13.41], [2.28, 10.59]] eval_metric: 0.5977
epoch:  2000
2000th epoch validation confusion matrix: [[7.7, 5.34], [7.3, 18.66]] eval_metric: 0.6759
epoch:  2020
2020th epoch validation confusion matrix: [[13.64, 15.32], [1.36, 8.68]] eval_metric: 0.5723
epoch:  2040
2040th epoch validation confusion matrix: [[12.8, 14.03], [2.2, 9.97]] eval_metric: 0.5838
epoch:  2060
2060th epoch validation confusion matrix: [[9.31, 8.46], [5.69, 15.54]] eval_metric: 0.6372
epoch:  2080
2080th epoch validation confusion matrix: [[8.29, 6.26], [6.71, 17.74]] eval_metric: 0.6674
epoch:  2100
2100th epoch validation confusion matrix: [[11.49, 11.56], [3.51, 12.44]] eval_metric: 0.6136
epoch:  2120
2120th epoch validation confusion matrix: [[10.64, 10.61], [4.36, 13.39]] eval_metric: 0.6162
epoch:  2140
2140th epoch validation confusion matrix: [[12.3, 13.59], [2.7, 10.41]] eval_metric: 0.5823
epoch:  2160
2160th epoch validation confusion matrix: [[12.4, 13.26], [2.6, 10.74]] eval_metric: 0.5933
epoch:  2180
2180th epoch validation confusion matrix: [[12.65, 13.48], [2.35, 10.52]] eval_metric: 0.5941
epoch:  2200
2200th epoch validation confusion matrix: [[12.17, 12.56], [2.83, 11.44]] eval_metric: 0.6054
epoch:  2220
2220th epoch validation confusion matrix: [[11.9, 12.08], [3.1, 11.92]] eval_metric: 0.6108
epoch:  2240
2240th epoch validation confusion matrix: [[10.72, 11.03], [4.28, 12.97]] eval_metric: 0.6074
epoch:  2260
2260th epoch validation confusion matrix: [[11.54, 10.92], [3.46, 13.08]] eval_metric: 0.6313
epoch:  2280
2280th epoch validation confusion matrix: [[10.51, 9.56], [4.49, 14.44]] eval_metric: 0.6397
epoch:  2300
2300th epoch validation confusion matrix: [[6.87, 4.21], [8.13, 19.79]] eval_metric: 0.6836
epoch:  2320
2320th epoch validation confusion matrix: [[12.11, 11.99], [2.89, 12.01]] eval_metric: 0.6185
epoch:  2340
2340th epoch validation confusion matrix: [[12.64, 13.55], [2.36, 10.45]] eval_metric: 0.5921
epoch:  2360
2360th epoch validation confusion matrix: [[7.92, 5.49], [7.08, 18.51]] eval_metric: 0.6777
epoch:  2380
2380th epoch validation confusion matrix: [[9.9, 9.97], [5.1, 14.03]] eval_metric: 0.6136
epoch:  2400
2400th epoch validation confusion matrix: [[9.89, 9.69], [5.11, 14.31]] eval_metric: 0.6205
epoch:  2420
2420th epoch validation confusion matrix: [[7.91, 5.58], [7.09, 18.42]] eval_metric: 0.6751
epoch:  2440
2440th epoch validation confusion matrix: [[11.04, 10.42], [3.96, 13.58]] eval_metric: 0.6313
epoch:  2460
2460th epoch validation confusion matrix: [[10.9, 10.03], [4.1, 13.97]] eval_metric: 0.6377
epoch:  2480
2480th epoch validation confusion matrix: [[10.61, 10.75], [4.39, 13.25]] eval_metric: 0.6118
epoch:  2500
2500th epoch validation confusion matrix: [[12.7, 13.38], [2.3, 10.62]] eval_metric: 0.5979
epoch:  2520
2520th epoch validation confusion matrix: [[12.45, 12.87], [2.55, 11.13]] eval_metric: 0.6046
epoch:  2540
2540th epoch validation confusion matrix: [[11.04, 10.48], [3.96, 13.52]] eval_metric: 0.6297
epoch:  2560
2560th epoch validation confusion matrix: [[11.91, 11.72], [3.09, 12.28]] eval_metric: 0.6203
epoch:  2580
2580th epoch validation confusion matrix: [[7.78, 5.35], [7.22, 18.65]] eval_metric: 0.6777
epoch:  2600
2600th epoch validation confusion matrix: [[8.37, 6.9], [6.63, 17.1]] eval_metric: 0.6531
epoch:  2620
2620th epoch validation confusion matrix: [[12.85, 14.03], [2.15, 9.97]] eval_metric: 0.5851
epoch:  2640
2640th epoch validation confusion matrix: [[7.28, 5.03], [7.72, 18.97]] eval_metric: 0.6731
epoch:  2660
2660th epoch validation confusion matrix: [[11.31, 10.96], [3.69, 13.04]] eval_metric: 0.6244
epoch:  2680
2680th epoch validation confusion matrix: [[11.65, 11.49], [3.35, 12.51]] eval_metric: 0.6195
epoch:  2700
2700th epoch validation confusion matrix: [[10.03, 9.96], [4.97, 14.04]] eval_metric: 0.6172
epoch:  2720
2720th epoch validation confusion matrix: [[13.4, 14.39], [1.6, 9.61]] eval_metric: 0.5900
epoch:  2740
2740th epoch validation confusion matrix: [[11.92, 12.32], [3.08, 11.68]] eval_metric: 0.6051
epoch:  2760
2760th epoch validation confusion matrix: [[12.95, 14.12], [2.05, 9.88]] eval_metric: 0.5854
epoch:  2780
2780th epoch validation confusion matrix: [[13.0, 14.02], [2.0, 9.98]] eval_metric: 0.5892
epoch:  2800
2800th epoch validation confusion matrix: [[8.0, 6.17], [7.0, 17.83]] eval_metric: 0.6623
epoch:  2820
2820th epoch validation confusion matrix: [[12.71, 12.97], [2.29, 11.03]] eval_metric: 0.6087
epoch:  2840
2840th epoch validation confusion matrix: [[12.31, 12.19], [2.69, 11.81]] eval_metric: 0.6185
epoch:  2860
2860th epoch validation confusion matrix: [[13.13, 14.49], [1.87, 9.51]] eval_metric: 0.5805
epoch:  2880
2880th epoch validation confusion matrix: [[11.99, 11.87], [3.01, 12.13]] eval_metric: 0.6185
epoch:  2900
2900th epoch validation confusion matrix: [[8.93, 6.67], [6.07, 17.33]] eval_metric: 0.6733
epoch:  2920
2920th epoch validation confusion matrix: [[6.95, 4.38], [8.05, 19.62]] eval_metric: 0.6813
epoch:  2940
2940th epoch validation confusion matrix: [[12.15, 11.84], [2.85, 12.16]] eval_metric: 0.6233
epoch:  2960
2960th epoch validation confusion matrix: [[12.12, 12.0], [2.88, 12.0]] eval_metric: 0.6185
epoch:  2980
2980th epoch validation confusion matrix: [[12.74, 13.05], [2.26, 10.95]] eval_metric: 0.6074
Best model saved at the 2300th epoch: 0.6835897435897436 [[6.87, 4.21], [8.13, 19.79]]
testing and generating DPMs ... 
train confusion matrix  [[39.11, 11.42], [48.89, 60.58]]  accuracy  0.6230625
valid confusion matrix  [[6.87, 4.21], [8.13, 19.79]]  accuracy  0.6835897435897436
test confusion matrix  [[7.51, 3.42], [8.49, 16.58]]  accuracy  0.6691666666666666
DPM generation is done
