nohup: 忽略输入
epoch:  0
0th epoch validation confusion matrix: [[21.0, 18.0], [0.0, 0.0]] eval_metric: 0.5385
epoch:  20
20th epoch validation confusion matrix: [[20.99, 18.0], [0.01, 0.0]] eval_metric: 0.5382
epoch:  40
40th epoch validation confusion matrix: [[12.09, 10.35], [8.91, 7.65]] eval_metric: 0.5062
epoch:  60
60th epoch validation confusion matrix: [[20.93, 17.95], [0.07, 0.05]] eval_metric: 0.5379
epoch:  80
80th epoch validation confusion matrix: [[20.55, 17.49], [0.45, 0.51]] eval_metric: 0.5400
epoch:  100
100th epoch validation confusion matrix: [[18.93, 15.71], [2.07, 2.29]] eval_metric: 0.5441
epoch:  120
120th epoch validation confusion matrix: [[20.24, 17.17], [0.76, 0.83]] eval_metric: 0.5403
epoch:  140
140th epoch validation confusion matrix: [[12.37, 9.79], [8.63, 8.21]] eval_metric: 0.5277
epoch:  160
160th epoch validation confusion matrix: [[6.57, 5.58], [14.43, 12.42]] eval_metric: 0.4869
epoch:  180
180th epoch validation confusion matrix: [[18.9, 15.69], [2.1, 2.31]] eval_metric: 0.5438
epoch:  200
200th epoch validation confusion matrix: [[17.32, 13.95], [3.68, 4.05]] eval_metric: 0.5479
epoch:  220
220th epoch validation confusion matrix: [[6.15, 4.31], [14.85, 13.69]] eval_metric: 0.5087
epoch:  240
240th epoch validation confusion matrix: [[14.53, 11.18], [6.47, 6.82]] eval_metric: 0.5474
epoch:  260
260th epoch validation confusion matrix: [[15.41, 12.14], [5.59, 5.86]] eval_metric: 0.5454
epoch:  280
280th epoch validation confusion matrix: [[16.62, 12.99], [4.38, 5.01]] eval_metric: 0.5546
epoch:  300
300th epoch validation confusion matrix: [[17.67, 14.18], [3.33, 3.82]] eval_metric: 0.5510
epoch:  320
320th epoch validation confusion matrix: [[10.55, 8.36], [10.45, 9.64]] eval_metric: 0.5177
epoch:  340
340th epoch validation confusion matrix: [[16.63, 12.86], [4.37, 5.14]] eval_metric: 0.5582
epoch:  360
360th epoch validation confusion matrix: [[12.35, 9.47], [8.65, 8.53]] eval_metric: 0.5354
epoch:  380
380th epoch validation confusion matrix: [[15.32, 12.1], [5.68, 5.9]] eval_metric: 0.5441
epoch:  400
400th epoch validation confusion matrix: [[17.04, 13.54], [3.96, 4.46]] eval_metric: 0.5513
epoch:  420
420th epoch validation confusion matrix: [[13.85, 10.45], [7.15, 7.55]] eval_metric: 0.5487
epoch:  440
440th epoch validation confusion matrix: [[16.5, 12.68], [4.5, 5.32]] eval_metric: 0.5595
epoch:  460
460th epoch validation confusion matrix: [[14.12, 10.75], [6.88, 7.25]] eval_metric: 0.5479
epoch:  480
480th epoch validation confusion matrix: [[13.33, 10.42], [7.67, 7.58]] eval_metric: 0.5362
epoch:  500
500th epoch validation confusion matrix: [[13.18, 9.74], [7.82, 8.26]] eval_metric: 0.5497
epoch:  520
520th epoch validation confusion matrix: [[16.59, 13.11], [4.41, 4.89]] eval_metric: 0.5508
epoch:  540
540th epoch validation confusion matrix: [[14.63, 10.91], [6.37, 7.09]] eval_metric: 0.5569
epoch:  560
560th epoch validation confusion matrix: [[11.97, 9.14], [9.03, 8.86]] eval_metric: 0.5341
epoch:  580
580th epoch validation confusion matrix: [[15.11, 11.1], [5.89, 6.9]] eval_metric: 0.5644
epoch:  600
600th epoch validation confusion matrix: [[16.48, 12.61], [4.52, 5.39]] eval_metric: 0.5608
epoch:  620
620th epoch validation confusion matrix: [[17.56, 13.68], [3.44, 4.32]] eval_metric: 0.5610
epoch:  640
640th epoch validation confusion matrix: [[15.42, 11.49], [5.58, 6.51]] eval_metric: 0.5623
epoch:  660
660th epoch validation confusion matrix: [[15.41, 11.55], [5.59, 6.45]] eval_metric: 0.5605
epoch:  680
680th epoch validation confusion matrix: [[14.76, 11.07], [6.24, 6.93]] eval_metric: 0.5562
epoch:  700
700th epoch validation confusion matrix: [[15.33, 11.43], [5.67, 6.57]] eval_metric: 0.5615
epoch:  720
720th epoch validation confusion matrix: [[14.75, 10.64], [6.25, 7.36]] eval_metric: 0.5669
epoch:  740
740th epoch validation confusion matrix: [[14.9, 11.07], [6.1, 6.93]] eval_metric: 0.5597
epoch:  760
760th epoch validation confusion matrix: [[13.41, 9.96], [7.59, 8.04]] eval_metric: 0.5500
epoch:  780
780th epoch validation confusion matrix: [[15.49, 11.5], [5.51, 6.5]] eval_metric: 0.5638
epoch:  800
800th epoch validation confusion matrix: [[12.39, 8.72], [8.61, 9.28]] eval_metric: 0.5556
epoch:  820
820th epoch validation confusion matrix: [[12.96, 9.63], [8.04, 8.37]] eval_metric: 0.5469
epoch:  840
840th epoch validation confusion matrix: [[18.79, 14.56], [2.21, 3.44]] eval_metric: 0.5700
epoch:  860
860th epoch validation confusion matrix: [[11.27, 7.55], [9.73, 10.45]] eval_metric: 0.5569
epoch:  880
880th epoch validation confusion matrix: [[13.87, 10.38], [7.13, 7.62]] eval_metric: 0.5510
epoch:  900
900th epoch validation confusion matrix: [[12.74, 8.81], [8.26, 9.19]] eval_metric: 0.5623
epoch:  920
920th epoch validation confusion matrix: [[13.9, 9.28], [7.1, 8.72]] eval_metric: 0.5800
epoch:  940
940th epoch validation confusion matrix: [[10.83, 7.5], [10.17, 10.5]] eval_metric: 0.5469
epoch:  960
960th epoch validation confusion matrix: [[14.81, 10.04], [6.19, 7.96]] eval_metric: 0.5838
epoch:  980
980th epoch validation confusion matrix: [[13.31, 8.74], [7.69, 9.26]] eval_metric: 0.5787
epoch:  1000
1000th epoch validation confusion matrix: [[18.05, 13.3], [2.95, 4.7]] eval_metric: 0.5833
epoch:  1020
1020th epoch validation confusion matrix: [[14.56, 10.06], [6.44, 7.94]] eval_metric: 0.5769
epoch:  1040
1040th epoch validation confusion matrix: [[15.23, 10.3], [5.77, 7.7]] eval_metric: 0.5879
epoch:  1060
1060th epoch validation confusion matrix: [[17.93, 12.82], [3.07, 5.18]] eval_metric: 0.5926
epoch:  1080
1080th epoch validation confusion matrix: [[15.22, 10.56], [5.78, 7.44]] eval_metric: 0.5810
epoch:  1100
1100th epoch validation confusion matrix: [[16.44, 11.56], [4.56, 6.44]] eval_metric: 0.5867
epoch:  1120
1120th epoch validation confusion matrix: [[16.17, 11.23], [4.83, 6.77]] eval_metric: 0.5882
epoch:  1140
1140th epoch validation confusion matrix: [[17.45, 12.19], [3.55, 5.81]] eval_metric: 0.5964
epoch:  1160
1160th epoch validation confusion matrix: [[16.07, 11.13], [4.93, 6.87]] eval_metric: 0.5882
epoch:  1180
1180th epoch validation confusion matrix: [[13.13, 8.67], [7.87, 9.33]] eval_metric: 0.5759
epoch:  1200
1200th epoch validation confusion matrix: [[17.09, 11.7], [3.91, 6.3]] eval_metric: 0.5997
epoch:  1220
1220th epoch validation confusion matrix: [[15.1, 9.78], [5.9, 8.22]] eval_metric: 0.5979
epoch:  1240
1240th epoch validation confusion matrix: [[16.56, 11.4], [4.44, 6.6]] eval_metric: 0.5938
epoch:  1260
1260th epoch validation confusion matrix: [[18.21, 13.0], [2.79, 5.0]] eval_metric: 0.5951
epoch:  1280
1280th epoch validation confusion matrix: [[18.66, 13.58], [2.34, 4.42]] eval_metric: 0.5918
epoch:  1300
1300th epoch validation confusion matrix: [[18.91, 14.24], [2.09, 3.76]] eval_metric: 0.5813
epoch:  1320
1320th epoch validation confusion matrix: [[18.77, 13.28], [2.23, 4.72]] eval_metric: 0.6023
epoch:  1340
1340th epoch validation confusion matrix: [[18.19, 12.75], [2.81, 5.25]] eval_metric: 0.6010
epoch:  1360
1360th epoch validation confusion matrix: [[19.4, 14.8], [1.6, 3.2]] eval_metric: 0.5795
epoch:  1380
1380th epoch validation confusion matrix: [[16.79, 11.34], [4.21, 6.66]] eval_metric: 0.6013
epoch:  1400
1400th epoch validation confusion matrix: [[16.93, 11.46], [4.07, 6.54]] eval_metric: 0.6018
epoch:  1420
1420th epoch validation confusion matrix: [[15.42, 9.76], [5.58, 8.24]] eval_metric: 0.6067
epoch:  1440
1440th epoch validation confusion matrix: [[10.35, 5.75], [10.65, 12.25]] eval_metric: 0.5795
epoch:  1460
1460th epoch validation confusion matrix: [[14.89, 9.26], [6.11, 8.74]] eval_metric: 0.6059
epoch:  1480
1480th epoch validation confusion matrix: [[15.79, 10.48], [5.21, 7.52]] eval_metric: 0.5977
epoch:  1500
1500th epoch validation confusion matrix: [[19.03, 13.75], [1.97, 4.25]] eval_metric: 0.5969
epoch:  1520
1520th epoch validation confusion matrix: [[17.53, 11.82], [3.47, 6.18]] eval_metric: 0.6079
epoch:  1540
1540th epoch validation confusion matrix: [[14.31, 8.94], [6.69, 9.06]] eval_metric: 0.5992
epoch:  1560
1560th epoch validation confusion matrix: [[19.63, 15.24], [1.37, 2.76]] eval_metric: 0.5741
epoch:  1580
1580th epoch validation confusion matrix: [[13.53, 8.81], [7.47, 9.19]] eval_metric: 0.5826
epoch:  1600
1600th epoch validation confusion matrix: [[17.78, 12.08], [3.22, 5.92]] eval_metric: 0.6077
epoch:  1620
1620th epoch validation confusion matrix: [[19.97, 15.63], [1.03, 2.37]] eval_metric: 0.5728
epoch:  1640
1640th epoch validation confusion matrix: [[19.08, 13.28], [1.92, 4.72]] eval_metric: 0.6103
epoch:  1660
1660th epoch validation confusion matrix: [[17.89, 11.91], [3.11, 6.09]] eval_metric: 0.6149
epoch:  1680
1680th epoch validation confusion matrix: [[14.7, 9.46], [6.3, 8.54]] eval_metric: 0.5959
epoch:  1700
1700th epoch validation confusion matrix: [[18.69, 12.75], [2.31, 5.25]] eval_metric: 0.6138
epoch:  1720
1720th epoch validation confusion matrix: [[17.4, 11.71], [3.6, 6.29]] eval_metric: 0.6074
epoch:  1740
1740th epoch validation confusion matrix: [[18.47, 12.68], [2.53, 5.32]] eval_metric: 0.6100
epoch:  1760
1760th epoch validation confusion matrix: [[19.58, 13.94], [1.42, 4.06]] eval_metric: 0.6062
epoch:  1780
1780th epoch validation confusion matrix: [[19.02, 13.04], [1.98, 4.96]] eval_metric: 0.6149
epoch:  1800
1800th epoch validation confusion matrix: [[17.08, 11.02], [3.92, 6.98]] eval_metric: 0.6169
epoch:  1820
1820th epoch validation confusion matrix: [[16.46, 10.49], [4.54, 7.51]] eval_metric: 0.6146
epoch:  1840
1840th epoch validation confusion matrix: [[18.28, 13.07], [2.72, 4.93]] eval_metric: 0.5951
epoch:  1860
1860th epoch validation confusion matrix: [[19.63, 13.89], [1.37, 4.11]] eval_metric: 0.6087
epoch:  1880
1880th epoch validation confusion matrix: [[18.42, 12.4], [2.58, 5.6]] eval_metric: 0.6159
epoch:  1900
1900th epoch validation confusion matrix: [[19.57, 14.08], [1.43, 3.92]] eval_metric: 0.6023
epoch:  1920
1920th epoch validation confusion matrix: [[16.26, 10.13], [4.74, 7.87]] eval_metric: 0.6187
epoch:  1940
1940th epoch validation confusion matrix: [[10.34, 5.23], [10.66, 12.77]] eval_metric: 0.5926
epoch:  1960
1960th epoch validation confusion matrix: [[15.56, 9.67], [5.44, 8.33]] eval_metric: 0.6126
epoch:  1980
1980th epoch validation confusion matrix: [[11.83, 6.19], [9.17, 11.81]] eval_metric: 0.6062
epoch:  2000
2000th epoch validation confusion matrix: [[17.17, 11.22], [3.83, 6.78]] eval_metric: 0.6141
epoch:  2020
2020th epoch validation confusion matrix: [[19.71, 14.16], [1.29, 3.84]] eval_metric: 0.6038
epoch:  2040
2040th epoch validation confusion matrix: [[18.46, 12.55], [2.54, 5.45]] eval_metric: 0.6131
epoch:  2060
2060th epoch validation confusion matrix: [[11.55, 6.4], [9.45, 11.6]] eval_metric: 0.5936
epoch:  2080
2080th epoch validation confusion matrix: [[18.92, 12.98], [2.08, 5.02]] eval_metric: 0.6138
epoch:  2100
2100th epoch validation confusion matrix: [[10.24, 5.38], [10.76, 12.62]] eval_metric: 0.5862
epoch:  2120
2120th epoch validation confusion matrix: [[11.65, 5.88], [9.35, 12.12]] eval_metric: 0.6095
epoch:  2140
2140th epoch validation confusion matrix: [[10.64, 5.12], [10.36, 12.88]] eval_metric: 0.6031
epoch:  2160
2160th epoch validation confusion matrix: [[18.34, 12.83], [2.66, 5.17]] eval_metric: 0.6028
epoch:  2180
2180th epoch validation confusion matrix: [[15.37, 9.37], [5.63, 8.63]] eval_metric: 0.6154
epoch:  2200
2200th epoch validation confusion matrix: [[17.95, 11.68], [3.05, 6.32]] eval_metric: 0.6223
epoch:  2220
2220th epoch validation confusion matrix: [[16.78, 10.58], [4.22, 7.42]] eval_metric: 0.6205
epoch:  2240
2240th epoch validation confusion matrix: [[19.35, 13.47], [1.65, 4.53]] eval_metric: 0.6123
epoch:  2260
2260th epoch validation confusion matrix: [[17.81, 11.38], [3.19, 6.62]] eval_metric: 0.6264
epoch:  2280
2280th epoch validation confusion matrix: [[19.12, 13.38], [1.88, 4.62]] eval_metric: 0.6087
epoch:  2300
2300th epoch validation confusion matrix: [[17.84, 11.75], [3.16, 6.25]] eval_metric: 0.6177
epoch:  2320
2320th epoch validation confusion matrix: [[19.93, 14.11], [1.07, 3.89]] eval_metric: 0.6108
epoch:  2340
2340th epoch validation confusion matrix: [[17.19, 10.92], [3.81, 7.08]] eval_metric: 0.6223
epoch:  2360
2360th epoch validation confusion matrix: [[19.41, 13.65], [1.59, 4.35]] eval_metric: 0.6092
epoch:  2380
2380th epoch validation confusion matrix: [[17.01, 11.0], [3.99, 7.0]] eval_metric: 0.6156
epoch:  2400
2400th epoch validation confusion matrix: [[18.0, 11.55], [3.0, 6.45]] eval_metric: 0.6269
epoch:  2420
2420th epoch validation confusion matrix: [[18.24, 11.69], [2.76, 6.31]] eval_metric: 0.6295
epoch:  2440
2440th epoch validation confusion matrix: [[18.9, 12.8], [2.1, 5.2]] eval_metric: 0.6179
epoch:  2460
2460th epoch validation confusion matrix: [[19.21, 13.06], [1.79, 4.94]] eval_metric: 0.6192
epoch:  2480
2480th epoch validation confusion matrix: [[13.39, 8.32], [7.61, 9.68]] eval_metric: 0.5915
epoch:  2500
2500th epoch validation confusion matrix: [[17.75, 11.28], [3.25, 6.72]] eval_metric: 0.6274
epoch:  2520
2520th epoch validation confusion matrix: [[17.54, 11.32], [3.46, 6.68]] eval_metric: 0.6210
epoch:  2540
2540th epoch validation confusion matrix: [[19.19, 12.74], [1.81, 5.26]] eval_metric: 0.6269
epoch:  2560
2560th epoch validation confusion matrix: [[16.75, 10.4], [4.25, 7.6]] eval_metric: 0.6244
epoch:  2580
2580th epoch validation confusion matrix: [[16.29, 9.99], [4.71, 8.01]] eval_metric: 0.6231
epoch:  2600
2600th epoch validation confusion matrix: [[12.2, 6.53], [8.8, 11.47]] eval_metric: 0.6069
epoch:  2620
2620th epoch validation confusion matrix: [[12.18, 6.68], [8.82, 11.32]] eval_metric: 0.6026
epoch:  2640
2640th epoch validation confusion matrix: [[13.23, 7.49], [7.77, 10.51]] eval_metric: 0.6087
epoch:  2660
2660th epoch validation confusion matrix: [[19.39, 13.11], [1.61, 4.89]] eval_metric: 0.6226
epoch:  2680
2680th epoch validation confusion matrix: [[14.57, 8.39], [6.43, 9.61]] eval_metric: 0.6200
epoch:  2700
2700th epoch validation confusion matrix: [[19.13, 13.1], [1.87, 4.9]] eval_metric: 0.6162
epoch:  2720
2720th epoch validation confusion matrix: [[18.41, 11.48], [2.59, 6.52]] eval_metric: 0.6392
epoch:  2740
2740th epoch validation confusion matrix: [[13.77, 7.63], [7.23, 10.37]] eval_metric: 0.6190
epoch:  2760
2760th epoch validation confusion matrix: [[17.01, 10.48], [3.99, 7.52]] eval_metric: 0.6290
epoch:  2780
2780th epoch validation confusion matrix: [[18.16, 11.55], [2.84, 6.45]] eval_metric: 0.6310
epoch:  2800
2800th epoch validation confusion matrix: [[15.08, 8.89], [5.92, 9.11]] eval_metric: 0.6203
epoch:  2820
2820th epoch validation confusion matrix: [[12.87, 6.91], [8.13, 11.09]] eval_metric: 0.6144
epoch:  2840
2840th epoch validation confusion matrix: [[11.3, 5.08], [9.7, 12.92]] eval_metric: 0.6210
epoch:  2860
2860th epoch validation confusion matrix: [[17.83, 11.11], [3.17, 6.89]] eval_metric: 0.6338
epoch:  2880
2880th epoch validation confusion matrix: [[19.39, 13.1], [1.61, 4.9]] eval_metric: 0.6228
epoch:  2900
2900th epoch validation confusion matrix: [[18.56, 11.94], [2.44, 6.06]] eval_metric: 0.6313
epoch:  2920
2920th epoch validation confusion matrix: [[20.02, 15.05], [0.98, 2.95]] eval_metric: 0.5890
epoch:  2940
2940th epoch validation confusion matrix: [[17.47, 11.01], [3.53, 6.99]] eval_metric: 0.6272
epoch:  2960
2960th epoch validation confusion matrix: [[13.98, 7.88], [7.02, 10.12]] eval_metric: 0.6179
epoch:  2980
2980th epoch validation confusion matrix: [[16.54, 10.34], [4.46, 7.66]] eval_metric: 0.6205
Best model saved at the 2720th epoch: 0.6392307692307693 [[18.41, 11.48], [2.59, 6.52]]
testing and generating DPMs ... 
train confusion matrix  [[83.89, 36.03], [13.11, 26.97]]  accuracy  0.692875
valid confusion matrix  [[18.41, 11.48], [2.59, 6.52]]  accuracy  0.6392307692307693
test confusion matrix  [[53.91, 20.54], [9.09, 14.46]]  accuracy  0.6976530612244899
DPM generation is done
epoch:  0
0th epoch validation confusion matrix: [[26.99, 11.99], [0.01, 0.01]] eval_metric: 0.6923
epoch:  20
20th epoch validation confusion matrix: [[26.91, 11.97], [0.09, 0.03]] eval_metric: 0.6908
epoch:  40
40th epoch validation confusion matrix: [[27.0, 12.0], [0.0, 0.0]] eval_metric: 0.6923
epoch:  60
60th epoch validation confusion matrix: [[14.46, 6.1], [12.54, 5.9]] eval_metric: 0.5221
epoch:  80
80th epoch validation confusion matrix: [[23.41, 10.32], [3.59, 1.68]] eval_metric: 0.6433
epoch:  100
100th epoch validation confusion matrix: [[7.85, 3.38], [19.15, 8.62]] eval_metric: 0.4223
epoch:  120
120th epoch validation confusion matrix: [[22.6, 9.77], [4.4, 2.23]] eval_metric: 0.6367
epoch:  140
140th epoch validation confusion matrix: [[24.61, 10.78], [2.39, 1.22]] eval_metric: 0.6623
epoch:  160
160th epoch validation confusion matrix: [[8.24, 3.24], [18.76, 8.76]] eval_metric: 0.4359
epoch:  180
180th epoch validation confusion matrix: [[22.42, 9.77], [4.58, 2.23]] eval_metric: 0.6321
epoch:  200
200th epoch validation confusion matrix: [[25.05, 10.83], [1.95, 1.17]] eval_metric: 0.6723
epoch:  220
220th epoch validation confusion matrix: [[18.25, 7.66], [8.75, 4.34]] eval_metric: 0.5792
epoch:  240
240th epoch validation confusion matrix: [[22.63, 9.61], [4.37, 2.39]] eval_metric: 0.6415
epoch:  260
260th epoch validation confusion matrix: [[23.05, 9.75], [3.95, 2.25]] eval_metric: 0.6487
epoch:  280
280th epoch validation confusion matrix: [[24.43, 10.54], [2.57, 1.46]] eval_metric: 0.6638
epoch:  300
300th epoch validation confusion matrix: [[22.35, 9.33], [4.65, 2.67]] eval_metric: 0.6415
epoch:  320
320th epoch validation confusion matrix: [[21.77, 9.07], [5.23, 2.93]] eval_metric: 0.6333
epoch:  340
340th epoch validation confusion matrix: [[19.72, 8.14], [7.28, 3.86]] eval_metric: 0.6046
epoch:  360
360th epoch validation confusion matrix: [[22.15, 9.11], [4.85, 2.89]] eval_metric: 0.6421
epoch:  380
380th epoch validation confusion matrix: [[20.17, 8.28], [6.83, 3.72]] eval_metric: 0.6126
epoch:  400
400th epoch validation confusion matrix: [[22.64, 9.46], [4.36, 2.54]] eval_metric: 0.6456
epoch:  420
420th epoch validation confusion matrix: [[25.38, 10.69], [1.62, 1.31]] eval_metric: 0.6844
epoch:  440
440th epoch validation confusion matrix: [[3.14, 1.01], [23.86, 10.99]] eval_metric: 0.3623
epoch:  460
460th epoch validation confusion matrix: [[19.23, 7.52], [7.77, 4.48]] eval_metric: 0.6079
epoch:  480
480th epoch validation confusion matrix: [[8.01, 2.8], [18.99, 9.2]] eval_metric: 0.4413
epoch:  500
500th epoch validation confusion matrix: [[20.65, 8.36], [6.35, 3.64]] eval_metric: 0.6228
epoch:  520
520th epoch validation confusion matrix: [[17.57, 6.7], [9.43, 5.3]] eval_metric: 0.5864
epoch:  540
540th epoch validation confusion matrix: [[22.35, 8.98], [4.65, 3.02]] eval_metric: 0.6505
epoch:  560
560th epoch validation confusion matrix: [[21.91, 8.71], [5.09, 3.29]] eval_metric: 0.6462
epoch:  580
580th epoch validation confusion matrix: [[23.2, 9.2], [3.8, 2.8]] eval_metric: 0.6667
epoch:  600
600th epoch validation confusion matrix: [[16.5, 6.09], [10.5, 5.91]] eval_metric: 0.5746
epoch:  620
620th epoch validation confusion matrix: [[19.51, 7.63], [7.49, 4.37]] eval_metric: 0.6123
epoch:  640
640th epoch validation confusion matrix: [[22.46, 8.74], [4.54, 3.26]] eval_metric: 0.6595
epoch:  660
660th epoch validation confusion matrix: [[20.79, 8.06], [6.21, 3.94]] eval_metric: 0.6341
epoch:  680
680th epoch validation confusion matrix: [[22.32, 8.83], [4.68, 3.17]] eval_metric: 0.6536
epoch:  700
700th epoch validation confusion matrix: [[23.24, 9.53], [3.76, 2.47]] eval_metric: 0.6592
epoch:  720
720th epoch validation confusion matrix: [[23.46, 9.44], [3.54, 2.56]] eval_metric: 0.6672
epoch:  740
740th epoch validation confusion matrix: [[22.49, 8.62], [4.51, 3.38]] eval_metric: 0.6633
epoch:  760
760th epoch validation confusion matrix: [[21.43, 8.25], [5.57, 3.75]] eval_metric: 0.6456
epoch:  780
780th epoch validation confusion matrix: [[20.78, 8.09], [6.22, 3.91]] eval_metric: 0.6331
epoch:  800
800th epoch validation confusion matrix: [[20.98, 8.17], [6.02, 3.83]] eval_metric: 0.6362
epoch:  820
820th epoch validation confusion matrix: [[21.24, 7.95], [5.76, 4.05]] eval_metric: 0.6485
epoch:  840
840th epoch validation confusion matrix: [[24.15, 9.59], [2.85, 2.41]] eval_metric: 0.6810
epoch:  860
860th epoch validation confusion matrix: [[21.03, 7.89], [5.97, 4.11]] eval_metric: 0.6446
epoch:  880
880th epoch validation confusion matrix: [[22.96, 8.92], [4.04, 3.08]] eval_metric: 0.6677
epoch:  900
900th epoch validation confusion matrix: [[23.36, 9.2], [3.64, 2.8]] eval_metric: 0.6708
epoch:  920
920th epoch validation confusion matrix: [[20.77, 7.74], [6.23, 4.26]] eval_metric: 0.6418
epoch:  940
940th epoch validation confusion matrix: [[22.34, 8.7], [4.66, 3.3]] eval_metric: 0.6574
epoch:  960
960th epoch validation confusion matrix: [[23.26, 8.9], [3.74, 3.1]] eval_metric: 0.6759
epoch:  980
980th epoch validation confusion matrix: [[23.18, 9.17], [3.82, 2.83]] eval_metric: 0.6669
epoch:  1000
1000th epoch validation confusion matrix: [[21.4, 8.07], [5.6, 3.93]] eval_metric: 0.6495
epoch:  1020
1020th epoch validation confusion matrix: [[17.47, 6.23], [9.53, 5.77]] eval_metric: 0.5959
epoch:  1040
1040th epoch validation confusion matrix: [[22.41, 8.55], [4.59, 3.45]] eval_metric: 0.6631
epoch:  1060
1060th epoch validation confusion matrix: [[23.28, 9.11], [3.72, 2.89]] eval_metric: 0.6710
epoch:  1080
1080th epoch validation confusion matrix: [[23.08, 8.96], [3.92, 3.04]] eval_metric: 0.6697
epoch:  1100
1100th epoch validation confusion matrix: [[22.37, 8.35], [4.63, 3.65]] eval_metric: 0.6672
epoch:  1120
1120th epoch validation confusion matrix: [[22.59, 8.54], [4.41, 3.46]] eval_metric: 0.6679
epoch:  1140
1140th epoch validation confusion matrix: [[23.06, 8.85], [3.94, 3.15]] eval_metric: 0.6721
epoch:  1160
1160th epoch validation confusion matrix: [[22.94, 8.79], [4.06, 3.21]] eval_metric: 0.6705
epoch:  1180
1180th epoch validation confusion matrix: [[23.23, 9.06], [3.77, 2.94]] eval_metric: 0.6710
epoch:  1200
1200th epoch validation confusion matrix: [[24.41, 9.5], [2.59, 2.5]] eval_metric: 0.6900
epoch:  1220
1220th epoch validation confusion matrix: [[21.52, 7.85], [5.48, 4.15]] eval_metric: 0.6582
epoch:  1240
1240th epoch validation confusion matrix: [[20.93, 7.71], [6.07, 4.29]] eval_metric: 0.6467
epoch:  1260
1260th epoch validation confusion matrix: [[17.4, 5.89], [9.6, 6.11]] eval_metric: 0.6028
epoch:  1280
1280th epoch validation confusion matrix: [[14.83, 5.11], [12.17, 6.89]] eval_metric: 0.5569
epoch:  1300
1300th epoch validation confusion matrix: [[21.97, 8.05], [5.03, 3.95]] eval_metric: 0.6646
epoch:  1320
1320th epoch validation confusion matrix: [[20.1, 7.38], [6.9, 4.62]] eval_metric: 0.6338
epoch:  1340
1340th epoch validation confusion matrix: [[23.3, 8.7], [3.7, 3.3]] eval_metric: 0.6821
epoch:  1360
1360th epoch validation confusion matrix: [[21.07, 7.7], [5.93, 4.3]] eval_metric: 0.6505
epoch:  1380
1380th epoch validation confusion matrix: [[22.34, 8.05], [4.66, 3.95]] eval_metric: 0.6741
epoch:  1400
1400th epoch validation confusion matrix: [[21.24, 7.68], [5.76, 4.32]] eval_metric: 0.6554
epoch:  1420
1420th epoch validation confusion matrix: [[23.01, 8.54], [3.99, 3.46]] eval_metric: 0.6787
epoch:  1440
1440th epoch validation confusion matrix: [[20.45, 7.35], [6.55, 4.65]] eval_metric: 0.6436
epoch:  1460
1460th epoch validation confusion matrix: [[23.05, 8.33], [3.95, 3.67]] eval_metric: 0.6851
epoch:  1480
1480th epoch validation confusion matrix: [[23.3, 8.64], [3.7, 3.36]] eval_metric: 0.6836
epoch:  1500
1500th epoch validation confusion matrix: [[11.58, 3.39], [15.42, 8.61]] eval_metric: 0.5177
epoch:  1520
1520th epoch validation confusion matrix: [[23.52, 8.7], [3.48, 3.3]] eval_metric: 0.6877
epoch:  1540
1540th epoch validation confusion matrix: [[23.52, 8.73], [3.48, 3.27]] eval_metric: 0.6869
epoch:  1560
1560th epoch validation confusion matrix: [[21.79, 7.8], [5.21, 4.2]] eval_metric: 0.6664
epoch:  1580
1580th epoch validation confusion matrix: [[24.91, 9.64], [2.09, 2.36]] eval_metric: 0.6992
epoch:  1600
1600th epoch validation confusion matrix: [[23.38, 8.7], [3.62, 3.3]] eval_metric: 0.6841
epoch:  1620
1620th epoch validation confusion matrix: [[21.52, 7.69], [5.48, 4.31]] eval_metric: 0.6623
epoch:  1640
1640th epoch validation confusion matrix: [[21.75, 7.83], [5.25, 4.17]] eval_metric: 0.6646
epoch:  1660
1660th epoch validation confusion matrix: [[23.68, 9.1], [3.32, 2.9]] eval_metric: 0.6815
epoch:  1680
1680th epoch validation confusion matrix: [[19.0, 6.74], [8.0, 5.26]] eval_metric: 0.6221
epoch:  1700
1700th epoch validation confusion matrix: [[22.26, 8.02], [4.74, 3.98]] eval_metric: 0.6728
epoch:  1720
1720th epoch validation confusion matrix: [[21.63, 7.93], [5.37, 4.07]] eval_metric: 0.6590
epoch:  1740
1740th epoch validation confusion matrix: [[14.19, 4.32], [12.81, 7.68]] eval_metric: 0.5608
epoch:  1760
1760th epoch validation confusion matrix: [[23.65, 8.57], [3.35, 3.43]] eval_metric: 0.6944
epoch:  1780
1780th epoch validation confusion matrix: [[24.9, 9.41], [2.1, 2.59]] eval_metric: 0.7049
epoch:  1800
1800th epoch validation confusion matrix: [[24.28, 9.13], [2.72, 2.87]] eval_metric: 0.6962
epoch:  1820
1820th epoch validation confusion matrix: [[21.43, 7.58], [5.57, 4.42]] eval_metric: 0.6628
epoch:  1840
1840th epoch validation confusion matrix: [[24.53, 9.39], [2.47, 2.61]] eval_metric: 0.6959
epoch:  1860
1860th epoch validation confusion matrix: [[25.16, 9.78], [1.84, 2.22]] eval_metric: 0.7021
epoch:  1880
1880th epoch validation confusion matrix: [[23.74, 8.73], [3.26, 3.27]] eval_metric: 0.6926
epoch:  1900
1900th epoch validation confusion matrix: [[23.16, 8.48], [3.84, 3.52]] eval_metric: 0.6841
epoch:  1920
1920th epoch validation confusion matrix: [[21.46, 7.66], [5.54, 4.34]] eval_metric: 0.6615
epoch:  1940
1940th epoch validation confusion matrix: [[24.41, 9.27], [2.59, 2.73]] eval_metric: 0.6959
epoch:  1960
1960th epoch validation confusion matrix: [[24.1, 8.93], [2.9, 3.07]] eval_metric: 0.6967
epoch:  1980
1980th epoch validation confusion matrix: [[24.06, 8.93], [2.94, 3.07]] eval_metric: 0.6956
epoch:  2000
2000th epoch validation confusion matrix: [[22.93, 8.45], [4.07, 3.55]] eval_metric: 0.6790
epoch:  2020
2020th epoch validation confusion matrix: [[23.31, 8.49], [3.69, 3.51]] eval_metric: 0.6877
epoch:  2040
2040th epoch validation confusion matrix: [[23.98, 8.94], [3.02, 3.06]] eval_metric: 0.6933
epoch:  2060
2060th epoch validation confusion matrix: [[16.43, 6.13], [10.57, 5.87]] eval_metric: 0.5718
epoch:  2080
2080th epoch validation confusion matrix: [[23.74, 8.68], [3.26, 3.32]] eval_metric: 0.6938
epoch:  2100
2100th epoch validation confusion matrix: [[23.48, 8.54], [3.52, 3.46]] eval_metric: 0.6908
epoch:  2120
2120th epoch validation confusion matrix: [[23.81, 8.66], [3.19, 3.34]] eval_metric: 0.6962
epoch:  2140
2140th epoch validation confusion matrix: [[23.13, 8.34], [3.87, 3.66]] eval_metric: 0.6869
epoch:  2160
2160th epoch validation confusion matrix: [[23.73, 8.67], [3.27, 3.33]] eval_metric: 0.6938
epoch:  2180
2180th epoch validation confusion matrix: [[23.52, 8.68], [3.48, 3.32]] eval_metric: 0.6882
epoch:  2200
2200th epoch validation confusion matrix: [[24.67, 9.13], [2.33, 2.87]] eval_metric: 0.7062
epoch:  2220
2220th epoch validation confusion matrix: [[15.19, 4.85], [11.81, 7.15]] eval_metric: 0.5728
epoch:  2240
2240th epoch validation confusion matrix: [[22.81, 8.06], [4.19, 3.94]] eval_metric: 0.6859
epoch:  2260
2260th epoch validation confusion matrix: [[21.87, 7.46], [5.13, 4.54]] eval_metric: 0.6772
epoch:  2280
2280th epoch validation confusion matrix: [[23.43, 8.47], [3.57, 3.53]] eval_metric: 0.6913
epoch:  2300
2300th epoch validation confusion matrix: [[20.37, 6.85], [6.63, 5.15]] eval_metric: 0.6544
epoch:  2320
2320th epoch validation confusion matrix: [[21.71, 7.63], [5.29, 4.37]] eval_metric: 0.6687
epoch:  2340
2340th epoch validation confusion matrix: [[23.56, 8.44], [3.44, 3.56]] eval_metric: 0.6954
epoch:  2360
2360th epoch validation confusion matrix: [[23.41, 8.44], [3.59, 3.56]] eval_metric: 0.6915
epoch:  2380
2380th epoch validation confusion matrix: [[25.43, 9.73], [1.57, 2.27]] eval_metric: 0.7103
epoch:  2400
2400th epoch validation confusion matrix: [[21.62, 7.63], [5.38, 4.37]] eval_metric: 0.6664
epoch:  2420
2420th epoch validation confusion matrix: [[23.81, 8.61], [3.19, 3.39]] eval_metric: 0.6974
epoch:  2440
2440th epoch validation confusion matrix: [[22.68, 7.86], [4.32, 4.14]] eval_metric: 0.6877
epoch:  2460
2460th epoch validation confusion matrix: [[22.02, 7.75], [4.98, 4.25]] eval_metric: 0.6736
epoch:  2480
2480th epoch validation confusion matrix: [[24.69, 9.22], [2.31, 2.78]] eval_metric: 0.7044
epoch:  2500
2500th epoch validation confusion matrix: [[20.95, 7.22], [6.05, 4.78]] eval_metric: 0.6597
epoch:  2520
2520th epoch validation confusion matrix: [[25.78, 10.1], [1.22, 1.9]] eval_metric: 0.7097
epoch:  2540
2540th epoch validation confusion matrix: [[24.25, 8.98], [2.75, 3.02]] eval_metric: 0.6992
epoch:  2560
2560th epoch validation confusion matrix: [[18.5, 6.24], [8.5, 5.76]] eval_metric: 0.6221
epoch:  2580
2580th epoch validation confusion matrix: [[25.03, 9.5], [1.97, 2.5]] eval_metric: 0.7059
epoch:  2600
2600th epoch validation confusion matrix: [[22.13, 7.75], [4.87, 4.25]] eval_metric: 0.6764
epoch:  2620
2620th epoch validation confusion matrix: [[17.27, 5.73], [9.73, 6.27]] eval_metric: 0.6036
epoch:  2640
2640th epoch validation confusion matrix: [[21.78, 7.42], [5.22, 4.58]] eval_metric: 0.6759
epoch:  2660
2660th epoch validation confusion matrix: [[23.58, 8.47], [3.42, 3.53]] eval_metric: 0.6951
epoch:  2680
2680th epoch validation confusion matrix: [[22.72, 7.84], [4.28, 4.16]] eval_metric: 0.6892
epoch:  2700
2700th epoch validation confusion matrix: [[25.23, 9.67], [1.77, 2.33]] eval_metric: 0.7067
epoch:  2720
2720th epoch validation confusion matrix: [[23.55, 8.48], [3.45, 3.52]] eval_metric: 0.6941
epoch:  2740
2740th epoch validation confusion matrix: [[23.77, 8.59], [3.23, 3.41]] eval_metric: 0.6969
epoch:  2760
2760th epoch validation confusion matrix: [[24.17, 8.8], [2.83, 3.2]] eval_metric: 0.7018
epoch:  2780
2780th epoch validation confusion matrix: [[21.45, 7.36], [5.55, 4.64]] eval_metric: 0.6690
epoch:  2800
2800th epoch validation confusion matrix: [[23.31, 8.32], [3.69, 3.68]] eval_metric: 0.6921
epoch:  2820
2820th epoch validation confusion matrix: [[24.15, 8.7], [2.85, 3.3]] eval_metric: 0.7038
epoch:  2840
2840th epoch validation confusion matrix: [[24.03, 8.46], [2.97, 3.54]] eval_metric: 0.7069
epoch:  2860
2860th epoch validation confusion matrix: [[23.48, 8.41], [3.52, 3.59]] eval_metric: 0.6941
epoch:  2880
2880th epoch validation confusion matrix: [[19.16, 7.19], [7.84, 4.81]] eval_metric: 0.6146
epoch:  2900
2900th epoch validation confusion matrix: [[18.87, 6.7], [8.13, 5.3]] eval_metric: 0.6197
epoch:  2920
2920th epoch validation confusion matrix: [[25.01, 9.35], [1.99, 2.65]] eval_metric: 0.7092
epoch:  2940
2940th epoch validation confusion matrix: [[22.0, 7.44], [5.0, 4.56]] eval_metric: 0.6810
epoch:  2960
2960th epoch validation confusion matrix: [[21.76, 7.51], [5.24, 4.49]] eval_metric: 0.6731
epoch:  2980
2980th epoch validation confusion matrix: [[24.66, 9.15], [2.34, 2.85]] eval_metric: 0.7054
Best model saved at the 2380th epoch: 0.7102564102564103 [[25.43, 9.73], [1.57, 2.27]]
testing and generating DPMs ... 
train confusion matrix  [[86.55, 51.24], [4.45, 17.76]]  accuracy  0.6519375000000001
valid confusion matrix  [[25.43, 9.73], [1.57, 2.27]]  accuracy  0.7102564102564103
test confusion matrix  [[59.38, 26.25], [3.62, 8.75]]  accuracy  0.695204081632653
DPM generation is done
epoch:  0
0th epoch validation confusion matrix: [[0.0, 0.0], [25.0, 14.0]] eval_metric: 0.3590
epoch:  20
20th epoch validation confusion matrix: [[0.03, 0.02], [24.97, 13.98]] eval_metric: 0.3592
epoch:  40
40th epoch validation confusion matrix: [[0.01, 0.0], [24.99, 14.0]] eval_metric: 0.3592
epoch:  60
60th epoch validation confusion matrix: [[0.0, 0.0], [25.0, 14.0]] eval_metric: 0.3590
epoch:  80
80th epoch validation confusion matrix: [[0.0, 0.0], [25.0, 14.0]] eval_metric: 0.3590
epoch:  100
100th epoch validation confusion matrix: [[0.07, 0.04], [24.93, 13.96]] eval_metric: 0.3597
epoch:  120
120th epoch validation confusion matrix: [[1.62, 1.04], [23.38, 12.96]] eval_metric: 0.3738
epoch:  140
140th epoch validation confusion matrix: [[0.07, 0.04], [24.93, 13.96]] eval_metric: 0.3597
epoch:  160
160th epoch validation confusion matrix: [[0.49, 0.22], [24.51, 13.78]] eval_metric: 0.3659
epoch:  180
180th epoch validation confusion matrix: [[3.51, 2.1], [21.49, 11.9]] eval_metric: 0.3951
epoch:  200
200th epoch validation confusion matrix: [[0.05, 0.03], [24.95, 13.97]] eval_metric: 0.3595
epoch:  220
220th epoch validation confusion matrix: [[0.78, 0.43], [24.22, 13.57]] eval_metric: 0.3679
epoch:  240
240th epoch validation confusion matrix: [[23.77, 13.13], [1.23, 0.87]] eval_metric: 0.6318
epoch:  260
260th epoch validation confusion matrix: [[22.08, 12.18], [2.92, 1.82]] eval_metric: 0.6128
epoch:  280
280th epoch validation confusion matrix: [[11.96, 6.74], [13.04, 7.26]] eval_metric: 0.4928
epoch:  300
300th epoch validation confusion matrix: [[13.0, 7.31], [12.0, 6.69]] eval_metric: 0.5049
epoch:  320
320th epoch validation confusion matrix: [[6.41, 3.13], [18.59, 10.87]] eval_metric: 0.4431
epoch:  340
340th epoch validation confusion matrix: [[2.54, 0.92], [22.46, 13.08]] eval_metric: 0.4005
epoch:  360
360th epoch validation confusion matrix: [[22.32, 12.2], [2.68, 1.8]] eval_metric: 0.6185
epoch:  380
380th epoch validation confusion matrix: [[20.44, 10.93], [4.56, 3.07]] eval_metric: 0.6028
epoch:  400
400th epoch validation confusion matrix: [[5.53, 2.79], [19.47, 11.21]] eval_metric: 0.4292
epoch:  420
420th epoch validation confusion matrix: [[7.59, 3.42], [17.41, 10.58]] eval_metric: 0.4659
epoch:  440
440th epoch validation confusion matrix: [[19.18, 9.78], [5.82, 4.22]] eval_metric: 0.6000
epoch:  460
460th epoch validation confusion matrix: [[6.42, 2.91], [18.58, 11.09]] eval_metric: 0.4490
epoch:  480
480th epoch validation confusion matrix: [[8.81, 4.33], [16.19, 9.67]] eval_metric: 0.4738
epoch:  500
500th epoch validation confusion matrix: [[6.25, 2.86], [18.75, 11.14]] eval_metric: 0.4459
epoch:  520
520th epoch validation confusion matrix: [[7.57, 3.35], [17.43, 10.65]] eval_metric: 0.4672
epoch:  540
540th epoch validation confusion matrix: [[8.72, 3.95], [16.28, 10.05]] eval_metric: 0.4813
epoch:  560
560th epoch validation confusion matrix: [[9.29, 4.1], [15.71, 9.9]] eval_metric: 0.4921
epoch:  580
580th epoch validation confusion matrix: [[10.71, 5.02], [14.29, 8.98]] eval_metric: 0.5049
epoch:  600
600th epoch validation confusion matrix: [[15.65, 7.61], [9.35, 6.39]] eval_metric: 0.5651
epoch:  620
620th epoch validation confusion matrix: [[6.81, 2.84], [18.19, 11.16]] eval_metric: 0.4608
epoch:  640
640th epoch validation confusion matrix: [[11.42, 5.2], [13.58, 8.8]] eval_metric: 0.5185
epoch:  660
660th epoch validation confusion matrix: [[6.42, 2.68], [18.58, 11.32]] eval_metric: 0.4549
epoch:  680
680th epoch validation confusion matrix: [[8.77, 3.96], [16.23, 10.04]] eval_metric: 0.4823
epoch:  700
700th epoch validation confusion matrix: [[19.46, 9.49], [5.54, 4.51]] eval_metric: 0.6146
epoch:  720
720th epoch validation confusion matrix: [[11.6, 5.07], [13.4, 8.93]] eval_metric: 0.5264
epoch:  740
740th epoch validation confusion matrix: [[18.46, 8.83], [6.54, 5.17]] eval_metric: 0.6059
epoch:  760
760th epoch validation confusion matrix: [[14.47, 6.76], [10.53, 7.24]] eval_metric: 0.5567
epoch:  780
780th epoch validation confusion matrix: [[15.42, 7.36], [9.58, 6.64]] eval_metric: 0.5656
epoch:  800
800th epoch validation confusion matrix: [[15.22, 7.31], [9.78, 6.69]] eval_metric: 0.5618
epoch:  820
820th epoch validation confusion matrix: [[16.23, 7.87], [8.77, 6.13]] eval_metric: 0.5733
epoch:  840
840th epoch validation confusion matrix: [[15.39, 7.13], [9.61, 6.87]] eval_metric: 0.5708
epoch:  860
860th epoch validation confusion matrix: [[18.55, 8.83], [6.45, 5.17]] eval_metric: 0.6082
epoch:  880
880th epoch validation confusion matrix: [[11.41, 4.86], [13.59, 9.14]] eval_metric: 0.5269
epoch:  900
900th epoch validation confusion matrix: [[17.18, 8.23], [7.82, 5.77]] eval_metric: 0.5885
epoch:  920
920th epoch validation confusion matrix: [[19.83, 9.53], [5.17, 4.47]] eval_metric: 0.6231
epoch:  940
940th epoch validation confusion matrix: [[14.62, 6.82], [10.38, 7.18]] eval_metric: 0.5590
epoch:  960
960th epoch validation confusion matrix: [[16.01, 7.58], [8.99, 6.42]] eval_metric: 0.5751
epoch:  980
980th epoch validation confusion matrix: [[8.22, 3.28], [16.78, 10.72]] eval_metric: 0.4856
epoch:  1000
1000th epoch validation confusion matrix: [[13.81, 6.69], [11.19, 7.31]] eval_metric: 0.5415
epoch:  1020
1020th epoch validation confusion matrix: [[6.49, 2.62], [18.51, 11.38]] eval_metric: 0.4582
epoch:  1040
1040th epoch validation confusion matrix: [[14.92, 6.88], [10.08, 7.12]] eval_metric: 0.5651
epoch:  1060
1060th epoch validation confusion matrix: [[14.38, 6.89], [10.62, 7.11]] eval_metric: 0.5510
epoch:  1080
1080th epoch validation confusion matrix: [[8.92, 3.68], [16.08, 10.32]] eval_metric: 0.4933
epoch:  1100
1100th epoch validation confusion matrix: [[10.28, 3.98], [14.72, 10.02]] eval_metric: 0.5205
epoch:  1120
1120th epoch validation confusion matrix: [[18.26, 8.58], [6.74, 5.42]] eval_metric: 0.6072
epoch:  1140
1140th epoch validation confusion matrix: [[18.55, 8.38], [6.45, 5.62]] eval_metric: 0.6197
epoch:  1160
1160th epoch validation confusion matrix: [[17.66, 8.16], [7.34, 5.84]] eval_metric: 0.6026
epoch:  1180
1180th epoch validation confusion matrix: [[16.8, 7.81], [8.2, 6.19]] eval_metric: 0.5895
epoch:  1200
1200th epoch validation confusion matrix: [[19.48, 9.14], [5.52, 4.86]] eval_metric: 0.6241
epoch:  1220
1220th epoch validation confusion matrix: [[18.9, 8.76], [6.1, 5.24]] eval_metric: 0.6190
epoch:  1240
1240th epoch validation confusion matrix: [[16.39, 7.34], [8.61, 6.66]] eval_metric: 0.5910
epoch:  1260
1260th epoch validation confusion matrix: [[18.84, 8.59], [6.16, 5.41]] eval_metric: 0.6218
epoch:  1280
1280th epoch validation confusion matrix: [[12.16, 4.92], [12.84, 9.08]] eval_metric: 0.5446
epoch:  1300
1300th epoch validation confusion matrix: [[17.94, 7.95], [7.06, 6.05]] eval_metric: 0.6151
epoch:  1320
1320th epoch validation confusion matrix: [[19.14, 8.61], [5.86, 5.39]] eval_metric: 0.6290
epoch:  1340
1340th epoch validation confusion matrix: [[12.63, 5.22], [12.37, 8.78]] eval_metric: 0.5490
epoch:  1360
1360th epoch validation confusion matrix: [[16.94, 7.16], [8.06, 6.84]] eval_metric: 0.6097
epoch:  1380
1380th epoch validation confusion matrix: [[17.9, 8.04], [7.1, 5.96]] eval_metric: 0.6118
epoch:  1400
1400th epoch validation confusion matrix: [[14.25, 5.82], [10.75, 8.18]] eval_metric: 0.5751
epoch:  1420
1420th epoch validation confusion matrix: [[19.26, 8.53], [5.74, 5.47]] eval_metric: 0.6341
epoch:  1440
1440th epoch validation confusion matrix: [[14.44, 5.96], [10.56, 8.04]] eval_metric: 0.5764
epoch:  1460
1460th epoch validation confusion matrix: [[16.22, 7.41], [8.78, 6.59]] eval_metric: 0.5849
epoch:  1480
1480th epoch validation confusion matrix: [[15.59, 6.52], [9.41, 7.48]] eval_metric: 0.5915
epoch:  1500
1500th epoch validation confusion matrix: [[18.19, 7.88], [6.81, 6.12]] eval_metric: 0.6233
epoch:  1520
1520th epoch validation confusion matrix: [[12.09, 4.58], [12.91, 9.42]] eval_metric: 0.5515
epoch:  1540
1540th epoch validation confusion matrix: [[11.71, 4.36], [13.29, 9.64]] eval_metric: 0.5474
epoch:  1560
1560th epoch validation confusion matrix: [[12.64, 4.74], [12.36, 9.26]] eval_metric: 0.5615
epoch:  1580
1580th epoch validation confusion matrix: [[13.23, 5.39], [11.77, 8.61]] eval_metric: 0.5600
epoch:  1600
1600th epoch validation confusion matrix: [[17.35, 7.14], [7.65, 6.86]] eval_metric: 0.6208
epoch:  1620
1620th epoch validation confusion matrix: [[13.56, 5.64], [11.44, 8.36]] eval_metric: 0.5621
epoch:  1640
1640th epoch validation confusion matrix: [[13.86, 5.14], [11.14, 8.86]] eval_metric: 0.5826
epoch:  1660
1660th epoch validation confusion matrix: [[12.2, 4.4], [12.8, 9.6]] eval_metric: 0.5590
epoch:  1680
1680th epoch validation confusion matrix: [[19.58, 8.63], [5.42, 5.37]] eval_metric: 0.6397
epoch:  1700
1700th epoch validation confusion matrix: [[18.97, 8.14], [6.03, 5.86]] eval_metric: 0.6367
epoch:  1720
1720th epoch validation confusion matrix: [[15.05, 5.78], [9.95, 8.22]] eval_metric: 0.5967
epoch:  1740
1740th epoch validation confusion matrix: [[15.18, 6.47], [9.82, 7.53]] eval_metric: 0.5823
epoch:  1760
1760th epoch validation confusion matrix: [[19.15, 8.26], [5.85, 5.74]] eval_metric: 0.6382
epoch:  1780
1780th epoch validation confusion matrix: [[17.55, 7.52], [7.45, 6.48]] eval_metric: 0.6162
epoch:  1800
1800th epoch validation confusion matrix: [[19.05, 8.28], [5.95, 5.72]] eval_metric: 0.6351
epoch:  1820
1820th epoch validation confusion matrix: [[10.24, 3.32], [14.76, 10.68]] eval_metric: 0.5364
epoch:  1840
1840th epoch validation confusion matrix: [[13.9, 5.35], [11.1, 8.65]] eval_metric: 0.5782
epoch:  1860
1860th epoch validation confusion matrix: [[11.7, 3.9], [13.3, 10.1]] eval_metric: 0.5590
epoch:  1880
1880th epoch validation confusion matrix: [[22.13, 10.19], [2.87, 3.81]] eval_metric: 0.6651
epoch:  1900
1900th epoch validation confusion matrix: [[22.05, 9.73], [2.95, 4.27]] eval_metric: 0.6749
epoch:  1920
1920th epoch validation confusion matrix: [[16.83, 7.12], [8.17, 6.88]] eval_metric: 0.6079
epoch:  1940
1940th epoch validation confusion matrix: [[12.26, 4.24], [12.74, 9.76]] eval_metric: 0.5646
epoch:  1960
1960th epoch validation confusion matrix: [[14.05, 5.85], [10.95, 8.15]] eval_metric: 0.5692
epoch:  1980
1980th epoch validation confusion matrix: [[19.04, 7.94], [5.96, 6.06]] eval_metric: 0.6436
epoch:  2000
2000th epoch validation confusion matrix: [[16.33, 6.62], [8.67, 7.38]] eval_metric: 0.6079
epoch:  2020
2020th epoch validation confusion matrix: [[12.7, 4.27], [12.3, 9.73]] eval_metric: 0.5751
epoch:  2040
2040th epoch validation confusion matrix: [[12.1, 4.14], [12.9, 9.86]] eval_metric: 0.5631
epoch:  2060
2060th epoch validation confusion matrix: [[12.1, 3.96], [12.9, 10.04]] eval_metric: 0.5677
epoch:  2080
2080th epoch validation confusion matrix: [[12.44, 4.58], [12.56, 9.42]] eval_metric: 0.5605
epoch:  2100
2100th epoch validation confusion matrix: [[11.99, 4.14], [13.01, 9.86]] eval_metric: 0.5603
epoch:  2120
2120th epoch validation confusion matrix: [[8.82, 2.49], [16.18, 11.51]] eval_metric: 0.5213
epoch:  2140
2140th epoch validation confusion matrix: [[15.09, 5.61], [9.91, 8.39]] eval_metric: 0.6021
epoch:  2160
2160th epoch validation confusion matrix: [[12.1, 3.95], [12.9, 10.05]] eval_metric: 0.5679
epoch:  2180
2180th epoch validation confusion matrix: [[14.95, 5.48], [10.05, 8.52]] eval_metric: 0.6018
epoch:  2200
2200th epoch validation confusion matrix: [[15.98, 5.99], [9.02, 8.01]] eval_metric: 0.6151
epoch:  2220
2220th epoch validation confusion matrix: [[12.39, 3.92], [12.61, 10.08]] eval_metric: 0.5762
epoch:  2240
2240th epoch validation confusion matrix: [[17.85, 7.23], [7.15, 6.77]] eval_metric: 0.6313
epoch:  2260
2260th epoch validation confusion matrix: [[14.76, 5.25], [10.24, 8.75]] eval_metric: 0.6028
epoch:  2280
2280th epoch validation confusion matrix: [[17.72, 6.92], [7.28, 7.08]] eval_metric: 0.6359
epoch:  2300
2300th epoch validation confusion matrix: [[20.09, 8.29], [4.91, 5.71]] eval_metric: 0.6615
epoch:  2320
2320th epoch validation confusion matrix: [[19.31, 7.77], [5.69, 6.23]] eval_metric: 0.6549
epoch:  2340
2340th epoch validation confusion matrix: [[15.17, 5.72], [9.83, 8.28]] eval_metric: 0.6013
epoch:  2360
2360th epoch validation confusion matrix: [[18.82, 7.38], [6.18, 6.62]] eval_metric: 0.6523
epoch:  2380
2380th epoch validation confusion matrix: [[21.37, 9.16], [3.63, 4.84]] eval_metric: 0.6721
epoch:  2400
2400th epoch validation confusion matrix: [[20.28, 8.31], [4.72, 5.69]] eval_metric: 0.6659
epoch:  2420
2420th epoch validation confusion matrix: [[21.98, 9.43], [3.02, 4.57]] eval_metric: 0.6808
epoch:  2440
2440th epoch validation confusion matrix: [[21.72, 10.1], [3.28, 3.9]] eval_metric: 0.6569
epoch:  2460
2460th epoch validation confusion matrix: [[18.87, 7.5], [6.13, 6.5]] eval_metric: 0.6505
epoch:  2480
2480th epoch validation confusion matrix: [[20.72, 8.52], [4.28, 5.48]] eval_metric: 0.6718
epoch:  2500
2500th epoch validation confusion matrix: [[20.66, 8.51], [4.34, 5.49]] eval_metric: 0.6705
epoch:  2520
2520th epoch validation confusion matrix: [[20.0, 8.09], [5.0, 5.91]] eval_metric: 0.6644
epoch:  2540
2540th epoch validation confusion matrix: [[21.17, 8.93], [3.83, 5.07]] eval_metric: 0.6728
epoch:  2560
2560th epoch validation confusion matrix: [[11.22, 3.58], [13.78, 10.42]] eval_metric: 0.5549
epoch:  2580
2580th epoch validation confusion matrix: [[12.56, 3.91], [12.44, 10.09]] eval_metric: 0.5808
epoch:  2600
2600th epoch validation confusion matrix: [[10.77, 3.53], [14.23, 10.47]] eval_metric: 0.5446
epoch:  2620
2620th epoch validation confusion matrix: [[13.33, 4.16], [11.67, 9.84]] eval_metric: 0.5941
epoch:  2640
2640th epoch validation confusion matrix: [[19.82, 8.1], [5.18, 5.9]] eval_metric: 0.6595
epoch:  2660
2660th epoch validation confusion matrix: [[20.54, 8.34], [4.46, 5.66]] eval_metric: 0.6718
epoch:  2680
2680th epoch validation confusion matrix: [[19.13, 7.94], [5.87, 6.06]] eval_metric: 0.6459
epoch:  2700
2700th epoch validation confusion matrix: [[15.66, 5.64], [9.34, 8.36]] eval_metric: 0.6159
epoch:  2720
2720th epoch validation confusion matrix: [[21.81, 9.33], [3.19, 4.67]] eval_metric: 0.6790
epoch:  2740
2740th epoch validation confusion matrix: [[16.53, 6.39], [8.47, 7.61]] eval_metric: 0.6190
epoch:  2760
2760th epoch validation confusion matrix: [[18.51, 7.68], [6.49, 6.32]] eval_metric: 0.6367
epoch:  2780
2780th epoch validation confusion matrix: [[20.21, 8.11], [4.79, 5.89]] eval_metric: 0.6692
epoch:  2800
2800th epoch validation confusion matrix: [[21.46, 9.02], [3.54, 4.98]] eval_metric: 0.6779
epoch:  2820
2820th epoch validation confusion matrix: [[18.51, 7.2], [6.49, 6.8]] eval_metric: 0.6490
epoch:  2840
2840th epoch validation confusion matrix: [[14.41, 4.74], [10.59, 9.26]] eval_metric: 0.6069
epoch:  2860
2860th epoch validation confusion matrix: [[18.84, 7.29], [6.16, 6.71]] eval_metric: 0.6551
epoch:  2880
2880th epoch validation confusion matrix: [[19.76, 7.92], [5.24, 6.08]] eval_metric: 0.6626
epoch:  2900
2900th epoch validation confusion matrix: [[20.31, 8.04], [4.69, 5.96]] eval_metric: 0.6736
epoch:  2920
2920th epoch validation confusion matrix: [[12.82, 4.05], [12.18, 9.95]] eval_metric: 0.5838
epoch:  2940
2940th epoch validation confusion matrix: [[13.3, 4.08], [11.7, 9.92]] eval_metric: 0.5954
epoch:  2960
2960th epoch validation confusion matrix: [[13.36, 4.22], [11.64, 9.78]] eval_metric: 0.5933
epoch:  2980
2980th epoch validation confusion matrix: [[15.86, 5.44], [9.14, 8.56]] eval_metric: 0.6262
Best model saved at the 2420th epoch: 0.6807692307692308 [[21.98, 9.43], [3.02, 4.57]]
testing and generating DPMs ... 
train confusion matrix  [[81.99, 44.26], [11.01, 22.74]]  accuracy  0.6545624999999999
valid confusion matrix  [[21.98, 9.43], [3.02, 4.57]]  accuracy  0.6807692307692308
test confusion matrix  [[54.86, 22.82], [8.14, 12.18]]  accuracy  0.6840816326530611
DPM generation is done
epoch:  0
0th epoch validation confusion matrix: [[20.0, 19.0], [0.0, 0.0]] eval_metric: 0.5128
epoch:  20
20th epoch validation confusion matrix: [[8.16, 7.81], [11.84, 11.19]] eval_metric: 0.4962
epoch:  40
40th epoch validation confusion matrix: [[19.81, 18.79], [0.19, 0.21]] eval_metric: 0.5133
epoch:  60
60th epoch validation confusion matrix: [[20.0, 19.0], [0.0, 0.0]] eval_metric: 0.5128
epoch:  80
80th epoch validation confusion matrix: [[13.05, 12.28], [6.95, 6.72]] eval_metric: 0.5069
epoch:  100
100th epoch validation confusion matrix: [[19.94, 18.91], [0.06, 0.09]] eval_metric: 0.5136
epoch:  120
120th epoch validation confusion matrix: [[19.86, 18.77], [0.14, 0.23]] eval_metric: 0.5151
epoch:  140
140th epoch validation confusion matrix: [[15.64, 14.42], [4.36, 4.58]] eval_metric: 0.5185
epoch:  160
160th epoch validation confusion matrix: [[7.27, 6.25], [12.73, 12.75]] eval_metric: 0.5133
epoch:  180
180th epoch validation confusion matrix: [[14.61, 13.24], [5.39, 5.76]] eval_metric: 0.5223
epoch:  200
200th epoch validation confusion matrix: [[13.72, 12.06], [6.28, 6.94]] eval_metric: 0.5297
epoch:  220
220th epoch validation confusion matrix: [[12.13, 10.81], [7.87, 8.19]] eval_metric: 0.5210
epoch:  240
240th epoch validation confusion matrix: [[15.34, 13.49], [4.66, 5.51]] eval_metric: 0.5346
epoch:  260
260th epoch validation confusion matrix: [[15.42, 13.65], [4.58, 5.35]] eval_metric: 0.5326
epoch:  280
280th epoch validation confusion matrix: [[14.68, 12.99], [5.32, 6.01]] eval_metric: 0.5305
epoch:  300
300th epoch validation confusion matrix: [[15.07, 13.36], [4.93, 5.64]] eval_metric: 0.5310
epoch:  320
320th epoch validation confusion matrix: [[13.86, 12.09], [6.14, 6.91]] eval_metric: 0.5326
epoch:  340
340th epoch validation confusion matrix: [[13.24, 11.57], [6.76, 7.43]] eval_metric: 0.5300
epoch:  360
360th epoch validation confusion matrix: [[16.53, 14.93], [3.47, 4.07]] eval_metric: 0.5282
epoch:  380
380th epoch validation confusion matrix: [[16.21, 14.44], [3.79, 4.56]] eval_metric: 0.5326
epoch:  400
400th epoch validation confusion matrix: [[14.84, 13.17], [5.16, 5.83]] eval_metric: 0.5300
epoch:  420
420th epoch validation confusion matrix: [[18.16, 16.62], [1.84, 2.38]] eval_metric: 0.5267
epoch:  440
440th epoch validation confusion matrix: [[13.34, 11.14], [6.66, 7.86]] eval_metric: 0.5436
epoch:  460
460th epoch validation confusion matrix: [[11.38, 9.73], [8.62, 9.27]] eval_metric: 0.5295
epoch:  480
480th epoch validation confusion matrix: [[13.25, 11.54], [6.75, 7.46]] eval_metric: 0.5310
epoch:  500
500th epoch validation confusion matrix: [[13.32, 11.27], [6.68, 7.73]] eval_metric: 0.5397
epoch:  520
520th epoch validation confusion matrix: [[10.93, 9.37], [9.07, 9.63]] eval_metric: 0.5272
epoch:  540
540th epoch validation confusion matrix: [[13.55, 11.58], [6.45, 7.42]] eval_metric: 0.5377
epoch:  560
560th epoch validation confusion matrix: [[16.37, 14.96], [3.63, 4.04]] eval_metric: 0.5233
epoch:  580
580th epoch validation confusion matrix: [[12.5, 10.42], [7.5, 8.58]] eval_metric: 0.5405
epoch:  600
600th epoch validation confusion matrix: [[15.53, 13.7], [4.47, 5.3]] eval_metric: 0.5341
epoch:  620
620th epoch validation confusion matrix: [[13.92, 11.63], [6.08, 7.37]] eval_metric: 0.5459
epoch:  640
640th epoch validation confusion matrix: [[14.55, 12.61], [5.45, 6.39]] eval_metric: 0.5369
epoch:  660
660th epoch validation confusion matrix: [[14.85, 12.63], [5.15, 6.37]] eval_metric: 0.5441
epoch:  680
680th epoch validation confusion matrix: [[11.8, 9.71], [8.2, 9.29]] eval_metric: 0.5408
epoch:  700
700th epoch validation confusion matrix: [[12.17, 9.9], [7.83, 9.1]] eval_metric: 0.5454
epoch:  720
720th epoch validation confusion matrix: [[10.33, 8.47], [9.67, 10.53]] eval_metric: 0.5349
epoch:  740
740th epoch validation confusion matrix: [[14.65, 12.38], [5.35, 6.62]] eval_metric: 0.5454
epoch:  760
760th epoch validation confusion matrix: [[11.98, 9.69], [8.02, 9.31]] eval_metric: 0.5459
epoch:  780
780th epoch validation confusion matrix: [[13.53, 11.02], [6.47, 7.98]] eval_metric: 0.5515
epoch:  800
800th epoch validation confusion matrix: [[14.7, 12.38], [5.3, 6.62]] eval_metric: 0.5467
epoch:  820
820th epoch validation confusion matrix: [[13.24, 10.9], [6.76, 8.1]] eval_metric: 0.5472
epoch:  840
840th epoch validation confusion matrix: [[15.43, 13.17], [4.57, 5.83]] eval_metric: 0.5451
epoch:  860
860th epoch validation confusion matrix: [[12.98, 10.48], [7.02, 8.52]] eval_metric: 0.5513
epoch:  880
880th epoch validation confusion matrix: [[14.03, 11.83], [5.97, 7.17]] eval_metric: 0.5436
epoch:  900
900th epoch validation confusion matrix: [[12.19, 9.82], [7.81, 9.18]] eval_metric: 0.5479
epoch:  920
920th epoch validation confusion matrix: [[13.96, 11.81], [6.04, 7.19]] eval_metric: 0.5423
epoch:  940
940th epoch validation confusion matrix: [[11.16, 8.75], [8.84, 10.25]] eval_metric: 0.5490
epoch:  960
960th epoch validation confusion matrix: [[13.4, 10.92], [6.6, 8.08]] eval_metric: 0.5508
epoch:  980
980th epoch validation confusion matrix: [[12.92, 10.24], [7.08, 8.76]] eval_metric: 0.5559
epoch:  1000
1000th epoch validation confusion matrix: [[16.29, 13.88], [3.71, 5.12]] eval_metric: 0.5490
epoch:  1020
1020th epoch validation confusion matrix: [[14.76, 11.95], [5.24, 7.05]] eval_metric: 0.5592
epoch:  1040
1040th epoch validation confusion matrix: [[12.03, 9.64], [7.97, 9.36]] eval_metric: 0.5485
epoch:  1060
1060th epoch validation confusion matrix: [[16.65, 14.02], [3.35, 4.98]] eval_metric: 0.5546
epoch:  1080
1080th epoch validation confusion matrix: [[15.14, 12.38], [4.86, 6.62]] eval_metric: 0.5579
epoch:  1100
1100th epoch validation confusion matrix: [[15.75, 13.07], [4.25, 5.93]] eval_metric: 0.5559
epoch:  1120
1120th epoch validation confusion matrix: [[17.49, 15.03], [2.51, 3.97]] eval_metric: 0.5503
epoch:  1140
1140th epoch validation confusion matrix: [[15.16, 12.41], [4.84, 6.59]] eval_metric: 0.5577
epoch:  1160
1160th epoch validation confusion matrix: [[15.3, 12.88], [4.7, 6.12]] eval_metric: 0.5492
epoch:  1180
1180th epoch validation confusion matrix: [[13.57, 10.69], [6.43, 8.31]] eval_metric: 0.5610
epoch:  1200
1200th epoch validation confusion matrix: [[7.6, 5.22], [12.4, 13.78]] eval_metric: 0.5482
epoch:  1220
1220th epoch validation confusion matrix: [[14.49, 11.88], [5.51, 7.12]] eval_metric: 0.5541
epoch:  1240
1240th epoch validation confusion matrix: [[14.83, 12.07], [5.17, 6.93]] eval_metric: 0.5579
epoch:  1260
1260th epoch validation confusion matrix: [[13.34, 10.29], [6.66, 8.71]] eval_metric: 0.5654
epoch:  1280
1280th epoch validation confusion matrix: [[13.14, 10.01], [6.86, 8.99]] eval_metric: 0.5674
epoch:  1300
1300th epoch validation confusion matrix: [[13.98, 11.25], [6.02, 7.75]] eval_metric: 0.5572
epoch:  1320
1320th epoch validation confusion matrix: [[14.52, 11.53], [5.48, 7.47]] eval_metric: 0.5638
epoch:  1340
1340th epoch validation confusion matrix: [[13.83, 11.04], [6.17, 7.96]] eval_metric: 0.5587
epoch:  1360
1360th epoch validation confusion matrix: [[12.85, 10.12], [7.15, 8.88]] eval_metric: 0.5572
epoch:  1380
1380th epoch validation confusion matrix: [[15.3, 12.22], [4.7, 6.78]] eval_metric: 0.5662
epoch:  1400
1400th epoch validation confusion matrix: [[13.64, 10.63], [6.36, 8.37]] eval_metric: 0.5644
epoch:  1420
1420th epoch validation confusion matrix: [[13.3, 10.08], [6.7, 8.92]] eval_metric: 0.5697
epoch:  1440
1440th epoch validation confusion matrix: [[12.71, 9.76], [7.29, 9.24]] eval_metric: 0.5628
epoch:  1460
1460th epoch validation confusion matrix: [[15.36, 12.48], [4.64, 6.52]] eval_metric: 0.5610
epoch:  1480
1480th epoch validation confusion matrix: [[12.59, 9.85], [7.41, 9.15]] eval_metric: 0.5574
epoch:  1500
1500th epoch validation confusion matrix: [[6.4, 3.99], [13.6, 15.01]] eval_metric: 0.5490
epoch:  1520
1520th epoch validation confusion matrix: [[15.47, 12.19], [4.53, 6.81]] eval_metric: 0.5713
epoch:  1540
1540th epoch validation confusion matrix: [[14.44, 11.54], [5.56, 7.46]] eval_metric: 0.5615
epoch:  1560
1560th epoch validation confusion matrix: [[17.66, 14.82], [2.34, 4.18]] eval_metric: 0.5600
epoch:  1580
1580th epoch validation confusion matrix: [[7.85, 5.19], [12.15, 13.81]] eval_metric: 0.5554
epoch:  1600
1600th epoch validation confusion matrix: [[16.37, 13.42], [3.63, 5.58]] eval_metric: 0.5628
epoch:  1620
1620th epoch validation confusion matrix: [[14.77, 11.72], [5.23, 7.28]] eval_metric: 0.5654
epoch:  1640
1640th epoch validation confusion matrix: [[15.47, 12.4], [4.53, 6.6]] eval_metric: 0.5659
epoch:  1660
1660th epoch validation confusion matrix: [[13.33, 10.17], [6.67, 8.83]] eval_metric: 0.5682
epoch:  1680
1680th epoch validation confusion matrix: [[13.78, 10.31], [6.22, 8.69]] eval_metric: 0.5762
epoch:  1700
1700th epoch validation confusion matrix: [[6.26, 3.5], [13.74, 15.5]] eval_metric: 0.5579
epoch:  1720
1720th epoch validation confusion matrix: [[15.17, 11.98], [4.83, 7.02]] eval_metric: 0.5690
epoch:  1740
1740th epoch validation confusion matrix: [[11.98, 8.84], [8.02, 10.16]] eval_metric: 0.5677
epoch:  1760
1760th epoch validation confusion matrix: [[14.45, 11.29], [5.55, 7.71]] eval_metric: 0.5682
epoch:  1780
1780th epoch validation confusion matrix: [[11.79, 8.99], [8.21, 10.01]] eval_metric: 0.5590
epoch:  1800
1800th epoch validation confusion matrix: [[16.03, 12.89], [3.97, 6.11]] eval_metric: 0.5677
epoch:  1820
1820th epoch validation confusion matrix: [[16.16, 13.28], [3.84, 5.72]] eval_metric: 0.5610
epoch:  1840
1840th epoch validation confusion matrix: [[15.66, 12.84], [4.34, 6.16]] eval_metric: 0.5595
epoch:  1860
1860th epoch validation confusion matrix: [[13.18, 10.23], [6.82, 8.77]] eval_metric: 0.5628
epoch:  1880
1880th epoch validation confusion matrix: [[14.32, 10.98], [5.68, 8.02]] eval_metric: 0.5728
epoch:  1900
1900th epoch validation confusion matrix: [[15.05, 11.72], [4.95, 7.28]] eval_metric: 0.5726
epoch:  1920
1920th epoch validation confusion matrix: [[14.47, 11.55], [5.53, 7.45]] eval_metric: 0.5621
epoch:  1940
1940th epoch validation confusion matrix: [[15.34, 12.33], [4.66, 6.67]] eval_metric: 0.5644
epoch:  1960
1960th epoch validation confusion matrix: [[14.81, 11.69], [5.19, 7.31]] eval_metric: 0.5672
epoch:  1980
1980th epoch validation confusion matrix: [[15.6, 12.47], [4.4, 6.53]] eval_metric: 0.5674
epoch:  2000
2000th epoch validation confusion matrix: [[17.77, 14.94], [2.23, 4.06]] eval_metric: 0.5597
epoch:  2020
2020th epoch validation confusion matrix: [[15.55, 12.18], [4.45, 6.82]] eval_metric: 0.5736
epoch:  2040
2040th epoch validation confusion matrix: [[17.68, 14.64], [2.32, 4.36]] eval_metric: 0.5651
epoch:  2060
2060th epoch validation confusion matrix: [[15.22, 12.03], [4.78, 6.97]] eval_metric: 0.5690
epoch:  2080
2080th epoch validation confusion matrix: [[16.19, 13.18], [3.81, 5.82]] eval_metric: 0.5644
epoch:  2100
2100th epoch validation confusion matrix: [[16.28, 13.5], [3.72, 5.5]] eval_metric: 0.5585
epoch:  2120
2120th epoch validation confusion matrix: [[17.14, 14.28], [2.86, 4.72]] eval_metric: 0.5605
epoch:  2140
2140th epoch validation confusion matrix: [[13.44, 10.48], [6.56, 8.52]] eval_metric: 0.5631
epoch:  2160
2160th epoch validation confusion matrix: [[15.39, 12.13], [4.61, 6.87]] eval_metric: 0.5708
epoch:  2180
2180th epoch validation confusion matrix: [[15.62, 12.47], [4.38, 6.53]] eval_metric: 0.5679
epoch:  2200
2200th epoch validation confusion matrix: [[15.45, 12.6], [4.55, 6.4]] eval_metric: 0.5603
epoch:  2220
2220th epoch validation confusion matrix: [[18.09, 15.53], [1.91, 3.47]] eval_metric: 0.5528
epoch:  2240
2240th epoch validation confusion matrix: [[16.6, 13.78], [3.4, 5.22]] eval_metric: 0.5595
epoch:  2260
2260th epoch validation confusion matrix: [[15.36, 12.31], [4.64, 6.69]] eval_metric: 0.5654
epoch:  2280
2280th epoch validation confusion matrix: [[12.58, 9.44], [7.42, 9.56]] eval_metric: 0.5677
epoch:  2300
2300th epoch validation confusion matrix: [[13.91, 10.63], [6.09, 8.37]] eval_metric: 0.5713
epoch:  2320
2320th epoch validation confusion matrix: [[11.37, 8.07], [8.63, 10.93]] eval_metric: 0.5718
epoch:  2340
2340th epoch validation confusion matrix: [[14.86, 11.61], [5.14, 7.39]] eval_metric: 0.5705
epoch:  2360
2360th epoch validation confusion matrix: [[14.68, 11.22], [5.32, 7.78]] eval_metric: 0.5759
epoch:  2380
2380th epoch validation confusion matrix: [[11.9, 8.77], [8.1, 10.23]] eval_metric: 0.5674
epoch:  2400
2400th epoch validation confusion matrix: [[9.25, 6.27], [10.75, 12.73]] eval_metric: 0.5636
epoch:  2420
2420th epoch validation confusion matrix: [[13.61, 10.57], [6.39, 8.43]] eval_metric: 0.5651
epoch:  2440
2440th epoch validation confusion matrix: [[15.91, 12.97], [4.09, 6.03]] eval_metric: 0.5626
epoch:  2460
2460th epoch validation confusion matrix: [[18.78, 16.62], [1.22, 2.38]] eval_metric: 0.5426
epoch:  2480
2480th epoch validation confusion matrix: [[13.26, 10.11], [6.74, 8.89]] eval_metric: 0.5679
epoch:  2500
2500th epoch validation confusion matrix: [[15.2, 12.4], [4.8, 6.6]] eval_metric: 0.5590
epoch:  2520
2520th epoch validation confusion matrix: [[13.4, 10.16], [6.6, 8.84]] eval_metric: 0.5703
epoch:  2540
2540th epoch validation confusion matrix: [[16.55, 13.34], [3.45, 5.66]] eval_metric: 0.5695
epoch:  2560
2560th epoch validation confusion matrix: [[12.34, 9.31], [7.66, 9.69]] eval_metric: 0.5649
epoch:  2580
2580th epoch validation confusion matrix: [[12.65, 9.13], [7.35, 9.87]] eval_metric: 0.5774
epoch:  2600
2600th epoch validation confusion matrix: [[13.9, 10.25], [6.1, 8.75]] eval_metric: 0.5808
epoch:  2620
2620th epoch validation confusion matrix: [[15.73, 12.65], [4.27, 6.35]] eval_metric: 0.5662
epoch:  2640
2640th epoch validation confusion matrix: [[13.74, 11.06], [6.26, 7.94]] eval_metric: 0.5559
epoch:  2660
2660th epoch validation confusion matrix: [[15.29, 12.52], [4.71, 6.48]] eval_metric: 0.5582
epoch:  2680
2680th epoch validation confusion matrix: [[12.99, 9.54], [7.01, 9.46]] eval_metric: 0.5756
epoch:  2700
2700th epoch validation confusion matrix: [[12.36, 8.97], [7.64, 10.03]] eval_metric: 0.5741
epoch:  2720
2720th epoch validation confusion matrix: [[15.67, 12.58], [4.33, 6.42]] eval_metric: 0.5664
epoch:  2740
2740th epoch validation confusion matrix: [[10.27, 7.13], [9.73, 11.87]] eval_metric: 0.5677
epoch:  2760
2760th epoch validation confusion matrix: [[15.99, 12.76], [4.01, 6.24]] eval_metric: 0.5700
epoch:  2780
2780th epoch validation confusion matrix: [[17.02, 14.22], [2.98, 4.78]] eval_metric: 0.5590
epoch:  2800
2800th epoch validation confusion matrix: [[15.78, 12.33], [4.22, 6.67]] eval_metric: 0.5756
epoch:  2820
2820th epoch validation confusion matrix: [[17.08, 14.11], [2.92, 4.89]] eval_metric: 0.5633
epoch:  2840
2840th epoch validation confusion matrix: [[16.96, 13.52], [3.04, 5.48]] eval_metric: 0.5754
epoch:  2860
2860th epoch validation confusion matrix: [[14.35, 11.1], [5.65, 7.9]] eval_metric: 0.5705
epoch:  2880
2880th epoch validation confusion matrix: [[12.77, 9.52], [7.23, 9.48]] eval_metric: 0.5705
epoch:  2900
2900th epoch validation confusion matrix: [[9.17, 6.03], [10.83, 12.97]] eval_metric: 0.5677
epoch:  2920
2920th epoch validation confusion matrix: [[13.71, 10.39], [6.29, 8.61]] eval_metric: 0.5723
epoch:  2940
2940th epoch validation confusion matrix: [[14.57, 11.01], [5.43, 7.99]] eval_metric: 0.5785
epoch:  2960
2960th epoch validation confusion matrix: [[15.44, 12.2], [4.56, 6.8]] eval_metric: 0.5703
epoch:  2980
2980th epoch validation confusion matrix: [[17.03, 13.86], [2.97, 5.14]] eval_metric: 0.5685
Best model saved at the 2600th epoch: 0.5807692307692307 [[13.9, 10.25], [6.1, 8.75]]
testing and generating DPMs ... 
train confusion matrix  [[77.53, 28.97], [20.47, 33.03]]  accuracy  0.6910000000000001
valid confusion matrix  [[13.9, 10.25], [6.1, 8.75]]  accuracy  0.5807692307692307
test confusion matrix  [[46.63, 16.5], [16.37, 18.5]]  accuracy  0.6645918367346938
DPM generation is done
epoch:  0
0th epoch validation confusion matrix: [[0.02, 0.01], [21.98, 16.99]] eval_metric: 0.4362
epoch:  20
20th epoch validation confusion matrix: [[4.72, 3.63], [17.28, 13.37]] eval_metric: 0.4638
epoch:  40
40th epoch validation confusion matrix: [[0.35, 0.22], [21.65, 16.78]] eval_metric: 0.4392
epoch:  60
60th epoch validation confusion matrix: [[1.7, 1.28], [20.3, 15.72]] eval_metric: 0.4467
epoch:  80
80th epoch validation confusion matrix: [[20.79, 16.02], [1.21, 0.98]] eval_metric: 0.5582
epoch:  100
100th epoch validation confusion matrix: [[6.6, 5.32], [15.4, 11.68]] eval_metric: 0.4687
epoch:  120
120th epoch validation confusion matrix: [[13.5, 10.37], [8.5, 6.63]] eval_metric: 0.5162
epoch:  140
140th epoch validation confusion matrix: [[1.34, 1.12], [20.66, 15.88]] eval_metric: 0.4415
epoch:  160
160th epoch validation confusion matrix: [[1.81, 1.39], [20.19, 15.61]] eval_metric: 0.4467
epoch:  180
180th epoch validation confusion matrix: [[10.11, 7.53], [11.89, 9.47]] eval_metric: 0.5021
epoch:  200
200th epoch validation confusion matrix: [[3.74, 2.71], [18.26, 14.29]] eval_metric: 0.4623
epoch:  220
220th epoch validation confusion matrix: [[17.82, 13.54], [4.18, 3.46]] eval_metric: 0.5456
epoch:  240
240th epoch validation confusion matrix: [[2.47, 1.83], [19.53, 15.17]] eval_metric: 0.4523
epoch:  260
260th epoch validation confusion matrix: [[13.23, 9.69], [8.77, 7.31]] eval_metric: 0.5267
epoch:  280
280th epoch validation confusion matrix: [[14.55, 10.83], [7.45, 6.17]] eval_metric: 0.5313
epoch:  300
300th epoch validation confusion matrix: [[6.7, 4.64], [15.3, 12.36]] eval_metric: 0.4887
epoch:  320
320th epoch validation confusion matrix: [[2.88, 1.76], [19.12, 15.24]] eval_metric: 0.4646
epoch:  340
340th epoch validation confusion matrix: [[12.17, 8.92], [9.83, 8.08]] eval_metric: 0.5192
epoch:  360
360th epoch validation confusion matrix: [[5.35, 3.85], [16.65, 13.15]] eval_metric: 0.4744
epoch:  380
380th epoch validation confusion matrix: [[14.97, 10.99], [7.03, 6.01]] eval_metric: 0.5379
epoch:  400
400th epoch validation confusion matrix: [[14.98, 10.89], [7.02, 6.11]] eval_metric: 0.5408
epoch:  420
420th epoch validation confusion matrix: [[9.32, 6.73], [12.68, 10.27]] eval_metric: 0.5023
epoch:  440
440th epoch validation confusion matrix: [[4.45, 2.67], [17.55, 14.33]] eval_metric: 0.4815
epoch:  460
460th epoch validation confusion matrix: [[14.29, 10.32], [7.71, 6.68]] eval_metric: 0.5377
epoch:  480
480th epoch validation confusion matrix: [[15.16, 10.93], [6.84, 6.07]] eval_metric: 0.5444
epoch:  500
500th epoch validation confusion matrix: [[16.7, 12.18], [5.3, 4.82]] eval_metric: 0.5518
epoch:  520
520th epoch validation confusion matrix: [[14.45, 10.63], [7.55, 6.37]] eval_metric: 0.5338
epoch:  540
540th epoch validation confusion matrix: [[14.45, 10.42], [7.55, 6.58]] eval_metric: 0.5392
epoch:  560
560th epoch validation confusion matrix: [[12.52, 8.94], [9.48, 8.06]] eval_metric: 0.5277
epoch:  580
580th epoch validation confusion matrix: [[12.69, 8.99], [9.31, 8.01]] eval_metric: 0.5308
epoch:  600
600th epoch validation confusion matrix: [[13.81, 9.83], [8.19, 7.17]] eval_metric: 0.5379
epoch:  620
620th epoch validation confusion matrix: [[17.94, 12.77], [4.06, 4.23]] eval_metric: 0.5685
epoch:  640
640th epoch validation confusion matrix: [[12.46, 8.35], [9.54, 8.65]] eval_metric: 0.5413
epoch:  660
660th epoch validation confusion matrix: [[13.86, 9.45], [8.14, 7.55]] eval_metric: 0.5490
epoch:  680
680th epoch validation confusion matrix: [[13.35, 8.99], [8.65, 8.01]] eval_metric: 0.5477
epoch:  700
700th epoch validation confusion matrix: [[17.59, 12.2], [4.41, 4.8]] eval_metric: 0.5741
epoch:  720
720th epoch validation confusion matrix: [[18.22, 12.85], [3.78, 4.15]] eval_metric: 0.5736
epoch:  740
740th epoch validation confusion matrix: [[12.78, 8.74], [9.22, 8.26]] eval_metric: 0.5395
epoch:  760
760th epoch validation confusion matrix: [[17.97, 12.34], [4.03, 4.66]] eval_metric: 0.5803
epoch:  780
780th epoch validation confusion matrix: [[16.21, 10.88], [5.79, 6.12]] eval_metric: 0.5726
epoch:  800
800th epoch validation confusion matrix: [[15.68, 10.54], [6.32, 6.46]] eval_metric: 0.5677
epoch:  820
820th epoch validation confusion matrix: [[18.41, 13.13], [3.59, 3.87]] eval_metric: 0.5713
epoch:  840
840th epoch validation confusion matrix: [[15.55, 10.25], [6.45, 6.75]] eval_metric: 0.5718
epoch:  860
860th epoch validation confusion matrix: [[11.67, 7.43], [10.33, 9.57]] eval_metric: 0.5446
epoch:  880
880th epoch validation confusion matrix: [[15.35, 10.06], [6.65, 6.94]] eval_metric: 0.5715
epoch:  900
900th epoch validation confusion matrix: [[10.95, 7.23], [11.05, 9.77]] eval_metric: 0.5313
epoch:  920
920th epoch validation confusion matrix: [[7.74, 4.26], [14.26, 12.74]] eval_metric: 0.5251
epoch:  940
940th epoch validation confusion matrix: [[12.37, 7.77], [9.63, 9.23]] eval_metric: 0.5538
epoch:  960
960th epoch validation confusion matrix: [[17.87, 12.16], [4.13, 4.84]] eval_metric: 0.5823
epoch:  980
980th epoch validation confusion matrix: [[14.07, 8.72], [7.93, 8.28]] eval_metric: 0.5731
epoch:  1000
1000th epoch validation confusion matrix: [[9.31, 5.37], [12.69, 11.63]] eval_metric: 0.5369
epoch:  1020
1020th epoch validation confusion matrix: [[13.72, 8.41], [8.28, 8.59]] eval_metric: 0.5721
epoch:  1040
1040th epoch validation confusion matrix: [[16.39, 10.5], [5.61, 6.5]] eval_metric: 0.5869
epoch:  1060
1060th epoch validation confusion matrix: [[13.68, 8.46], [8.32, 8.54]] eval_metric: 0.5697
epoch:  1080
1080th epoch validation confusion matrix: [[6.12, 2.79], [15.88, 14.21]] eval_metric: 0.5213
epoch:  1100
1100th epoch validation confusion matrix: [[14.88, 9.67], [7.12, 7.33]] eval_metric: 0.5695
epoch:  1120
1120th epoch validation confusion matrix: [[8.7, 4.62], [13.3, 12.38]] eval_metric: 0.5405
epoch:  1140
1140th epoch validation confusion matrix: [[15.45, 9.74], [6.55, 7.26]] eval_metric: 0.5823
epoch:  1160
1160th epoch validation confusion matrix: [[14.5, 8.92], [7.5, 8.08]] eval_metric: 0.5790
epoch:  1180
1180th epoch validation confusion matrix: [[14.78, 8.99], [7.22, 8.01]] eval_metric: 0.5844
epoch:  1200
1200th epoch validation confusion matrix: [[14.83, 8.88], [7.17, 8.12]] eval_metric: 0.5885
epoch:  1220
1220th epoch validation confusion matrix: [[16.77, 10.4], [5.23, 6.6]] eval_metric: 0.5992
epoch:  1240
1240th epoch validation confusion matrix: [[19.02, 13.07], [2.98, 3.93]] eval_metric: 0.5885
epoch:  1260
1260th epoch validation confusion matrix: [[17.26, 10.84], [4.74, 6.16]] eval_metric: 0.6005
epoch:  1280
1280th epoch validation confusion matrix: [[7.44, 3.41], [14.56, 13.59]] eval_metric: 0.5392
epoch:  1300
1300th epoch validation confusion matrix: [[17.02, 10.91], [4.98, 6.09]] eval_metric: 0.5926
epoch:  1320
1320th epoch validation confusion matrix: [[18.29, 11.72], [3.71, 5.28]] eval_metric: 0.6044
epoch:  1340
1340th epoch validation confusion matrix: [[17.1, 10.76], [4.9, 6.24]] eval_metric: 0.5985
epoch:  1360
1360th epoch validation confusion matrix: [[19.54, 12.69], [2.46, 4.31]] eval_metric: 0.6115
epoch:  1380
1380th epoch validation confusion matrix: [[19.99, 13.49], [2.01, 3.51]] eval_metric: 0.6026
epoch:  1400
1400th epoch validation confusion matrix: [[9.43, 4.9], [12.57, 12.1]] eval_metric: 0.5521
epoch:  1420
1420th epoch validation confusion matrix: [[14.13, 8.09], [7.87, 8.91]] eval_metric: 0.5908
epoch:  1440
1440th epoch validation confusion matrix: [[12.7, 7.81], [9.3, 9.19]] eval_metric: 0.5613
epoch:  1460
1460th epoch validation confusion matrix: [[17.42, 10.45], [4.58, 6.55]] eval_metric: 0.6146
epoch:  1480
1480th epoch validation confusion matrix: [[17.35, 10.63], [4.65, 6.37]] eval_metric: 0.6082
epoch:  1500
1500th epoch validation confusion matrix: [[19.73, 12.83], [2.27, 4.17]] eval_metric: 0.6128
epoch:  1520
1520th epoch validation confusion matrix: [[17.45, 10.83], [4.55, 6.17]] eval_metric: 0.6056
epoch:  1540
1540th epoch validation confusion matrix: [[15.06, 8.79], [6.94, 8.21]] eval_metric: 0.5967
epoch:  1560
1560th epoch validation confusion matrix: [[17.21, 10.35], [4.79, 6.65]] eval_metric: 0.6118
epoch:  1580
1580th epoch validation confusion matrix: [[10.4, 5.04], [11.6, 11.96]] eval_metric: 0.5733
epoch:  1600
1600th epoch validation confusion matrix: [[11.82, 6.29], [10.18, 10.71]] eval_metric: 0.5777
epoch:  1620
1620th epoch validation confusion matrix: [[15.53, 9.16], [6.47, 7.84]] eval_metric: 0.5992
epoch:  1640
1640th epoch validation confusion matrix: [[18.93, 11.74], [3.07, 5.26]] eval_metric: 0.6203
epoch:  1660
1660th epoch validation confusion matrix: [[19.99, 12.98], [2.01, 4.02]] eval_metric: 0.6156
epoch:  1680
1680th epoch validation confusion matrix: [[15.61, 9.09], [6.39, 7.91]] eval_metric: 0.6031
epoch:  1700
1700th epoch validation confusion matrix: [[12.71, 6.92], [9.29, 10.08]] eval_metric: 0.5844
epoch:  1720
1720th epoch validation confusion matrix: [[14.93, 8.44], [7.07, 8.56]] eval_metric: 0.6023
epoch:  1740
1740th epoch validation confusion matrix: [[20.89, 14.2], [1.11, 2.8]] eval_metric: 0.6074
epoch:  1760
1760th epoch validation confusion matrix: [[15.97, 9.34], [6.03, 7.66]] eval_metric: 0.6059
epoch:  1780
1780th epoch validation confusion matrix: [[20.28, 13.27], [1.72, 3.73]] eval_metric: 0.6156
epoch:  1800
1800th epoch validation confusion matrix: [[17.47, 10.34], [4.53, 6.66]] eval_metric: 0.6187
epoch:  1820
1820th epoch validation confusion matrix: [[17.03, 9.64], [4.97, 7.36]] eval_metric: 0.6254
epoch:  1840
1840th epoch validation confusion matrix: [[7.66, 3.3], [14.34, 13.7]] eval_metric: 0.5477
epoch:  1860
1860th epoch validation confusion matrix: [[19.64, 12.42], [2.36, 4.58]] eval_metric: 0.6210
epoch:  1880
1880th epoch validation confusion matrix: [[17.84, 10.63], [4.16, 6.37]] eval_metric: 0.6208
epoch:  1900
1900th epoch validation confusion matrix: [[19.68, 12.64], [2.32, 4.36]] eval_metric: 0.6164
epoch:  1920
1920th epoch validation confusion matrix: [[17.1, 10.08], [4.9, 6.92]] eval_metric: 0.6159
epoch:  1940
1940th epoch validation confusion matrix: [[17.16, 10.05], [4.84, 6.95]] eval_metric: 0.6182
epoch:  1960
1960th epoch validation confusion matrix: [[20.71, 13.74], [1.29, 3.26]] eval_metric: 0.6146
epoch:  1980
1980th epoch validation confusion matrix: [[18.76, 11.87], [3.24, 5.13]] eval_metric: 0.6126
epoch:  2000
2000th epoch validation confusion matrix: [[18.82, 11.62], [3.18, 5.38]] eval_metric: 0.6205
epoch:  2020
2020th epoch validation confusion matrix: [[17.89, 10.68], [4.11, 6.32]] eval_metric: 0.6208
epoch:  2040
2040th epoch validation confusion matrix: [[17.65, 10.63], [4.35, 6.37]] eval_metric: 0.6159
epoch:  2060
2060th epoch validation confusion matrix: [[18.53, 11.26], [3.47, 5.74]] eval_metric: 0.6223
epoch:  2080
2080th epoch validation confusion matrix: [[19.07, 11.62], [2.93, 5.38]] eval_metric: 0.6269
epoch:  2100
2100th epoch validation confusion matrix: [[19.03, 11.72], [2.97, 5.28]] eval_metric: 0.6233
epoch:  2120
2120th epoch validation confusion matrix: [[19.07, 12.04], [2.93, 4.96]] eval_metric: 0.6162
epoch:  2140
2140th epoch validation confusion matrix: [[18.44, 11.09], [3.56, 5.91]] eval_metric: 0.6244
epoch:  2160
2160th epoch validation confusion matrix: [[19.52, 12.27], [2.48, 4.73]] eval_metric: 0.6218
epoch:  2180
2180th epoch validation confusion matrix: [[20.06, 12.66], [1.94, 4.34]] eval_metric: 0.6256
epoch:  2200
2200th epoch validation confusion matrix: [[16.55, 9.18], [5.45, 7.82]] eval_metric: 0.6249
epoch:  2220
2220th epoch validation confusion matrix: [[10.36, 4.69], [11.64, 12.31]] eval_metric: 0.5813
epoch:  2240
2240th epoch validation confusion matrix: [[16.42, 9.38], [5.58, 7.62]] eval_metric: 0.6164
epoch:  2260
2260th epoch validation confusion matrix: [[17.92, 10.39], [4.08, 6.61]] eval_metric: 0.6290
epoch:  2280
2280th epoch validation confusion matrix: [[21.74, 15.4], [0.26, 1.6]] eval_metric: 0.5985
epoch:  2300
2300th epoch validation confusion matrix: [[10.03, 4.32], [11.97, 12.68]] eval_metric: 0.5823
epoch:  2320
2320th epoch validation confusion matrix: [[8.31, 3.25], [13.69, 13.75]] eval_metric: 0.5656
epoch:  2340
2340th epoch validation confusion matrix: [[18.86, 11.25], [3.14, 5.75]] eval_metric: 0.6310
epoch:  2360
2360th epoch validation confusion matrix: [[18.25, 10.64], [3.75, 6.36]] eval_metric: 0.6310
epoch:  2380
2380th epoch validation confusion matrix: [[11.61, 5.55], [10.39, 11.45]] eval_metric: 0.5913
epoch:  2400
2400th epoch validation confusion matrix: [[11.98, 5.85], [10.02, 11.15]] eval_metric: 0.5931
epoch:  2420
2420th epoch validation confusion matrix: [[18.56, 10.8], [3.44, 6.2]] eval_metric: 0.6349
epoch:  2440
2440th epoch validation confusion matrix: [[20.16, 12.27], [1.84, 4.73]] eval_metric: 0.6382
epoch:  2460
2460th epoch validation confusion matrix: [[17.06, 9.54], [4.94, 7.46]] eval_metric: 0.6287
epoch:  2480
2480th epoch validation confusion matrix: [[19.28, 11.58], [2.72, 5.42]] eval_metric: 0.6333
epoch:  2500
2500th epoch validation confusion matrix: [[20.31, 12.75], [1.69, 4.25]] eval_metric: 0.6297
epoch:  2520
2520th epoch validation confusion matrix: [[19.63, 11.84], [2.37, 5.16]] eval_metric: 0.6356
epoch:  2540
2540th epoch validation confusion matrix: [[16.85, 9.58], [5.15, 7.42]] eval_metric: 0.6223
epoch:  2560
2560th epoch validation confusion matrix: [[20.14, 12.64], [1.86, 4.36]] eval_metric: 0.6282
epoch:  2580
2580th epoch validation confusion matrix: [[19.38, 11.6], [2.62, 5.4]] eval_metric: 0.6354
epoch:  2600
2600th epoch validation confusion matrix: [[16.37, 8.88], [5.63, 8.12]] eval_metric: 0.6279
epoch:  2620
2620th epoch validation confusion matrix: [[17.21, 9.57], [4.79, 7.43]] eval_metric: 0.6318
epoch:  2640
2640th epoch validation confusion matrix: [[18.51, 10.82], [3.49, 6.18]] eval_metric: 0.6331
epoch:  2660
2660th epoch validation confusion matrix: [[19.54, 12.04], [2.46, 4.96]] eval_metric: 0.6282
epoch:  2680
2680th epoch validation confusion matrix: [[18.01, 10.08], [3.99, 6.92]] eval_metric: 0.6392
epoch:  2700
2700th epoch validation confusion matrix: [[16.21, 9.02], [5.79, 7.98]] eval_metric: 0.6203
epoch:  2720
2720th epoch validation confusion matrix: [[17.34, 9.91], [4.66, 7.09]] eval_metric: 0.6264
epoch:  2740
2740th epoch validation confusion matrix: [[19.27, 11.53], [2.73, 5.47]] eval_metric: 0.6344
epoch:  2760
2760th epoch validation confusion matrix: [[18.99, 10.93], [3.01, 6.07]] eval_metric: 0.6426
epoch:  2780
2780th epoch validation confusion matrix: [[20.66, 13.44], [1.34, 3.56]] eval_metric: 0.6210
epoch:  2800
2800th epoch validation confusion matrix: [[19.77, 11.74], [2.23, 5.26]] eval_metric: 0.6418
epoch:  2820
2820th epoch validation confusion matrix: [[19.78, 11.64], [2.22, 5.36]] eval_metric: 0.6446
epoch:  2840
2840th epoch validation confusion matrix: [[15.31, 8.5], [6.69, 8.5]] eval_metric: 0.6105
epoch:  2860
2860th epoch validation confusion matrix: [[17.56, 9.75], [4.44, 7.25]] eval_metric: 0.6362
epoch:  2880
2880th epoch validation confusion matrix: [[17.6, 9.75], [4.4, 7.25]] eval_metric: 0.6372
epoch:  2900
2900th epoch validation confusion matrix: [[17.07, 9.09], [4.93, 7.91]] eval_metric: 0.6405
epoch:  2920
2920th epoch validation confusion matrix: [[17.47, 9.42], [4.53, 7.58]] eval_metric: 0.6423
epoch:  2940
2940th epoch validation confusion matrix: [[19.37, 11.36], [2.63, 5.64]] eval_metric: 0.6413
epoch:  2960
2960th epoch validation confusion matrix: [[14.77, 7.66], [7.23, 9.34]] eval_metric: 0.6182
epoch:  2980
2980th epoch validation confusion matrix: [[18.34, 9.91], [3.66, 7.09]] eval_metric: 0.6521
Best model saved at the 2980th epoch: 0.652051282051282 [[18.34, 9.91], [3.66, 7.09]]
testing and generating DPMs ... 
train confusion matrix  [[80.53, 36.44], [15.47, 27.56]]  accuracy  0.6755625000000001
valid confusion matrix  [[18.34, 9.91], [3.66, 7.09]]  accuracy  0.652051282051282
test confusion matrix  [[51.96, 19.77], [11.04, 15.23]]  accuracy  0.6856122448979591
DPM generation is done
