nohup: 忽略输入
epoch:  0
0th epoch validation confusion matrix: [[0.0, 0.0], [18.0, 21.0]] eval_metric: 0.5385
epoch:  20
20th epoch validation confusion matrix: [[14.77, 17.11], [3.23, 3.89]] eval_metric: 0.4785
epoch:  40
40th epoch validation confusion matrix: [[0.09, 0.08], [17.91, 20.92]] eval_metric: 0.5387
epoch:  60
60th epoch validation confusion matrix: [[0.0, 0.0], [18.0, 21.0]] eval_metric: 0.5385
epoch:  80
80th epoch validation confusion matrix: [[0.0, 0.0], [18.0, 21.0]] eval_metric: 0.5385
epoch:  100
100th epoch validation confusion matrix: [[0.21, 0.32], [17.79, 20.68]] eval_metric: 0.5356
epoch:  120
120th epoch validation confusion matrix: [[0.01, 0.01], [17.99, 20.99]] eval_metric: 0.5385
epoch:  140
140th epoch validation confusion matrix: [[0.59, 0.63], [17.41, 20.37]] eval_metric: 0.5374
epoch:  160
160th epoch validation confusion matrix: [[1.23, 1.37], [16.77, 19.63]] eval_metric: 0.5349
epoch:  180
180th epoch validation confusion matrix: [[1.14, 1.48], [16.86, 19.52]] eval_metric: 0.5297
epoch:  200
200th epoch validation confusion matrix: [[1.03, 1.24], [16.97, 19.76]] eval_metric: 0.5331
epoch:  220
220th epoch validation confusion matrix: [[17.12, 20.01], [0.88, 0.99]] eval_metric: 0.4644
epoch:  240
240th epoch validation confusion matrix: [[7.24, 8.48], [10.76, 12.52]] eval_metric: 0.5067
epoch:  260
260th epoch validation confusion matrix: [[13.06, 15.26], [4.94, 5.74]] eval_metric: 0.4821
epoch:  280
280th epoch validation confusion matrix: [[3.71, 4.12], [14.29, 16.88]] eval_metric: 0.5279
epoch:  300
300th epoch validation confusion matrix: [[9.76, 11.27], [8.24, 9.73]] eval_metric: 0.4997
epoch:  320
320th epoch validation confusion matrix: [[3.63, 4.18], [14.37, 16.82]] eval_metric: 0.5244
epoch:  340
340th epoch validation confusion matrix: [[9.89, 11.24], [8.11, 9.76]] eval_metric: 0.5038
epoch:  360
360th epoch validation confusion matrix: [[5.37, 6.05], [12.63, 14.95]] eval_metric: 0.5210
epoch:  380
380th epoch validation confusion matrix: [[9.6, 11.29], [8.4, 9.71]] eval_metric: 0.4951
epoch:  400
400th epoch validation confusion matrix: [[14.24, 16.67], [3.76, 4.33]] eval_metric: 0.4762
epoch:  420
420th epoch validation confusion matrix: [[7.63, 8.77], [10.37, 12.23]] eval_metric: 0.5092
epoch:  440
440th epoch validation confusion matrix: [[5.13, 5.95], [12.87, 15.05]] eval_metric: 0.5174
epoch:  460
460th epoch validation confusion matrix: [[14.91, 17.36], [3.09, 3.64]] eval_metric: 0.4756
epoch:  480
480th epoch validation confusion matrix: [[15.62, 18.17], [2.38, 2.83]] eval_metric: 0.4731
epoch:  500
500th epoch validation confusion matrix: [[0.01, 0.01], [17.99, 20.99]] eval_metric: 0.5385
epoch:  520
520th epoch validation confusion matrix: [[6.87, 7.92], [11.13, 13.08]] eval_metric: 0.5115
epoch:  540
540th epoch validation confusion matrix: [[12.91, 15.12], [5.09, 5.88]] eval_metric: 0.4818
epoch:  560
560th epoch validation confusion matrix: [[10.07, 11.49], [7.93, 9.51]] eval_metric: 0.5021
epoch:  580
580th epoch validation confusion matrix: [[1.34, 1.55], [16.66, 19.45]] eval_metric: 0.5331
epoch:  600
600th epoch validation confusion matrix: [[12.07, 14.27], [5.93, 6.73]] eval_metric: 0.4821
epoch:  620
620th epoch validation confusion matrix: [[3.36, 3.78], [14.64, 17.22]] eval_metric: 0.5277
epoch:  640
640th epoch validation confusion matrix: [[1.29, 1.62], [16.71, 19.38]] eval_metric: 0.5300
epoch:  660
660th epoch validation confusion matrix: [[14.22, 16.6], [3.78, 4.4]] eval_metric: 0.4774
epoch:  680
680th epoch validation confusion matrix: [[3.25, 3.73], [14.75, 17.27]] eval_metric: 0.5262
epoch:  700
700th epoch validation confusion matrix: [[8.38, 9.91], [9.62, 11.09]] eval_metric: 0.4992
epoch:  720
720th epoch validation confusion matrix: [[13.73, 15.91], [4.27, 5.09]] eval_metric: 0.4826
epoch:  740
740th epoch validation confusion matrix: [[5.94, 6.73], [12.06, 14.27]] eval_metric: 0.5182
epoch:  760
760th epoch validation confusion matrix: [[9.63, 10.96], [8.37, 10.04]] eval_metric: 0.5044
epoch:  780
780th epoch validation confusion matrix: [[13.65, 15.91], [4.35, 5.09]] eval_metric: 0.4805
epoch:  800
800th epoch validation confusion matrix: [[7.2, 8.11], [10.8, 12.89]] eval_metric: 0.5151
epoch:  820
820th epoch validation confusion matrix: [[4.97, 5.67], [13.03, 15.33]] eval_metric: 0.5205
epoch:  840
840th epoch validation confusion matrix: [[16.13, 18.76], [1.87, 2.24]] eval_metric: 0.4710
epoch:  860
860th epoch validation confusion matrix: [[6.24, 7.06], [11.76, 13.94]] eval_metric: 0.5174
epoch:  880
880th epoch validation confusion matrix: [[9.57, 10.9], [8.43, 10.1]] eval_metric: 0.5044
epoch:  900
900th epoch validation confusion matrix: [[17.07, 19.79], [0.93, 1.21]] eval_metric: 0.4687
epoch:  920
920th epoch validation confusion matrix: [[13.56, 15.93], [4.44, 5.07]] eval_metric: 0.4777
epoch:  940
940th epoch validation confusion matrix: [[16.83, 19.52], [1.17, 1.48]] eval_metric: 0.4695
epoch:  960
960th epoch validation confusion matrix: [[15.14, 17.79], [2.86, 3.21]] eval_metric: 0.4705
epoch:  980
980th epoch validation confusion matrix: [[15.36, 18.05], [2.64, 2.95]] eval_metric: 0.4695
epoch:  1000
1000th epoch validation confusion matrix: [[16.24, 18.96], [1.76, 2.04]] eval_metric: 0.4687
epoch:  1020
1020th epoch validation confusion matrix: [[16.55, 19.29], [1.45, 1.71]] eval_metric: 0.4682
epoch:  1040
1040th epoch validation confusion matrix: [[14.95, 17.45], [3.05, 3.55]] eval_metric: 0.4744
epoch:  1060
1060th epoch validation confusion matrix: [[15.66, 18.12], [2.34, 2.88]] eval_metric: 0.4754
epoch:  1080
1080th epoch validation confusion matrix: [[13.85, 16.13], [4.15, 4.87]] eval_metric: 0.4800
epoch:  1100
1100th epoch validation confusion matrix: [[13.98, 16.46], [4.02, 4.54]] eval_metric: 0.4749
epoch:  1120
1120th epoch validation confusion matrix: [[7.6, 8.62], [10.4, 12.38]] eval_metric: 0.5123
epoch:  1140
1140th epoch validation confusion matrix: [[13.14, 15.33], [4.86, 5.67]] eval_metric: 0.4823
epoch:  1160
1160th epoch validation confusion matrix: [[16.2, 18.89], [1.8, 2.11]] eval_metric: 0.4695
epoch:  1180
1180th epoch validation confusion matrix: [[14.83, 17.45], [3.17, 3.55]] eval_metric: 0.4713
epoch:  1200
1200th epoch validation confusion matrix: [[15.35, 17.95], [2.65, 3.05]] eval_metric: 0.4718
epoch:  1220
1220th epoch validation confusion matrix: [[16.17, 18.79], [1.83, 2.21]] eval_metric: 0.4713
epoch:  1240
1240th epoch validation confusion matrix: [[15.99, 18.67], [2.01, 2.33]] eval_metric: 0.4697
epoch:  1260
1260th epoch validation confusion matrix: [[16.69, 19.52], [1.31, 1.48]] eval_metric: 0.4659
epoch:  1280
1280th epoch validation confusion matrix: [[15.44, 18.09], [2.56, 2.91]] eval_metric: 0.4705
epoch:  1300
1300th epoch validation confusion matrix: [[13.6, 16.19], [4.4, 4.81]] eval_metric: 0.4721
epoch:  1320
1320th epoch validation confusion matrix: [[11.73, 13.63], [6.27, 7.37]] eval_metric: 0.4897
epoch:  1340
1340th epoch validation confusion matrix: [[13.82, 16.13], [4.18, 4.87]] eval_metric: 0.4792
epoch:  1360
1360th epoch validation confusion matrix: [[15.35, 18.05], [2.65, 2.95]] eval_metric: 0.4692
epoch:  1380
1380th epoch validation confusion matrix: [[12.98, 15.18], [5.02, 5.82]] eval_metric: 0.4821
epoch:  1400
1400th epoch validation confusion matrix: [[12.99, 15.15], [5.01, 5.85]] eval_metric: 0.4831
epoch:  1420
1420th epoch validation confusion matrix: [[9.21, 10.94], [8.79, 10.06]] eval_metric: 0.4941
epoch:  1440
1440th epoch validation confusion matrix: [[15.59, 18.28], [2.41, 2.72]] eval_metric: 0.4695
epoch:  1460
1460th epoch validation confusion matrix: [[17.42, 20.3], [0.58, 0.7]] eval_metric: 0.4646
epoch:  1480
1480th epoch validation confusion matrix: [[15.83, 18.44], [2.17, 2.56]] eval_metric: 0.4715
epoch:  1500
1500th epoch validation confusion matrix: [[14.0, 16.36], [4.0, 4.64]] eval_metric: 0.4779
epoch:  1520
1520th epoch validation confusion matrix: [[16.11, 18.86], [1.89, 2.14]] eval_metric: 0.4679
epoch:  1540
1540th epoch validation confusion matrix: [[15.73, 18.37], [2.27, 2.63]] eval_metric: 0.4708
epoch:  1560
1560th epoch validation confusion matrix: [[15.88, 18.44], [2.12, 2.56]] eval_metric: 0.4728
epoch:  1580
1580th epoch validation confusion matrix: [[15.11, 17.68], [2.89, 3.32]] eval_metric: 0.4726
epoch:  1600
1600th epoch validation confusion matrix: [[13.87, 16.35], [4.13, 4.65]] eval_metric: 0.4749
epoch:  1620
1620th epoch validation confusion matrix: [[16.52, 19.2], [1.48, 1.8]] eval_metric: 0.4697
epoch:  1640
1640th epoch validation confusion matrix: [[11.27, 13.47], [6.73, 7.53]] eval_metric: 0.4821
epoch:  1660
1660th epoch validation confusion matrix: [[15.84, 18.52], [2.16, 2.48]] eval_metric: 0.4697
epoch:  1680
1680th epoch validation confusion matrix: [[10.77, 12.89], [7.23, 8.11]] eval_metric: 0.4841
epoch:  1700
1700th epoch validation confusion matrix: [[11.58, 13.74], [6.42, 7.26]] eval_metric: 0.4831
epoch:  1720
1720th epoch validation confusion matrix: [[14.78, 17.38], [3.22, 3.62]] eval_metric: 0.4718
epoch:  1740
1740th epoch validation confusion matrix: [[14.0, 16.4], [4.0, 4.6]] eval_metric: 0.4769
epoch:  1760
1760th epoch validation confusion matrix: [[12.63, 15.07], [5.37, 5.93]] eval_metric: 0.4759
epoch:  1780
1780th epoch validation confusion matrix: [[6.14, 7.24], [11.86, 13.76]] eval_metric: 0.5103
epoch:  1800
1800th epoch validation confusion matrix: [[2.72, 3.12], [15.28, 17.88]] eval_metric: 0.5282
epoch:  1820
1820th epoch validation confusion matrix: [[10.16, 12.27], [7.84, 8.73]] eval_metric: 0.4844
epoch:  1840
1840th epoch validation confusion matrix: [[12.45, 14.83], [5.55, 6.17]] eval_metric: 0.4774
epoch:  1860
1860th epoch validation confusion matrix: [[10.84, 13.1], [7.16, 7.9]] eval_metric: 0.4805
epoch:  1880
1880th epoch validation confusion matrix: [[13.29, 15.48], [4.71, 5.52]] eval_metric: 0.4823
epoch:  1900
1900th epoch validation confusion matrix: [[12.43, 14.84], [5.57, 6.16]] eval_metric: 0.4767
epoch:  1920
1920th epoch validation confusion matrix: [[11.2, 13.42], [6.8, 7.58]] eval_metric: 0.4815
epoch:  1940
1940th epoch validation confusion matrix: [[12.79, 15.16], [5.21, 5.84]] eval_metric: 0.4777
epoch:  1960
1960th epoch validation confusion matrix: [[14.33, 16.8], [3.67, 4.2]] eval_metric: 0.4751
epoch:  1980
1980th epoch validation confusion matrix: [[15.08, 17.53], [2.92, 3.47]] eval_metric: 0.4756
epoch:  2000
2000th epoch validation confusion matrix: [[9.81, 12.05], [8.19, 8.95]] eval_metric: 0.4810
epoch:  2020
2020th epoch validation confusion matrix: [[12.44, 15.01], [5.56, 5.99]] eval_metric: 0.4726
epoch:  2040
2040th epoch validation confusion matrix: [[14.46, 17.2], [3.54, 3.8]] eval_metric: 0.4682
epoch:  2060
2060th epoch validation confusion matrix: [[14.47, 17.07], [3.53, 3.93]] eval_metric: 0.4718
epoch:  2080
2080th epoch validation confusion matrix: [[14.47, 16.97], [3.53, 4.03]] eval_metric: 0.4744
epoch:  2100
2100th epoch validation confusion matrix: [[11.45, 13.61], [6.55, 7.39]] eval_metric: 0.4831
epoch:  2120
2120th epoch validation confusion matrix: [[12.71, 14.89], [5.29, 6.11]] eval_metric: 0.4826
epoch:  2140
2140th epoch validation confusion matrix: [[14.26, 16.81], [3.74, 4.19]] eval_metric: 0.4731
epoch:  2160
2160th epoch validation confusion matrix: [[14.04, 16.55], [3.96, 4.45]] eval_metric: 0.4741
epoch:  2180
2180th epoch validation confusion matrix: [[12.96, 15.3], [5.04, 5.7]] eval_metric: 0.4785
epoch:  2200
2200th epoch validation confusion matrix: [[14.6, 17.14], [3.4, 3.86]] eval_metric: 0.4733
epoch:  2220
2220th epoch validation confusion matrix: [[7.63, 8.68], [10.37, 12.32]] eval_metric: 0.5115
epoch:  2240
2240th epoch validation confusion matrix: [[7.09, 8.41], [10.91, 12.59]] eval_metric: 0.5046
epoch:  2260
2260th epoch validation confusion matrix: [[14.23, 16.69], [3.77, 4.31]] eval_metric: 0.4754
epoch:  2280
2280th epoch validation confusion matrix: [[12.19, 14.29], [5.81, 6.71]] eval_metric: 0.4846
epoch:  2300
2300th epoch validation confusion matrix: [[13.05, 15.5], [4.95, 5.5]] eval_metric: 0.4756
epoch:  2320
2320th epoch validation confusion matrix: [[11.45, 13.7], [6.55, 7.3]] eval_metric: 0.4808
epoch:  2340
2340th epoch validation confusion matrix: [[12.89, 15.02], [5.11, 5.98]] eval_metric: 0.4838
epoch:  2360
2360th epoch validation confusion matrix: [[13.33, 15.39], [4.67, 5.61]] eval_metric: 0.4856
epoch:  2380
2380th epoch validation confusion matrix: [[12.7, 14.81], [5.3, 6.19]] eval_metric: 0.4844
epoch:  2400
2400th epoch validation confusion matrix: [[13.6, 16.03], [4.4, 4.97]] eval_metric: 0.4762
epoch:  2420
2420th epoch validation confusion matrix: [[12.73, 14.95], [5.27, 6.05]] eval_metric: 0.4815
epoch:  2440
2440th epoch validation confusion matrix: [[12.83, 15.17], [5.17, 5.83]] eval_metric: 0.4785
epoch:  2460
2460th epoch validation confusion matrix: [[13.41, 15.79], [4.59, 5.21]] eval_metric: 0.4774
epoch:  2480
2480th epoch validation confusion matrix: [[12.08, 14.31], [5.92, 6.69]] eval_metric: 0.4813
epoch:  2500
2500th epoch validation confusion matrix: [[12.73, 15.16], [5.27, 5.84]] eval_metric: 0.4762
epoch:  2520
2520th epoch validation confusion matrix: [[15.6, 18.27], [2.4, 2.73]] eval_metric: 0.4700
epoch:  2540
2540th epoch validation confusion matrix: [[8.75, 10.22], [9.25, 10.78]] eval_metric: 0.5008
epoch:  2560
2560th epoch validation confusion matrix: [[12.12, 14.31], [5.88, 6.69]] eval_metric: 0.4823
epoch:  2580
2580th epoch validation confusion matrix: [[6.56, 7.57], [11.44, 13.43]] eval_metric: 0.5126
epoch:  2600
2600th epoch validation confusion matrix: [[7.22, 8.49], [10.78, 12.51]] eval_metric: 0.5059
epoch:  2620
2620th epoch validation confusion matrix: [[6.22, 7.11], [11.78, 13.89]] eval_metric: 0.5156
epoch:  2640
2640th epoch validation confusion matrix: [[14.22, 16.54], [3.78, 4.46]] eval_metric: 0.4790
epoch:  2660
2660th epoch validation confusion matrix: [[7.71, 8.87], [10.29, 12.13]] eval_metric: 0.5087
epoch:  2680
2680th epoch validation confusion matrix: [[11.88, 13.88], [6.12, 7.12]] eval_metric: 0.4872
epoch:  2700
2700th epoch validation confusion matrix: [[11.84, 13.87], [6.16, 7.13]] eval_metric: 0.4864
epoch:  2720
2720th epoch validation confusion matrix: [[6.44, 7.32], [11.56, 13.68]] eval_metric: 0.5159
epoch:  2740
2740th epoch validation confusion matrix: [[13.87, 16.08], [4.13, 4.92]] eval_metric: 0.4818
epoch:  2760
2760th epoch validation confusion matrix: [[14.13, 16.46], [3.87, 4.54]] eval_metric: 0.4787
epoch:  2780
2780th epoch validation confusion matrix: [[11.7, 13.99], [6.3, 7.01]] eval_metric: 0.4797
epoch:  2800
2800th epoch validation confusion matrix: [[12.21, 14.4], [5.79, 6.6]] eval_metric: 0.4823
epoch:  2820
2820th epoch validation confusion matrix: [[14.69, 17.01], [3.31, 3.99]] eval_metric: 0.4790
epoch:  2840
2840th epoch validation confusion matrix: [[8.43, 9.69], [9.57, 11.31]] eval_metric: 0.5062
epoch:  2860
2860th epoch validation confusion matrix: [[9.58, 10.95], [8.42, 10.05]] eval_metric: 0.5033
epoch:  2880
2880th epoch validation confusion matrix: [[7.93, 9.07], [10.07, 11.93]] eval_metric: 0.5092
epoch:  2900
2900th epoch validation confusion matrix: [[8.59, 9.82], [9.41, 11.18]] eval_metric: 0.5069
epoch:  2920
2920th epoch validation confusion matrix: [[14.49, 16.88], [3.51, 4.12]] eval_metric: 0.4772
epoch:  2940
2940th epoch validation confusion matrix: [[7.69, 8.69], [10.31, 12.31]] eval_metric: 0.5128
epoch:  2960
2960th epoch validation confusion matrix: [[6.98, 7.91], [11.02, 13.09]] eval_metric: 0.5146
epoch:  2980
2980th epoch validation confusion matrix: [[13.33, 15.66], [4.67, 5.34]] eval_metric: 0.4787
Best model saved at the 40th epoch: 0.5387179487179488 [[0.09, 0.08], [17.91, 20.92]]
testing and generating DPMs ... 
train confusion matrix  [[0.45, 0.33], [87.55, 71.67]]  accuracy  0.45075000000000004
valid confusion matrix  [[0.09, 0.08], [17.91, 20.92]]  accuracy  0.5387179487179488
test confusion matrix  [[0.06, 0.05], [12.94, 9.95]]  accuracy  0.43521739130434783
DPM generation is done
epoch:  0
0th epoch validation confusion matrix: [[19.99, 18.99], [0.01, 0.01]] eval_metric: 0.5128
epoch:  20
20th epoch validation confusion matrix: [[7.28, 7.16], [12.72, 11.84]] eval_metric: 0.4903
epoch:  40
40th epoch validation confusion matrix: [[20.0, 19.0], [0.0, 0.0]] eval_metric: 0.5128
epoch:  60
60th epoch validation confusion matrix: [[20.0, 19.0], [0.0, 0.0]] eval_metric: 0.5128
epoch:  80
80th epoch validation confusion matrix: [[20.0, 19.0], [0.0, 0.0]] eval_metric: 0.5128
epoch:  100
100th epoch validation confusion matrix: [[19.93, 18.93], [0.07, 0.07]] eval_metric: 0.5128
epoch:  120
120th epoch validation confusion matrix: [[20.0, 19.0], [0.0, 0.0]] eval_metric: 0.5128
epoch:  140
140th epoch validation confusion matrix: [[18.9, 17.91], [1.1, 1.09]] eval_metric: 0.5126
epoch:  160
160th epoch validation confusion matrix: [[19.88, 18.85], [0.12, 0.15]] eval_metric: 0.5136
epoch:  180
180th epoch validation confusion matrix: [[16.01, 14.89], [3.99, 4.11]] eval_metric: 0.5159
epoch:  200
200th epoch validation confusion matrix: [[19.22, 18.2], [0.78, 0.8]] eval_metric: 0.5133
epoch:  220
220th epoch validation confusion matrix: [[18.58, 17.46], [1.42, 1.54]] eval_metric: 0.5159
epoch:  240
240th epoch validation confusion matrix: [[6.84, 6.18], [13.16, 12.82]] eval_metric: 0.5041
epoch:  260
260th epoch validation confusion matrix: [[16.0, 14.58], [4.0, 4.42]] eval_metric: 0.5236
epoch:  280
280th epoch validation confusion matrix: [[12.14, 11.4], [7.86, 7.6]] eval_metric: 0.5062
epoch:  300
300th epoch validation confusion matrix: [[19.9, 18.85], [0.1, 0.15]] eval_metric: 0.5141
epoch:  320
320th epoch validation confusion matrix: [[16.18, 15.05], [3.82, 3.95]] eval_metric: 0.5162
epoch:  340
340th epoch validation confusion matrix: [[19.21, 18.21], [0.79, 0.79]] eval_metric: 0.5128
epoch:  360
360th epoch validation confusion matrix: [[19.51, 18.52], [0.49, 0.48]] eval_metric: 0.5126
epoch:  380
380th epoch validation confusion matrix: [[7.24, 6.48], [12.76, 12.52]] eval_metric: 0.5067
epoch:  400
400th epoch validation confusion matrix: [[14.89, 13.54], [5.11, 5.46]] eval_metric: 0.5218
epoch:  420
420th epoch validation confusion matrix: [[12.86, 11.8], [7.14, 7.2]] eval_metric: 0.5144
epoch:  440
440th epoch validation confusion matrix: [[19.85, 18.71], [0.15, 0.29]] eval_metric: 0.5164
epoch:  460
460th epoch validation confusion matrix: [[17.83, 16.55], [2.17, 2.45]] eval_metric: 0.5200
epoch:  480
480th epoch validation confusion matrix: [[18.33, 17.41], [1.67, 1.59]] eval_metric: 0.5108
epoch:  500
500th epoch validation confusion matrix: [[20.0, 19.0], [0.0, 0.0]] eval_metric: 0.5128
epoch:  520
520th epoch validation confusion matrix: [[13.05, 12.31], [6.95, 6.69]] eval_metric: 0.5062
epoch:  540
540th epoch validation confusion matrix: [[19.87, 18.9], [0.13, 0.1]] eval_metric: 0.5121
epoch:  560
560th epoch validation confusion matrix: [[13.38, 12.67], [6.62, 6.33]] eval_metric: 0.5054
epoch:  580
580th epoch validation confusion matrix: [[17.48, 16.51], [2.52, 2.49]] eval_metric: 0.5121
epoch:  600
600th epoch validation confusion matrix: [[13.78, 12.57], [6.22, 6.43]] eval_metric: 0.5182
epoch:  620
620th epoch validation confusion matrix: [[18.35, 17.09], [1.65, 1.91]] eval_metric: 0.5195
epoch:  640
640th epoch validation confusion matrix: [[19.1, 17.92], [0.9, 1.08]] eval_metric: 0.5174
epoch:  660
660th epoch validation confusion matrix: [[9.1, 8.45], [10.9, 10.55]] eval_metric: 0.5038
epoch:  680
680th epoch validation confusion matrix: [[14.59, 13.62], [5.41, 5.38]] eval_metric: 0.5121
epoch:  700
700th epoch validation confusion matrix: [[13.67, 12.81], [6.33, 6.19]] eval_metric: 0.5092
epoch:  720
720th epoch validation confusion matrix: [[19.57, 18.48], [0.43, 0.52]] eval_metric: 0.5151
epoch:  740
740th epoch validation confusion matrix: [[19.63, 18.57], [0.37, 0.43]] eval_metric: 0.5144
epoch:  760
760th epoch validation confusion matrix: [[13.8, 12.91], [6.2, 6.09]] eval_metric: 0.5100
epoch:  780
780th epoch validation confusion matrix: [[18.04, 16.66], [1.96, 2.34]] eval_metric: 0.5226
epoch:  800
800th epoch validation confusion matrix: [[17.81, 16.4], [2.19, 2.6]] eval_metric: 0.5233
epoch:  820
820th epoch validation confusion matrix: [[16.61, 15.1], [3.39, 3.9]] eval_metric: 0.5259
epoch:  840
840th epoch validation confusion matrix: [[18.96, 17.73], [1.04, 1.27]] eval_metric: 0.5187
epoch:  860
860th epoch validation confusion matrix: [[9.08, 8.29], [10.92, 10.71]] eval_metric: 0.5074
epoch:  880
880th epoch validation confusion matrix: [[9.18, 8.47], [10.82, 10.53]] eval_metric: 0.5054
epoch:  900
900th epoch validation confusion matrix: [[19.18, 17.99], [0.82, 1.01]] eval_metric: 0.5177
epoch:  920
920th epoch validation confusion matrix: [[19.1, 17.81], [0.9, 1.19]] eval_metric: 0.5203
epoch:  940
940th epoch validation confusion matrix: [[17.86, 16.32], [2.14, 2.68]] eval_metric: 0.5267
epoch:  960
960th epoch validation confusion matrix: [[11.13, 10.02], [8.87, 8.98]] eval_metric: 0.5156
epoch:  980
980th epoch validation confusion matrix: [[11.32, 10.0], [8.68, 9.0]] eval_metric: 0.5210
epoch:  1000
1000th epoch validation confusion matrix: [[19.29, 17.94], [0.71, 1.06]] eval_metric: 0.5218
epoch:  1020
1020th epoch validation confusion matrix: [[19.42, 18.25], [0.58, 0.75]] eval_metric: 0.5172
epoch:  1040
1040th epoch validation confusion matrix: [[19.55, 18.34], [0.45, 0.66]] eval_metric: 0.5182
epoch:  1060
1060th epoch validation confusion matrix: [[17.29, 15.96], [2.71, 3.04]] eval_metric: 0.5213
epoch:  1080
1080th epoch validation confusion matrix: [[18.29, 17.07], [1.71, 1.93]] eval_metric: 0.5185
epoch:  1100
1100th epoch validation confusion matrix: [[8.91, 8.05], [11.09, 10.95]] eval_metric: 0.5092
epoch:  1120
1120th epoch validation confusion matrix: [[19.7, 18.54], [0.3, 0.46]] eval_metric: 0.5169
epoch:  1140
1140th epoch validation confusion matrix: [[16.8, 15.32], [3.2, 3.68]] eval_metric: 0.5251
epoch:  1160
1160th epoch validation confusion matrix: [[13.08, 11.95], [6.92, 7.05]] eval_metric: 0.5162
epoch:  1180
1180th epoch validation confusion matrix: [[19.46, 18.2], [0.54, 0.8]] eval_metric: 0.5195
epoch:  1200
1200th epoch validation confusion matrix: [[11.58, 10.76], [8.42, 8.24]] eval_metric: 0.5082
epoch:  1220
1220th epoch validation confusion matrix: [[14.41, 13.04], [5.59, 5.96]] eval_metric: 0.5223
epoch:  1240
1240th epoch validation confusion matrix: [[17.85, 16.35], [2.15, 2.65]] eval_metric: 0.5256
epoch:  1260
1260th epoch validation confusion matrix: [[19.42, 18.15], [0.58, 0.85]] eval_metric: 0.5197
epoch:  1280
1280th epoch validation confusion matrix: [[7.24, 6.48], [12.76, 12.52]] eval_metric: 0.5067
epoch:  1300
1300th epoch validation confusion matrix: [[7.14, 6.44], [12.86, 12.56]] eval_metric: 0.5051
epoch:  1320
1320th epoch validation confusion matrix: [[6.14, 5.63], [13.86, 13.37]] eval_metric: 0.5003
epoch:  1340
1340th epoch validation confusion matrix: [[9.1, 8.27], [10.9, 10.73]] eval_metric: 0.5085
epoch:  1360
1360th epoch validation confusion matrix: [[16.83, 15.4], [3.17, 3.6]] eval_metric: 0.5238
epoch:  1380
1380th epoch validation confusion matrix: [[11.39, 10.14], [8.61, 8.86]] eval_metric: 0.5192
epoch:  1400
1400th epoch validation confusion matrix: [[17.19, 15.78], [2.81, 3.22]] eval_metric: 0.5233
epoch:  1420
1420th epoch validation confusion matrix: [[19.29, 18.13], [0.71, 0.87]] eval_metric: 0.5169
epoch:  1440
1440th epoch validation confusion matrix: [[11.7, 10.4], [8.3, 8.6]] eval_metric: 0.5205
epoch:  1460
1460th epoch validation confusion matrix: [[19.68, 18.42], [0.32, 0.58]] eval_metric: 0.5195
epoch:  1480
1480th epoch validation confusion matrix: [[16.39, 14.87], [3.61, 4.13]] eval_metric: 0.5262
epoch:  1500
1500th epoch validation confusion matrix: [[13.19, 12.17], [6.81, 6.83]] eval_metric: 0.5133
epoch:  1520
1520th epoch validation confusion matrix: [[12.14, 11.03], [7.86, 7.97]] eval_metric: 0.5156
epoch:  1540
1540th epoch validation confusion matrix: [[12.3, 11.03], [7.7, 7.97]] eval_metric: 0.5197
epoch:  1560
1560th epoch validation confusion matrix: [[9.98, 8.97], [10.02, 10.03]] eval_metric: 0.5131
epoch:  1580
1580th epoch validation confusion matrix: [[12.54, 11.38], [7.46, 7.62]] eval_metric: 0.5169
epoch:  1600
1600th epoch validation confusion matrix: [[14.67, 13.2], [5.33, 5.8]] eval_metric: 0.5249
epoch:  1620
1620th epoch validation confusion matrix: [[15.89, 14.58], [4.11, 4.42]] eval_metric: 0.5208
epoch:  1640
1640th epoch validation confusion matrix: [[6.32, 5.54], [13.68, 13.46]] eval_metric: 0.5072
epoch:  1660
1660th epoch validation confusion matrix: [[17.13, 15.61], [2.87, 3.39]] eval_metric: 0.5262
epoch:  1680
1680th epoch validation confusion matrix: [[17.18, 15.6], [2.82, 3.4]] eval_metric: 0.5277
epoch:  1700
1700th epoch validation confusion matrix: [[15.89, 14.74], [4.11, 4.26]] eval_metric: 0.5167
epoch:  1720
1720th epoch validation confusion matrix: [[14.28, 13.06], [5.72, 5.94]] eval_metric: 0.5185
epoch:  1740
1740th epoch validation confusion matrix: [[17.79, 16.24], [2.21, 2.76]] eval_metric: 0.5269
epoch:  1760
1760th epoch validation confusion matrix: [[18.82, 17.42], [1.18, 1.58]] eval_metric: 0.5231
epoch:  1780
1780th epoch validation confusion matrix: [[5.9, 5.01], [14.1, 13.99]] eval_metric: 0.5100
epoch:  1800
1800th epoch validation confusion matrix: [[16.25, 14.96], [3.75, 4.04]] eval_metric: 0.5203
epoch:  1820
1820th epoch validation confusion matrix: [[9.34, 8.13], [10.66, 10.87]] eval_metric: 0.5182
epoch:  1840
1840th epoch validation confusion matrix: [[11.68, 10.43], [8.32, 8.57]] eval_metric: 0.5192
epoch:  1860
1860th epoch validation confusion matrix: [[6.33, 5.5], [13.67, 13.5]] eval_metric: 0.5085
epoch:  1880
1880th epoch validation confusion matrix: [[12.68, 11.58], [7.32, 7.42]] eval_metric: 0.5154
epoch:  1900
1900th epoch validation confusion matrix: [[14.06, 12.86], [5.94, 6.14]] eval_metric: 0.5179
epoch:  1920
1920th epoch validation confusion matrix: [[9.3, 8.19], [10.7, 10.81]] eval_metric: 0.5156
epoch:  1940
1940th epoch validation confusion matrix: [[18.54, 17.15], [1.46, 1.85]] eval_metric: 0.5228
epoch:  1960
1960th epoch validation confusion matrix: [[17.7, 16.23], [2.3, 2.77]] eval_metric: 0.5249
epoch:  1980
1980th epoch validation confusion matrix: [[16.46, 15.15], [3.54, 3.85]] eval_metric: 0.5208
epoch:  2000
2000th epoch validation confusion matrix: [[17.47, 15.85], [2.53, 3.15]] eval_metric: 0.5287
epoch:  2020
2020th epoch validation confusion matrix: [[8.22, 7.3], [11.78, 11.7]] eval_metric: 0.5108
epoch:  2040
2040th epoch validation confusion matrix: [[10.79, 9.86], [9.21, 9.14]] eval_metric: 0.5110
epoch:  2060
2060th epoch validation confusion matrix: [[11.28, 10.31], [8.72, 8.69]] eval_metric: 0.5121
epoch:  2080
2080th epoch validation confusion matrix: [[10.53, 9.36], [9.47, 9.64]] eval_metric: 0.5172
epoch:  2100
2100th epoch validation confusion matrix: [[18.24, 16.77], [1.76, 2.23]] eval_metric: 0.5249
epoch:  2120
2120th epoch validation confusion matrix: [[13.1, 11.52], [6.9, 7.48]] eval_metric: 0.5277
epoch:  2140
2140th epoch validation confusion matrix: [[8.88, 7.66], [11.12, 11.34]] eval_metric: 0.5185
epoch:  2160
2160th epoch validation confusion matrix: [[17.24, 15.7], [2.76, 3.3]] eval_metric: 0.5267
epoch:  2180
2180th epoch validation confusion matrix: [[17.55, 16.01], [2.45, 2.99]] eval_metric: 0.5267
epoch:  2200
2200th epoch validation confusion matrix: [[14.45, 13.05], [5.55, 5.95]] eval_metric: 0.5231
epoch:  2220
2220th epoch validation confusion matrix: [[17.0, 15.37], [3.0, 3.63]] eval_metric: 0.5290
epoch:  2240
2240th epoch validation confusion matrix: [[15.34, 13.74], [4.66, 5.26]] eval_metric: 0.5282
epoch:  2260
2260th epoch validation confusion matrix: [[17.78, 16.17], [2.22, 2.83]] eval_metric: 0.5285
epoch:  2280
2280th epoch validation confusion matrix: [[11.29, 9.99], [8.71, 9.01]] eval_metric: 0.5205
epoch:  2300
2300th epoch validation confusion matrix: [[9.18, 7.9], [10.82, 11.1]] eval_metric: 0.5200
epoch:  2320
2320th epoch validation confusion matrix: [[16.73, 15.11], [3.27, 3.89]] eval_metric: 0.5287
epoch:  2340
2340th epoch validation confusion matrix: [[17.83, 16.21], [2.17, 2.79]] eval_metric: 0.5287
epoch:  2360
2360th epoch validation confusion matrix: [[9.18, 8.09], [10.82, 10.91]] eval_metric: 0.5151
epoch:  2380
2380th epoch validation confusion matrix: [[11.97, 10.65], [8.03, 8.35]] eval_metric: 0.5210
epoch:  2400
2400th epoch validation confusion matrix: [[10.75, 9.49], [9.25, 9.51]] eval_metric: 0.5195
epoch:  2420
2420th epoch validation confusion matrix: [[4.7, 3.94], [15.3, 15.06]] eval_metric: 0.5067
epoch:  2440
2440th epoch validation confusion matrix: [[11.27, 9.95], [8.73, 9.05]] eval_metric: 0.5210
epoch:  2460
2460th epoch validation confusion matrix: [[16.57, 14.81], [3.43, 4.19]] eval_metric: 0.5323
epoch:  2480
2480th epoch validation confusion matrix: [[9.96, 8.59], [10.04, 10.41]] eval_metric: 0.5223
epoch:  2500
2500th epoch validation confusion matrix: [[15.45, 13.98], [4.55, 5.02]] eval_metric: 0.5249
epoch:  2520
2520th epoch validation confusion matrix: [[17.98, 16.57], [2.02, 2.43]] eval_metric: 0.5233
epoch:  2540
2540th epoch validation confusion matrix: [[10.65, 9.67], [9.35, 9.33]] eval_metric: 0.5123
epoch:  2560
2560th epoch validation confusion matrix: [[11.84, 10.7], [8.16, 8.3]] eval_metric: 0.5164
epoch:  2580
2580th epoch validation confusion matrix: [[13.68, 12.63], [6.32, 6.37]] eval_metric: 0.5141
epoch:  2600
2600th epoch validation confusion matrix: [[11.06, 9.71], [8.94, 9.29]] eval_metric: 0.5218
epoch:  2620
2620th epoch validation confusion matrix: [[18.62, 17.24], [1.38, 1.76]] eval_metric: 0.5226
epoch:  2640
2640th epoch validation confusion matrix: [[16.07, 14.47], [3.93, 4.53]] eval_metric: 0.5282
epoch:  2660
2660th epoch validation confusion matrix: [[15.39, 14.0], [4.61, 5.0]] eval_metric: 0.5228
epoch:  2680
2680th epoch validation confusion matrix: [[10.08, 8.72], [9.92, 10.28]] eval_metric: 0.5221
epoch:  2700
2700th epoch validation confusion matrix: [[18.34, 16.86], [1.66, 2.14]] eval_metric: 0.5251
epoch:  2720
2720th epoch validation confusion matrix: [[18.04, 16.34], [1.96, 2.66]] eval_metric: 0.5308
epoch:  2740
2740th epoch validation confusion matrix: [[12.77, 11.54], [7.23, 7.46]] eval_metric: 0.5187
epoch:  2760
2760th epoch validation confusion matrix: [[17.82, 16.34], [2.18, 2.66]] eval_metric: 0.5251
epoch:  2780
2780th epoch validation confusion matrix: [[18.41, 17.06], [1.59, 1.94]] eval_metric: 0.5218
epoch:  2800
2800th epoch validation confusion matrix: [[15.91, 14.53], [4.09, 4.47]] eval_metric: 0.5226
epoch:  2820
2820th epoch validation confusion matrix: [[17.13, 15.61], [2.87, 3.39]] eval_metric: 0.5262
epoch:  2840
2840th epoch validation confusion matrix: [[11.81, 10.68], [8.19, 8.32]] eval_metric: 0.5162
epoch:  2860
2860th epoch validation confusion matrix: [[17.45, 15.99], [2.55, 3.01]] eval_metric: 0.5246
epoch:  2880
2880th epoch validation confusion matrix: [[17.31, 15.9], [2.69, 3.1]] eval_metric: 0.5233
epoch:  2900
2900th epoch validation confusion matrix: [[19.02, 17.69], [0.98, 1.31]] eval_metric: 0.5213
epoch:  2920
2920th epoch validation confusion matrix: [[17.55, 16.0], [2.45, 3.0]] eval_metric: 0.5269
epoch:  2940
2940th epoch validation confusion matrix: [[12.61, 11.55], [7.39, 7.45]] eval_metric: 0.5144
epoch:  2960
2960th epoch validation confusion matrix: [[18.38, 16.88], [1.62, 2.12]] eval_metric: 0.5256
epoch:  2980
2980th epoch validation confusion matrix: [[16.74, 15.3], [3.26, 3.7]] eval_metric: 0.5241
Best model saved at the 2460th epoch: 0.5323076923076924 [[16.57, 14.81], [3.43, 4.19]]
testing and generating DPMs ... 
train confusion matrix  [[68.16, 54.36], [17.84, 19.64]]  accuracy  0.54875
valid confusion matrix  [[16.57, 14.81], [3.43, 4.19]]  accuracy  0.5323076923076924
test confusion matrix  [[10.75, 7.83], [2.25, 2.17]]  accuracy  0.5617391304347826
DPM generation is done
epoch:  0
0th epoch validation confusion matrix: [[0.0, 0.0], [20.0, 19.0]] eval_metric: 0.4872
epoch:  20
20th epoch validation confusion matrix: [[0.0, 0.0], [20.0, 19.0]] eval_metric: 0.4872
epoch:  40
40th epoch validation confusion matrix: [[0.0, 0.0], [20.0, 19.0]] eval_metric: 0.4872
epoch:  60
60th epoch validation confusion matrix: [[0.0, 0.01], [20.0, 18.99]] eval_metric: 0.4869
epoch:  80
80th epoch validation confusion matrix: [[0.07, 0.06], [19.93, 18.94]] eval_metric: 0.4874
epoch:  100
100th epoch validation confusion matrix: [[7.12, 6.48], [12.88, 12.52]] eval_metric: 0.5036
epoch:  120
120th epoch validation confusion matrix: [[0.09, 0.05], [19.91, 18.95]] eval_metric: 0.4882
epoch:  140
140th epoch validation confusion matrix: [[5.37, 4.71], [14.63, 14.29]] eval_metric: 0.5041
epoch:  160
160th epoch validation confusion matrix: [[5.22, 4.6], [14.78, 14.4]] eval_metric: 0.5031
epoch:  180
180th epoch validation confusion matrix: [[17.03, 15.83], [2.97, 3.17]] eval_metric: 0.5179
epoch:  200
200th epoch validation confusion matrix: [[7.16, 6.51], [12.84, 12.49]] eval_metric: 0.5038
epoch:  220
220th epoch validation confusion matrix: [[12.51, 11.58], [7.49, 7.42]] eval_metric: 0.5110
epoch:  240
240th epoch validation confusion matrix: [[6.25, 5.56], [13.75, 13.44]] eval_metric: 0.5049
epoch:  260
260th epoch validation confusion matrix: [[1.85, 1.77], [18.15, 17.23]] eval_metric: 0.4892
epoch:  280
280th epoch validation confusion matrix: [[0.43, 0.37], [19.57, 18.63]] eval_metric: 0.4887
epoch:  300
300th epoch validation confusion matrix: [[0.73, 0.73], [19.27, 18.27]] eval_metric: 0.4872
epoch:  320
320th epoch validation confusion matrix: [[0.19, 0.17], [19.81, 18.83]] eval_metric: 0.4877
epoch:  340
340th epoch validation confusion matrix: [[4.61, 4.09], [15.39, 14.91]] eval_metric: 0.5005
epoch:  360
360th epoch validation confusion matrix: [[18.83, 17.68], [1.17, 1.32]] eval_metric: 0.5167
epoch:  380
380th epoch validation confusion matrix: [[18.19, 16.9], [1.81, 2.1]] eval_metric: 0.5203
epoch:  400
400th epoch validation confusion matrix: [[12.29, 11.24], [7.71, 7.76]] eval_metric: 0.5141
epoch:  420
420th epoch validation confusion matrix: [[6.46, 5.87], [13.54, 13.13]] eval_metric: 0.5023
epoch:  440
440th epoch validation confusion matrix: [[7.24, 6.36], [12.76, 12.64]] eval_metric: 0.5097
epoch:  460
460th epoch validation confusion matrix: [[16.77, 15.77], [3.23, 3.23]] eval_metric: 0.5128
epoch:  480
480th epoch validation confusion matrix: [[10.51, 9.89], [9.49, 9.11]] eval_metric: 0.5031
epoch:  500
500th epoch validation confusion matrix: [[4.48, 3.9], [15.52, 15.1]] eval_metric: 0.5021
epoch:  520
520th epoch validation confusion matrix: [[2.41, 2.08], [17.59, 16.92]] eval_metric: 0.4956
epoch:  540
540th epoch validation confusion matrix: [[3.17, 3.03], [16.83, 15.97]] eval_metric: 0.4908
epoch:  560
560th epoch validation confusion matrix: [[14.29, 13.17], [5.71, 5.83]] eval_metric: 0.5159
epoch:  580
580th epoch validation confusion matrix: [[17.83, 16.69], [2.17, 2.31]] eval_metric: 0.5164
epoch:  600
600th epoch validation confusion matrix: [[19.75, 18.71], [0.25, 0.29]] eval_metric: 0.5138
epoch:  620
620th epoch validation confusion matrix: [[16.59, 15.57], [3.41, 3.43]] eval_metric: 0.5133
epoch:  640
640th epoch validation confusion matrix: [[2.85, 2.65], [17.15, 16.35]] eval_metric: 0.4923
epoch:  660
660th epoch validation confusion matrix: [[18.48, 17.32], [1.52, 1.68]] eval_metric: 0.5169
epoch:  680
680th epoch validation confusion matrix: [[4.25, 3.55], [15.75, 15.45]] eval_metric: 0.5051
epoch:  700
700th epoch validation confusion matrix: [[14.06, 12.95], [5.94, 6.05]] eval_metric: 0.5156
epoch:  720
720th epoch validation confusion matrix: [[18.09, 16.95], [1.91, 2.05]] eval_metric: 0.5164
epoch:  740
740th epoch validation confusion matrix: [[5.45, 4.72], [14.55, 14.28]] eval_metric: 0.5059
epoch:  760
760th epoch validation confusion matrix: [[9.94, 9.25], [10.06, 9.75]] eval_metric: 0.5049
epoch:  780
780th epoch validation confusion matrix: [[8.42, 7.58], [11.58, 11.42]] eval_metric: 0.5087
epoch:  800
800th epoch validation confusion matrix: [[3.77, 3.29], [16.23, 15.71]] eval_metric: 0.4995
epoch:  820
820th epoch validation confusion matrix: [[18.16, 16.93], [1.84, 2.07]] eval_metric: 0.5187
epoch:  840
840th epoch validation confusion matrix: [[14.82, 13.6], [5.18, 5.4]] eval_metric: 0.5185
epoch:  860
860th epoch validation confusion matrix: [[16.33, 14.98], [3.67, 4.02]] eval_metric: 0.5218
epoch:  880
880th epoch validation confusion matrix: [[11.03, 10.02], [8.97, 8.98]] eval_metric: 0.5131
epoch:  900
900th epoch validation confusion matrix: [[14.77, 13.51], [5.23, 5.49]] eval_metric: 0.5195
epoch:  920
920th epoch validation confusion matrix: [[3.44, 2.87], [16.56, 16.13]] eval_metric: 0.5018
epoch:  940
940th epoch validation confusion matrix: [[17.93, 16.64], [2.07, 2.36]] eval_metric: 0.5203
epoch:  960
960th epoch validation confusion matrix: [[9.82, 9.06], [10.18, 9.94]] eval_metric: 0.5067
epoch:  980
980th epoch validation confusion matrix: [[3.08, 2.65], [16.92, 16.35]] eval_metric: 0.4982
epoch:  1000
1000th epoch validation confusion matrix: [[12.24, 11.23], [7.76, 7.77]] eval_metric: 0.5131
epoch:  1020
1020th epoch validation confusion matrix: [[2.17, 1.76], [17.83, 17.24]] eval_metric: 0.4977
epoch:  1040
1040th epoch validation confusion matrix: [[16.41, 15.34], [3.59, 3.66]] eval_metric: 0.5146
epoch:  1060
1060th epoch validation confusion matrix: [[18.73, 17.68], [1.27, 1.32]] eval_metric: 0.5141
epoch:  1080
1080th epoch validation confusion matrix: [[3.49, 3.14], [16.51, 15.86]] eval_metric: 0.4962
epoch:  1100
1100th epoch validation confusion matrix: [[15.98, 14.77], [4.02, 4.23]] eval_metric: 0.5182
epoch:  1120
1120th epoch validation confusion matrix: [[18.16, 17.09], [1.84, 1.91]] eval_metric: 0.5146
epoch:  1140
1140th epoch validation confusion matrix: [[18.73, 17.7], [1.27, 1.3]] eval_metric: 0.5136
epoch:  1160
1160th epoch validation confusion matrix: [[18.57, 17.55], [1.43, 1.45]] eval_metric: 0.5133
epoch:  1180
1180th epoch validation confusion matrix: [[19.02, 17.94], [0.98, 1.06]] eval_metric: 0.5149
epoch:  1200
1200th epoch validation confusion matrix: [[17.41, 16.23], [2.59, 2.77]] eval_metric: 0.5174
epoch:  1220
1220th epoch validation confusion matrix: [[17.81, 16.52], [2.19, 2.48]] eval_metric: 0.5203
epoch:  1240
1240th epoch validation confusion matrix: [[12.49, 11.26], [7.51, 7.74]] eval_metric: 0.5187
epoch:  1260
1260th epoch validation confusion matrix: [[17.12, 15.96], [2.88, 3.04]] eval_metric: 0.5169
epoch:  1280
1280th epoch validation confusion matrix: [[15.64, 14.32], [4.36, 4.68]] eval_metric: 0.5210
epoch:  1300
1300th epoch validation confusion matrix: [[5.26, 4.36], [14.74, 14.64]] eval_metric: 0.5103
epoch:  1320
1320th epoch validation confusion matrix: [[4.11, 3.51], [15.89, 15.49]] eval_metric: 0.5026
epoch:  1340
1340th epoch validation confusion matrix: [[15.71, 14.43], [4.29, 4.57]] eval_metric: 0.5200
epoch:  1360
1360th epoch validation confusion matrix: [[18.87, 17.76], [1.13, 1.24]] eval_metric: 0.5156
epoch:  1380
1380th epoch validation confusion matrix: [[18.21, 16.94], [1.79, 2.06]] eval_metric: 0.5197
epoch:  1400
1400th epoch validation confusion matrix: [[3.82, 3.16], [16.18, 15.84]] eval_metric: 0.5041
epoch:  1420
1420th epoch validation confusion matrix: [[7.11, 6.16], [12.89, 12.84]] eval_metric: 0.5115
epoch:  1440
1440th epoch validation confusion matrix: [[18.57, 17.52], [1.43, 1.48]] eval_metric: 0.5141
epoch:  1460
1460th epoch validation confusion matrix: [[16.4, 15.15], [3.6, 3.85]] eval_metric: 0.5192
epoch:  1480
1480th epoch validation confusion matrix: [[14.71, 13.4], [5.29, 5.6]] eval_metric: 0.5208
epoch:  1500
1500th epoch validation confusion matrix: [[1.77, 1.49], [18.23, 17.51]] eval_metric: 0.4944
epoch:  1520
1520th epoch validation confusion matrix: [[14.94, 13.87], [5.06, 5.13]] eval_metric: 0.5146
epoch:  1540
1540th epoch validation confusion matrix: [[13.59, 12.49], [6.41, 6.51]] eval_metric: 0.5154
epoch:  1560
1560th epoch validation confusion matrix: [[13.15, 12.01], [6.85, 6.99]] eval_metric: 0.5164
epoch:  1580
1580th epoch validation confusion matrix: [[16.15, 14.95], [3.85, 4.05]] eval_metric: 0.5179
epoch:  1600
1600th epoch validation confusion matrix: [[12.16, 10.88], [7.84, 8.12]] eval_metric: 0.5200
epoch:  1620
1620th epoch validation confusion matrix: [[7.11, 6.24], [12.89, 12.76]] eval_metric: 0.5095
epoch:  1640
1640th epoch validation confusion matrix: [[19.33, 18.28], [0.67, 0.72]] eval_metric: 0.5141
epoch:  1660
1660th epoch validation confusion matrix: [[15.98, 14.64], [4.02, 4.36]] eval_metric: 0.5215
epoch:  1680
1680th epoch validation confusion matrix: [[16.68, 15.47], [3.32, 3.53]] eval_metric: 0.5182
epoch:  1700
1700th epoch validation confusion matrix: [[18.22, 17.06], [1.78, 1.94]] eval_metric: 0.5169
epoch:  1720
1720th epoch validation confusion matrix: [[15.98, 14.82], [4.02, 4.18]] eval_metric: 0.5169
epoch:  1740
1740th epoch validation confusion matrix: [[17.3, 16.0], [2.7, 3.0]] eval_metric: 0.5205
epoch:  1760
1760th epoch validation confusion matrix: [[18.21, 16.94], [1.79, 2.06]] eval_metric: 0.5197
epoch:  1780
1780th epoch validation confusion matrix: [[17.99, 16.73], [2.01, 2.27]] eval_metric: 0.5195
epoch:  1800
1800th epoch validation confusion matrix: [[18.47, 17.27], [1.53, 1.73]] eval_metric: 0.5179
epoch:  1820
1820th epoch validation confusion matrix: [[15.6, 14.2], [4.4, 4.8]] eval_metric: 0.5231
epoch:  1840
1840th epoch validation confusion matrix: [[17.31, 16.13], [2.69, 2.87]] eval_metric: 0.5174
epoch:  1860
1860th epoch validation confusion matrix: [[18.8, 17.59], [1.2, 1.41]] eval_metric: 0.5182
epoch:  1880
1880th epoch validation confusion matrix: [[18.62, 17.55], [1.38, 1.45]] eval_metric: 0.5146
epoch:  1900
1900th epoch validation confusion matrix: [[7.43, 6.67], [12.57, 12.33]] eval_metric: 0.5067
epoch:  1920
1920th epoch validation confusion matrix: [[17.73, 16.62], [2.27, 2.38]] eval_metric: 0.5156
epoch:  1940
1940th epoch validation confusion matrix: [[17.83, 16.74], [2.17, 2.26]] eval_metric: 0.5151
epoch:  1960
1960th epoch validation confusion matrix: [[17.81, 16.69], [2.19, 2.31]] eval_metric: 0.5159
epoch:  1980
1980th epoch validation confusion matrix: [[18.25, 17.15], [1.75, 1.85]] eval_metric: 0.5154
epoch:  2000
2000th epoch validation confusion matrix: [[16.96, 15.81], [3.04, 3.19]] eval_metric: 0.5167
epoch:  2020
2020th epoch validation confusion matrix: [[18.6, 17.53], [1.4, 1.47]] eval_metric: 0.5146
epoch:  2040
2040th epoch validation confusion matrix: [[9.84, 9.0], [10.16, 10.0]] eval_metric: 0.5087
epoch:  2060
2060th epoch validation confusion matrix: [[18.52, 17.38], [1.48, 1.62]] eval_metric: 0.5164
epoch:  2080
2080th epoch validation confusion matrix: [[17.56, 16.36], [2.44, 2.64]] eval_metric: 0.5179
epoch:  2100
2100th epoch validation confusion matrix: [[14.97, 13.69], [5.03, 5.31]] eval_metric: 0.5200
epoch:  2120
2120th epoch validation confusion matrix: [[12.38, 11.53], [7.62, 7.47]] eval_metric: 0.5090
epoch:  2140
2140th epoch validation confusion matrix: [[17.15, 15.95], [2.85, 3.05]] eval_metric: 0.5179
epoch:  2160
2160th epoch validation confusion matrix: [[8.61, 7.7], [11.39, 11.3]] eval_metric: 0.5105
epoch:  2180
2180th epoch validation confusion matrix: [[1.04, 0.94], [18.96, 18.06]] eval_metric: 0.4897
epoch:  2200
2200th epoch validation confusion matrix: [[17.43, 16.36], [2.57, 2.64]] eval_metric: 0.5146
epoch:  2220
2220th epoch validation confusion matrix: [[16.4, 15.14], [3.6, 3.86]] eval_metric: 0.5195
epoch:  2240
2240th epoch validation confusion matrix: [[17.85, 16.67], [2.15, 2.33]] eval_metric: 0.5174
epoch:  2260
2260th epoch validation confusion matrix: [[16.12, 15.0], [3.88, 4.0]] eval_metric: 0.5159
epoch:  2280
2280th epoch validation confusion matrix: [[17.71, 16.68], [2.29, 2.32]] eval_metric: 0.5136
epoch:  2300
2300th epoch validation confusion matrix: [[17.23, 16.09], [2.77, 2.91]] eval_metric: 0.5164
epoch:  2320
2320th epoch validation confusion matrix: [[18.01, 16.74], [1.99, 2.26]] eval_metric: 0.5197
epoch:  2340
2340th epoch validation confusion matrix: [[16.5, 15.18], [3.5, 3.82]] eval_metric: 0.5210
epoch:  2360
2360th epoch validation confusion matrix: [[1.06, 0.93], [18.94, 18.07]] eval_metric: 0.4905
epoch:  2380
2380th epoch validation confusion matrix: [[9.41, 8.45], [10.59, 10.55]] eval_metric: 0.5118
epoch:  2400
2400th epoch validation confusion matrix: [[17.95, 16.84], [2.05, 2.16]] eval_metric: 0.5156
epoch:  2420
2420th epoch validation confusion matrix: [[5.89, 5.33], [14.11, 13.67]] eval_metric: 0.5015
epoch:  2440
2440th epoch validation confusion matrix: [[18.15, 17.13], [1.85, 1.87]] eval_metric: 0.5133
epoch:  2460
2460th epoch validation confusion matrix: [[11.95, 10.97], [8.05, 8.03]] eval_metric: 0.5123
epoch:  2480
2480th epoch validation confusion matrix: [[14.08, 12.86], [5.92, 6.14]] eval_metric: 0.5185
epoch:  2500
2500th epoch validation confusion matrix: [[18.53, 17.28], [1.47, 1.72]] eval_metric: 0.5192
epoch:  2520
2520th epoch validation confusion matrix: [[18.96, 17.86], [1.04, 1.14]] eval_metric: 0.5154
epoch:  2540
2540th epoch validation confusion matrix: [[17.87, 16.69], [2.13, 2.31]] eval_metric: 0.5174
epoch:  2560
2560th epoch validation confusion matrix: [[17.51, 16.41], [2.49, 2.59]] eval_metric: 0.5154
epoch:  2580
2580th epoch validation confusion matrix: [[14.17, 13.41], [5.83, 5.59]] eval_metric: 0.5067
epoch:  2600
2600th epoch validation confusion matrix: [[16.93, 15.82], [3.07, 3.18]] eval_metric: 0.5156
epoch:  2620
2620th epoch validation confusion matrix: [[17.64, 16.65], [2.36, 2.35]] eval_metric: 0.5126
epoch:  2640
2640th epoch validation confusion matrix: [[16.92, 15.82], [3.08, 3.18]] eval_metric: 0.5154
epoch:  2660
2660th epoch validation confusion matrix: [[15.22, 14.27], [4.78, 4.73]] eval_metric: 0.5115
epoch:  2680
2680th epoch validation confusion matrix: [[16.51, 15.39], [3.49, 3.61]] eval_metric: 0.5159
epoch:  2700
2700th epoch validation confusion matrix: [[15.1, 14.05], [4.9, 4.95]] eval_metric: 0.5141
epoch:  2720
2720th epoch validation confusion matrix: [[8.13, 7.5], [11.87, 11.5]] eval_metric: 0.5033
epoch:  2740
2740th epoch validation confusion matrix: [[17.86, 16.74], [2.14, 2.26]] eval_metric: 0.5159
epoch:  2760
2760th epoch validation confusion matrix: [[17.66, 16.49], [2.34, 2.51]] eval_metric: 0.5172
epoch:  2780
2780th epoch validation confusion matrix: [[4.33, 3.99], [15.67, 15.01]] eval_metric: 0.4959
epoch:  2800
2800th epoch validation confusion matrix: [[18.28, 17.25], [1.72, 1.75]] eval_metric: 0.5136
epoch:  2820
2820th epoch validation confusion matrix: [[19.09, 18.05], [0.91, 0.95]] eval_metric: 0.5138
epoch:  2840
2840th epoch validation confusion matrix: [[17.9, 16.81], [2.1, 2.19]] eval_metric: 0.5151
epoch:  2860
2860th epoch validation confusion matrix: [[12.24, 11.29], [7.76, 7.71]] eval_metric: 0.5115
epoch:  2880
2880th epoch validation confusion matrix: [[16.91, 15.82], [3.09, 3.18]] eval_metric: 0.5151
epoch:  2900
2900th epoch validation confusion matrix: [[12.12, 11.24], [7.88, 7.76]] eval_metric: 0.5097
epoch:  2920
2920th epoch validation confusion matrix: [[16.9, 15.58], [3.1, 3.42]] eval_metric: 0.5210
epoch:  2940
2940th epoch validation confusion matrix: [[16.59, 15.32], [3.41, 3.68]] eval_metric: 0.5197
epoch:  2960
2960th epoch validation confusion matrix: [[10.92, 9.93], [9.08, 9.07]] eval_metric: 0.5126
epoch:  2980
2980th epoch validation confusion matrix: [[16.4, 15.44], [3.6, 3.56]] eval_metric: 0.5118
Best model saved at the 1820th epoch: 0.523076923076923 [[15.6, 14.2], [4.4, 4.8]]
testing and generating DPMs ... 
train confusion matrix  [[66.6, 54.14], [19.4, 19.86]]  accuracy  0.5403749999999999
valid confusion matrix  [[15.6, 14.2], [4.4, 4.8]]  accuracy  0.523076923076923
test confusion matrix  [[10.29, 7.59], [2.71, 2.41]]  accuracy  0.5521739130434782
DPM generation is done
epoch:  0
0th epoch validation confusion matrix: [[0.0, 0.0], [22.0, 17.0]] eval_metric: 0.4359
epoch:  20
20th epoch validation confusion matrix: [[0.63, 0.46], [21.37, 16.54]] eval_metric: 0.4403
epoch:  40
40th epoch validation confusion matrix: [[0.02, 0.01], [21.98, 16.99]] eval_metric: 0.4362
epoch:  60
60th epoch validation confusion matrix: [[0.0, 0.0], [22.0, 17.0]] eval_metric: 0.4359
epoch:  80
80th epoch validation confusion matrix: [[0.01, 0.0], [21.99, 17.0]] eval_metric: 0.4362
epoch:  100
100th epoch validation confusion matrix: [[1.48, 1.13], [20.52, 15.87]] eval_metric: 0.4449
epoch:  120
120th epoch validation confusion matrix: [[9.48, 7.35], [12.52, 9.65]] eval_metric: 0.4905
epoch:  140
140th epoch validation confusion matrix: [[2.96, 2.29], [19.04, 14.71]] eval_metric: 0.4531
epoch:  160
160th epoch validation confusion matrix: [[17.81, 13.69], [4.19, 3.31]] eval_metric: 0.5415
epoch:  180
180th epoch validation confusion matrix: [[1.27, 0.97], [20.73, 16.03]] eval_metric: 0.4436
epoch:  200
200th epoch validation confusion matrix: [[18.19, 13.98], [3.81, 3.02]] eval_metric: 0.5438
epoch:  220
220th epoch validation confusion matrix: [[9.06, 6.9], [12.94, 10.1]] eval_metric: 0.4913
epoch:  240
240th epoch validation confusion matrix: [[19.01, 14.64], [2.99, 2.36]] eval_metric: 0.5479
epoch:  260
260th epoch validation confusion matrix: [[13.68, 10.33], [8.32, 6.67]] eval_metric: 0.5218
epoch:  280
280th epoch validation confusion matrix: [[19.47, 14.98], [2.53, 2.02]] eval_metric: 0.5510
epoch:  300
300th epoch validation confusion matrix: [[10.2, 7.94], [11.8, 9.06]] eval_metric: 0.4938
epoch:  320
320th epoch validation confusion matrix: [[4.05, 3.16], [17.95, 13.84]] eval_metric: 0.4587
epoch:  340
340th epoch validation confusion matrix: [[5.41, 4.15], [16.59, 12.85]] eval_metric: 0.4682
epoch:  360
360th epoch validation confusion matrix: [[18.91, 14.58], [3.09, 2.42]] eval_metric: 0.5469
epoch:  380
380th epoch validation confusion matrix: [[15.87, 12.31], [6.13, 4.69]] eval_metric: 0.5272
epoch:  400
400th epoch validation confusion matrix: [[15.04, 11.55], [6.96, 5.45]] eval_metric: 0.5254
epoch:  420
420th epoch validation confusion matrix: [[5.24, 4.0], [16.76, 13.0]] eval_metric: 0.4677
epoch:  440
440th epoch validation confusion matrix: [[11.36, 8.78], [10.64, 8.22]] eval_metric: 0.5021
epoch:  460
460th epoch validation confusion matrix: [[15.84, 12.13], [6.16, 4.87]] eval_metric: 0.5310
epoch:  480
480th epoch validation confusion matrix: [[9.51, 7.21], [12.49, 9.79]] eval_metric: 0.4949
epoch:  500
500th epoch validation confusion matrix: [[16.26, 12.45], [5.74, 4.55]] eval_metric: 0.5336
epoch:  520
520th epoch validation confusion matrix: [[14.53, 11.11], [7.47, 5.89]] eval_metric: 0.5236
epoch:  540
540th epoch validation confusion matrix: [[11.46, 8.7], [10.54, 8.3]] eval_metric: 0.5067
epoch:  560
560th epoch validation confusion matrix: [[6.41, 4.96], [15.59, 12.04]] eval_metric: 0.4731
epoch:  580
580th epoch validation confusion matrix: [[8.93, 6.84], [13.07, 10.16]] eval_metric: 0.4895
epoch:  600
600th epoch validation confusion matrix: [[4.62, 3.46], [17.38, 13.54]] eval_metric: 0.4656
epoch:  620
620th epoch validation confusion matrix: [[12.07, 9.07], [9.93, 7.93]] eval_metric: 0.5128
epoch:  640
640th epoch validation confusion matrix: [[0.86, 0.66], [21.14, 16.34]] eval_metric: 0.4410
epoch:  660
660th epoch validation confusion matrix: [[6.78, 5.07], [15.22, 11.93]] eval_metric: 0.4797
epoch:  680
680th epoch validation confusion matrix: [[12.16, 9.22], [9.84, 7.78]] eval_metric: 0.5113
epoch:  700
700th epoch validation confusion matrix: [[12.65, 9.9], [9.35, 7.1]] eval_metric: 0.5064
epoch:  720
720th epoch validation confusion matrix: [[19.12, 14.6], [2.88, 2.4]] eval_metric: 0.5518
epoch:  740
740th epoch validation confusion matrix: [[18.83, 14.42], [3.17, 2.58]] eval_metric: 0.5490
epoch:  760
760th epoch validation confusion matrix: [[15.79, 12.15], [6.21, 4.85]] eval_metric: 0.5292
epoch:  780
780th epoch validation confusion matrix: [[14.22, 10.89], [7.78, 6.11]] eval_metric: 0.5213
epoch:  800
800th epoch validation confusion matrix: [[15.61, 12.11], [6.39, 4.89]] eval_metric: 0.5256
epoch:  820
820th epoch validation confusion matrix: [[17.44, 13.37], [4.56, 3.63]] eval_metric: 0.5403
epoch:  840
840th epoch validation confusion matrix: [[11.91, 9.23], [10.09, 7.77]] eval_metric: 0.5046
epoch:  860
860th epoch validation confusion matrix: [[17.72, 13.52], [4.28, 3.48]] eval_metric: 0.5436
epoch:  880
880th epoch validation confusion matrix: [[13.37, 10.19], [8.63, 6.81]] eval_metric: 0.5174
epoch:  900
900th epoch validation confusion matrix: [[16.75, 12.94], [5.25, 4.06]] eval_metric: 0.5336
epoch:  920
920th epoch validation confusion matrix: [[17.15, 13.24], [4.85, 3.76]] eval_metric: 0.5362
epoch:  940
940th epoch validation confusion matrix: [[14.88, 11.47], [7.12, 5.53]] eval_metric: 0.5233
epoch:  960
960th epoch validation confusion matrix: [[20.45, 15.74], [1.55, 1.26]] eval_metric: 0.5567
epoch:  980
980th epoch validation confusion matrix: [[6.05, 4.63], [15.95, 12.37]] eval_metric: 0.4723
epoch:  1000
1000th epoch validation confusion matrix: [[7.72, 5.86], [14.28, 11.14]] eval_metric: 0.4836
epoch:  1020
1020th epoch validation confusion matrix: [[11.24, 8.52], [10.76, 8.48]] eval_metric: 0.5056
epoch:  1040
1040th epoch validation confusion matrix: [[9.85, 7.46], [12.15, 9.54]] eval_metric: 0.4972
epoch:  1060
1060th epoch validation confusion matrix: [[0.9, 0.78], [21.1, 16.22]] eval_metric: 0.4390
epoch:  1080
1080th epoch validation confusion matrix: [[13.88, 10.73], [8.12, 6.27]] eval_metric: 0.5167
epoch:  1100
1100th epoch validation confusion matrix: [[7.13, 5.69], [14.87, 11.31]] eval_metric: 0.4728
epoch:  1120
1120th epoch validation confusion matrix: [[9.83, 7.41], [12.17, 9.59]] eval_metric: 0.4979
epoch:  1140
1140th epoch validation confusion matrix: [[13.17, 9.84], [8.83, 7.16]] eval_metric: 0.5213
epoch:  1160
1160th epoch validation confusion matrix: [[17.47, 13.29], [4.53, 3.71]] eval_metric: 0.5431
epoch:  1180
1180th epoch validation confusion matrix: [[8.54, 6.53], [13.46, 10.47]] eval_metric: 0.4874
epoch:  1200
1200th epoch validation confusion matrix: [[11.24, 8.39], [10.76, 8.61]] eval_metric: 0.5090
epoch:  1220
1220th epoch validation confusion matrix: [[19.9, 15.16], [2.1, 1.84]] eval_metric: 0.5574
epoch:  1240
1240th epoch validation confusion matrix: [[17.65, 13.34], [4.35, 3.66]] eval_metric: 0.5464
epoch:  1260
1260th epoch validation confusion matrix: [[8.01, 5.83], [13.99, 11.17]] eval_metric: 0.4918
epoch:  1280
1280th epoch validation confusion matrix: [[14.25, 10.97], [7.75, 6.03]] eval_metric: 0.5200
epoch:  1300
1300th epoch validation confusion matrix: [[19.01, 14.55], [2.99, 2.45]] eval_metric: 0.5503
epoch:  1320
1320th epoch validation confusion matrix: [[7.37, 5.55], [14.63, 11.45]] eval_metric: 0.4826
epoch:  1340
1340th epoch validation confusion matrix: [[8.8, 6.81], [13.2, 10.19]] eval_metric: 0.4869
epoch:  1360
1360th epoch validation confusion matrix: [[7.98, 6.13], [14.02, 10.87]] eval_metric: 0.4833
epoch:  1380
1380th epoch validation confusion matrix: [[7.67, 6.06], [14.33, 10.94]] eval_metric: 0.4772
epoch:  1400
1400th epoch validation confusion matrix: [[5.01, 3.8], [16.99, 13.2]] eval_metric: 0.4669
epoch:  1420
1420th epoch validation confusion matrix: [[2.02, 1.6], [19.98, 15.4]] eval_metric: 0.4467
epoch:  1440
1440th epoch validation confusion matrix: [[4.86, 3.68], [17.14, 13.32]] eval_metric: 0.4662
epoch:  1460
1460th epoch validation confusion matrix: [[10.3, 7.85], [11.7, 9.15]] eval_metric: 0.4987
epoch:  1480
1480th epoch validation confusion matrix: [[12.31, 9.08], [9.69, 7.92]] eval_metric: 0.5187
epoch:  1500
1500th epoch validation confusion matrix: [[17.77, 13.47], [4.23, 3.53]] eval_metric: 0.5462
epoch:  1520
1520th epoch validation confusion matrix: [[19.1, 14.5], [2.9, 2.5]] eval_metric: 0.5538
epoch:  1540
1540th epoch validation confusion matrix: [[16.44, 12.59], [5.56, 4.41]] eval_metric: 0.5346
epoch:  1560
1560th epoch validation confusion matrix: [[18.25, 13.99], [3.75, 3.01]] eval_metric: 0.5451
epoch:  1580
1580th epoch validation confusion matrix: [[17.68, 13.92], [4.32, 3.08]] eval_metric: 0.5323
epoch:  1600
1600th epoch validation confusion matrix: [[1.72, 1.35], [20.28, 15.65]] eval_metric: 0.4454
epoch:  1620
1620th epoch validation confusion matrix: [[10.61, 8.09], [11.39, 8.91]] eval_metric: 0.5005
epoch:  1640
1640th epoch validation confusion matrix: [[15.9, 12.29], [6.1, 4.71]] eval_metric: 0.5285
epoch:  1660
1660th epoch validation confusion matrix: [[17.75, 13.55], [4.25, 3.45]] eval_metric: 0.5436
epoch:  1680
1680th epoch validation confusion matrix: [[18.02, 13.65], [3.98, 3.35]] eval_metric: 0.5479
epoch:  1700
1700th epoch validation confusion matrix: [[15.42, 11.79], [6.58, 5.21]] eval_metric: 0.5290
epoch:  1720
1720th epoch validation confusion matrix: [[16.17, 12.39], [5.83, 4.61]] eval_metric: 0.5328
epoch:  1740
1740th epoch validation confusion matrix: [[19.28, 14.52], [2.72, 2.48]] eval_metric: 0.5579
epoch:  1760
1760th epoch validation confusion matrix: [[10.16, 7.63], [11.84, 9.37]] eval_metric: 0.5008
epoch:  1780
1780th epoch validation confusion matrix: [[10.63, 7.96], [11.37, 9.04]] eval_metric: 0.5044
epoch:  1800
1800th epoch validation confusion matrix: [[10.36, 7.67], [11.64, 9.33]] eval_metric: 0.5049
epoch:  1820
1820th epoch validation confusion matrix: [[10.07, 7.56], [11.93, 9.44]] eval_metric: 0.5003
epoch:  1840
1840th epoch validation confusion matrix: [[5.43, 4.14], [16.57, 12.86]] eval_metric: 0.4690
epoch:  1860
1860th epoch validation confusion matrix: [[6.68, 4.88], [15.32, 12.12]] eval_metric: 0.4821
epoch:  1880
1880th epoch validation confusion matrix: [[10.1, 7.43], [11.9, 9.57]] eval_metric: 0.5044
epoch:  1900
1900th epoch validation confusion matrix: [[5.29, 4.16], [16.71, 12.84]] eval_metric: 0.4649
epoch:  1920
1920th epoch validation confusion matrix: [[9.19, 6.89], [12.81, 10.11]] eval_metric: 0.4949
epoch:  1940
1940th epoch validation confusion matrix: [[11.91, 8.82], [10.09, 8.18]] eval_metric: 0.5151
epoch:  1960
1960th epoch validation confusion matrix: [[8.96, 6.55], [13.04, 10.45]] eval_metric: 0.4977
epoch:  1980
1980th epoch validation confusion matrix: [[10.41, 7.66], [11.59, 9.34]] eval_metric: 0.5064
epoch:  2000
2000th epoch validation confusion matrix: [[11.49, 8.54], [10.51, 8.46]] eval_metric: 0.5115
epoch:  2020
2020th epoch validation confusion matrix: [[7.42, 5.49], [14.58, 11.51]] eval_metric: 0.4854
epoch:  2040
2040th epoch validation confusion matrix: [[7.28, 5.33], [14.72, 11.67]] eval_metric: 0.4859
epoch:  2060
2060th epoch validation confusion matrix: [[12.01, 8.81], [9.99, 8.19]] eval_metric: 0.5179
epoch:  2080
2080th epoch validation confusion matrix: [[9.2, 6.66], [12.8, 10.34]] eval_metric: 0.5010
epoch:  2100
2100th epoch validation confusion matrix: [[9.48, 7.11], [12.52, 9.89]] eval_metric: 0.4967
epoch:  2120
2120th epoch validation confusion matrix: [[7.09, 5.22], [14.91, 11.78]] eval_metric: 0.4838
epoch:  2140
2140th epoch validation confusion matrix: [[4.67, 3.39], [17.33, 13.61]] eval_metric: 0.4687
epoch:  2160
2160th epoch validation confusion matrix: [[16.76, 12.55], [5.24, 4.45]] eval_metric: 0.5438
epoch:  2180
2180th epoch validation confusion matrix: [[10.78, 7.77], [11.22, 9.23]] eval_metric: 0.5131
epoch:  2200
2200th epoch validation confusion matrix: [[13.84, 10.17], [8.16, 6.83]] eval_metric: 0.5300
epoch:  2220
2220th epoch validation confusion matrix: [[19.13, 14.37], [2.87, 2.63]] eval_metric: 0.5579
epoch:  2240
2240th epoch validation confusion matrix: [[16.5, 12.26], [5.5, 4.74]] eval_metric: 0.5446
epoch:  2260
2260th epoch validation confusion matrix: [[18.85, 14.3], [3.15, 2.7]] eval_metric: 0.5526
epoch:  2280
2280th epoch validation confusion matrix: [[16.2, 12.25], [5.8, 4.75]] eval_metric: 0.5372
epoch:  2300
2300th epoch validation confusion matrix: [[16.09, 11.89], [5.91, 5.11]] eval_metric: 0.5436
epoch:  2320
2320th epoch validation confusion matrix: [[16.99, 12.72], [5.01, 4.28]] eval_metric: 0.5454
epoch:  2340
2340th epoch validation confusion matrix: [[10.03, 7.41], [11.97, 9.59]] eval_metric: 0.5031
epoch:  2360
2360th epoch validation confusion matrix: [[18.37, 13.9], [3.63, 3.1]] eval_metric: 0.5505
epoch:  2380
2380th epoch validation confusion matrix: [[19.46, 14.76], [2.54, 2.24]] eval_metric: 0.5564
epoch:  2400
2400th epoch validation confusion matrix: [[13.02, 9.71], [8.98, 7.29]] eval_metric: 0.5208
epoch:  2420
2420th epoch validation confusion matrix: [[10.83, 7.93], [11.17, 9.07]] eval_metric: 0.5103
epoch:  2440
2440th epoch validation confusion matrix: [[17.29, 12.93], [4.71, 4.07]] eval_metric: 0.5477
epoch:  2460
2460th epoch validation confusion matrix: [[9.48, 6.94], [12.52, 10.06]] eval_metric: 0.5010
epoch:  2480
2480th epoch validation confusion matrix: [[9.39, 6.98], [12.61, 10.02]] eval_metric: 0.4977
epoch:  2500
2500th epoch validation confusion matrix: [[10.06, 7.34], [11.94, 9.66]] eval_metric: 0.5056
epoch:  2520
2520th epoch validation confusion matrix: [[16.24, 12.19], [5.76, 4.81]] eval_metric: 0.5397
epoch:  2540
2540th epoch validation confusion matrix: [[17.63, 13.15], [4.37, 3.85]] eval_metric: 0.5508
epoch:  2560
2560th epoch validation confusion matrix: [[17.0, 12.75], [5.0, 4.25]] eval_metric: 0.5449
epoch:  2580
2580th epoch validation confusion matrix: [[15.92, 12.04], [6.08, 4.96]] eval_metric: 0.5354
epoch:  2600
2600th epoch validation confusion matrix: [[15.59, 11.96], [6.41, 5.04]] eval_metric: 0.5290
epoch:  2620
2620th epoch validation confusion matrix: [[12.05, 8.97], [9.95, 8.03]] eval_metric: 0.5149
epoch:  2640
2640th epoch validation confusion matrix: [[9.79, 7.17], [12.21, 9.83]] eval_metric: 0.5031
epoch:  2660
2660th epoch validation confusion matrix: [[16.6, 12.42], [5.4, 4.58]] eval_metric: 0.5431
epoch:  2680
2680th epoch validation confusion matrix: [[12.97, 9.71], [9.03, 7.29]] eval_metric: 0.5195
epoch:  2700
2700th epoch validation confusion matrix: [[11.05, 8.6], [10.95, 8.4]] eval_metric: 0.4987
epoch:  2720
2720th epoch validation confusion matrix: [[11.75, 8.99], [10.25, 8.01]] eval_metric: 0.5067
epoch:  2740
2740th epoch validation confusion matrix: [[6.09, 4.5], [15.91, 12.5]] eval_metric: 0.4767
epoch:  2760
2760th epoch validation confusion matrix: [[5.26, 3.94], [16.74, 13.06]] eval_metric: 0.4697
epoch:  2780
2780th epoch validation confusion matrix: [[7.31, 5.53], [14.69, 11.47]] eval_metric: 0.4815
epoch:  2800
2800th epoch validation confusion matrix: [[15.41, 11.63], [6.59, 5.37]] eval_metric: 0.5328
epoch:  2820
2820th epoch validation confusion matrix: [[15.95, 12.08], [6.05, 4.92]] eval_metric: 0.5351
epoch:  2840
2840th epoch validation confusion matrix: [[8.82, 6.82], [13.18, 10.18]] eval_metric: 0.4872
epoch:  2860
2860th epoch validation confusion matrix: [[18.82, 14.19], [3.18, 2.81]] eval_metric: 0.5546
epoch:  2880
2880th epoch validation confusion matrix: [[17.88, 13.42], [4.12, 3.58]] eval_metric: 0.5503
epoch:  2900
2900th epoch validation confusion matrix: [[9.55, 6.92], [12.45, 10.08]] eval_metric: 0.5033
epoch:  2920
2920th epoch validation confusion matrix: [[9.04, 6.48], [12.96, 10.52]] eval_metric: 0.5015
epoch:  2940
2940th epoch validation confusion matrix: [[15.44, 11.64], [6.56, 5.36]] eval_metric: 0.5333
epoch:  2960
2960th epoch validation confusion matrix: [[11.8, 8.64], [10.2, 8.36]] eval_metric: 0.5169
epoch:  2980
2980th epoch validation confusion matrix: [[10.31, 7.7], [11.69, 9.3]] eval_metric: 0.5028
Best model saved at the 1740th epoch: 0.557948717948718 [[19.28, 14.52], [2.72, 2.48]]
testing and generating DPMs ... 
train confusion matrix  [[74.29, 64.11], [9.71, 11.89]]  accuracy  0.538625
valid confusion matrix  [[19.28, 14.52], [2.72, 2.48]]  accuracy  0.557948717948718
test confusion matrix  [[11.59, 8.64], [1.41, 1.36]]  accuracy  0.5630434782608695
DPM generation is done
epoch:  0
0th epoch validation confusion matrix: [[0.05, 0.05], [20.95, 17.95]] eval_metric: 0.4615
epoch:  20
20th epoch validation confusion matrix: [[20.82, 17.85], [0.18, 0.15]] eval_metric: 0.5377
epoch:  40
40th epoch validation confusion matrix: [[6.21, 5.14], [14.79, 12.86]] eval_metric: 0.4890
epoch:  60
60th epoch validation confusion matrix: [[6.4, 5.74], [14.6, 12.26]] eval_metric: 0.4785
epoch:  80
80th epoch validation confusion matrix: [[0.01, 0.01], [20.99, 17.99]] eval_metric: 0.4615
epoch:  100
100th epoch validation confusion matrix: [[0.08, 0.08], [20.92, 17.92]] eval_metric: 0.4615
epoch:  120
120th epoch validation confusion matrix: [[12.03, 10.0], [8.97, 8.0]] eval_metric: 0.5136
epoch:  140
140th epoch validation confusion matrix: [[2.03, 1.7], [18.97, 16.3]] eval_metric: 0.4700
epoch:  160
160th epoch validation confusion matrix: [[0.0, 0.0], [21.0, 18.0]] eval_metric: 0.4615
epoch:  180
180th epoch validation confusion matrix: [[3.33, 2.82], [17.67, 15.18]] eval_metric: 0.4746
epoch:  200
200th epoch validation confusion matrix: [[7.25, 6.03], [13.75, 11.97]] eval_metric: 0.4928
epoch:  220
220th epoch validation confusion matrix: [[5.74, 4.99], [15.26, 13.01]] eval_metric: 0.4808
epoch:  240
240th epoch validation confusion matrix: [[19.17, 16.59], [1.83, 1.41]] eval_metric: 0.5277
epoch:  260
260th epoch validation confusion matrix: [[6.49, 5.45], [14.51, 12.55]] eval_metric: 0.4882
epoch:  280
280th epoch validation confusion matrix: [[0.34, 0.38], [20.66, 17.62]] eval_metric: 0.4605
epoch:  300
300th epoch validation confusion matrix: [[2.59, 2.06], [18.41, 15.94]] eval_metric: 0.4751
epoch:  320
320th epoch validation confusion matrix: [[6.28, 5.09], [14.72, 12.91]] eval_metric: 0.4921
epoch:  340
340th epoch validation confusion matrix: [[9.83, 8.3], [11.17, 9.7]] eval_metric: 0.5008
epoch:  360
360th epoch validation confusion matrix: [[3.81, 3.03], [17.19, 14.97]] eval_metric: 0.4815
epoch:  380
380th epoch validation confusion matrix: [[8.45, 7.15], [12.55, 10.85]] eval_metric: 0.4949
epoch:  400
400th epoch validation confusion matrix: [[3.17, 2.84], [17.83, 15.16]] eval_metric: 0.4700
epoch:  420
420th epoch validation confusion matrix: [[4.48, 3.57], [16.52, 14.43]] eval_metric: 0.4849
epoch:  440
440th epoch validation confusion matrix: [[5.75, 4.76], [15.25, 13.24]] eval_metric: 0.4869
epoch:  460
460th epoch validation confusion matrix: [[15.82, 13.38], [5.18, 4.62]] eval_metric: 0.5241
epoch:  480
480th epoch validation confusion matrix: [[1.34, 1.03], [19.66, 16.97]] eval_metric: 0.4695
epoch:  500
500th epoch validation confusion matrix: [[14.35, 12.08], [6.65, 5.92]] eval_metric: 0.5197
epoch:  520
520th epoch validation confusion matrix: [[15.95, 13.53], [5.05, 4.47]] eval_metric: 0.5236
epoch:  540
540th epoch validation confusion matrix: [[15.98, 13.43], [5.02, 4.57]] eval_metric: 0.5269
epoch:  560
560th epoch validation confusion matrix: [[19.18, 16.4], [1.82, 1.6]] eval_metric: 0.5328
epoch:  580
580th epoch validation confusion matrix: [[12.78, 11.0], [8.22, 7.0]] eval_metric: 0.5072
epoch:  600
600th epoch validation confusion matrix: [[4.63, 3.92], [16.37, 14.08]] eval_metric: 0.4797
epoch:  620
620th epoch validation confusion matrix: [[14.19, 12.1], [6.81, 5.9]] eval_metric: 0.5151
epoch:  640
640th epoch validation confusion matrix: [[17.79, 15.08], [3.21, 2.92]] eval_metric: 0.5310
epoch:  660
660th epoch validation confusion matrix: [[16.9, 14.41], [4.1, 3.59]] eval_metric: 0.5254
epoch:  680
680th epoch validation confusion matrix: [[16.41, 13.84], [4.59, 4.16]] eval_metric: 0.5274
epoch:  700
700th epoch validation confusion matrix: [[20.67, 17.7], [0.33, 0.3]] eval_metric: 0.5377
epoch:  720
720th epoch validation confusion matrix: [[16.96, 14.54], [4.04, 3.46]] eval_metric: 0.5236
epoch:  740
740th epoch validation confusion matrix: [[6.24, 5.31], [14.76, 12.69]] eval_metric: 0.4854
epoch:  760
760th epoch validation confusion matrix: [[12.69, 10.81], [8.31, 7.19]] eval_metric: 0.5097
epoch:  780
780th epoch validation confusion matrix: [[13.96, 11.91], [7.04, 6.09]] eval_metric: 0.5141
epoch:  800
800th epoch validation confusion matrix: [[10.87, 9.23], [10.13, 8.77]] eval_metric: 0.5036
epoch:  820
820th epoch validation confusion matrix: [[15.71, 13.28], [5.29, 4.72]] eval_metric: 0.5238
epoch:  840
840th epoch validation confusion matrix: [[16.81, 14.27], [4.19, 3.73]] eval_metric: 0.5267
epoch:  860
860th epoch validation confusion matrix: [[10.89, 9.28], [10.11, 8.72]] eval_metric: 0.5028
epoch:  880
880th epoch validation confusion matrix: [[15.13, 13.12], [5.87, 4.88]] eval_metric: 0.5131
epoch:  900
900th epoch validation confusion matrix: [[16.61, 14.25], [4.39, 3.75]] eval_metric: 0.5221
epoch:  920
920th epoch validation confusion matrix: [[14.52, 12.37], [6.48, 5.63]] eval_metric: 0.5167
epoch:  940
940th epoch validation confusion matrix: [[17.23, 14.83], [3.77, 3.17]] eval_metric: 0.5231
epoch:  960
960th epoch validation confusion matrix: [[12.98, 11.2], [8.02, 6.8]] eval_metric: 0.5072
epoch:  980
980th epoch validation confusion matrix: [[15.89, 13.72], [5.11, 4.28]] eval_metric: 0.5172
epoch:  1000
1000th epoch validation confusion matrix: [[18.12, 15.57], [2.88, 2.43]] eval_metric: 0.5269
epoch:  1020
1020th epoch validation confusion matrix: [[15.96, 13.77], [5.04, 4.23]] eval_metric: 0.5177
epoch:  1040
1040th epoch validation confusion matrix: [[14.22, 12.26], [6.78, 5.74]] eval_metric: 0.5118
epoch:  1060
1060th epoch validation confusion matrix: [[15.45, 13.4], [5.55, 4.6]] eval_metric: 0.5141
epoch:  1080
1080th epoch validation confusion matrix: [[17.71, 15.26], [3.29, 2.74]] eval_metric: 0.5244
epoch:  1100
1100th epoch validation confusion matrix: [[15.9, 13.61], [5.1, 4.39]] eval_metric: 0.5203
epoch:  1120
1120th epoch validation confusion matrix: [[17.5, 14.97], [3.5, 3.03]] eval_metric: 0.5264
epoch:  1140
1140th epoch validation confusion matrix: [[12.53, 10.65], [8.47, 7.35]] eval_metric: 0.5097
epoch:  1160
1160th epoch validation confusion matrix: [[11.74, 10.32], [9.26, 7.68]] eval_metric: 0.4979
epoch:  1180
1180th epoch validation confusion matrix: [[14.72, 12.6], [6.28, 5.4]] eval_metric: 0.5159
epoch:  1200
1200th epoch validation confusion matrix: [[14.53, 12.5], [6.47, 5.5]] eval_metric: 0.5136
epoch:  1220
1220th epoch validation confusion matrix: [[12.51, 10.69], [8.49, 7.31]] eval_metric: 0.5082
epoch:  1240
1240th epoch validation confusion matrix: [[12.72, 10.92], [8.28, 7.08]] eval_metric: 0.5077
epoch:  1260
1260th epoch validation confusion matrix: [[14.79, 12.75], [6.21, 5.25]] eval_metric: 0.5138
epoch:  1280
1280th epoch validation confusion matrix: [[14.4, 12.35], [6.6, 5.65]] eval_metric: 0.5141
epoch:  1300
1300th epoch validation confusion matrix: [[14.16, 12.27], [6.84, 5.73]] eval_metric: 0.5100
epoch:  1320
1320th epoch validation confusion matrix: [[13.81, 11.92], [7.19, 6.08]] eval_metric: 0.5100
epoch:  1340
1340th epoch validation confusion matrix: [[13.45, 11.56], [7.55, 6.44]] eval_metric: 0.5100
epoch:  1360
1360th epoch validation confusion matrix: [[16.09, 13.92], [4.91, 4.08]] eval_metric: 0.5172
epoch:  1380
1380th epoch validation confusion matrix: [[13.41, 11.71], [7.59, 6.29]] eval_metric: 0.5051
epoch:  1400
1400th epoch validation confusion matrix: [[12.6, 11.06], [8.4, 6.94]] eval_metric: 0.5010
epoch:  1420
1420th epoch validation confusion matrix: [[16.11, 13.87], [4.89, 4.13]] eval_metric: 0.5190
epoch:  1440
1440th epoch validation confusion matrix: [[15.65, 13.54], [5.35, 4.46]] eval_metric: 0.5156
epoch:  1460
1460th epoch validation confusion matrix: [[14.94, 12.94], [6.06, 5.06]] eval_metric: 0.5128
epoch:  1480
1480th epoch validation confusion matrix: [[14.0, 12.22], [7.0, 5.78]] eval_metric: 0.5072
epoch:  1500
1500th epoch validation confusion matrix: [[15.24, 13.22], [5.76, 4.78]] eval_metric: 0.5133
epoch:  1520
1520th epoch validation confusion matrix: [[13.44, 11.81], [7.56, 6.19]] eval_metric: 0.5033
epoch:  1540
1540th epoch validation confusion matrix: [[14.9, 12.88], [6.1, 5.12]] eval_metric: 0.5133
epoch:  1560
1560th epoch validation confusion matrix: [[15.08, 12.95], [5.92, 5.05]] eval_metric: 0.5162
epoch:  1580
1580th epoch validation confusion matrix: [[8.22, 7.04], [12.78, 10.96]] eval_metric: 0.4918
epoch:  1600
1600th epoch validation confusion matrix: [[14.32, 12.41], [6.68, 5.59]] eval_metric: 0.5105
epoch:  1620
1620th epoch validation confusion matrix: [[14.1, 12.15], [6.9, 5.85]] eval_metric: 0.5115
epoch:  1640
1640th epoch validation confusion matrix: [[14.08, 12.28], [6.92, 5.72]] eval_metric: 0.5077
epoch:  1660
1660th epoch validation confusion matrix: [[14.53, 12.64], [6.47, 5.36]] eval_metric: 0.5100
epoch:  1680
1680th epoch validation confusion matrix: [[18.69, 16.17], [2.31, 1.83]] eval_metric: 0.5262
epoch:  1700
1700th epoch validation confusion matrix: [[16.1, 14.05], [4.9, 3.95]] eval_metric: 0.5141
epoch:  1720
1720th epoch validation confusion matrix: [[15.67, 13.63], [5.33, 4.37]] eval_metric: 0.5138
epoch:  1740
1740th epoch validation confusion matrix: [[13.12, 11.76], [7.88, 6.24]] eval_metric: 0.4964
epoch:  1760
1760th epoch validation confusion matrix: [[7.16, 6.66], [13.84, 11.34]] eval_metric: 0.4744
epoch:  1780
1780th epoch validation confusion matrix: [[15.17, 13.09], [5.83, 4.91]] eval_metric: 0.5149
epoch:  1800
1800th epoch validation confusion matrix: [[14.94, 13.08], [6.06, 4.92]] eval_metric: 0.5092
epoch:  1820
1820th epoch validation confusion matrix: [[15.9, 13.82], [5.1, 4.18]] eval_metric: 0.5149
epoch:  1840
1840th epoch validation confusion matrix: [[15.52, 13.43], [5.48, 4.57]] eval_metric: 0.5151
epoch:  1860
1860th epoch validation confusion matrix: [[14.2, 12.55], [6.8, 5.45]] eval_metric: 0.5038
epoch:  1880
1880th epoch validation confusion matrix: [[14.42, 12.71], [6.58, 5.29]] eval_metric: 0.5054
epoch:  1900
1900th epoch validation confusion matrix: [[11.7, 10.5], [9.3, 7.5]] eval_metric: 0.4923
epoch:  1920
1920th epoch validation confusion matrix: [[14.73, 12.72], [6.27, 5.28]] eval_metric: 0.5131
epoch:  1940
1940th epoch validation confusion matrix: [[17.06, 14.82], [3.94, 3.18]] eval_metric: 0.5190
epoch:  1960
1960th epoch validation confusion matrix: [[16.58, 14.46], [4.42, 3.54]] eval_metric: 0.5159
epoch:  1980
1980th epoch validation confusion matrix: [[15.31, 13.42], [5.69, 4.58]] eval_metric: 0.5100
epoch:  2000
2000th epoch validation confusion matrix: [[12.89, 11.19], [8.11, 6.81]] eval_metric: 0.5051
epoch:  2020
2020th epoch validation confusion matrix: [[12.79, 11.17], [8.21, 6.83]] eval_metric: 0.5031
epoch:  2040
2040th epoch validation confusion matrix: [[15.81, 13.9], [5.19, 4.1]] eval_metric: 0.5105
epoch:  2060
2060th epoch validation confusion matrix: [[6.83, 6.06], [14.17, 11.94]] eval_metric: 0.4813
epoch:  2080
2080th epoch validation confusion matrix: [[7.73, 7.2], [13.27, 10.8]] eval_metric: 0.4751
epoch:  2100
2100th epoch validation confusion matrix: [[12.0, 10.61], [9.0, 7.39]] eval_metric: 0.4972
epoch:  2120
2120th epoch validation confusion matrix: [[4.97, 4.72], [16.03, 13.28]] eval_metric: 0.4679
epoch:  2140
2140th epoch validation confusion matrix: [[7.41, 6.72], [13.59, 11.28]] eval_metric: 0.4792
epoch:  2160
2160th epoch validation confusion matrix: [[5.73, 5.28], [15.27, 12.72]] eval_metric: 0.4731
epoch:  2180
2180th epoch validation confusion matrix: [[14.63, 12.9], [6.37, 5.1]] eval_metric: 0.5059
epoch:  2200
2200th epoch validation confusion matrix: [[14.16, 12.22], [6.84, 5.78]] eval_metric: 0.5113
epoch:  2220
2220th epoch validation confusion matrix: [[14.93, 12.98], [6.07, 5.02]] eval_metric: 0.5115
epoch:  2240
2240th epoch validation confusion matrix: [[14.51, 12.62], [6.49, 5.38]] eval_metric: 0.5100
epoch:  2260
2260th epoch validation confusion matrix: [[15.6, 13.74], [5.4, 4.26]] eval_metric: 0.5092
epoch:  2280
2280th epoch validation confusion matrix: [[12.67, 11.21], [8.33, 6.79]] eval_metric: 0.4990
epoch:  2300
2300th epoch validation confusion matrix: [[8.94, 8.2], [12.06, 9.8]] eval_metric: 0.4805
epoch:  2320
2320th epoch validation confusion matrix: [[14.88, 13.12], [6.12, 4.88]] eval_metric: 0.5067
epoch:  2340
2340th epoch validation confusion matrix: [[7.26, 6.52], [13.74, 11.48]] eval_metric: 0.4805
epoch:  2360
2360th epoch validation confusion matrix: [[8.78, 8.16], [12.22, 9.84]] eval_metric: 0.4774
epoch:  2380
2380th epoch validation confusion matrix: [[13.76, 12.14], [7.24, 5.86]] eval_metric: 0.5031
epoch:  2400
2400th epoch validation confusion matrix: [[15.06, 13.42], [5.94, 4.58]] eval_metric: 0.5036
epoch:  2420
2420th epoch validation confusion matrix: [[8.69, 8.02], [12.31, 9.98]] eval_metric: 0.4787
epoch:  2440
2440th epoch validation confusion matrix: [[15.95, 13.99], [5.05, 4.01]] eval_metric: 0.5118
epoch:  2460
2460th epoch validation confusion matrix: [[8.1, 7.43], [12.9, 10.57]] eval_metric: 0.4787
epoch:  2480
2480th epoch validation confusion matrix: [[7.62, 7.06], [13.38, 10.94]] eval_metric: 0.4759
epoch:  2500
2500th epoch validation confusion matrix: [[6.94, 6.34], [14.06, 11.66]] eval_metric: 0.4769
epoch:  2520
2520th epoch validation confusion matrix: [[9.76, 8.76], [11.24, 9.24]] eval_metric: 0.4872
epoch:  2540
2540th epoch validation confusion matrix: [[10.98, 9.99], [10.02, 8.01]] eval_metric: 0.4869
epoch:  2560
2560th epoch validation confusion matrix: [[10.02, 9.15], [10.98, 8.85]] eval_metric: 0.4838
epoch:  2580
2580th epoch validation confusion matrix: [[17.97, 15.72], [3.03, 2.28]] eval_metric: 0.5192
epoch:  2600
2600th epoch validation confusion matrix: [[16.46, 14.46], [4.54, 3.54]] eval_metric: 0.5128
epoch:  2620
2620th epoch validation confusion matrix: [[17.45, 15.34], [3.55, 2.66]] eval_metric: 0.5156
epoch:  2640
2640th epoch validation confusion matrix: [[11.14, 9.93], [9.86, 8.07]] eval_metric: 0.4926
epoch:  2660
2660th epoch validation confusion matrix: [[8.75, 7.74], [12.25, 10.26]] eval_metric: 0.4874
epoch:  2680
2680th epoch validation confusion matrix: [[14.31, 12.47], [6.69, 5.53]] eval_metric: 0.5087
epoch:  2700
2700th epoch validation confusion matrix: [[11.9, 10.73], [9.1, 7.27]] eval_metric: 0.4915
epoch:  2720
2720th epoch validation confusion matrix: [[16.34, 14.51], [4.66, 3.49]] eval_metric: 0.5085
epoch:  2740
2740th epoch validation confusion matrix: [[16.24, 14.4], [4.76, 3.6]] eval_metric: 0.5087
epoch:  2760
2760th epoch validation confusion matrix: [[15.34, 13.5], [5.66, 4.5]] eval_metric: 0.5087
epoch:  2780
2780th epoch validation confusion matrix: [[11.12, 10.01], [9.88, 7.99]] eval_metric: 0.4900
epoch:  2800
2800th epoch validation confusion matrix: [[10.08, 9.07], [10.92, 8.93]] eval_metric: 0.4874
epoch:  2820
2820th epoch validation confusion matrix: [[15.86, 14.1], [5.14, 3.9]] eval_metric: 0.5067
epoch:  2840
2840th epoch validation confusion matrix: [[16.32, 14.39], [4.68, 3.61]] eval_metric: 0.5110
epoch:  2860
2860th epoch validation confusion matrix: [[10.56, 9.64], [10.44, 8.36]] eval_metric: 0.4851
epoch:  2880
2880th epoch validation confusion matrix: [[7.78, 7.17], [13.22, 10.83]] eval_metric: 0.4772
epoch:  2900
2900th epoch validation confusion matrix: [[8.47, 7.86], [12.53, 10.14]] eval_metric: 0.4772
epoch:  2920
2920th epoch validation confusion matrix: [[14.64, 13.34], [6.36, 4.66]] eval_metric: 0.4949
epoch:  2940
2940th epoch validation confusion matrix: [[16.57, 14.85], [4.43, 3.15]] eval_metric: 0.5056
epoch:  2960
2960th epoch validation confusion matrix: [[12.15, 10.79], [8.85, 7.21]] eval_metric: 0.4964
epoch:  2980
2980th epoch validation confusion matrix: [[14.69, 13.01], [6.31, 4.99]] eval_metric: 0.5046
Best model saved at the 700th epoch: 0.5376923076923077 [[20.67, 17.7], [0.33, 0.3]]
testing and generating DPMs ... 
train confusion matrix  [[84.08, 73.22], [0.92, 1.78]]  accuracy  0.536625
valid confusion matrix  [[20.67, 17.7], [0.33, 0.3]]  accuracy  0.5376923076923077
test confusion matrix  [[12.87, 9.82], [0.13, 0.18]]  accuracy  0.5673913043478261
DPM generation is done
