nohup: 忽略输入
epoch:  0
0th epoch validation confusion matrix: [[0.0, 0.0], [18.0, 25.0]] eval_metric: 0.5814
epoch:  20
20th epoch validation confusion matrix: [[0.01, 0.01], [17.99, 24.99]] eval_metric: 0.5814
epoch:  40
40th epoch validation confusion matrix: [[0.12, 0.2], [17.88, 24.8]] eval_metric: 0.5795
epoch:  60
60th epoch validation confusion matrix: [[1.15, 1.63], [16.85, 23.37]] eval_metric: 0.5702
epoch:  80
80th epoch validation confusion matrix: [[0.01, 0.01], [17.99, 24.99]] eval_metric: 0.5814
epoch:  100
100th epoch validation confusion matrix: [[0.0, 0.0], [18.0, 25.0]] eval_metric: 0.5814
epoch:  120
120th epoch validation confusion matrix: [[0.23, 0.33], [17.77, 24.67]] eval_metric: 0.5791
epoch:  140
140th epoch validation confusion matrix: [[0.3, 0.4], [17.7, 24.6]] eval_metric: 0.5791
epoch:  160
160th epoch validation confusion matrix: [[0.29, 0.27], [17.71, 24.73]] eval_metric: 0.5819
epoch:  180
180th epoch validation confusion matrix: [[1.22, 1.54], [16.78, 23.46]] eval_metric: 0.5740
epoch:  200
200th epoch validation confusion matrix: [[0.3, 0.3], [17.7, 24.7]] eval_metric: 0.5814
epoch:  220
220th epoch validation confusion matrix: [[0.17, 0.17], [17.83, 24.83]] eval_metric: 0.5814
epoch:  240
240th epoch validation confusion matrix: [[4.99, 6.99], [13.01, 18.01]] eval_metric: 0.5349
epoch:  260
260th epoch validation confusion matrix: [[1.29, 1.78], [16.71, 23.22]] eval_metric: 0.5700
epoch:  280
280th epoch validation confusion matrix: [[6.71, 9.58], [11.29, 15.42]] eval_metric: 0.5147
epoch:  300
300th epoch validation confusion matrix: [[1.44, 2.04], [16.56, 22.96]] eval_metric: 0.5674
epoch:  320
320th epoch validation confusion matrix: [[0.33, 0.35], [17.67, 24.65]] eval_metric: 0.5809
epoch:  340
340th epoch validation confusion matrix: [[12.13, 16.54], [5.87, 8.46]] eval_metric: 0.4788
epoch:  360
360th epoch validation confusion matrix: [[0.0, 0.0], [18.0, 25.0]] eval_metric: 0.5814
epoch:  380
380th epoch validation confusion matrix: [[0.12, 0.16], [17.88, 24.84]] eval_metric: 0.5805
epoch:  400
400th epoch validation confusion matrix: [[2.26, 2.97], [15.74, 22.03]] eval_metric: 0.5649
epoch:  420
420th epoch validation confusion matrix: [[1.31, 1.59], [16.69, 23.41]] eval_metric: 0.5749
epoch:  440
440th epoch validation confusion matrix: [[15.03, 20.57], [2.97, 4.43]] eval_metric: 0.4526
epoch:  460
460th epoch validation confusion matrix: [[7.67, 10.43], [10.33, 14.57]] eval_metric: 0.5172
epoch:  480
480th epoch validation confusion matrix: [[7.61, 10.41], [10.39, 14.59]] eval_metric: 0.5163
epoch:  500
500th epoch validation confusion matrix: [[4.7, 5.95], [13.3, 19.05]] eval_metric: 0.5523
epoch:  520
520th epoch validation confusion matrix: [[2.16, 2.4], [15.84, 22.6]] eval_metric: 0.5758
epoch:  540
540th epoch validation confusion matrix: [[6.42, 8.42], [11.58, 16.58]] eval_metric: 0.5349
epoch:  560
560th epoch validation confusion matrix: [[5.18, 6.62], [12.82, 18.38]] eval_metric: 0.5479
epoch:  580
580th epoch validation confusion matrix: [[10.47, 14.14], [7.53, 10.86]] eval_metric: 0.4960
epoch:  600
600th epoch validation confusion matrix: [[3.82, 4.27], [14.18, 20.73]] eval_metric: 0.5709
epoch:  620
620th epoch validation confusion matrix: [[7.62, 9.96], [10.38, 15.04]] eval_metric: 0.5270
epoch:  640
640th epoch validation confusion matrix: [[4.29, 4.73], [13.71, 20.27]] eval_metric: 0.5712
epoch:  660
660th epoch validation confusion matrix: [[3.25, 3.7], [14.75, 21.3]] eval_metric: 0.5709
epoch:  680
680th epoch validation confusion matrix: [[3.61, 4.5], [14.39, 20.5]] eval_metric: 0.5607
epoch:  700
700th epoch validation confusion matrix: [[2.88, 3.25], [15.12, 21.75]] eval_metric: 0.5728
epoch:  720
720th epoch validation confusion matrix: [[3.94, 4.79], [14.06, 20.21]] eval_metric: 0.5616
epoch:  740
740th epoch validation confusion matrix: [[6.04, 7.08], [11.96, 17.92]] eval_metric: 0.5572
epoch:  760
760th epoch validation confusion matrix: [[13.9, 18.14], [4.1, 6.86]] eval_metric: 0.4828
epoch:  780
780th epoch validation confusion matrix: [[13.21, 17.26], [4.79, 7.74]] eval_metric: 0.4872
epoch:  800
800th epoch validation confusion matrix: [[12.5, 16.0], [5.5, 9.0]] eval_metric: 0.5000
epoch:  820
820th epoch validation confusion matrix: [[2.81, 3.26], [15.19, 21.74]] eval_metric: 0.5709
epoch:  840
840th epoch validation confusion matrix: [[3.44, 3.74], [14.56, 21.26]] eval_metric: 0.5744
epoch:  860
860th epoch validation confusion matrix: [[6.16, 7.12], [11.84, 17.88]] eval_metric: 0.5591
epoch:  880
880th epoch validation confusion matrix: [[4.3, 4.8], [13.7, 20.2]] eval_metric: 0.5698
epoch:  900
900th epoch validation confusion matrix: [[5.51, 6.5], [12.49, 18.5]] eval_metric: 0.5584
epoch:  920
920th epoch validation confusion matrix: [[7.11, 8.45], [10.89, 16.55]] eval_metric: 0.5502
epoch:  940
940th epoch validation confusion matrix: [[4.43, 4.75], [13.57, 20.25]] eval_metric: 0.5740
epoch:  960
960th epoch validation confusion matrix: [[9.06, 10.4], [8.94, 14.6]] eval_metric: 0.5502
epoch:  980
980th epoch validation confusion matrix: [[12.53, 15.41], [5.47, 9.59]] eval_metric: 0.5144
epoch:  1000
1000th epoch validation confusion matrix: [[15.41, 20.08], [2.59, 4.92]] eval_metric: 0.4728
epoch:  1020
1020th epoch validation confusion matrix: [[10.34, 13.03], [7.66, 11.97]] eval_metric: 0.5188
epoch:  1040
1040th epoch validation confusion matrix: [[5.46, 5.73], [12.54, 19.27]] eval_metric: 0.5751
epoch:  1060
1060th epoch validation confusion matrix: [[11.14, 13.41], [6.86, 11.59]] eval_metric: 0.5286
epoch:  1080
1080th epoch validation confusion matrix: [[6.32, 7.05], [11.68, 17.95]] eval_metric: 0.5644
epoch:  1100
1100th epoch validation confusion matrix: [[10.8, 12.68], [7.2, 12.32]] eval_metric: 0.5377
epoch:  1120
1120th epoch validation confusion matrix: [[5.69, 6.24], [12.31, 18.76]] eval_metric: 0.5686
epoch:  1140
1140th epoch validation confusion matrix: [[6.38, 6.79], [11.62, 18.21]] eval_metric: 0.5719
epoch:  1160
1160th epoch validation confusion matrix: [[14.03, 17.74], [3.97, 7.26]] eval_metric: 0.4951
epoch:  1180
1180th epoch validation confusion matrix: [[9.12, 10.3], [8.88, 14.7]] eval_metric: 0.5540
epoch:  1200
1200th epoch validation confusion matrix: [[4.81, 4.41], [13.19, 20.59]] eval_metric: 0.5907
epoch:  1220
1220th epoch validation confusion matrix: [[8.92, 10.07], [9.08, 14.93]] eval_metric: 0.5547
epoch:  1240
1240th epoch validation confusion matrix: [[7.0, 7.65], [11.0, 17.35]] eval_metric: 0.5663
epoch:  1260
1260th epoch validation confusion matrix: [[10.18, 11.91], [7.82, 13.09]] eval_metric: 0.5412
epoch:  1280
1280th epoch validation confusion matrix: [[5.72, 5.73], [12.28, 19.27]] eval_metric: 0.5812
epoch:  1300
1300th epoch validation confusion matrix: [[6.85, 7.28], [11.15, 17.72]] eval_metric: 0.5714
epoch:  1320
1320th epoch validation confusion matrix: [[4.72, 4.53], [13.28, 20.47]] eval_metric: 0.5858
epoch:  1340
1340th epoch validation confusion matrix: [[6.3, 6.84], [11.7, 18.16]] eval_metric: 0.5688
epoch:  1360
1360th epoch validation confusion matrix: [[7.34, 7.59], [10.66, 17.41]] eval_metric: 0.5756
epoch:  1380
1380th epoch validation confusion matrix: [[6.52, 6.35], [11.48, 18.65]] eval_metric: 0.5853
epoch:  1400
1400th epoch validation confusion matrix: [[4.79, 4.87], [13.21, 20.13]] eval_metric: 0.5795
epoch:  1420
1420th epoch validation confusion matrix: [[6.46, 6.57], [11.54, 18.43]] eval_metric: 0.5788
epoch:  1440
1440th epoch validation confusion matrix: [[4.13, 3.91], [13.87, 21.09]] eval_metric: 0.5865
epoch:  1460
1460th epoch validation confusion matrix: [[6.47, 7.38], [11.53, 17.62]] eval_metric: 0.5602
epoch:  1480
1480th epoch validation confusion matrix: [[5.42, 6.19], [12.58, 18.81]] eval_metric: 0.5635
epoch:  1500
1500th epoch validation confusion matrix: [[11.55, 14.2], [6.45, 10.8]] eval_metric: 0.5198
epoch:  1520
1520th epoch validation confusion matrix: [[14.04, 17.67], [3.96, 7.33]] eval_metric: 0.4970
epoch:  1540
1540th epoch validation confusion matrix: [[8.16, 8.96], [9.84, 16.04]] eval_metric: 0.5628
epoch:  1560
1560th epoch validation confusion matrix: [[7.37, 7.45], [10.63, 17.55]] eval_metric: 0.5795
epoch:  1580
1580th epoch validation confusion matrix: [[5.8, 6.16], [12.2, 18.84]] eval_metric: 0.5730
epoch:  1600
1600th epoch validation confusion matrix: [[7.46, 7.54], [10.54, 17.46]] eval_metric: 0.5795
epoch:  1620
1620th epoch validation confusion matrix: [[7.07, 7.19], [10.93, 17.81]] eval_metric: 0.5786
epoch:  1640
1640th epoch validation confusion matrix: [[7.58, 7.53], [10.42, 17.47]] eval_metric: 0.5826
epoch:  1660
1660th epoch validation confusion matrix: [[7.59, 8.24], [10.41, 16.76]] eval_metric: 0.5663
epoch:  1680
1680th epoch validation confusion matrix: [[5.6, 5.4], [12.4, 19.6]] eval_metric: 0.5860
epoch:  1700
1700th epoch validation confusion matrix: [[11.82, 13.34], [6.18, 11.66]] eval_metric: 0.5460
epoch:  1720
1720th epoch validation confusion matrix: [[6.14, 5.83], [11.86, 19.17]] eval_metric: 0.5886
epoch:  1740
1740th epoch validation confusion matrix: [[7.14, 7.03], [10.86, 17.97]] eval_metric: 0.5840
epoch:  1760
1760th epoch validation confusion matrix: [[5.82, 5.31], [12.18, 19.69]] eval_metric: 0.5933
epoch:  1780
1780th epoch validation confusion matrix: [[3.36, 2.99], [14.64, 22.01]] eval_metric: 0.5900
epoch:  1800
1800th epoch validation confusion matrix: [[6.39, 6.47], [11.61, 18.53]] eval_metric: 0.5795
epoch:  1820
1820th epoch validation confusion matrix: [[8.23, 8.94], [9.77, 16.06]] eval_metric: 0.5649
epoch:  1840
1840th epoch validation confusion matrix: [[5.07, 4.74], [12.93, 20.26]] eval_metric: 0.5891
epoch:  1860
1860th epoch validation confusion matrix: [[8.02, 9.02], [9.98, 15.98]] eval_metric: 0.5581
epoch:  1880
1880th epoch validation confusion matrix: [[8.96, 10.23], [9.04, 14.77]] eval_metric: 0.5519
epoch:  1900
1900th epoch validation confusion matrix: [[7.18, 7.38], [10.82, 17.62]] eval_metric: 0.5767
epoch:  1920
1920th epoch validation confusion matrix: [[9.77, 11.05], [8.23, 13.95]] eval_metric: 0.5516
epoch:  1940
1940th epoch validation confusion matrix: [[6.58, 6.32], [11.42, 18.68]] eval_metric: 0.5874
epoch:  1960
1960th epoch validation confusion matrix: [[6.53, 6.16], [11.47, 18.84]] eval_metric: 0.5900
epoch:  1980
1980th epoch validation confusion matrix: [[5.09, 4.8], [12.91, 20.2]] eval_metric: 0.5881
epoch:  2000
2000th epoch validation confusion matrix: [[5.78, 5.19], [12.22, 19.81]] eval_metric: 0.5951
epoch:  2020
2020th epoch validation confusion matrix: [[6.44, 5.84], [11.56, 19.16]] eval_metric: 0.5953
epoch:  2040
2040th epoch validation confusion matrix: [[7.26, 6.93], [10.74, 18.07]] eval_metric: 0.5891
epoch:  2060
2060th epoch validation confusion matrix: [[7.75, 7.33], [10.25, 17.67]] eval_metric: 0.5912
epoch:  2080
2080th epoch validation confusion matrix: [[11.76, 13.37], [6.24, 11.63]] eval_metric: 0.5440
epoch:  2100
2100th epoch validation confusion matrix: [[7.45, 7.12], [10.55, 17.88]] eval_metric: 0.5891
epoch:  2120
2120th epoch validation confusion matrix: [[10.91, 12.69], [7.09, 12.31]] eval_metric: 0.5400
epoch:  2140
2140th epoch validation confusion matrix: [[13.11, 15.55], [4.89, 9.45]] eval_metric: 0.5247
epoch:  2160
2160th epoch validation confusion matrix: [[14.34, 16.63], [3.66, 8.37]] eval_metric: 0.5281
epoch:  2180
2180th epoch validation confusion matrix: [[12.82, 15.63], [5.18, 9.37]] eval_metric: 0.5160
epoch:  2200
2200th epoch validation confusion matrix: [[12.12, 14.21], [5.88, 10.79]] eval_metric: 0.5328
epoch:  2220
2220th epoch validation confusion matrix: [[12.48, 13.85], [5.52, 11.15]] eval_metric: 0.5495
epoch:  2240
2240th epoch validation confusion matrix: [[11.62, 13.42], [6.38, 11.58]] eval_metric: 0.5395
epoch:  2260
2260th epoch validation confusion matrix: [[7.23, 6.8], [10.77, 18.2]] eval_metric: 0.5914
epoch:  2280
2280th epoch validation confusion matrix: [[6.21, 6.07], [11.79, 18.93]] eval_metric: 0.5847
epoch:  2300
2300th epoch validation confusion matrix: [[3.54, 3.34], [14.46, 21.66]] eval_metric: 0.5860
epoch:  2320
2320th epoch validation confusion matrix: [[13.38, 15.95], [4.62, 9.05]] eval_metric: 0.5216
epoch:  2340
2340th epoch validation confusion matrix: [[13.7, 16.53], [4.3, 8.47]] eval_metric: 0.5156
epoch:  2360
2360th epoch validation confusion matrix: [[10.57, 11.9], [7.43, 13.1]] eval_metric: 0.5505
epoch:  2380
2380th epoch validation confusion matrix: [[12.0, 13.53], [6.0, 11.47]] eval_metric: 0.5458
epoch:  2400
2400th epoch validation confusion matrix: [[13.83, 16.71], [4.17, 8.29]] eval_metric: 0.5144
epoch:  2420
2420th epoch validation confusion matrix: [[12.69, 14.68], [5.31, 10.32]] eval_metric: 0.5351
epoch:  2440
2440th epoch validation confusion matrix: [[12.73, 15.09], [5.27, 9.91]] eval_metric: 0.5265
epoch:  2460
2460th epoch validation confusion matrix: [[11.69, 13.32], [6.31, 11.68]] eval_metric: 0.5435
epoch:  2480
2480th epoch validation confusion matrix: [[7.18, 7.21], [10.82, 17.79]] eval_metric: 0.5807
epoch:  2500
2500th epoch validation confusion matrix: [[14.49, 16.69], [3.51, 8.31]] eval_metric: 0.5302
epoch:  2520
2520th epoch validation confusion matrix: [[11.72, 12.7], [6.28, 12.3]] eval_metric: 0.5586
epoch:  2540
2540th epoch validation confusion matrix: [[10.59, 11.36], [7.41, 13.64]] eval_metric: 0.5635
epoch:  2560
2560th epoch validation confusion matrix: [[6.89, 6.08], [11.11, 18.92]] eval_metric: 0.6002
epoch:  2580
2580th epoch validation confusion matrix: [[11.4, 12.85], [6.6, 12.15]] eval_metric: 0.5477
epoch:  2600
2600th epoch validation confusion matrix: [[10.31, 11.44], [7.69, 13.56]] eval_metric: 0.5551
epoch:  2620
2620th epoch validation confusion matrix: [[13.44, 15.33], [4.56, 9.67]] eval_metric: 0.5374
epoch:  2640
2640th epoch validation confusion matrix: [[11.42, 13.53], [6.58, 11.47]] eval_metric: 0.5323
epoch:  2660
2660th epoch validation confusion matrix: [[6.68, 5.98], [11.32, 19.02]] eval_metric: 0.5977
epoch:  2680
2680th epoch validation confusion matrix: [[5.88, 5.42], [12.12, 19.58]] eval_metric: 0.5921
epoch:  2700
2700th epoch validation confusion matrix: [[11.38, 12.68], [6.62, 12.32]] eval_metric: 0.5512
epoch:  2720
2720th epoch validation confusion matrix: [[8.25, 7.9], [9.75, 17.1]] eval_metric: 0.5895
epoch:  2740
2740th epoch validation confusion matrix: [[9.99, 10.77], [8.01, 14.23]] eval_metric: 0.5633
epoch:  2760
2760th epoch validation confusion matrix: [[10.07, 10.24], [7.93, 14.76]] eval_metric: 0.5774
epoch:  2780
2780th epoch validation confusion matrix: [[13.23, 15.16], [4.77, 9.84]] eval_metric: 0.5365
epoch:  2800
2800th epoch validation confusion matrix: [[13.42, 14.71], [4.58, 10.29]] eval_metric: 0.5514
epoch:  2820
2820th epoch validation confusion matrix: [[10.71, 11.46], [7.29, 13.54]] eval_metric: 0.5640
epoch:  2840
2840th epoch validation confusion matrix: [[6.91, 6.6], [11.09, 18.4]] eval_metric: 0.5886
epoch:  2860
2860th epoch validation confusion matrix: [[10.04, 11.31], [7.96, 13.69]] eval_metric: 0.5519
epoch:  2880
2880th epoch validation confusion matrix: [[13.09, 14.89], [4.91, 10.11]] eval_metric: 0.5395
epoch:  2900
2900th epoch validation confusion matrix: [[12.12, 13.17], [5.88, 11.83]] eval_metric: 0.5570
epoch:  2920
2920th epoch validation confusion matrix: [[11.86, 13.32], [6.14, 11.68]] eval_metric: 0.5474
epoch:  2940
2940th epoch validation confusion matrix: [[6.28, 5.5], [11.72, 19.5]] eval_metric: 0.5995
epoch:  2960
2960th epoch validation confusion matrix: [[12.44, 14.62], [5.56, 10.38]] eval_metric: 0.5307
epoch:  2980
2980th epoch validation confusion matrix: [[6.08, 5.53], [11.92, 19.47]] eval_metric: 0.5942
Best model saved at the 2560th epoch: 0.6002325581395349 [[6.89, 6.08], [11.11, 18.92]]
testing and generating DPMs ... 
train confusion matrix  [[25.29, 14.26], [40.71, 51.74]]  accuracy  0.5835606060606061
valid confusion matrix  [[6.89, 6.08], [11.11, 18.92]]  accuracy  0.6002325581395349
test confusion matrix  [[6.82, 5.58], [12.18, 19.42]]  accuracy  0.5963636363636364
DPM generation is done
