nohup: 忽略输入
epoch:  0
0th epoch validation confusion matrix: [[31.0, 28.0], [0.0, 0.0]] eval_metric: 0.5254
epoch:  20
20th epoch validation confusion matrix: [[4.54, 4.08], [26.46, 23.92]] eval_metric: 0.4824
epoch:  40
40th epoch validation confusion matrix: [[30.86, 27.88], [0.14, 0.12]] eval_metric: 0.5251
epoch:  60
60th epoch validation confusion matrix: [[30.96, 27.97], [0.04, 0.03]] eval_metric: 0.5253
epoch:  80
80th epoch validation confusion matrix: [[25.35, 22.88], [5.65, 5.12]] eval_metric: 0.5164
epoch:  100
100th epoch validation confusion matrix: [[19.9, 17.58], [11.1, 10.42]] eval_metric: 0.5139
epoch:  120
120th epoch validation confusion matrix: [[13.74, 12.26], [17.26, 15.74]] eval_metric: 0.4997
epoch:  140
140th epoch validation confusion matrix: [[15.61, 13.85], [15.39, 14.15]] eval_metric: 0.5044
epoch:  160
160th epoch validation confusion matrix: [[1.93, 1.47], [29.07, 26.53]] eval_metric: 0.4824
epoch:  180
180th epoch validation confusion matrix: [[19.03, 16.83], [11.97, 11.17]] eval_metric: 0.5119
epoch:  200
200th epoch validation confusion matrix: [[23.48, 20.79], [7.52, 7.21]] eval_metric: 0.5202
epoch:  220
220th epoch validation confusion matrix: [[20.96, 18.59], [10.04, 9.41]] eval_metric: 0.5147
epoch:  240
240th epoch validation confusion matrix: [[16.14, 14.15], [14.86, 13.85]] eval_metric: 0.5083
epoch:  260
260th epoch validation confusion matrix: [[16.38, 14.33], [14.62, 13.67]] eval_metric: 0.5093
epoch:  280
280th epoch validation confusion matrix: [[3.16, 2.49], [27.84, 25.51]] eval_metric: 0.4859
epoch:  300
300th epoch validation confusion matrix: [[1.55, 1.21], [29.45, 26.79]] eval_metric: 0.4803
epoch:  320
320th epoch validation confusion matrix: [[15.87, 13.54], [15.13, 14.46]] eval_metric: 0.5141
epoch:  340
340th epoch validation confusion matrix: [[25.53, 22.59], [5.47, 5.41]] eval_metric: 0.5244
epoch:  360
360th epoch validation confusion matrix: [[21.02, 18.57], [9.98, 9.43]] eval_metric: 0.5161
epoch:  380
380th epoch validation confusion matrix: [[18.54, 16.22], [12.46, 11.78]] eval_metric: 0.5139
epoch:  400
400th epoch validation confusion matrix: [[6.46, 5.42], [24.54, 22.58]] eval_metric: 0.4922
epoch:  420
420th epoch validation confusion matrix: [[17.58, 15.17], [13.42, 12.83]] eval_metric: 0.5154
epoch:  440
440th epoch validation confusion matrix: [[16.51, 14.47], [14.49, 13.53]] eval_metric: 0.5092
epoch:  460
460th epoch validation confusion matrix: [[11.86, 10.09], [19.14, 17.91]] eval_metric: 0.5046
epoch:  480
480th epoch validation confusion matrix: [[13.0, 11.13], [18.0, 16.87]] eval_metric: 0.5063
epoch:  500
500th epoch validation confusion matrix: [[18.85, 16.51], [12.15, 11.49]] eval_metric: 0.5142
epoch:  520
520th epoch validation confusion matrix: [[2.68, 2.16], [28.32, 25.84]] eval_metric: 0.4834
epoch:  540
540th epoch validation confusion matrix: [[8.56, 6.92], [22.44, 21.08]] eval_metric: 0.5024
epoch:  560
560th epoch validation confusion matrix: [[17.36, 14.99], [13.64, 13.01]] eval_metric: 0.5147
epoch:  580
580th epoch validation confusion matrix: [[16.33, 14.17], [14.67, 13.83]] eval_metric: 0.5112
epoch:  600
600th epoch validation confusion matrix: [[21.05, 18.25], [9.95, 9.75]] eval_metric: 0.5220
epoch:  620
620th epoch validation confusion matrix: [[22.25, 19.46], [8.75, 8.54]] eval_metric: 0.5219
epoch:  640
640th epoch validation confusion matrix: [[5.92, 4.6], [25.08, 23.4]] eval_metric: 0.4969
epoch:  660
660th epoch validation confusion matrix: [[6.28, 5.03], [24.72, 22.97]] eval_metric: 0.4958
epoch:  680
680th epoch validation confusion matrix: [[14.35, 12.17], [16.65, 15.83]] eval_metric: 0.5115
epoch:  700
700th epoch validation confusion matrix: [[21.68, 18.75], [9.32, 9.25]] eval_metric: 0.5242
epoch:  720
720th epoch validation confusion matrix: [[9.99, 8.3], [21.01, 19.7]] eval_metric: 0.5032
epoch:  740
740th epoch validation confusion matrix: [[6.39, 5.1], [24.61, 22.9]] eval_metric: 0.4964
epoch:  760
760th epoch validation confusion matrix: [[16.21, 13.98], [14.79, 14.02]] eval_metric: 0.5124
epoch:  780
780th epoch validation confusion matrix: [[9.1, 7.85], [21.9, 20.15]] eval_metric: 0.4958
epoch:  800
800th epoch validation confusion matrix: [[4.55, 3.36], [26.45, 24.64]] eval_metric: 0.4947
epoch:  820
820th epoch validation confusion matrix: [[26.89, 23.64], [4.11, 4.36]] eval_metric: 0.5297
epoch:  840
840th epoch validation confusion matrix: [[24.85, 21.7], [6.15, 6.3]] eval_metric: 0.5280
epoch:  860
860th epoch validation confusion matrix: [[20.55, 17.71], [10.45, 10.29]] eval_metric: 0.5227
epoch:  880
880th epoch validation confusion matrix: [[18.71, 16.15], [12.29, 11.85]] eval_metric: 0.5180
epoch:  900
900th epoch validation confusion matrix: [[17.22, 14.81], [13.78, 13.19]] eval_metric: 0.5154
epoch:  920
920th epoch validation confusion matrix: [[21.54, 18.69], [9.46, 9.31]] eval_metric: 0.5229
epoch:  940
940th epoch validation confusion matrix: [[5.34, 4.2], [25.66, 23.8]] eval_metric: 0.4939
epoch:  960
960th epoch validation confusion matrix: [[18.7, 16.03], [12.3, 11.97]] eval_metric: 0.5198
epoch:  980
980th epoch validation confusion matrix: [[9.59, 7.63], [21.41, 20.37]] eval_metric: 0.5078
epoch:  1000
1000th epoch validation confusion matrix: [[24.56, 21.48], [6.44, 6.52]] eval_metric: 0.5268
epoch:  1020
1020th epoch validation confusion matrix: [[10.46, 8.4], [20.54, 19.6]] eval_metric: 0.5095
epoch:  1040
1040th epoch validation confusion matrix: [[8.04, 6.09], [22.96, 21.91]] eval_metric: 0.5076
epoch:  1060
1060th epoch validation confusion matrix: [[19.7, 16.82], [11.3, 11.18]] eval_metric: 0.5234
epoch:  1080
1080th epoch validation confusion matrix: [[5.76, 4.3], [25.24, 23.7]] eval_metric: 0.4993
epoch:  1100
1100th epoch validation confusion matrix: [[21.36, 18.25], [9.64, 9.75]] eval_metric: 0.5273
epoch:  1120
1120th epoch validation confusion matrix: [[18.92, 16.06], [12.08, 11.94]] eval_metric: 0.5231
epoch:  1140
1140th epoch validation confusion matrix: [[21.41, 18.6], [9.59, 9.4]] eval_metric: 0.5222
epoch:  1160
1160th epoch validation confusion matrix: [[15.84, 13.36], [15.16, 14.64]] eval_metric: 0.5166
epoch:  1180
1180th epoch validation confusion matrix: [[11.91, 9.59], [19.09, 18.41]] eval_metric: 0.5139
epoch:  1200
1200th epoch validation confusion matrix: [[5.29, 3.83], [25.71, 24.17]] eval_metric: 0.4993
epoch:  1220
1220th epoch validation confusion matrix: [[14.97, 12.66], [16.03, 15.34]] eval_metric: 0.5137
epoch:  1240
1240th epoch validation confusion matrix: [[13.12, 10.88], [17.88, 17.12]] eval_metric: 0.5125
epoch:  1260
1260th epoch validation confusion matrix: [[13.03, 10.86], [17.97, 17.14]] eval_metric: 0.5114
epoch:  1280
1280th epoch validation confusion matrix: [[11.47, 9.5], [19.53, 18.5]] eval_metric: 0.5080
epoch:  1300
1300th epoch validation confusion matrix: [[8.1, 6.44], [22.9, 21.56]] eval_metric: 0.5027
epoch:  1320
1320th epoch validation confusion matrix: [[13.78, 11.21], [17.22, 16.79]] eval_metric: 0.5181
epoch:  1340
1340th epoch validation confusion matrix: [[9.2, 7.27], [21.8, 20.73]] eval_metric: 0.5073
epoch:  1360
1360th epoch validation confusion matrix: [[10.21, 8.04], [20.79, 19.96]] eval_metric: 0.5114
epoch:  1380
1380th epoch validation confusion matrix: [[6.86, 5.11], [24.14, 22.89]] eval_metric: 0.5042
epoch:  1400
1400th epoch validation confusion matrix: [[22.71, 19.32], [8.29, 8.68]] eval_metric: 0.5320
epoch:  1420
1420th epoch validation confusion matrix: [[20.1, 16.86], [10.9, 11.14]] eval_metric: 0.5295
epoch:  1440
1440th epoch validation confusion matrix: [[15.21, 12.49], [15.79, 15.51]] eval_metric: 0.5207
epoch:  1460
1460th epoch validation confusion matrix: [[22.07, 18.76], [8.93, 9.24]] eval_metric: 0.5307
epoch:  1480
1480th epoch validation confusion matrix: [[20.98, 17.62], [10.02, 10.38]] eval_metric: 0.5315
epoch:  1500
1500th epoch validation confusion matrix: [[17.16, 14.36], [13.84, 13.64]] eval_metric: 0.5220
epoch:  1520
1520th epoch validation confusion matrix: [[11.81, 9.32], [19.19, 18.68]] eval_metric: 0.5168
epoch:  1540
1540th epoch validation confusion matrix: [[11.18, 8.61], [19.82, 19.39]] eval_metric: 0.5181
epoch:  1560
1560th epoch validation confusion matrix: [[18.69, 15.43], [12.31, 12.57]] eval_metric: 0.5298
epoch:  1580
1580th epoch validation confusion matrix: [[11.44, 8.88], [19.56, 19.12]] eval_metric: 0.5180
epoch:  1600
1600th epoch validation confusion matrix: [[8.98, 6.91], [22.02, 21.09]] eval_metric: 0.5097
epoch:  1620
1620th epoch validation confusion matrix: [[11.57, 8.92], [19.43, 19.08]] eval_metric: 0.5195
epoch:  1640
1640th epoch validation confusion matrix: [[17.9, 14.74], [13.1, 13.26]] eval_metric: 0.5281
epoch:  1660
1660th epoch validation confusion matrix: [[13.9, 11.18], [17.1, 16.82]] eval_metric: 0.5207
epoch:  1680
1680th epoch validation confusion matrix: [[11.42, 9.02], [19.58, 18.98]] eval_metric: 0.5153
epoch:  1700
1700th epoch validation confusion matrix: [[9.08, 6.97], [21.92, 21.03]] eval_metric: 0.5103
epoch:  1720
1720th epoch validation confusion matrix: [[9.69, 7.65], [21.31, 20.35]] eval_metric: 0.5092
epoch:  1740
1740th epoch validation confusion matrix: [[15.1, 12.26], [15.9, 15.74]] eval_metric: 0.5227
epoch:  1760
1760th epoch validation confusion matrix: [[9.42, 7.52], [21.58, 20.48]] eval_metric: 0.5068
epoch:  1780
1780th epoch validation confusion matrix: [[17.89, 14.93], [13.11, 13.07]] eval_metric: 0.5247
epoch:  1800
1800th epoch validation confusion matrix: [[16.81, 13.72], [14.19, 14.28]] eval_metric: 0.5269
epoch:  1820
1820th epoch validation confusion matrix: [[13.35, 10.54], [17.65, 17.46]] eval_metric: 0.5222
epoch:  1840
1840th epoch validation confusion matrix: [[20.77, 17.68], [10.23, 10.32]] eval_metric: 0.5269
epoch:  1860
1860th epoch validation confusion matrix: [[12.29, 9.35], [18.71, 18.65]] eval_metric: 0.5244
epoch:  1880
1880th epoch validation confusion matrix: [[7.37, 5.35], [23.63, 22.65]] eval_metric: 0.5088
epoch:  1900
1900th epoch validation confusion matrix: [[9.76, 7.4], [21.24, 20.6]] eval_metric: 0.5146
epoch:  1920
1920th epoch validation confusion matrix: [[25.17, 21.44], [5.83, 6.56]] eval_metric: 0.5378
epoch:  1940
1940th epoch validation confusion matrix: [[12.04, 9.24], [18.96, 18.76]] eval_metric: 0.5220
epoch:  1960
1960th epoch validation confusion matrix: [[5.74, 4.31], [25.26, 23.69]] eval_metric: 0.4988
epoch:  1980
1980th epoch validation confusion matrix: [[17.92, 14.71], [13.08, 13.29]] eval_metric: 0.5290
epoch:  2000
2000th epoch validation confusion matrix: [[14.32, 11.52], [16.68, 16.48]] eval_metric: 0.5220
epoch:  2020
2020th epoch validation confusion matrix: [[12.9, 10.27], [18.1, 17.73]] eval_metric: 0.5192
epoch:  2040
2040th epoch validation confusion matrix: [[9.79, 7.4], [21.21, 20.6]] eval_metric: 0.5151
epoch:  2060
2060th epoch validation confusion matrix: [[7.99, 5.81], [23.01, 22.19]] eval_metric: 0.5115
epoch:  2080
2080th epoch validation confusion matrix: [[12.72, 9.98], [18.28, 18.02]] eval_metric: 0.5210
epoch:  2100
2100th epoch validation confusion matrix: [[12.53, 9.81], [18.47, 18.19]] eval_metric: 0.5207
epoch:  2120
2120th epoch validation confusion matrix: [[19.53, 16.12], [11.47, 11.88]] eval_metric: 0.5324
epoch:  2140
2140th epoch validation confusion matrix: [[16.19, 13.34], [14.81, 14.66]] eval_metric: 0.5229
epoch:  2160
2160th epoch validation confusion matrix: [[12.33, 9.68], [18.67, 18.32]] eval_metric: 0.5195
epoch:  2180
2180th epoch validation confusion matrix: [[19.75, 16.3], [11.25, 11.7]] eval_metric: 0.5331
epoch:  2200
2200th epoch validation confusion matrix: [[16.43, 13.06], [14.57, 14.94]] eval_metric: 0.5317
epoch:  2220
2220th epoch validation confusion matrix: [[13.19, 10.17], [17.81, 17.83]] eval_metric: 0.5258
epoch:  2240
2240th epoch validation confusion matrix: [[13.52, 10.6], [17.48, 17.4]] eval_metric: 0.5241
epoch:  2260
2260th epoch validation confusion matrix: [[22.05, 18.12], [8.95, 9.88]] eval_metric: 0.5412
epoch:  2280
2280th epoch validation confusion matrix: [[19.35, 15.94], [11.65, 12.06]] eval_metric: 0.5324
epoch:  2300
2300th epoch validation confusion matrix: [[11.87, 9.12], [19.13, 18.88]] eval_metric: 0.5212
epoch:  2320
2320th epoch validation confusion matrix: [[23.09, 19.35], [7.91, 8.65]] eval_metric: 0.5380
epoch:  2340
2340th epoch validation confusion matrix: [[13.52, 10.49], [17.48, 17.51]] eval_metric: 0.5259
epoch:  2360
2360th epoch validation confusion matrix: [[17.51, 14.55], [13.49, 13.45]] eval_metric: 0.5247
epoch:  2380
2380th epoch validation confusion matrix: [[11.67, 8.89], [19.33, 19.11]] eval_metric: 0.5217
epoch:  2400
2400th epoch validation confusion matrix: [[9.35, 6.96], [21.65, 21.04]] eval_metric: 0.5151
epoch:  2420
2420th epoch validation confusion matrix: [[12.72, 9.77], [18.28, 18.23]] eval_metric: 0.5246
epoch:  2440
2440th epoch validation confusion matrix: [[20.19, 16.82], [10.81, 11.18]] eval_metric: 0.5317
epoch:  2460
2460th epoch validation confusion matrix: [[12.61, 9.85], [18.39, 18.15]] eval_metric: 0.5214
epoch:  2480
2480th epoch validation confusion matrix: [[10.4, 7.64], [20.6, 20.36]] eval_metric: 0.5214
epoch:  2500
2500th epoch validation confusion matrix: [[18.92, 15.66], [12.08, 12.34]] eval_metric: 0.5298
epoch:  2520
2520th epoch validation confusion matrix: [[9.29, 6.97], [21.71, 21.03]] eval_metric: 0.5139
epoch:  2540
2540th epoch validation confusion matrix: [[13.32, 10.1], [17.68, 17.9]] eval_metric: 0.5292
epoch:  2560
2560th epoch validation confusion matrix: [[18.75, 15.26], [12.25, 12.74]] eval_metric: 0.5337
epoch:  2580
2580th epoch validation confusion matrix: [[18.73, 15.06], [12.27, 12.94]] eval_metric: 0.5368
epoch:  2600
2600th epoch validation confusion matrix: [[19.63, 16.11], [11.37, 11.89]] eval_metric: 0.5342
epoch:  2620
2620th epoch validation confusion matrix: [[20.12, 16.46], [10.88, 11.54]] eval_metric: 0.5366
epoch:  2640
2640th epoch validation confusion matrix: [[10.57, 8.2], [20.43, 19.8]] eval_metric: 0.5147
epoch:  2660
2660th epoch validation confusion matrix: [[19.37, 15.77], [11.63, 12.23]] eval_metric: 0.5356
epoch:  2680
2680th epoch validation confusion matrix: [[10.26, 7.85], [20.74, 20.15]] eval_metric: 0.5154
epoch:  2700
2700th epoch validation confusion matrix: [[14.85, 11.56], [16.15, 16.44]] eval_metric: 0.5303
epoch:  2720
2720th epoch validation confusion matrix: [[12.68, 9.7], [18.32, 18.3]] eval_metric: 0.5251
epoch:  2740
2740th epoch validation confusion matrix: [[25.74, 21.88], [5.26, 6.12]] eval_metric: 0.5400
epoch:  2760
2760th epoch validation confusion matrix: [[16.14, 12.85], [14.86, 15.15]] eval_metric: 0.5303
epoch:  2780
2780th epoch validation confusion matrix: [[19.31, 15.7], [11.69, 12.3]] eval_metric: 0.5358
epoch:  2800
2800th epoch validation confusion matrix: [[11.46, 8.62], [19.54, 19.38]] eval_metric: 0.5227
epoch:  2820
2820th epoch validation confusion matrix: [[8.27, 5.94], [22.73, 22.06]] eval_metric: 0.5141
epoch:  2840
2840th epoch validation confusion matrix: [[20.88, 17.26], [10.12, 10.74]] eval_metric: 0.5359
epoch:  2860
2860th epoch validation confusion matrix: [[18.57, 15.15], [12.43, 12.85]] eval_metric: 0.5325
epoch:  2880
2880th epoch validation confusion matrix: [[20.0, 16.58], [11.0, 11.42]] eval_metric: 0.5325
epoch:  2900
2900th epoch validation confusion matrix: [[12.4, 9.54], [18.6, 18.46]] eval_metric: 0.5231
epoch:  2920
2920th epoch validation confusion matrix: [[13.29, 10.34], [17.71, 17.66]] eval_metric: 0.5246
epoch:  2940
2940th epoch validation confusion matrix: [[20.36, 16.72], [10.64, 11.28]] eval_metric: 0.5363
epoch:  2960
2960th epoch validation confusion matrix: [[7.28, 5.05], [23.72, 22.95]] eval_metric: 0.5124
epoch:  2980
2980th epoch validation confusion matrix: [[18.64, 15.37], [12.36, 12.63]] eval_metric: 0.5300
Best model saved at the 2260th epoch: 0.5411864406779661 [[22.05, 18.12], [8.95, 9.88]]
testing and generating DPMs ... 
train confusion matrix  [[78.44, 41.25], [30.56, 29.75]]  accuracy  0.6010555555555556
valid confusion matrix  [[22.05, 18.12], [8.95, 9.88]]  accuracy  0.5411864406779661
test confusion matrix  [[28.64, 10.94], [12.36, 9.06]]  accuracy  0.618032786885246
DPM generation is done
