nohup: 忽略输入
epoch:  0
0th epoch validation confusion matrix: [[24.0, 19.0], [0.0, 0.0]] eval_metric: 0.5581
epoch:  20
20th epoch validation confusion matrix: [[23.99, 18.99], [0.01, 0.01]] eval_metric: 0.5581
epoch:  40
40th epoch validation confusion matrix: [[23.35, 18.47], [0.65, 0.53]] eval_metric: 0.5553
epoch:  60
60th epoch validation confusion matrix: [[23.99, 18.99], [0.01, 0.01]] eval_metric: 0.5581
epoch:  80
80th epoch validation confusion matrix: [[23.82, 18.84], [0.18, 0.16]] eval_metric: 0.5577
epoch:  100
100th epoch validation confusion matrix: [[23.99, 18.97], [0.01, 0.03]] eval_metric: 0.5586
epoch:  120
120th epoch validation confusion matrix: [[23.26, 18.42], [0.74, 0.58]] eval_metric: 0.5544
epoch:  140
140th epoch validation confusion matrix: [[22.89, 18.04], [1.11, 0.96]] eval_metric: 0.5547
epoch:  160
160th epoch validation confusion matrix: [[20.95, 16.5], [3.05, 2.5]] eval_metric: 0.5453
epoch:  180
180th epoch validation confusion matrix: [[21.65, 17.03], [2.35, 1.97]] eval_metric: 0.5493
epoch:  200
200th epoch validation confusion matrix: [[22.39, 17.67], [1.61, 1.33]] eval_metric: 0.5516
epoch:  220
220th epoch validation confusion matrix: [[19.47, 15.34], [4.53, 3.66]] eval_metric: 0.5379
epoch:  240
240th epoch validation confusion matrix: [[23.21, 18.3], [0.79, 0.7]] eval_metric: 0.5560
epoch:  260
260th epoch validation confusion matrix: [[15.69, 12.33], [8.31, 6.67]] eval_metric: 0.5200
epoch:  280
280th epoch validation confusion matrix: [[19.01, 14.84], [4.99, 4.16]] eval_metric: 0.5388
epoch:  300
300th epoch validation confusion matrix: [[13.75, 10.83], [10.25, 8.17]] eval_metric: 0.5098
epoch:  320
320th epoch validation confusion matrix: [[20.92, 16.51], [3.08, 2.49]] eval_metric: 0.5444
epoch:  340
340th epoch validation confusion matrix: [[12.79, 10.07], [11.21, 8.93]] eval_metric: 0.5051
epoch:  360
360th epoch validation confusion matrix: [[16.66, 13.22], [7.34, 5.78]] eval_metric: 0.5219
epoch:  380
380th epoch validation confusion matrix: [[19.99, 15.65], [4.01, 3.35]] eval_metric: 0.5428
epoch:  400
400th epoch validation confusion matrix: [[20.34, 15.92], [3.66, 3.08]] eval_metric: 0.5447
epoch:  420
420th epoch validation confusion matrix: [[22.74, 17.95], [1.26, 1.05]] eval_metric: 0.5533
epoch:  440
440th epoch validation confusion matrix: [[23.17, 18.3], [0.83, 0.7]] eval_metric: 0.5551
epoch:  460
460th epoch validation confusion matrix: [[12.92, 10.14], [11.08, 8.86]] eval_metric: 0.5065
epoch:  480
480th epoch validation confusion matrix: [[10.64, 8.6], [13.36, 10.4]] eval_metric: 0.4893
epoch:  500
500th epoch validation confusion matrix: [[10.0, 7.64], [14.0, 11.36]] eval_metric: 0.4967
epoch:  520
520th epoch validation confusion matrix: [[10.01, 7.69], [13.99, 11.31]] eval_metric: 0.4958
epoch:  540
540th epoch validation confusion matrix: [[3.23, 2.37], [20.77, 16.63]] eval_metric: 0.4619
epoch:  560
560th epoch validation confusion matrix: [[22.91, 18.07], [1.09, 0.93]] eval_metric: 0.5544
epoch:  580
580th epoch validation confusion matrix: [[23.54, 18.55], [0.46, 0.45]] eval_metric: 0.5579
epoch:  600
600th epoch validation confusion matrix: [[22.75, 17.9], [1.25, 1.1]] eval_metric: 0.5547
epoch:  620
620th epoch validation confusion matrix: [[20.0, 15.63], [4.0, 3.37]] eval_metric: 0.5435
epoch:  640
640th epoch validation confusion matrix: [[23.59, 18.59], [0.41, 0.41]] eval_metric: 0.5581
epoch:  660
660th epoch validation confusion matrix: [[16.01, 12.48], [7.99, 6.52]] eval_metric: 0.5240
epoch:  680
680th epoch validation confusion matrix: [[20.76, 16.12], [3.24, 2.88]] eval_metric: 0.5498
epoch:  700
700th epoch validation confusion matrix: [[20.16, 15.6], [3.84, 3.4]] eval_metric: 0.5479
epoch:  720
720th epoch validation confusion matrix: [[18.92, 14.77], [5.08, 4.23]] eval_metric: 0.5384
epoch:  740
740th epoch validation confusion matrix: [[23.96, 18.95], [0.04, 0.05]] eval_metric: 0.5584
epoch:  760
760th epoch validation confusion matrix: [[19.85, 15.04], [4.15, 3.96]] eval_metric: 0.5537
epoch:  780
780th epoch validation confusion matrix: [[19.31, 14.66], [4.69, 4.34]] eval_metric: 0.5500
epoch:  800
800th epoch validation confusion matrix: [[18.98, 14.97], [5.02, 4.03]] eval_metric: 0.5351
epoch:  820
820th epoch validation confusion matrix: [[22.42, 17.47], [1.58, 1.53]] eval_metric: 0.5570
epoch:  840
840th epoch validation confusion matrix: [[12.76, 9.81], [11.24, 9.19]] eval_metric: 0.5105
epoch:  860
860th epoch validation confusion matrix: [[22.99, 17.84], [1.01, 1.16]] eval_metric: 0.5616
epoch:  880
880th epoch validation confusion matrix: [[23.33, 18.27], [0.67, 0.73]] eval_metric: 0.5595
epoch:  900
900th epoch validation confusion matrix: [[17.71, 13.72], [6.29, 5.28]] eval_metric: 0.5347
epoch:  920
920th epoch validation confusion matrix: [[7.63, 5.8], [16.37, 13.2]] eval_metric: 0.4844
epoch:  940
940th epoch validation confusion matrix: [[18.47, 14.23], [5.53, 4.77]] eval_metric: 0.5405
epoch:  960
960th epoch validation confusion matrix: [[21.66, 16.75], [2.34, 2.25]] eval_metric: 0.5560
epoch:  980
980th epoch validation confusion matrix: [[21.4, 16.73], [2.6, 2.27]] eval_metric: 0.5505
epoch:  1000
1000th epoch validation confusion matrix: [[22.68, 17.91], [1.32, 1.09]] eval_metric: 0.5528
epoch:  1020
1020th epoch validation confusion matrix: [[23.39, 18.45], [0.61, 0.55]] eval_metric: 0.5567
epoch:  1040
1040th epoch validation confusion matrix: [[20.08, 15.6], [3.92, 3.4]] eval_metric: 0.5460
epoch:  1060
1060th epoch validation confusion matrix: [[21.05, 16.42], [2.95, 2.58]] eval_metric: 0.5495
epoch:  1080
1080th epoch validation confusion matrix: [[22.93, 17.87], [1.07, 1.13]] eval_metric: 0.5595
epoch:  1100
1100th epoch validation confusion matrix: [[20.97, 16.25], [3.03, 2.75]] eval_metric: 0.5516
epoch:  1120
1120th epoch validation confusion matrix: [[22.35, 17.31], [1.65, 1.69]] eval_metric: 0.5591
epoch:  1140
1140th epoch validation confusion matrix: [[21.3, 16.62], [2.7, 2.38]] eval_metric: 0.5507
epoch:  1160
1160th epoch validation confusion matrix: [[21.75, 16.92], [2.25, 2.08]] eval_metric: 0.5542
epoch:  1180
1180th epoch validation confusion matrix: [[14.93, 11.62], [9.07, 7.38]] eval_metric: 0.5188
epoch:  1200
1200th epoch validation confusion matrix: [[21.68, 16.75], [2.32, 2.25]] eval_metric: 0.5565
epoch:  1220
1220th epoch validation confusion matrix: [[19.48, 15.08], [4.52, 3.92]] eval_metric: 0.5442
epoch:  1240
1240th epoch validation confusion matrix: [[19.04, 14.99], [4.96, 4.01]] eval_metric: 0.5360
epoch:  1260
1260th epoch validation confusion matrix: [[17.35, 13.57], [6.65, 5.43]] eval_metric: 0.5298
epoch:  1280
1280th epoch validation confusion matrix: [[13.84, 10.85], [10.16, 8.15]] eval_metric: 0.5114
epoch:  1300
1300th epoch validation confusion matrix: [[7.81, 6.09], [16.19, 12.91]] eval_metric: 0.4819
epoch:  1320
1320th epoch validation confusion matrix: [[18.98, 14.62], [5.02, 4.38]] eval_metric: 0.5433
epoch:  1340
1340th epoch validation confusion matrix: [[13.99, 10.94], [10.01, 8.06]] eval_metric: 0.5128
epoch:  1360
1360th epoch validation confusion matrix: [[21.92, 16.99], [2.08, 2.01]] eval_metric: 0.5565
epoch:  1380
1380th epoch validation confusion matrix: [[17.03, 13.17], [6.97, 5.83]] eval_metric: 0.5316
epoch:  1400
1400th epoch validation confusion matrix: [[19.89, 15.22], [4.11, 3.78]] eval_metric: 0.5505
epoch:  1420
1420th epoch validation confusion matrix: [[14.26, 10.89], [9.74, 8.11]] eval_metric: 0.5202
epoch:  1440
1440th epoch validation confusion matrix: [[19.74, 15.04], [4.26, 3.96]] eval_metric: 0.5512
epoch:  1460
1460th epoch validation confusion matrix: [[13.77, 10.56], [10.23, 8.44]] eval_metric: 0.5165
epoch:  1480
1480th epoch validation confusion matrix: [[18.23, 14.15], [5.77, 4.85]] eval_metric: 0.5367
epoch:  1500
1500th epoch validation confusion matrix: [[19.18, 14.79], [4.82, 4.21]] eval_metric: 0.5440
epoch:  1520
1520th epoch validation confusion matrix: [[16.21, 12.46], [7.79, 6.54]] eval_metric: 0.5291
epoch:  1540
1540th epoch validation confusion matrix: [[10.95, 8.4], [13.05, 10.6]] eval_metric: 0.5012
epoch:  1560
1560th epoch validation confusion matrix: [[19.86, 15.26], [4.14, 3.74]] eval_metric: 0.5488
epoch:  1580
1580th epoch validation confusion matrix: [[19.6, 15.12], [4.4, 3.88]] eval_metric: 0.5460
epoch:  1600
1600th epoch validation confusion matrix: [[19.04, 15.04], [4.96, 3.96]] eval_metric: 0.5349
epoch:  1620
1620th epoch validation confusion matrix: [[16.3, 12.82], [7.7, 6.18]] eval_metric: 0.5228
epoch:  1640
1640th epoch validation confusion matrix: [[20.24, 15.8], [3.76, 3.2]] eval_metric: 0.5451
epoch:  1660
1660th epoch validation confusion matrix: [[20.21, 15.57], [3.79, 3.43]] eval_metric: 0.5498
epoch:  1680
1680th epoch validation confusion matrix: [[18.83, 14.53], [5.17, 4.47]] eval_metric: 0.5419
epoch:  1700
1700th epoch validation confusion matrix: [[15.4, 11.91], [8.6, 7.09]] eval_metric: 0.5230
epoch:  1720
1720th epoch validation confusion matrix: [[19.72, 15.35], [4.28, 3.65]] eval_metric: 0.5435
epoch:  1740
1740th epoch validation confusion matrix: [[18.56, 14.43], [5.44, 4.57]] eval_metric: 0.5379
epoch:  1760
1760th epoch validation confusion matrix: [[21.81, 17.02], [2.19, 1.98]] eval_metric: 0.5533
epoch:  1780
1780th epoch validation confusion matrix: [[19.52, 15.14], [4.48, 3.86]] eval_metric: 0.5437
epoch:  1800
1800th epoch validation confusion matrix: [[16.6, 12.86], [7.4, 6.14]] eval_metric: 0.5288
epoch:  1820
1820th epoch validation confusion matrix: [[12.97, 10.21], [11.03, 8.79]] eval_metric: 0.5060
epoch:  1840
1840th epoch validation confusion matrix: [[9.21, 6.8], [14.79, 12.2]] eval_metric: 0.4979
epoch:  1860
1860th epoch validation confusion matrix: [[12.71, 9.78], [11.29, 9.22]] eval_metric: 0.5100
epoch:  1880
1880th epoch validation confusion matrix: [[7.99, 6.0], [16.01, 13.0]] eval_metric: 0.4881
epoch:  1900
1900th epoch validation confusion matrix: [[21.57, 16.49], [2.43, 2.51]] eval_metric: 0.5600
epoch:  1920
1920th epoch validation confusion matrix: [[18.9, 14.42], [5.1, 4.58]] eval_metric: 0.5460
epoch:  1940
1940th epoch validation confusion matrix: [[19.83, 15.13], [4.17, 3.87]] eval_metric: 0.5512
epoch:  1960
1960th epoch validation confusion matrix: [[21.6, 16.55], [2.4, 2.45]] eval_metric: 0.5593
epoch:  1980
1980th epoch validation confusion matrix: [[20.23, 15.38], [3.77, 3.62]] eval_metric: 0.5547
epoch:  2000
2000th epoch validation confusion matrix: [[21.11, 16.21], [2.89, 2.79]] eval_metric: 0.5558
epoch:  2020
2020th epoch validation confusion matrix: [[21.0, 16.04], [3.0, 2.96]] eval_metric: 0.5572
epoch:  2040
2040th epoch validation confusion matrix: [[18.01, 13.63], [5.99, 5.37]] eval_metric: 0.5437
epoch:  2060
2060th epoch validation confusion matrix: [[20.73, 15.86], [3.27, 3.14]] eval_metric: 0.5551
epoch:  2080
2080th epoch validation confusion matrix: [[20.45, 15.6], [3.55, 3.4]] eval_metric: 0.5547
epoch:  2100
2100th epoch validation confusion matrix: [[21.04, 16.04], [2.96, 2.96]] eval_metric: 0.5581
epoch:  2120
2120th epoch validation confusion matrix: [[18.6, 14.32], [5.4, 4.68]] eval_metric: 0.5414
epoch:  2140
2140th epoch validation confusion matrix: [[21.28, 16.26], [2.72, 2.74]] eval_metric: 0.5586
epoch:  2160
2160th epoch validation confusion matrix: [[21.13, 16.05], [2.87, 2.95]] eval_metric: 0.5600
epoch:  2180
2180th epoch validation confusion matrix: [[22.68, 17.48], [1.32, 1.52]] eval_metric: 0.5628
epoch:  2200
2200th epoch validation confusion matrix: [[18.39, 13.93], [5.61, 5.07]] eval_metric: 0.5456
epoch:  2220
2220th epoch validation confusion matrix: [[23.24, 18.04], [0.76, 0.96]] eval_metric: 0.5628
epoch:  2240
2240th epoch validation confusion matrix: [[18.65, 14.3], [5.35, 4.7]] eval_metric: 0.5430
epoch:  2260
2260th epoch validation confusion matrix: [[22.6, 17.48], [1.4, 1.52]] eval_metric: 0.5609
epoch:  2280
2280th epoch validation confusion matrix: [[19.63, 14.66], [4.37, 4.34]] eval_metric: 0.5574
epoch:  2300
2300th epoch validation confusion matrix: [[14.81, 11.13], [9.19, 7.87]] eval_metric: 0.5274
epoch:  2320
2320th epoch validation confusion matrix: [[17.61, 13.4], [6.39, 5.6]] eval_metric: 0.5398
epoch:  2340
2340th epoch validation confusion matrix: [[17.21, 12.94], [6.79, 6.06]] eval_metric: 0.5412
epoch:  2360
2360th epoch validation confusion matrix: [[17.73, 13.44], [6.27, 5.56]] eval_metric: 0.5416
epoch:  2380
2380th epoch validation confusion matrix: [[16.31, 12.35], [7.69, 6.65]] eval_metric: 0.5340
epoch:  2400
2400th epoch validation confusion matrix: [[20.53, 15.82], [3.47, 3.18]] eval_metric: 0.5514
epoch:  2420
2420th epoch validation confusion matrix: [[17.41, 13.06], [6.59, 5.94]] eval_metric: 0.5430
epoch:  2440
2440th epoch validation confusion matrix: [[19.68, 15.08], [4.32, 3.92]] eval_metric: 0.5488
epoch:  2460
2460th epoch validation confusion matrix: [[20.95, 16.06], [3.05, 2.94]] eval_metric: 0.5556
epoch:  2480
2480th epoch validation confusion matrix: [[21.12, 16.16], [2.88, 2.84]] eval_metric: 0.5572
epoch:  2500
2500th epoch validation confusion matrix: [[20.15, 15.21], [3.85, 3.79]] eval_metric: 0.5567
epoch:  2520
2520th epoch validation confusion matrix: [[19.66, 14.94], [4.34, 4.06]] eval_metric: 0.5516
epoch:  2540
2540th epoch validation confusion matrix: [[19.18, 14.35], [4.82, 4.65]] eval_metric: 0.5542
epoch:  2560
2560th epoch validation confusion matrix: [[19.55, 14.69], [4.45, 4.31]] eval_metric: 0.5549
epoch:  2580
2580th epoch validation confusion matrix: [[19.41, 14.59], [4.59, 4.41]] eval_metric: 0.5540
epoch:  2600
2600th epoch validation confusion matrix: [[19.45, 14.62], [4.55, 4.38]] eval_metric: 0.5542
epoch:  2620
2620th epoch validation confusion matrix: [[17.53, 13.25], [6.47, 5.75]] eval_metric: 0.5414
epoch:  2640
2640th epoch validation confusion matrix: [[17.87, 13.42], [6.13, 5.58]] eval_metric: 0.5453
epoch:  2660
2660th epoch validation confusion matrix: [[14.73, 10.89], [9.27, 8.11]] eval_metric: 0.5312
epoch:  2680
2680th epoch validation confusion matrix: [[17.44, 12.99], [6.56, 6.01]] eval_metric: 0.5453
epoch:  2700
2700th epoch validation confusion matrix: [[21.61, 16.43], [2.39, 2.57]] eval_metric: 0.5623
epoch:  2720
2720th epoch validation confusion matrix: [[18.92, 14.18], [5.08, 4.82]] eval_metric: 0.5521
epoch:  2740
2740th epoch validation confusion matrix: [[18.08, 13.49], [5.92, 5.51]] eval_metric: 0.5486
epoch:  2760
2760th epoch validation confusion matrix: [[22.08, 16.91], [1.92, 2.09]] eval_metric: 0.5621
epoch:  2780
2780th epoch validation confusion matrix: [[18.7, 13.96], [5.3, 5.04]] eval_metric: 0.5521
epoch:  2800
2800th epoch validation confusion matrix: [[17.25, 12.82], [6.75, 6.18]] eval_metric: 0.5449
epoch:  2820
2820th epoch validation confusion matrix: [[9.57, 7.07], [14.43, 11.93]] eval_metric: 0.5000
epoch:  2840
2840th epoch validation confusion matrix: [[7.87, 5.57], [16.13, 13.43]] eval_metric: 0.4953
epoch:  2860
2860th epoch validation confusion matrix: [[20.36, 15.3], [3.64, 3.7]] eval_metric: 0.5595
epoch:  2880
2880th epoch validation confusion matrix: [[20.47, 15.51], [3.53, 3.49]] eval_metric: 0.5572
epoch:  2900
2900th epoch validation confusion matrix: [[14.83, 11.25], [9.17, 7.75]] eval_metric: 0.5251
epoch:  2920
2920th epoch validation confusion matrix: [[16.29, 12.18], [7.71, 6.82]] eval_metric: 0.5374
epoch:  2940
2940th epoch validation confusion matrix: [[20.27, 15.28], [3.73, 3.72]] eval_metric: 0.5579
epoch:  2960
2960th epoch validation confusion matrix: [[20.43, 15.42], [3.57, 3.58]] eval_metric: 0.5584
epoch:  2980
2980th epoch validation confusion matrix: [[16.36, 12.09], [7.64, 6.91]] eval_metric: 0.5412
Best model saved at the 2220th epoch: 0.5627906976744186 [[23.24, 18.04], [0.76, 0.96]]
testing and generating DPMs ... 
train confusion matrix  [[66.24, 59.62], [2.76, 3.38]]  accuracy  0.5274242424242425
valid confusion matrix  [[23.24, 18.04], [0.76, 0.96]]  accuracy  0.5627906976744186
test confusion matrix  [[25.26, 19.78], [0.74, 1.22]]  accuracy  0.5634042553191488
DPM generation is done
