nohup: 忽略输入
epoch:  0
0th epoch validation confusion matrix: [[19.26, 18.21], [0.74, 0.79]] eval_metric: 0.5141
epoch:  20
20th epoch validation confusion matrix: [[20.0, 19.0], [0.0, 0.0]] eval_metric: 0.5128
epoch:  40
40th epoch validation confusion matrix: [[19.53, 18.54], [0.47, 0.46]] eval_metric: 0.5126
epoch:  60
60th epoch validation confusion matrix: [[19.99, 18.99], [0.01, 0.01]] eval_metric: 0.5128
epoch:  80
80th epoch validation confusion matrix: [[20.0, 19.0], [0.0, 0.0]] eval_metric: 0.5128
epoch:  100
100th epoch validation confusion matrix: [[19.45, 18.54], [0.55, 0.46]] eval_metric: 0.5105
epoch:  120
120th epoch validation confusion matrix: [[16.98, 15.94], [3.02, 3.06]] eval_metric: 0.5138
epoch:  140
140th epoch validation confusion matrix: [[6.92, 6.48], [13.08, 12.52]] eval_metric: 0.4985
epoch:  160
160th epoch validation confusion matrix: [[19.3, 18.33], [0.7, 0.67]] eval_metric: 0.5121
epoch:  180
180th epoch validation confusion matrix: [[16.48, 15.26], [3.52, 3.74]] eval_metric: 0.5185
epoch:  200
200th epoch validation confusion matrix: [[5.01, 4.33], [14.99, 14.67]] eval_metric: 0.5046
epoch:  220
220th epoch validation confusion matrix: [[6.33, 5.64], [13.67, 13.36]] eval_metric: 0.5049
epoch:  240
240th epoch validation confusion matrix: [[13.61, 12.63], [6.39, 6.37]] eval_metric: 0.5123
epoch:  260
260th epoch validation confusion matrix: [[6.96, 6.1], [13.04, 12.9]] eval_metric: 0.5092
epoch:  280
280th epoch validation confusion matrix: [[18.7, 17.5], [1.3, 1.5]] eval_metric: 0.5179
epoch:  300
300th epoch validation confusion matrix: [[6.88, 5.51], [13.12, 13.49]] eval_metric: 0.5223
epoch:  320
320th epoch validation confusion matrix: [[14.93, 13.12], [5.07, 5.88]] eval_metric: 0.5336
epoch:  340
340th epoch validation confusion matrix: [[6.51, 5.21], [13.49, 13.79]] eval_metric: 0.5205
epoch:  360
360th epoch validation confusion matrix: [[8.9, 7.78], [11.1, 11.22]] eval_metric: 0.5159
epoch:  380
380th epoch validation confusion matrix: [[15.48, 13.68], [4.52, 5.32]] eval_metric: 0.5333
epoch:  400
400th epoch validation confusion matrix: [[5.9, 4.26], [14.1, 14.74]] eval_metric: 0.5292
epoch:  420
420th epoch validation confusion matrix: [[13.86, 11.77], [6.14, 7.23]] eval_metric: 0.5408
epoch:  440
440th epoch validation confusion matrix: [[17.38, 15.39], [2.62, 3.61]] eval_metric: 0.5382
epoch:  460
460th epoch validation confusion matrix: [[13.61, 11.94], [6.39, 7.06]] eval_metric: 0.5300
epoch:  480
480th epoch validation confusion matrix: [[17.15, 15.3], [2.85, 3.7]] eval_metric: 0.5346
epoch:  500
500th epoch validation confusion matrix: [[15.88, 13.85], [4.12, 5.15]] eval_metric: 0.5392
epoch:  520
520th epoch validation confusion matrix: [[13.15, 11.35], [6.85, 7.65]] eval_metric: 0.5333
epoch:  540
540th epoch validation confusion matrix: [[16.94, 15.2], [3.06, 3.8]] eval_metric: 0.5318
epoch:  560
560th epoch validation confusion matrix: [[14.64, 13.06], [5.36, 5.94]] eval_metric: 0.5277
epoch:  580
580th epoch validation confusion matrix: [[16.21, 14.12], [3.79, 4.88]] eval_metric: 0.5408
epoch:  600
600th epoch validation confusion matrix: [[14.21, 12.12], [5.79, 6.88]] eval_metric: 0.5408
epoch:  620
620th epoch validation confusion matrix: [[5.51, 4.25], [14.49, 14.75]] eval_metric: 0.5195
epoch:  640
640th epoch validation confusion matrix: [[13.6, 11.91], [6.4, 7.09]] eval_metric: 0.5305
epoch:  660
660th epoch validation confusion matrix: [[12.51, 10.89], [7.49, 8.11]] eval_metric: 0.5287
epoch:  680
680th epoch validation confusion matrix: [[11.95, 9.84], [8.05, 9.16]] eval_metric: 0.5413
epoch:  700
700th epoch validation confusion matrix: [[15.48, 13.41], [4.52, 5.59]] eval_metric: 0.5403
epoch:  720
720th epoch validation confusion matrix: [[7.09, 5.64], [12.91, 13.36]] eval_metric: 0.5244
epoch:  740
740th epoch validation confusion matrix: [[14.56, 12.69], [5.44, 6.31]] eval_metric: 0.5351
epoch:  760
760th epoch validation confusion matrix: [[14.86, 12.51], [5.14, 6.49]] eval_metric: 0.5474
epoch:  780
780th epoch validation confusion matrix: [[9.85, 8.31], [10.15, 10.69]] eval_metric: 0.5267
epoch:  800
800th epoch validation confusion matrix: [[10.26, 8.31], [9.74, 10.69]] eval_metric: 0.5372
epoch:  820
820th epoch validation confusion matrix: [[14.23, 11.69], [5.77, 7.31]] eval_metric: 0.5523
epoch:  840
840th epoch validation confusion matrix: [[14.73, 11.8], [5.27, 7.2]] eval_metric: 0.5623
epoch:  860
860th epoch validation confusion matrix: [[9.48, 7.18], [10.52, 11.82]] eval_metric: 0.5462
epoch:  880
880th epoch validation confusion matrix: [[13.98, 11.14], [6.02, 7.86]] eval_metric: 0.5600
epoch:  900
900th epoch validation confusion matrix: [[14.15, 11.29], [5.85, 7.71]] eval_metric: 0.5605
epoch:  920
920th epoch validation confusion matrix: [[15.16, 12.36], [4.84, 6.64]] eval_metric: 0.5590
epoch:  940
940th epoch validation confusion matrix: [[16.76, 14.15], [3.24, 4.85]] eval_metric: 0.5541
epoch:  960
960th epoch validation confusion matrix: [[13.66, 11.06], [6.34, 7.94]] eval_metric: 0.5538
epoch:  980
980th epoch validation confusion matrix: [[16.9, 14.04], [3.1, 4.96]] eval_metric: 0.5605
epoch:  1000
1000th epoch validation confusion matrix: [[5.95, 3.9], [14.05, 15.1]] eval_metric: 0.5397
epoch:  1020
1020th epoch validation confusion matrix: [[9.4, 7.23], [10.6, 11.77]] eval_metric: 0.5428
epoch:  1040
1040th epoch validation confusion matrix: [[6.21, 4.37], [13.79, 14.63]] eval_metric: 0.5344
epoch:  1060
1060th epoch validation confusion matrix: [[16.77, 13.98], [3.23, 5.02]] eval_metric: 0.5587
epoch:  1080
1080th epoch validation confusion matrix: [[17.14, 14.24], [2.86, 4.76]] eval_metric: 0.5615
epoch:  1100
1100th epoch validation confusion matrix: [[14.3, 11.3], [5.7, 7.7]] eval_metric: 0.5641
epoch:  1120
1120th epoch validation confusion matrix: [[15.15, 12.19], [4.85, 6.81]] eval_metric: 0.5631
epoch:  1140
1140th epoch validation confusion matrix: [[12.71, 10.42], [7.29, 8.58]] eval_metric: 0.5459
epoch:  1160
1160th epoch validation confusion matrix: [[15.35, 12.85], [4.65, 6.15]] eval_metric: 0.5513
epoch:  1180
1180th epoch validation confusion matrix: [[15.36, 12.52], [4.64, 6.48]] eval_metric: 0.5600
epoch:  1200
1200th epoch validation confusion matrix: [[15.07, 12.25], [4.93, 6.75]] eval_metric: 0.5595
epoch:  1220
1220th epoch validation confusion matrix: [[15.09, 11.98], [4.91, 7.02]] eval_metric: 0.5669
epoch:  1240
1240th epoch validation confusion matrix: [[15.46, 12.5], [4.54, 6.5]] eval_metric: 0.5631
epoch:  1260
1260th epoch validation confusion matrix: [[14.01, 10.89], [5.99, 8.11]] eval_metric: 0.5672
epoch:  1280
1280th epoch validation confusion matrix: [[8.03, 5.56], [11.97, 13.44]] eval_metric: 0.5505
epoch:  1300
1300th epoch validation confusion matrix: [[13.01, 10.52], [6.99, 8.48]] eval_metric: 0.5510
epoch:  1320
1320th epoch validation confusion matrix: [[14.26, 11.19], [5.74, 7.81]] eval_metric: 0.5659
epoch:  1340
1340th epoch validation confusion matrix: [[7.61, 5.21], [12.39, 13.79]] eval_metric: 0.5487
epoch:  1360
1360th epoch validation confusion matrix: [[14.73, 11.64], [5.27, 7.36]] eval_metric: 0.5664
epoch:  1380
1380th epoch validation confusion matrix: [[14.63, 11.6], [5.37, 7.4]] eval_metric: 0.5649
epoch:  1400
1400th epoch validation confusion matrix: [[13.93, 10.68], [6.07, 8.32]] eval_metric: 0.5705
epoch:  1420
1420th epoch validation confusion matrix: [[14.54, 11.27], [5.46, 7.73]] eval_metric: 0.5710
epoch:  1440
1440th epoch validation confusion matrix: [[16.15, 12.87], [3.85, 6.13]] eval_metric: 0.5713
epoch:  1460
1460th epoch validation confusion matrix: [[15.13, 11.74], [4.87, 7.26]] eval_metric: 0.5741
epoch:  1480
1480th epoch validation confusion matrix: [[13.41, 11.05], [6.59, 7.95]] eval_metric: 0.5477
epoch:  1500
1500th epoch validation confusion matrix: [[16.87, 13.66], [3.13, 5.34]] eval_metric: 0.5695
epoch:  1520
1520th epoch validation confusion matrix: [[16.71, 13.2], [3.29, 5.8]] eval_metric: 0.5772
epoch:  1540
1540th epoch validation confusion matrix: [[16.85, 13.7], [3.15, 5.3]] eval_metric: 0.5679
epoch:  1560
1560th epoch validation confusion matrix: [[8.98, 6.09], [11.02, 12.91]] eval_metric: 0.5613
epoch:  1580
1580th epoch validation confusion matrix: [[15.99, 12.33], [4.01, 6.67]] eval_metric: 0.5810
epoch:  1600
1600th epoch validation confusion matrix: [[16.12, 12.76], [3.88, 6.24]] eval_metric: 0.5733
epoch:  1620
1620th epoch validation confusion matrix: [[15.06, 11.67], [4.94, 7.33]] eval_metric: 0.5741
epoch:  1640
1640th epoch validation confusion matrix: [[14.78, 11.58], [5.22, 7.42]] eval_metric: 0.5692
epoch:  1660
1660th epoch validation confusion matrix: [[9.1, 6.14], [10.9, 12.86]] eval_metric: 0.5631
epoch:  1680
1680th epoch validation confusion matrix: [[14.14, 10.87], [5.86, 8.13]] eval_metric: 0.5710
epoch:  1700
1700th epoch validation confusion matrix: [[13.28, 10.25], [6.72, 8.75]] eval_metric: 0.5649
epoch:  1720
1720th epoch validation confusion matrix: [[9.05, 6.22], [10.95, 12.78]] eval_metric: 0.5597
epoch:  1740
1740th epoch validation confusion matrix: [[4.51, 3.0], [15.49, 16.0]] eval_metric: 0.5259
epoch:  1760
1760th epoch validation confusion matrix: [[13.74, 10.19], [6.26, 8.81]] eval_metric: 0.5782
epoch:  1780
1780th epoch validation confusion matrix: [[12.83, 10.2], [7.17, 8.8]] eval_metric: 0.5546
epoch:  1800
1800th epoch validation confusion matrix: [[17.07, 13.64], [2.93, 5.36]] eval_metric: 0.5751
epoch:  1820
1820th epoch validation confusion matrix: [[13.04, 10.07], [6.96, 8.93]] eval_metric: 0.5633
epoch:  1840
1840th epoch validation confusion matrix: [[13.0, 9.89], [7.0, 9.11]] eval_metric: 0.5669
epoch:  1860
1860th epoch validation confusion matrix: [[12.01, 8.59], [7.99, 10.41]] eval_metric: 0.5749
epoch:  1880
1880th epoch validation confusion matrix: [[14.75, 11.61], [5.25, 7.39]] eval_metric: 0.5677
epoch:  1900
1900th epoch validation confusion matrix: [[13.66, 9.95], [6.34, 9.05]] eval_metric: 0.5823
epoch:  1920
1920th epoch validation confusion matrix: [[13.07, 9.83], [6.93, 9.17]] eval_metric: 0.5703
epoch:  1940
1940th epoch validation confusion matrix: [[16.83, 13.23], [3.17, 5.77]] eval_metric: 0.5795
epoch:  1960
1960th epoch validation confusion matrix: [[15.93, 12.19], [4.07, 6.81]] eval_metric: 0.5831
epoch:  1980
1980th epoch validation confusion matrix: [[14.72, 11.6], [5.28, 7.4]] eval_metric: 0.5672
epoch:  2000
2000th epoch validation confusion matrix: [[9.05, 6.18], [10.95, 12.82]] eval_metric: 0.5608
epoch:  2020
2020th epoch validation confusion matrix: [[14.15, 10.6], [5.85, 8.4]] eval_metric: 0.5782
epoch:  2040
2040th epoch validation confusion matrix: [[12.32, 8.8], [7.68, 10.2]] eval_metric: 0.5774
epoch:  2060
2060th epoch validation confusion matrix: [[13.74, 10.05], [6.26, 8.95]] eval_metric: 0.5818
epoch:  2080
2080th epoch validation confusion matrix: [[15.83, 12.0], [4.17, 7.0]] eval_metric: 0.5854
epoch:  2100
2100th epoch validation confusion matrix: [[9.95, 6.77], [10.05, 12.23]] eval_metric: 0.5687
epoch:  2120
2120th epoch validation confusion matrix: [[8.48, 5.15], [11.52, 13.85]] eval_metric: 0.5726
epoch:  2140
2140th epoch validation confusion matrix: [[13.28, 9.65], [6.72, 9.35]] eval_metric: 0.5803
epoch:  2160
2160th epoch validation confusion matrix: [[9.19, 6.13], [10.81, 12.87]] eval_metric: 0.5656
epoch:  2180
2180th epoch validation confusion matrix: [[14.4, 10.58], [5.6, 8.42]] eval_metric: 0.5851
epoch:  2200
2200th epoch validation confusion matrix: [[8.18, 4.93], [11.82, 14.07]] eval_metric: 0.5705
epoch:  2220
2220th epoch validation confusion matrix: [[12.08, 8.98], [7.92, 10.02]] eval_metric: 0.5667
epoch:  2240
2240th epoch validation confusion matrix: [[10.84, 7.61], [9.16, 11.39]] eval_metric: 0.5700
epoch:  2260
2260th epoch validation confusion matrix: [[15.44, 11.66], [4.56, 7.34]] eval_metric: 0.5841
epoch:  2280
2280th epoch validation confusion matrix: [[10.41, 7.54], [9.59, 11.46]] eval_metric: 0.5608
epoch:  2300
2300th epoch validation confusion matrix: [[8.34, 5.14], [11.66, 13.86]] eval_metric: 0.5692
epoch:  2320
2320th epoch validation confusion matrix: [[14.12, 10.7], [5.88, 8.3]] eval_metric: 0.5749
epoch:  2340
2340th epoch validation confusion matrix: [[8.7, 5.33], [11.3, 13.67]] eval_metric: 0.5736
epoch:  2360
2360th epoch validation confusion matrix: [[9.56, 5.98], [10.44, 13.02]] eval_metric: 0.5790
epoch:  2380
2380th epoch validation confusion matrix: [[6.31, 3.4], [13.69, 15.6]] eval_metric: 0.5618
epoch:  2400
2400th epoch validation confusion matrix: [[13.24, 9.09], [6.76, 9.91]] eval_metric: 0.5936
epoch:  2420
2420th epoch validation confusion matrix: [[14.83, 11.16], [5.17, 7.84]] eval_metric: 0.5813
epoch:  2440
2440th epoch validation confusion matrix: [[15.73, 11.79], [4.27, 7.21]] eval_metric: 0.5882
epoch:  2460
2460th epoch validation confusion matrix: [[14.5, 10.5], [5.5, 8.5]] eval_metric: 0.5897
epoch:  2480
2480th epoch validation confusion matrix: [[16.18, 12.57], [3.82, 6.43]] eval_metric: 0.5797
epoch:  2500
2500th epoch validation confusion matrix: [[7.53, 4.52], [12.47, 14.48]] eval_metric: 0.5644
epoch:  2520
2520th epoch validation confusion matrix: [[10.61, 6.97], [9.39, 12.03]] eval_metric: 0.5805
epoch:  2540
2540th epoch validation confusion matrix: [[9.85, 6.5], [10.15, 12.5]] eval_metric: 0.5731
epoch:  2560
2560th epoch validation confusion matrix: [[14.47, 10.77], [5.53, 8.23]] eval_metric: 0.5821
epoch:  2580
2580th epoch validation confusion matrix: [[15.64, 11.68], [4.36, 7.32]] eval_metric: 0.5887
epoch:  2600
2600th epoch validation confusion matrix: [[9.72, 6.89], [10.28, 12.11]] eval_metric: 0.5597
epoch:  2620
2620th epoch validation confusion matrix: [[15.32, 11.5], [4.68, 7.5]] eval_metric: 0.5851
epoch:  2640
2640th epoch validation confusion matrix: [[17.0, 13.38], [3.0, 5.62]] eval_metric: 0.5800
epoch:  2660
2660th epoch validation confusion matrix: [[14.31, 10.27], [5.69, 8.73]] eval_metric: 0.5908
epoch:  2680
2680th epoch validation confusion matrix: [[9.99, 6.74], [10.01, 12.26]] eval_metric: 0.5705
epoch:  2700
2700th epoch validation confusion matrix: [[13.15, 9.53], [6.85, 9.47]] eval_metric: 0.5800
epoch:  2720
2720th epoch validation confusion matrix: [[9.79, 6.25], [10.21, 12.75]] eval_metric: 0.5779
epoch:  2740
2740th epoch validation confusion matrix: [[10.25, 6.64], [9.75, 12.36]] eval_metric: 0.5797
epoch:  2760
2760th epoch validation confusion matrix: [[16.58, 12.56], [3.42, 6.44]] eval_metric: 0.5903
epoch:  2780
2780th epoch validation confusion matrix: [[9.05, 5.36], [10.95, 13.64]] eval_metric: 0.5818
epoch:  2800
2800th epoch validation confusion matrix: [[10.62, 7.06], [9.38, 11.94]] eval_metric: 0.5785
epoch:  2820
2820th epoch validation confusion matrix: [[13.89, 9.76], [6.11, 9.24]] eval_metric: 0.5931
epoch:  2840
2840th epoch validation confusion matrix: [[15.19, 10.88], [4.81, 8.12]] eval_metric: 0.5977
epoch:  2860
2860th epoch validation confusion matrix: [[8.12, 4.48], [11.88, 14.52]] eval_metric: 0.5805
epoch:  2880
2880th epoch validation confusion matrix: [[8.74, 5.4], [11.26, 13.6]] eval_metric: 0.5728
epoch:  2900
2900th epoch validation confusion matrix: [[9.65, 6.18], [10.35, 12.82]] eval_metric: 0.5762
epoch:  2920
2920th epoch validation confusion matrix: [[13.95, 10.42], [6.05, 8.58]] eval_metric: 0.5777
epoch:  2940
2940th epoch validation confusion matrix: [[14.29, 10.67], [5.71, 8.33]] eval_metric: 0.5800
epoch:  2960
2960th epoch validation confusion matrix: [[16.21, 12.24], [3.79, 6.76]] eval_metric: 0.5890
epoch:  2980
2980th epoch validation confusion matrix: [[8.14, 4.66], [11.86, 14.34]] eval_metric: 0.5764
Best model saved at the 2840th epoch: 0.5976923076923076 [[15.19, 10.88], [4.81, 8.12]]
testing and generating DPMs ... 
train confusion matrix  [[57.48, 46.57], [18.52, 37.43]]  accuracy  0.5931875
valid confusion matrix  [[15.19, 10.88], [4.81, 8.12]]  accuracy  0.5976923076923076
test confusion matrix  [[5.3, 7.08], [1.7, 5.92]]  accuracy  0.5609999999999999
DPM generation is done
epoch:  0
0th epoch validation confusion matrix: [[18.0, 21.0], [0.0, 0.0]] eval_metric: 0.4615
epoch:  20
20th epoch validation confusion matrix: [[7.85, 8.94], [10.15, 12.06]] eval_metric: 0.5105
epoch:  40
40th epoch validation confusion matrix: [[17.86, 20.84], [0.14, 0.16]] eval_metric: 0.4621
epoch:  60
60th epoch validation confusion matrix: [[18.0, 21.0], [0.0, 0.0]] eval_metric: 0.4615
epoch:  80
80th epoch validation confusion matrix: [[17.42, 20.34], [0.58, 0.66]] eval_metric: 0.4636
epoch:  100
100th epoch validation confusion matrix: [[16.3, 19.2], [1.7, 1.8]] eval_metric: 0.4641
epoch:  120
120th epoch validation confusion matrix: [[9.76, 11.05], [8.24, 9.95]] eval_metric: 0.5054
epoch:  140
140th epoch validation confusion matrix: [[16.57, 19.47], [1.43, 1.53]] eval_metric: 0.4641
epoch:  160
160th epoch validation confusion matrix: [[10.33, 11.73], [7.67, 9.27]] eval_metric: 0.5026
epoch:  180
180th epoch validation confusion matrix: [[17.39, 20.35], [0.61, 0.65]] eval_metric: 0.4626
epoch:  200
200th epoch validation confusion matrix: [[10.19, 11.42], [7.81, 9.58]] eval_metric: 0.5069
epoch:  220
220th epoch validation confusion matrix: [[16.27, 18.81], [1.73, 2.19]] eval_metric: 0.4733
epoch:  240
240th epoch validation confusion matrix: [[17.03, 20.02], [0.97, 0.98]] eval_metric: 0.4618
epoch:  260
260th epoch validation confusion matrix: [[12.83, 14.11], [5.17, 6.89]] eval_metric: 0.5056
epoch:  280
280th epoch validation confusion matrix: [[9.28, 9.87], [8.72, 11.13]] eval_metric: 0.5233
epoch:  300
300th epoch validation confusion matrix: [[12.43, 14.36], [5.57, 6.64]] eval_metric: 0.4890
epoch:  320
320th epoch validation confusion matrix: [[11.77, 12.73], [6.23, 8.27]] eval_metric: 0.5138
epoch:  340
340th epoch validation confusion matrix: [[9.77, 10.68], [8.23, 10.32]] eval_metric: 0.5151
epoch:  360
360th epoch validation confusion matrix: [[5.32, 5.98], [12.68, 15.02]] eval_metric: 0.5215
epoch:  380
380th epoch validation confusion matrix: [[16.29, 18.82], [1.71, 2.18]] eval_metric: 0.4736
epoch:  400
400th epoch validation confusion matrix: [[10.47, 11.31], [7.53, 9.69]] eval_metric: 0.5169
epoch:  420
420th epoch validation confusion matrix: [[5.52, 5.54], [12.48, 15.46]] eval_metric: 0.5379
epoch:  440
440th epoch validation confusion matrix: [[9.57, 10.28], [8.43, 10.72]] eval_metric: 0.5203
epoch:  460
460th epoch validation confusion matrix: [[5.13, 5.72], [12.87, 15.28]] eval_metric: 0.5233
epoch:  480
480th epoch validation confusion matrix: [[12.96, 14.55], [5.04, 6.45]] eval_metric: 0.4977
epoch:  500
500th epoch validation confusion matrix: [[13.78, 15.92], [4.22, 5.08]] eval_metric: 0.4836
epoch:  520
520th epoch validation confusion matrix: [[8.85, 9.49], [9.15, 11.51]] eval_metric: 0.5221
epoch:  540
540th epoch validation confusion matrix: [[6.33, 7.13], [11.67, 13.87]] eval_metric: 0.5179
epoch:  560
560th epoch validation confusion matrix: [[11.87, 13.07], [6.13, 7.93]] eval_metric: 0.5077
epoch:  580
580th epoch validation confusion matrix: [[13.47, 15.1], [4.53, 5.9]] eval_metric: 0.4967
epoch:  600
600th epoch validation confusion matrix: [[12.41, 13.64], [5.59, 7.36]] eval_metric: 0.5069
epoch:  620
620th epoch validation confusion matrix: [[14.97, 16.53], [3.03, 4.47]] eval_metric: 0.4985
epoch:  640
640th epoch validation confusion matrix: [[11.17, 12.54], [6.83, 8.46]] eval_metric: 0.5033
epoch:  660
660th epoch validation confusion matrix: [[15.49, 17.28], [2.51, 3.72]] eval_metric: 0.4926
epoch:  680
680th epoch validation confusion matrix: [[9.95, 10.41], [8.05, 10.59]] eval_metric: 0.5267
epoch:  700
700th epoch validation confusion matrix: [[13.3, 14.44], [4.7, 6.56]] eval_metric: 0.5092
epoch:  720
720th epoch validation confusion matrix: [[14.14, 15.36], [3.86, 5.64]] eval_metric: 0.5072
epoch:  740
740th epoch validation confusion matrix: [[13.9, 15.63], [4.1, 5.37]] eval_metric: 0.4941
epoch:  760
760th epoch validation confusion matrix: [[11.97, 12.76], [6.03, 8.24]] eval_metric: 0.5182
epoch:  780
780th epoch validation confusion matrix: [[9.66, 10.05], [8.34, 10.95]] eval_metric: 0.5285
epoch:  800
800th epoch validation confusion matrix: [[11.0, 11.79], [7.0, 9.21]] eval_metric: 0.5182
epoch:  820
820th epoch validation confusion matrix: [[13.28, 14.73], [4.72, 6.27]] eval_metric: 0.5013
epoch:  840
840th epoch validation confusion matrix: [[12.6, 13.75], [5.4, 7.25]] eval_metric: 0.5090
epoch:  860
860th epoch validation confusion matrix: [[10.17, 10.52], [7.83, 10.48]] eval_metric: 0.5295
epoch:  880
880th epoch validation confusion matrix: [[13.44, 14.9], [4.56, 6.1]] eval_metric: 0.5010
epoch:  900
900th epoch validation confusion matrix: [[14.66, 16.24], [3.34, 4.76]] eval_metric: 0.4979
epoch:  920
920th epoch validation confusion matrix: [[13.18, 13.9], [4.82, 7.1]] eval_metric: 0.5200
epoch:  940
940th epoch validation confusion matrix: [[15.11, 16.05], [2.89, 4.95]] eval_metric: 0.5144
epoch:  960
960th epoch validation confusion matrix: [[13.14, 13.63], [4.86, 7.37]] eval_metric: 0.5259
epoch:  980
980th epoch validation confusion matrix: [[13.63, 14.55], [4.37, 6.45]] eval_metric: 0.5149
epoch:  1000
1000th epoch validation confusion matrix: [[12.52, 13.38], [5.48, 7.62]] eval_metric: 0.5164
epoch:  1020
1020th epoch validation confusion matrix: [[13.65, 14.83], [4.35, 6.17]] eval_metric: 0.5082
epoch:  1040
1040th epoch validation confusion matrix: [[13.98, 15.16], [4.02, 5.84]] eval_metric: 0.5082
epoch:  1060
1060th epoch validation confusion matrix: [[11.18, 11.36], [6.82, 9.64]] eval_metric: 0.5338
epoch:  1080
1080th epoch validation confusion matrix: [[12.23, 12.88], [5.77, 8.12]] eval_metric: 0.5218
epoch:  1100
1100th epoch validation confusion matrix: [[12.18, 12.79], [5.82, 8.21]] eval_metric: 0.5228
epoch:  1120
1120th epoch validation confusion matrix: [[14.08, 15.44], [3.92, 5.56]] eval_metric: 0.5036
epoch:  1140
1140th epoch validation confusion matrix: [[6.57, 6.36], [11.43, 14.64]] eval_metric: 0.5438
epoch:  1160
1160th epoch validation confusion matrix: [[6.38, 6.45], [11.62, 14.55]] eval_metric: 0.5367
epoch:  1180
1180th epoch validation confusion matrix: [[6.34, 5.94], [11.66, 15.06]] eval_metric: 0.5487
epoch:  1200
1200th epoch validation confusion matrix: [[13.06, 13.62], [4.94, 7.38]] eval_metric: 0.5241
epoch:  1220
1220th epoch validation confusion matrix: [[14.8, 15.89], [3.2, 5.11]] eval_metric: 0.5105
epoch:  1240
1240th epoch validation confusion matrix: [[12.39, 12.83], [5.61, 8.17]] eval_metric: 0.5272
epoch:  1260
1260th epoch validation confusion matrix: [[13.12, 13.74], [4.88, 7.26]] eval_metric: 0.5226
epoch:  1280
1280th epoch validation confusion matrix: [[13.43, 14.09], [4.57, 6.91]] eval_metric: 0.5215
epoch:  1300
1300th epoch validation confusion matrix: [[8.05, 7.42], [9.95, 13.58]] eval_metric: 0.5546
epoch:  1320
1320th epoch validation confusion matrix: [[12.04, 12.39], [5.96, 8.61]] eval_metric: 0.5295
epoch:  1340
1340th epoch validation confusion matrix: [[13.44, 14.14], [4.56, 6.86]] eval_metric: 0.5205
epoch:  1360
1360th epoch validation confusion matrix: [[14.71, 16.14], [3.29, 4.86]] eval_metric: 0.5018
epoch:  1380
1380th epoch validation confusion matrix: [[14.61, 15.92], [3.39, 5.08]] eval_metric: 0.5049
epoch:  1400
1400th epoch validation confusion matrix: [[13.62, 13.68], [4.38, 7.32]] eval_metric: 0.5369
epoch:  1420
1420th epoch validation confusion matrix: [[15.62, 16.91], [2.38, 4.09]] eval_metric: 0.5054
epoch:  1440
1440th epoch validation confusion matrix: [[13.77, 14.35], [4.23, 6.65]] eval_metric: 0.5236
epoch:  1460
1460th epoch validation confusion matrix: [[13.55, 14.25], [4.45, 6.75]] eval_metric: 0.5205
epoch:  1480
1480th epoch validation confusion matrix: [[10.64, 9.94], [7.36, 11.06]] eval_metric: 0.5564
epoch:  1500
1500th epoch validation confusion matrix: [[13.33, 13.54], [4.67, 7.46]] eval_metric: 0.5331
epoch:  1520
1520th epoch validation confusion matrix: [[12.71, 12.69], [5.29, 8.31]] eval_metric: 0.5390
epoch:  1540
1540th epoch validation confusion matrix: [[13.65, 13.98], [4.35, 7.02]] eval_metric: 0.5300
epoch:  1560
1560th epoch validation confusion matrix: [[14.22, 14.87], [3.78, 6.13]] eval_metric: 0.5218
epoch:  1580
1580th epoch validation confusion matrix: [[12.91, 13.17], [5.09, 7.83]] eval_metric: 0.5318
epoch:  1600
1600th epoch validation confusion matrix: [[7.62, 6.68], [10.38, 14.32]] eval_metric: 0.5626
epoch:  1620
1620th epoch validation confusion matrix: [[5.37, 4.4], [12.63, 16.6]] eval_metric: 0.5633
epoch:  1640
1640th epoch validation confusion matrix: [[13.06, 12.77], [4.94, 8.23]] eval_metric: 0.5459
epoch:  1660
1660th epoch validation confusion matrix: [[14.4, 14.93], [3.6, 6.07]] eval_metric: 0.5249
epoch:  1680
1680th epoch validation confusion matrix: [[13.33, 13.27], [4.67, 7.73]] eval_metric: 0.5400
epoch:  1700
1700th epoch validation confusion matrix: [[13.31, 13.5], [4.69, 7.5]] eval_metric: 0.5336
epoch:  1720
1720th epoch validation confusion matrix: [[13.9, 14.38], [4.1, 6.62]] eval_metric: 0.5262
epoch:  1740
1740th epoch validation confusion matrix: [[9.11, 8.23], [8.89, 12.77]] eval_metric: 0.5610
epoch:  1760
1760th epoch validation confusion matrix: [[14.14, 14.43], [3.86, 6.57]] eval_metric: 0.5310
epoch:  1780
1780th epoch validation confusion matrix: [[14.7, 15.25], [3.3, 5.75]] eval_metric: 0.5244
epoch:  1800
1800th epoch validation confusion matrix: [[9.97, 9.94], [8.03, 11.06]] eval_metric: 0.5392
epoch:  1820
1820th epoch validation confusion matrix: [[8.82, 8.47], [9.18, 12.53]] eval_metric: 0.5474
epoch:  1840
1840th epoch validation confusion matrix: [[13.55, 13.85], [4.45, 7.15]] eval_metric: 0.5308
epoch:  1860
1860th epoch validation confusion matrix: [[11.11, 10.22], [6.89, 10.78]] eval_metric: 0.5613
epoch:  1880
1880th epoch validation confusion matrix: [[12.75, 12.57], [5.25, 8.43]] eval_metric: 0.5431
epoch:  1900
1900th epoch validation confusion matrix: [[9.28, 8.82], [8.72, 12.18]] eval_metric: 0.5503
epoch:  1920
1920th epoch validation confusion matrix: [[14.41, 14.86], [3.59, 6.14]] eval_metric: 0.5269
epoch:  1940
1940th epoch validation confusion matrix: [[11.64, 10.87], [6.36, 10.13]] eval_metric: 0.5582
epoch:  1960
1960th epoch validation confusion matrix: [[11.62, 11.15], [6.38, 9.85]] eval_metric: 0.5505
epoch:  1980
1980th epoch validation confusion matrix: [[8.57, 8.29], [9.43, 12.71]] eval_metric: 0.5456
epoch:  2000
2000th epoch validation confusion matrix: [[15.47, 16.42], [2.53, 4.58]] eval_metric: 0.5141
epoch:  2020
2020th epoch validation confusion matrix: [[12.38, 12.47], [5.62, 8.53]] eval_metric: 0.5362
epoch:  2040
2040th epoch validation confusion matrix: [[14.29, 14.59], [3.71, 6.41]] eval_metric: 0.5308
epoch:  2060
2060th epoch validation confusion matrix: [[14.24, 14.59], [3.76, 6.41]] eval_metric: 0.5295
epoch:  2080
2080th epoch validation confusion matrix: [[14.18, 14.14], [3.82, 6.86]] eval_metric: 0.5395
epoch:  2100
2100th epoch validation confusion matrix: [[11.95, 11.17], [6.05, 9.83]] eval_metric: 0.5585
epoch:  2120
2120th epoch validation confusion matrix: [[14.24, 14.61], [3.76, 6.39]] eval_metric: 0.5290
epoch:  2140
2140th epoch validation confusion matrix: [[12.21, 11.66], [5.79, 9.34]] eval_metric: 0.5526
epoch:  2160
2160th epoch validation confusion matrix: [[14.54, 15.48], [3.46, 5.52]] eval_metric: 0.5144
epoch:  2180
2180th epoch validation confusion matrix: [[12.5, 12.26], [5.5, 8.74]] eval_metric: 0.5446
epoch:  2200
2200th epoch validation confusion matrix: [[12.89, 12.69], [5.11, 8.31]] eval_metric: 0.5436
epoch:  2220
2220th epoch validation confusion matrix: [[13.25, 13.04], [4.75, 7.96]] eval_metric: 0.5438
epoch:  2240
2240th epoch validation confusion matrix: [[12.23, 11.36], [5.77, 9.64]] eval_metric: 0.5608
epoch:  2260
2260th epoch validation confusion matrix: [[14.04, 14.38], [3.96, 6.62]] eval_metric: 0.5297
epoch:  2280
2280th epoch validation confusion matrix: [[10.55, 9.19], [7.45, 11.81]] eval_metric: 0.5733
epoch:  2300
2300th epoch validation confusion matrix: [[13.71, 13.96], [4.29, 7.04]] eval_metric: 0.5321
epoch:  2320
2320th epoch validation confusion matrix: [[12.47, 12.27], [5.53, 8.73]] eval_metric: 0.5436
epoch:  2340
2340th epoch validation confusion matrix: [[13.83, 13.76], [4.17, 7.24]] eval_metric: 0.5403
epoch:  2360
2360th epoch validation confusion matrix: [[8.89, 7.77], [9.11, 13.23]] eval_metric: 0.5672
epoch:  2380
2380th epoch validation confusion matrix: [[14.14, 14.18], [3.86, 6.82]] eval_metric: 0.5374
epoch:  2400
2400th epoch validation confusion matrix: [[14.52, 14.98], [3.48, 6.02]] eval_metric: 0.5267
epoch:  2420
2420th epoch validation confusion matrix: [[14.17, 14.4], [3.83, 6.6]] eval_metric: 0.5326
epoch:  2440
2440th epoch validation confusion matrix: [[13.06, 12.58], [4.94, 8.42]] eval_metric: 0.5508
epoch:  2460
2460th epoch validation confusion matrix: [[12.3, 11.3], [5.7, 9.7]] eval_metric: 0.5641
epoch:  2480
2480th epoch validation confusion matrix: [[13.22, 12.72], [4.78, 8.28]] eval_metric: 0.5513
epoch:  2500
2500th epoch validation confusion matrix: [[13.59, 13.62], [4.41, 7.38]] eval_metric: 0.5377
epoch:  2520
2520th epoch validation confusion matrix: [[14.06, 14.19], [3.94, 6.81]] eval_metric: 0.5351
epoch:  2540
2540th epoch validation confusion matrix: [[12.93, 12.23], [5.07, 8.77]] eval_metric: 0.5564
epoch:  2560
2560th epoch validation confusion matrix: [[15.0, 15.32], [3.0, 5.68]] eval_metric: 0.5303
epoch:  2580
2580th epoch validation confusion matrix: [[11.73, 10.93], [6.27, 10.07]] eval_metric: 0.5590
epoch:  2600
2600th epoch validation confusion matrix: [[14.15, 14.8], [3.85, 6.2]] eval_metric: 0.5218
epoch:  2620
2620th epoch validation confusion matrix: [[15.15, 15.9], [2.85, 5.1]] eval_metric: 0.5192
epoch:  2640
2640th epoch validation confusion matrix: [[13.14, 13.12], [4.86, 7.88]] eval_metric: 0.5390
epoch:  2660
2660th epoch validation confusion matrix: [[13.9, 13.98], [4.1, 7.02]] eval_metric: 0.5364
epoch:  2680
2680th epoch validation confusion matrix: [[12.34, 11.72], [5.66, 9.28]] eval_metric: 0.5544
epoch:  2700
2700th epoch validation confusion matrix: [[12.97, 12.81], [5.03, 8.19]] eval_metric: 0.5426
epoch:  2720
2720th epoch validation confusion matrix: [[12.71, 12.33], [5.29, 8.67]] eval_metric: 0.5482
epoch:  2740
2740th epoch validation confusion matrix: [[12.91, 12.43], [5.09, 8.57]] eval_metric: 0.5508
epoch:  2760
2760th epoch validation confusion matrix: [[11.82, 10.87], [6.18, 10.13]] eval_metric: 0.5628
epoch:  2780
2780th epoch validation confusion matrix: [[11.91, 11.13], [6.09, 9.87]] eval_metric: 0.5585
epoch:  2800
2800th epoch validation confusion matrix: [[12.01, 11.05], [5.99, 9.95]] eval_metric: 0.5631
epoch:  2820
2820th epoch validation confusion matrix: [[13.41, 13.63], [4.59, 7.37]] eval_metric: 0.5328
epoch:  2840
2840th epoch validation confusion matrix: [[15.48, 16.19], [2.52, 4.81]] eval_metric: 0.5203
epoch:  2860
2860th epoch validation confusion matrix: [[11.95, 10.83], [6.05, 10.17]] eval_metric: 0.5672
epoch:  2880
2880th epoch validation confusion matrix: [[6.56, 4.63], [11.44, 16.37]] eval_metric: 0.5879
epoch:  2900
2900th epoch validation confusion matrix: [[12.61, 11.66], [5.39, 9.34]] eval_metric: 0.5628
epoch:  2920
2920th epoch validation confusion matrix: [[13.6, 13.85], [4.4, 7.15]] eval_metric: 0.5321
epoch:  2940
2940th epoch validation confusion matrix: [[13.96, 13.7], [4.04, 7.3]] eval_metric: 0.5451
epoch:  2960
2960th epoch validation confusion matrix: [[12.27, 11.01], [5.73, 9.99]] eval_metric: 0.5708
epoch:  2980
2980th epoch validation confusion matrix: [[13.46, 13.29], [4.54, 7.71]] eval_metric: 0.5428
Best model saved at the 2880th epoch: 0.587948717948718 [[6.56, 4.63], [11.44, 16.37]]
testing and generating DPMs ... 
train confusion matrix  [[31.51, 16.4], [46.49, 65.6]]  accuracy  0.6069375
valid confusion matrix  [[6.56, 4.63], [11.44, 16.37]]  accuracy  0.587948717948718
test confusion matrix  [[2.7, 2.72], [4.3, 10.28]]  accuracy  0.649
DPM generation is done
epoch:  0
0th epoch validation confusion matrix: [[17.0, 22.0], [0.0, 0.0]] eval_metric: 0.4359
epoch:  20
20th epoch validation confusion matrix: [[16.26, 21.0], [0.74, 1.0]] eval_metric: 0.4426
epoch:  40
40th epoch validation confusion matrix: [[16.97, 21.97], [0.03, 0.03]] eval_metric: 0.4359
epoch:  60
60th epoch validation confusion matrix: [[17.0, 22.0], [0.0, 0.0]] eval_metric: 0.4359
epoch:  80
80th epoch validation confusion matrix: [[15.72, 20.35], [1.28, 1.65]] eval_metric: 0.4454
epoch:  100
100th epoch validation confusion matrix: [[16.79, 21.69], [0.21, 0.31]] eval_metric: 0.4385
epoch:  120
120th epoch validation confusion matrix: [[15.78, 20.34], [1.22, 1.66]] eval_metric: 0.4472
epoch:  140
140th epoch validation confusion matrix: [[16.87, 21.81], [0.13, 0.19]] eval_metric: 0.4374
epoch:  160
160th epoch validation confusion matrix: [[15.04, 19.27], [1.96, 2.73]] eval_metric: 0.4556
epoch:  180
180th epoch validation confusion matrix: [[15.68, 19.81], [1.32, 2.19]] eval_metric: 0.4582
epoch:  200
200th epoch validation confusion matrix: [[13.61, 16.47], [3.39, 5.53]] eval_metric: 0.4908
epoch:  220
220th epoch validation confusion matrix: [[9.87, 12.36], [7.13, 9.64]] eval_metric: 0.5003
epoch:  240
240th epoch validation confusion matrix: [[15.55, 19.9], [1.45, 2.1]] eval_metric: 0.4526
epoch:  260
260th epoch validation confusion matrix: [[10.14, 13.15], [6.86, 8.85]] eval_metric: 0.4869
epoch:  280
280th epoch validation confusion matrix: [[12.13, 14.56], [4.87, 7.44]] eval_metric: 0.5018
epoch:  300
300th epoch validation confusion matrix: [[15.75, 20.64], [1.25, 1.36]] eval_metric: 0.4387
epoch:  320
320th epoch validation confusion matrix: [[14.01, 18.27], [2.99, 3.73]] eval_metric: 0.4549
epoch:  340
340th epoch validation confusion matrix: [[8.98, 12.01], [8.02, 9.99]] eval_metric: 0.4864
epoch:  360
360th epoch validation confusion matrix: [[13.04, 16.67], [3.96, 5.33]] eval_metric: 0.4710
epoch:  380
380th epoch validation confusion matrix: [[11.39, 13.55], [5.61, 8.45]] eval_metric: 0.5087
epoch:  400
400th epoch validation confusion matrix: [[14.7, 18.9], [2.3, 3.1]] eval_metric: 0.4564
epoch:  420
420th epoch validation confusion matrix: [[11.32, 14.07], [5.68, 7.93]] eval_metric: 0.4936
epoch:  440
440th epoch validation confusion matrix: [[11.9, 14.51], [5.1, 7.49]] eval_metric: 0.4972
epoch:  460
460th epoch validation confusion matrix: [[4.22, 4.99], [12.78, 17.01]] eval_metric: 0.5444
epoch:  480
480th epoch validation confusion matrix: [[11.05, 13.47], [5.95, 8.53]] eval_metric: 0.5021
epoch:  500
500th epoch validation confusion matrix: [[10.61, 12.98], [6.39, 9.02]] eval_metric: 0.5033
epoch:  520
520th epoch validation confusion matrix: [[12.97, 16.14], [4.03, 5.86]] eval_metric: 0.4828
epoch:  540
540th epoch validation confusion matrix: [[12.32, 15.95], [4.68, 6.05]] eval_metric: 0.4710
epoch:  560
560th epoch validation confusion matrix: [[12.06, 15.34], [4.94, 6.66]] eval_metric: 0.4800
epoch:  580
580th epoch validation confusion matrix: [[12.89, 16.16], [4.11, 5.84]] eval_metric: 0.4803
epoch:  600
600th epoch validation confusion matrix: [[9.84, 11.87], [7.16, 10.13]] eval_metric: 0.5121
epoch:  620
620th epoch validation confusion matrix: [[11.74, 13.97], [5.26, 8.03]] eval_metric: 0.5069
epoch:  640
640th epoch validation confusion matrix: [[12.31, 15.2], [4.69, 6.8]] eval_metric: 0.4900
epoch:  660
660th epoch validation confusion matrix: [[13.34, 16.67], [3.66, 5.33]] eval_metric: 0.4787
epoch:  680
680th epoch validation confusion matrix: [[9.94, 12.21], [7.06, 9.79]] eval_metric: 0.5059
epoch:  700
700th epoch validation confusion matrix: [[13.03, 15.85], [3.97, 6.15]] eval_metric: 0.4918
epoch:  720
720th epoch validation confusion matrix: [[12.19, 14.48], [4.81, 7.52]] eval_metric: 0.5054
epoch:  740
740th epoch validation confusion matrix: [[9.23, 10.84], [7.77, 11.16]] eval_metric: 0.5228
epoch:  760
760th epoch validation confusion matrix: [[12.75, 14.71], [4.25, 7.29]] eval_metric: 0.5138
epoch:  780
780th epoch validation confusion matrix: [[13.0, 15.37], [4.0, 6.63]] eval_metric: 0.5033
epoch:  800
800th epoch validation confusion matrix: [[12.04, 14.44], [4.96, 7.56]] eval_metric: 0.5026
epoch:  820
820th epoch validation confusion matrix: [[12.1, 14.33], [4.9, 7.67]] eval_metric: 0.5069
epoch:  840
840th epoch validation confusion matrix: [[11.6, 13.44], [5.4, 8.56]] eval_metric: 0.5169
epoch:  860
860th epoch validation confusion matrix: [[7.49, 8.34], [9.51, 13.66]] eval_metric: 0.5423
epoch:  880
880th epoch validation confusion matrix: [[14.35, 17.36], [2.65, 4.64]] eval_metric: 0.4869
epoch:  900
900th epoch validation confusion matrix: [[12.42, 14.29], [4.58, 7.71]] eval_metric: 0.5162
epoch:  920
920th epoch validation confusion matrix: [[10.54, 12.46], [6.46, 9.54]] eval_metric: 0.5149
epoch:  940
940th epoch validation confusion matrix: [[13.47, 15.18], [3.53, 6.82]] eval_metric: 0.5203
epoch:  960
960th epoch validation confusion matrix: [[11.75, 13.06], [5.25, 8.94]] eval_metric: 0.5305
epoch:  980
980th epoch validation confusion matrix: [[12.63, 14.96], [4.37, 7.04]] eval_metric: 0.5044
epoch:  1000
1000th epoch validation confusion matrix: [[13.33, 15.61], [3.67, 6.39]] eval_metric: 0.5056
epoch:  1020
1020th epoch validation confusion matrix: [[12.97, 15.28], [4.03, 6.72]] eval_metric: 0.5049
epoch:  1040
1040th epoch validation confusion matrix: [[12.68, 14.28], [4.32, 7.72]] eval_metric: 0.5231
epoch:  1060
1060th epoch validation confusion matrix: [[13.24, 15.83], [3.76, 6.17]] eval_metric: 0.4977
epoch:  1080
1080th epoch validation confusion matrix: [[13.06, 15.19], [3.94, 6.81]] eval_metric: 0.5095
epoch:  1100
1100th epoch validation confusion matrix: [[12.1, 13.92], [4.9, 8.08]] eval_metric: 0.5174
epoch:  1120
1120th epoch validation confusion matrix: [[13.22, 15.09], [3.78, 6.91]] eval_metric: 0.5162
epoch:  1140
1140th epoch validation confusion matrix: [[10.75, 11.59], [6.25, 10.41]] eval_metric: 0.5426
epoch:  1160
1160th epoch validation confusion matrix: [[13.44, 15.88], [3.56, 6.12]] eval_metric: 0.5015
epoch:  1180
1180th epoch validation confusion matrix: [[9.61, 9.99], [7.39, 12.01]] eval_metric: 0.5544
epoch:  1200
1200th epoch validation confusion matrix: [[12.46, 14.16], [4.54, 7.84]] eval_metric: 0.5205
epoch:  1220
1220th epoch validation confusion matrix: [[13.43, 15.25], [3.57, 6.75]] eval_metric: 0.5174
epoch:  1240
1240th epoch validation confusion matrix: [[12.19, 13.78], [4.81, 8.22]] eval_metric: 0.5233
epoch:  1260
1260th epoch validation confusion matrix: [[11.35, 13.04], [5.65, 8.96]] eval_metric: 0.5208
epoch:  1280
1280th epoch validation confusion matrix: [[13.6, 15.62], [3.4, 6.38]] eval_metric: 0.5123
epoch:  1300
1300th epoch validation confusion matrix: [[12.65, 14.4], [4.35, 7.6]] eval_metric: 0.5192
epoch:  1320
1320th epoch validation confusion matrix: [[12.08, 13.3], [4.92, 8.7]] eval_metric: 0.5328
epoch:  1340
1340th epoch validation confusion matrix: [[12.02, 13.95], [4.98, 8.05]] eval_metric: 0.5146
epoch:  1360
1360th epoch validation confusion matrix: [[14.11, 16.12], [2.89, 5.88]] eval_metric: 0.5126
epoch:  1380
1380th epoch validation confusion matrix: [[14.25, 16.13], [2.75, 5.87]] eval_metric: 0.5159
epoch:  1400
1400th epoch validation confusion matrix: [[11.86, 13.27], [5.14, 8.73]] eval_metric: 0.5279
epoch:  1420
1420th epoch validation confusion matrix: [[14.85, 17.26], [2.15, 4.74]] eval_metric: 0.5023
epoch:  1440
1440th epoch validation confusion matrix: [[12.68, 13.91], [4.32, 8.09]] eval_metric: 0.5326
epoch:  1460
1460th epoch validation confusion matrix: [[13.48, 15.39], [3.52, 6.61]] eval_metric: 0.5151
epoch:  1480
1480th epoch validation confusion matrix: [[13.47, 15.35], [3.53, 6.65]] eval_metric: 0.5159
epoch:  1500
1500th epoch validation confusion matrix: [[13.94, 15.83], [3.06, 6.17]] eval_metric: 0.5156
epoch:  1520
1520th epoch validation confusion matrix: [[9.09, 9.1], [7.91, 12.9]] eval_metric: 0.5638
epoch:  1540
1540th epoch validation confusion matrix: [[11.19, 11.94], [5.81, 10.06]] eval_metric: 0.5449
epoch:  1560
1560th epoch validation confusion matrix: [[7.64, 7.4], [9.36, 14.6]] eval_metric: 0.5703
epoch:  1580
1580th epoch validation confusion matrix: [[8.56, 8.76], [8.44, 13.24]] eval_metric: 0.5590
epoch:  1600
1600th epoch validation confusion matrix: [[12.91, 14.48], [4.09, 7.52]] eval_metric: 0.5238
epoch:  1620
1620th epoch validation confusion matrix: [[11.22, 12.06], [5.78, 9.94]] eval_metric: 0.5426
epoch:  1640
1640th epoch validation confusion matrix: [[15.51, 18.7], [1.49, 3.3]] eval_metric: 0.4823
epoch:  1660
1660th epoch validation confusion matrix: [[14.31, 16.18], [2.69, 5.82]] eval_metric: 0.5162
epoch:  1680
1680th epoch validation confusion matrix: [[10.55, 11.0], [6.45, 11.0]] eval_metric: 0.5526
epoch:  1700
1700th epoch validation confusion matrix: [[10.24, 10.86], [6.76, 11.14]] eval_metric: 0.5482
epoch:  1720
1720th epoch validation confusion matrix: [[14.22, 15.79], [2.78, 6.21]] eval_metric: 0.5238
epoch:  1740
1740th epoch validation confusion matrix: [[14.01, 15.64], [2.99, 6.36]] eval_metric: 0.5223
epoch:  1760
1760th epoch validation confusion matrix: [[11.56, 12.24], [5.44, 9.76]] eval_metric: 0.5467
epoch:  1780
1780th epoch validation confusion matrix: [[13.41, 14.44], [3.59, 7.56]] eval_metric: 0.5377
epoch:  1800
1800th epoch validation confusion matrix: [[8.51, 8.64], [8.49, 13.36]] eval_metric: 0.5608
epoch:  1820
1820th epoch validation confusion matrix: [[11.94, 13.01], [5.06, 8.99]] eval_metric: 0.5367
epoch:  1840
1840th epoch validation confusion matrix: [[13.11, 14.35], [3.89, 7.65]] eval_metric: 0.5323
epoch:  1860
1860th epoch validation confusion matrix: [[12.31, 13.49], [4.69, 8.51]] eval_metric: 0.5338
epoch:  1880
1880th epoch validation confusion matrix: [[12.66, 13.56], [4.34, 8.44]] eval_metric: 0.5410
epoch:  1900
1900th epoch validation confusion matrix: [[13.72, 15.59], [3.28, 6.41]] eval_metric: 0.5162
epoch:  1920
1920th epoch validation confusion matrix: [[13.23, 14.59], [3.77, 7.41]] eval_metric: 0.5292
epoch:  1940
1940th epoch validation confusion matrix: [[6.01, 5.24], [10.99, 16.76]] eval_metric: 0.5838
epoch:  1960
1960th epoch validation confusion matrix: [[13.21, 13.98], [3.79, 8.02]] eval_metric: 0.5444
epoch:  1980
1980th epoch validation confusion matrix: [[12.53, 13.59], [4.47, 8.41]] eval_metric: 0.5369
epoch:  2000
2000th epoch validation confusion matrix: [[11.7, 12.26], [5.3, 9.74]] eval_metric: 0.5497
epoch:  2020
2020th epoch validation confusion matrix: [[14.73, 16.97], [2.27, 5.03]] eval_metric: 0.5067
epoch:  2040
2040th epoch validation confusion matrix: [[13.58, 14.49], [3.42, 7.51]] eval_metric: 0.5408
epoch:  2060
2060th epoch validation confusion matrix: [[11.7, 12.25], [5.3, 9.75]] eval_metric: 0.5500
epoch:  2080
2080th epoch validation confusion matrix: [[14.71, 16.44], [2.29, 5.56]] eval_metric: 0.5197
epoch:  2100
2100th epoch validation confusion matrix: [[12.63, 13.66], [4.37, 8.34]] eval_metric: 0.5377
epoch:  2120
2120th epoch validation confusion matrix: [[13.34, 14.04], [3.66, 7.96]] eval_metric: 0.5462
epoch:  2140
2140th epoch validation confusion matrix: [[13.55, 14.54], [3.45, 7.46]] eval_metric: 0.5387
epoch:  2160
2160th epoch validation confusion matrix: [[13.61, 14.63], [3.39, 7.37]] eval_metric: 0.5379
epoch:  2180
2180th epoch validation confusion matrix: [[13.96, 15.09], [3.04, 6.91]] eval_metric: 0.5351
epoch:  2200
2200th epoch validation confusion matrix: [[13.4, 13.92], [3.6, 8.08]] eval_metric: 0.5508
epoch:  2220
2220th epoch validation confusion matrix: [[14.98, 17.1], [2.02, 4.9]] eval_metric: 0.5097
epoch:  2240
2240th epoch validation confusion matrix: [[12.88, 13.39], [4.12, 8.61]] eval_metric: 0.5510
epoch:  2260
2260th epoch validation confusion matrix: [[13.39, 14.36], [3.61, 7.64]] eval_metric: 0.5392
epoch:  2280
2280th epoch validation confusion matrix: [[13.65, 14.47], [3.35, 7.53]] eval_metric: 0.5431
epoch:  2300
2300th epoch validation confusion matrix: [[8.58, 8.43], [8.42, 13.57]] eval_metric: 0.5679
epoch:  2320
2320th epoch validation confusion matrix: [[13.37, 14.33], [3.63, 7.67]] eval_metric: 0.5395
epoch:  2340
2340th epoch validation confusion matrix: [[13.24, 14.18], [3.76, 7.82]] eval_metric: 0.5400
epoch:  2360
2360th epoch validation confusion matrix: [[11.82, 11.97], [5.18, 10.03]] eval_metric: 0.5603
epoch:  2380
2380th epoch validation confusion matrix: [[12.95, 13.38], [4.05, 8.62]] eval_metric: 0.5531
epoch:  2400
2400th epoch validation confusion matrix: [[14.41, 15.82], [2.59, 6.18]] eval_metric: 0.5279
epoch:  2420
2420th epoch validation confusion matrix: [[14.66, 16.39], [2.34, 5.61]] eval_metric: 0.5197
epoch:  2440
2440th epoch validation confusion matrix: [[11.65, 12.18], [5.35, 9.82]] eval_metric: 0.5505
epoch:  2460
2460th epoch validation confusion matrix: [[13.38, 14.23], [3.62, 7.77]] eval_metric: 0.5423
epoch:  2480
2480th epoch validation confusion matrix: [[10.89, 10.69], [6.11, 11.31]] eval_metric: 0.5692
epoch:  2500
2500th epoch validation confusion matrix: [[11.91, 12.16], [5.09, 9.84]] eval_metric: 0.5577
epoch:  2520
2520th epoch validation confusion matrix: [[12.26, 12.44], [4.74, 9.56]] eval_metric: 0.5595
epoch:  2540
2540th epoch validation confusion matrix: [[14.3, 15.99], [2.7, 6.01]] eval_metric: 0.5208
epoch:  2560
2560th epoch validation confusion matrix: [[13.34, 13.95], [3.66, 8.05]] eval_metric: 0.5485
epoch:  2580
2580th epoch validation confusion matrix: [[5.88, 4.18], [11.12, 17.82]] eval_metric: 0.6077
epoch:  2600
2600th epoch validation confusion matrix: [[13.68, 14.5], [3.32, 7.5]] eval_metric: 0.5431
epoch:  2620
2620th epoch validation confusion matrix: [[11.17, 11.01], [5.83, 10.99]] eval_metric: 0.5682
epoch:  2640
2640th epoch validation confusion matrix: [[12.82, 13.41], [4.18, 8.59]] eval_metric: 0.5490
epoch:  2660
2660th epoch validation confusion matrix: [[11.08, 10.98], [5.92, 11.02]] eval_metric: 0.5667
epoch:  2680
2680th epoch validation confusion matrix: [[10.35, 9.86], [6.65, 12.14]] eval_metric: 0.5767
epoch:  2700
2700th epoch validation confusion matrix: [[11.05, 10.78], [5.95, 11.22]] eval_metric: 0.5710
epoch:  2720
2720th epoch validation confusion matrix: [[11.12, 10.58], [5.88, 11.42]] eval_metric: 0.5779
epoch:  2740
2740th epoch validation confusion matrix: [[9.74, 9.23], [7.26, 12.77]] eval_metric: 0.5772
epoch:  2760
2760th epoch validation confusion matrix: [[10.99, 10.96], [6.01, 11.04]] eval_metric: 0.5649
epoch:  2780
2780th epoch validation confusion matrix: [[12.12, 12.5], [4.88, 9.5]] eval_metric: 0.5544
epoch:  2800
2800th epoch validation confusion matrix: [[11.27, 11.38], [5.73, 10.62]] eval_metric: 0.5613
epoch:  2820
2820th epoch validation confusion matrix: [[13.69, 14.52], [3.31, 7.48]] eval_metric: 0.5428
epoch:  2840
2840th epoch validation confusion matrix: [[12.69, 12.84], [4.31, 9.16]] eval_metric: 0.5603
epoch:  2860
2860th epoch validation confusion matrix: [[13.52, 14.13], [3.48, 7.87]] eval_metric: 0.5485
epoch:  2880
2880th epoch validation confusion matrix: [[14.32, 15.57], [2.68, 6.43]] eval_metric: 0.5321
epoch:  2900
2900th epoch validation confusion matrix: [[12.5, 12.93], [4.5, 9.07]] eval_metric: 0.5531
epoch:  2920
2920th epoch validation confusion matrix: [[12.39, 13.3], [4.61, 8.7]] eval_metric: 0.5408
epoch:  2940
2940th epoch validation confusion matrix: [[10.88, 10.34], [6.12, 11.66]] eval_metric: 0.5779
epoch:  2960
2960th epoch validation confusion matrix: [[9.24, 8.24], [7.76, 13.76]] eval_metric: 0.5897
epoch:  2980
2980th epoch validation confusion matrix: [[13.52, 14.88], [3.48, 7.12]] eval_metric: 0.5292
Best model saved at the 2580th epoch: 0.6076923076923076 [[5.88, 4.18], [11.12, 17.82]]
testing and generating DPMs ... 
train confusion matrix  [[29.11, 14.16], [49.89, 66.84]]  accuracy  0.5996875
valid confusion matrix  [[5.88, 4.18], [11.12, 17.82]]  accuracy  0.6076923076923076
test confusion matrix  [[2.58, 2.33], [4.42, 10.67]]  accuracy  0.6625
DPM generation is done
epoch:  0
0th epoch validation confusion matrix: [[21.0, 18.0], [0.0, 0.0]] eval_metric: 0.5385
epoch:  20
20th epoch validation confusion matrix: [[15.05, 12.98], [5.95, 5.02]] eval_metric: 0.5146
epoch:  40
40th epoch validation confusion matrix: [[20.93, 17.95], [0.07, 0.05]] eval_metric: 0.5379
epoch:  60
60th epoch validation confusion matrix: [[20.68, 17.7], [0.32, 0.3]] eval_metric: 0.5379
epoch:  80
80th epoch validation confusion matrix: [[20.98, 17.99], [0.02, 0.01]] eval_metric: 0.5382
epoch:  100
100th epoch validation confusion matrix: [[20.93, 17.94], [0.07, 0.06]] eval_metric: 0.5382
epoch:  120
120th epoch validation confusion matrix: [[15.97, 13.34], [5.03, 4.66]] eval_metric: 0.5290
epoch:  140
140th epoch validation confusion matrix: [[13.94, 11.63], [7.06, 6.37]] eval_metric: 0.5208
epoch:  160
160th epoch validation confusion matrix: [[19.85, 16.89], [1.15, 1.11]] eval_metric: 0.5374
epoch:  180
180th epoch validation confusion matrix: [[16.92, 14.7], [4.08, 3.3]] eval_metric: 0.5185
epoch:  200
200th epoch validation confusion matrix: [[18.92, 15.89], [2.08, 2.11]] eval_metric: 0.5392
epoch:  220
220th epoch validation confusion matrix: [[16.07, 13.12], [4.93, 4.88]] eval_metric: 0.5372
epoch:  240
240th epoch validation confusion matrix: [[14.91, 11.66], [6.09, 6.34]] eval_metric: 0.5449
epoch:  260
260th epoch validation confusion matrix: [[17.87, 14.4], [3.13, 3.6]] eval_metric: 0.5505
epoch:  280
280th epoch validation confusion matrix: [[13.11, 9.87], [7.89, 8.13]] eval_metric: 0.5446
epoch:  300
300th epoch validation confusion matrix: [[17.09, 13.99], [3.91, 4.01]] eval_metric: 0.5410
epoch:  320
320th epoch validation confusion matrix: [[14.97, 11.7], [6.03, 6.3]] eval_metric: 0.5454
epoch:  340
340th epoch validation confusion matrix: [[12.03, 9.92], [8.97, 8.08]] eval_metric: 0.5156
epoch:  360
360th epoch validation confusion matrix: [[9.36, 7.59], [11.64, 10.41]] eval_metric: 0.5069
epoch:  380
380th epoch validation confusion matrix: [[7.26, 5.83], [13.74, 12.17]] eval_metric: 0.4982
epoch:  400
400th epoch validation confusion matrix: [[7.47, 5.72], [13.53, 12.28]] eval_metric: 0.5064
epoch:  420
420th epoch validation confusion matrix: [[7.66, 5.97], [13.34, 12.03]] eval_metric: 0.5049
epoch:  440
440th epoch validation confusion matrix: [[8.35, 6.8], [12.65, 11.2]] eval_metric: 0.5013
epoch:  460
460th epoch validation confusion matrix: [[5.1, 3.71], [15.9, 14.29]] eval_metric: 0.4972
epoch:  480
480th epoch validation confusion matrix: [[9.5, 7.69], [11.5, 10.31]] eval_metric: 0.5079
epoch:  500
500th epoch validation confusion matrix: [[7.85, 5.99], [13.15, 12.01]] eval_metric: 0.5092
epoch:  520
520th epoch validation confusion matrix: [[7.0, 5.07], [14.0, 12.93]] eval_metric: 0.5110
epoch:  540
540th epoch validation confusion matrix: [[15.69, 12.26], [5.31, 5.74]] eval_metric: 0.5495
epoch:  560
560th epoch validation confusion matrix: [[14.51, 10.96], [6.49, 7.04]] eval_metric: 0.5526
epoch:  580
580th epoch validation confusion matrix: [[9.42, 6.92], [11.58, 11.08]] eval_metric: 0.5256
epoch:  600
600th epoch validation confusion matrix: [[10.68, 8.87], [10.32, 9.13]] eval_metric: 0.5079
epoch:  620
620th epoch validation confusion matrix: [[13.85, 10.53], [7.15, 7.47]] eval_metric: 0.5467
epoch:  640
640th epoch validation confusion matrix: [[12.3, 9.23], [8.7, 8.77]] eval_metric: 0.5403
epoch:  660
660th epoch validation confusion matrix: [[10.41, 8.21], [10.59, 9.79]] eval_metric: 0.5179
epoch:  680
680th epoch validation confusion matrix: [[13.6, 10.48], [7.4, 7.52]] eval_metric: 0.5415
epoch:  700
700th epoch validation confusion matrix: [[13.54, 10.09], [7.46, 7.91]] eval_metric: 0.5500
epoch:  720
720th epoch validation confusion matrix: [[16.96, 12.96], [4.04, 5.04]] eval_metric: 0.5641
epoch:  740
740th epoch validation confusion matrix: [[14.7, 11.35], [6.3, 6.65]] eval_metric: 0.5474
epoch:  760
760th epoch validation confusion matrix: [[12.67, 9.63], [8.33, 8.37]] eval_metric: 0.5395
epoch:  780
780th epoch validation confusion matrix: [[14.04, 10.27], [6.96, 7.73]] eval_metric: 0.5582
epoch:  800
800th epoch validation confusion matrix: [[17.37, 12.94], [3.63, 5.06]] eval_metric: 0.5751
epoch:  820
820th epoch validation confusion matrix: [[17.96, 14.03], [3.04, 3.97]] eval_metric: 0.5623
epoch:  840
840th epoch validation confusion matrix: [[12.52, 9.03], [8.48, 8.97]] eval_metric: 0.5510
epoch:  860
860th epoch validation confusion matrix: [[14.77, 10.71], [6.23, 7.29]] eval_metric: 0.5656
epoch:  880
880th epoch validation confusion matrix: [[16.03, 12.02], [4.97, 5.98]] eval_metric: 0.5644
epoch:  900
900th epoch validation confusion matrix: [[12.39, 8.68], [8.61, 9.32]] eval_metric: 0.5567
epoch:  920
920th epoch validation confusion matrix: [[13.22, 9.46], [7.78, 8.54]] eval_metric: 0.5579
epoch:  940
940th epoch validation confusion matrix: [[15.55, 11.36], [5.45, 6.64]] eval_metric: 0.5690
epoch:  960
960th epoch validation confusion matrix: [[12.61, 9.07], [8.39, 8.93]] eval_metric: 0.5523
epoch:  980
980th epoch validation confusion matrix: [[13.84, 9.94], [7.16, 8.06]] eval_metric: 0.5615
epoch:  1000
1000th epoch validation confusion matrix: [[14.21, 10.38], [6.79, 7.62]] eval_metric: 0.5597
epoch:  1020
1020th epoch validation confusion matrix: [[13.63, 10.02], [7.37, 7.98]] eval_metric: 0.5541
epoch:  1040
1040th epoch validation confusion matrix: [[12.63, 8.62], [8.37, 9.38]] eval_metric: 0.5644
epoch:  1060
1060th epoch validation confusion matrix: [[14.44, 10.26], [6.56, 7.74]] eval_metric: 0.5687
epoch:  1080
1080th epoch validation confusion matrix: [[16.07, 11.64], [4.93, 6.36]] eval_metric: 0.5751
epoch:  1100
1100th epoch validation confusion matrix: [[13.34, 9.16], [7.66, 8.84]] eval_metric: 0.5687
epoch:  1120
1120th epoch validation confusion matrix: [[9.56, 6.26], [11.44, 11.74]] eval_metric: 0.5462
epoch:  1140
1140th epoch validation confusion matrix: [[7.58, 4.78], [13.42, 13.22]] eval_metric: 0.5333
epoch:  1160
1160th epoch validation confusion matrix: [[10.02, 6.93], [10.98, 11.07]] eval_metric: 0.5408
epoch:  1180
1180th epoch validation confusion matrix: [[16.97, 12.43], [4.03, 5.57]] eval_metric: 0.5779
epoch:  1200
1200th epoch validation confusion matrix: [[7.84, 4.76], [13.16, 13.24]] eval_metric: 0.5405
epoch:  1220
1220th epoch validation confusion matrix: [[15.14, 10.81], [5.86, 7.19]] eval_metric: 0.5726
epoch:  1240
1240th epoch validation confusion matrix: [[12.9, 8.65], [8.1, 9.35]] eval_metric: 0.5705
epoch:  1260
1260th epoch validation confusion matrix: [[11.0, 7.05], [10.0, 10.95]] eval_metric: 0.5628
epoch:  1280
1280th epoch validation confusion matrix: [[15.78, 11.07], [5.22, 6.93]] eval_metric: 0.5823
epoch:  1300
1300th epoch validation confusion matrix: [[15.32, 10.9], [5.68, 7.1]] eval_metric: 0.5749
epoch:  1320
1320th epoch validation confusion matrix: [[14.02, 9.39], [6.98, 8.61]] eval_metric: 0.5803
epoch:  1340
1340th epoch validation confusion matrix: [[14.73, 10.39], [6.27, 7.61]] eval_metric: 0.5728
epoch:  1360
1360th epoch validation confusion matrix: [[15.75, 11.0], [5.25, 7.0]] eval_metric: 0.5833
epoch:  1380
1380th epoch validation confusion matrix: [[16.84, 12.2], [4.16, 5.8]] eval_metric: 0.5805
epoch:  1400
1400th epoch validation confusion matrix: [[14.45, 9.69], [6.55, 8.31]] eval_metric: 0.5836
epoch:  1420
1420th epoch validation confusion matrix: [[17.59, 12.92], [3.41, 5.08]] eval_metric: 0.5813
epoch:  1440
1440th epoch validation confusion matrix: [[17.19, 11.94], [3.81, 6.06]] eval_metric: 0.5962
epoch:  1460
1460th epoch validation confusion matrix: [[15.99, 10.86], [5.01, 7.14]] eval_metric: 0.5931
epoch:  1480
1480th epoch validation confusion matrix: [[13.66, 9.35], [7.34, 8.65]] eval_metric: 0.5721
epoch:  1500
1500th epoch validation confusion matrix: [[18.49, 13.42], [2.51, 4.58]] eval_metric: 0.5915
epoch:  1520
1520th epoch validation confusion matrix: [[15.63, 10.69], [5.37, 7.31]] eval_metric: 0.5882
epoch:  1540
1540th epoch validation confusion matrix: [[15.25, 10.48], [5.75, 7.52]] eval_metric: 0.5838
epoch:  1560
1560th epoch validation confusion matrix: [[17.16, 11.87], [3.84, 6.13]] eval_metric: 0.5972
epoch:  1580
1580th epoch validation confusion matrix: [[18.69, 13.91], [2.31, 4.09]] eval_metric: 0.5841
epoch:  1600
1600th epoch validation confusion matrix: [[15.82, 10.67], [5.18, 7.33]] eval_metric: 0.5936
epoch:  1620
1620th epoch validation confusion matrix: [[16.83, 11.66], [4.17, 6.34]] eval_metric: 0.5941
epoch:  1640
1640th epoch validation confusion matrix: [[13.33, 8.71], [7.67, 9.29]] eval_metric: 0.5800
epoch:  1660
1660th epoch validation confusion matrix: [[17.88, 12.95], [3.12, 5.05]] eval_metric: 0.5879
epoch:  1680
1680th epoch validation confusion matrix: [[16.27, 10.98], [4.73, 7.02]] eval_metric: 0.5972
epoch:  1700
1700th epoch validation confusion matrix: [[14.89, 9.73], [6.11, 8.27]] eval_metric: 0.5938
epoch:  1720
1720th epoch validation confusion matrix: [[16.33, 10.85], [4.67, 7.15]] eval_metric: 0.6021
epoch:  1740
1740th epoch validation confusion matrix: [[15.68, 10.78], [5.32, 7.22]] eval_metric: 0.5872
epoch:  1760
1760th epoch validation confusion matrix: [[16.28, 11.02], [4.72, 6.98]] eval_metric: 0.5964
epoch:  1780
1780th epoch validation confusion matrix: [[15.88, 10.52], [5.12, 7.48]] eval_metric: 0.5990
epoch:  1800
1800th epoch validation confusion matrix: [[16.0, 10.52], [5.0, 7.48]] eval_metric: 0.6021
epoch:  1820
1820th epoch validation confusion matrix: [[15.15, 9.88], [5.85, 8.12]] eval_metric: 0.5967
epoch:  1840
1840th epoch validation confusion matrix: [[15.81, 10.37], [5.19, 7.63]] eval_metric: 0.6010
epoch:  1860
1860th epoch validation confusion matrix: [[15.06, 9.75], [5.94, 8.25]] eval_metric: 0.5977
epoch:  1880
1880th epoch validation confusion matrix: [[15.7, 10.02], [5.3, 7.98]] eval_metric: 0.6072
epoch:  1900
1900th epoch validation confusion matrix: [[11.33, 6.44], [9.67, 11.56]] eval_metric: 0.5869
epoch:  1920
1920th epoch validation confusion matrix: [[16.01, 10.29], [4.99, 7.71]] eval_metric: 0.6082
epoch:  1940
1940th epoch validation confusion matrix: [[15.12, 9.72], [5.88, 8.28]] eval_metric: 0.6000
epoch:  1960
1960th epoch validation confusion matrix: [[16.56, 11.06], [4.44, 6.94]] eval_metric: 0.6026
epoch:  1980
1980th epoch validation confusion matrix: [[14.98, 9.43], [6.02, 8.57]] eval_metric: 0.6038
epoch:  2000
2000th epoch validation confusion matrix: [[17.59, 12.07], [3.41, 5.93]] eval_metric: 0.6031
epoch:  2020
2020th epoch validation confusion matrix: [[17.22, 11.48], [3.78, 6.52]] eval_metric: 0.6087
epoch:  2040
2040th epoch validation confusion matrix: [[16.82, 11.2], [4.18, 6.8]] eval_metric: 0.6056
epoch:  2060
2060th epoch validation confusion matrix: [[16.23, 10.5], [4.77, 7.5]] eval_metric: 0.6085
epoch:  2080
2080th epoch validation confusion matrix: [[15.02, 9.56], [5.98, 8.44]] eval_metric: 0.6015
epoch:  2100
2100th epoch validation confusion matrix: [[15.67, 10.1], [5.33, 7.9]] eval_metric: 0.6044
epoch:  2120
2120th epoch validation confusion matrix: [[8.95, 4.76], [12.05, 13.24]] eval_metric: 0.5690
epoch:  2140
2140th epoch validation confusion matrix: [[16.98, 11.5], [4.02, 6.5]] eval_metric: 0.6021
epoch:  2160
2160th epoch validation confusion matrix: [[6.45, 2.82], [14.55, 15.18]] eval_metric: 0.5546
epoch:  2180
2180th epoch validation confusion matrix: [[15.52, 10.0], [5.48, 8.0]] eval_metric: 0.6031
epoch:  2200
2200th epoch validation confusion matrix: [[14.69, 9.04], [6.31, 8.96]] eval_metric: 0.6064
epoch:  2220
2220th epoch validation confusion matrix: [[15.0, 9.52], [6.0, 8.48]] eval_metric: 0.6021
epoch:  2240
2240th epoch validation confusion matrix: [[13.1, 7.95], [7.9, 10.05]] eval_metric: 0.5936
epoch:  2260
2260th epoch validation confusion matrix: [[16.76, 11.03], [4.24, 6.97]] eval_metric: 0.6085
epoch:  2280
2280th epoch validation confusion matrix: [[17.09, 11.27], [3.91, 6.73]] eval_metric: 0.6108
epoch:  2300
2300th epoch validation confusion matrix: [[16.36, 10.8], [4.64, 7.2]] eval_metric: 0.6041
epoch:  2320
2320th epoch validation confusion matrix: [[15.67, 10.34], [5.33, 7.66]] eval_metric: 0.5982
epoch:  2340
2340th epoch validation confusion matrix: [[15.61, 9.91], [5.39, 8.09]] eval_metric: 0.6077
epoch:  2360
2360th epoch validation confusion matrix: [[16.35, 10.45], [4.65, 7.55]] eval_metric: 0.6128
epoch:  2380
2380th epoch validation confusion matrix: [[8.88, 4.55], [12.12, 13.45]] eval_metric: 0.5726
epoch:  2400
2400th epoch validation confusion matrix: [[16.53, 10.78], [4.47, 7.22]] eval_metric: 0.6090
epoch:  2420
2420th epoch validation confusion matrix: [[15.87, 10.08], [5.13, 7.92]] eval_metric: 0.6100
epoch:  2440
2440th epoch validation confusion matrix: [[16.43, 10.54], [4.57, 7.46]] eval_metric: 0.6126
epoch:  2460
2460th epoch validation confusion matrix: [[16.52, 10.7], [4.48, 7.3]] eval_metric: 0.6108
epoch:  2480
2480th epoch validation confusion matrix: [[17.14, 11.44], [3.86, 6.56]] eval_metric: 0.6077
epoch:  2500
2500th epoch validation confusion matrix: [[17.36, 11.56], [3.64, 6.44]] eval_metric: 0.6103
epoch:  2520
2520th epoch validation confusion matrix: [[15.79, 9.88], [5.21, 8.12]] eval_metric: 0.6131
epoch:  2540
2540th epoch validation confusion matrix: [[17.03, 11.24], [3.97, 6.76]] eval_metric: 0.6100
epoch:  2560
2560th epoch validation confusion matrix: [[17.21, 11.31], [3.79, 6.69]] eval_metric: 0.6128
epoch:  2580
2580th epoch validation confusion matrix: [[16.5, 10.78], [4.5, 7.22]] eval_metric: 0.6082
epoch:  2600
2600th epoch validation confusion matrix: [[13.93, 8.16], [7.07, 9.84]] eval_metric: 0.6095
epoch:  2620
2620th epoch validation confusion matrix: [[14.95, 9.22], [6.05, 8.78]] eval_metric: 0.6085
epoch:  2640
2640th epoch validation confusion matrix: [[16.87, 10.97], [4.13, 7.03]] eval_metric: 0.6128
epoch:  2660
2660th epoch validation confusion matrix: [[13.61, 8.34], [7.39, 9.66]] eval_metric: 0.5967
epoch:  2680
2680th epoch validation confusion matrix: [[17.4, 11.28], [3.6, 6.72]] eval_metric: 0.6185
epoch:  2700
2700th epoch validation confusion matrix: [[13.61, 7.88], [7.39, 10.12]] eval_metric: 0.6085
epoch:  2720
2720th epoch validation confusion matrix: [[16.83, 11.36], [4.17, 6.64]] eval_metric: 0.6018
epoch:  2740
2740th epoch validation confusion matrix: [[16.15, 10.23], [4.85, 7.77]] eval_metric: 0.6133
epoch:  2760
2760th epoch validation confusion matrix: [[15.09, 9.65], [5.91, 8.35]] eval_metric: 0.6010
epoch:  2780
2780th epoch validation confusion matrix: [[11.92, 6.6], [9.08, 11.4]] eval_metric: 0.5979
epoch:  2800
2800th epoch validation confusion matrix: [[17.1, 11.06], [3.9, 6.94]] eval_metric: 0.6164
epoch:  2820
2820th epoch validation confusion matrix: [[12.13, 6.82], [8.87, 11.18]] eval_metric: 0.5977
epoch:  2840
2840th epoch validation confusion matrix: [[15.17, 9.51], [5.83, 8.49]] eval_metric: 0.6067
epoch:  2860
2860th epoch validation confusion matrix: [[15.71, 9.68], [5.29, 8.32]] eval_metric: 0.6162
epoch:  2880
2880th epoch validation confusion matrix: [[15.54, 9.46], [5.46, 8.54]] eval_metric: 0.6174
epoch:  2900
2900th epoch validation confusion matrix: [[9.57, 4.86], [11.43, 13.14]] eval_metric: 0.5823
epoch:  2920
2920th epoch validation confusion matrix: [[9.4, 4.86], [11.6, 13.14]] eval_metric: 0.5779
epoch:  2940
2940th epoch validation confusion matrix: [[9.78, 4.96], [11.22, 13.04]] eval_metric: 0.5851
epoch:  2960
2960th epoch validation confusion matrix: [[17.58, 11.53], [3.42, 6.47]] eval_metric: 0.6167
epoch:  2980
2980th epoch validation confusion matrix: [[9.47, 4.64], [11.53, 13.36]] eval_metric: 0.5854
Best model saved at the 2680th epoch: 0.6184615384615384 [[17.4, 11.28], [3.6, 6.72]]
testing and generating DPMs ... 
train confusion matrix  [[62.53, 55.88], [12.47, 29.12]]  accuracy  0.5728125000000001
valid confusion matrix  [[17.4, 11.28], [3.6, 6.72]]  accuracy  0.6184615384615384
test confusion matrix  [[5.87, 8.34], [1.13, 4.66]]  accuracy  0.5265000000000001
DPM generation is done
epoch:  0
0th epoch validation confusion matrix: [[0.0, 0.0], [15.0, 24.0]] eval_metric: 0.6154
epoch:  20
20th epoch validation confusion matrix: [[0.01, 0.03], [14.99, 23.97]] eval_metric: 0.6149
epoch:  40
40th epoch validation confusion matrix: [[0.0, 0.0], [15.0, 24.0]] eval_metric: 0.6154
epoch:  60
60th epoch validation confusion matrix: [[0.05, 0.1], [14.95, 23.9]] eval_metric: 0.6141
epoch:  80
80th epoch validation confusion matrix: [[0.05, 0.08], [14.95, 23.92]] eval_metric: 0.6146
epoch:  100
100th epoch validation confusion matrix: [[5.14, 7.56], [9.86, 16.44]] eval_metric: 0.5533
epoch:  120
120th epoch validation confusion matrix: [[1.82, 2.64], [13.18, 21.36]] eval_metric: 0.5944
epoch:  140
140th epoch validation confusion matrix: [[12.41, 19.01], [2.59, 4.99]] eval_metric: 0.4462
epoch:  160
160th epoch validation confusion matrix: [[7.45, 11.48], [7.55, 12.52]] eval_metric: 0.5121
epoch:  180
180th epoch validation confusion matrix: [[5.4, 8.4], [9.6, 15.6]] eval_metric: 0.5385
epoch:  200
200th epoch validation confusion matrix: [[12.68, 19.9], [2.32, 4.1]] eval_metric: 0.4303
epoch:  220
220th epoch validation confusion matrix: [[1.32, 1.96], [13.68, 22.04]] eval_metric: 0.5990
epoch:  240
240th epoch validation confusion matrix: [[2.93, 4.1], [12.07, 19.9]] eval_metric: 0.5854
epoch:  260
260th epoch validation confusion matrix: [[10.93, 16.26], [4.07, 7.74]] eval_metric: 0.4787
epoch:  280
280th epoch validation confusion matrix: [[8.7, 12.88], [6.3, 11.12]] eval_metric: 0.5082
epoch:  300
300th epoch validation confusion matrix: [[9.75, 14.58], [5.25, 9.42]] eval_metric: 0.4915
epoch:  320
320th epoch validation confusion matrix: [[11.82, 17.83], [3.18, 6.17]] eval_metric: 0.4613
epoch:  340
340th epoch validation confusion matrix: [[9.02, 13.53], [5.98, 10.47]] eval_metric: 0.4997
epoch:  360
360th epoch validation confusion matrix: [[12.98, 20.28], [2.02, 3.72]] eval_metric: 0.4282
epoch:  380
380th epoch validation confusion matrix: [[13.57, 21.38], [1.43, 2.62]] eval_metric: 0.4151
epoch:  400
400th epoch validation confusion matrix: [[10.48, 15.81], [4.52, 8.19]] eval_metric: 0.4787
epoch:  420
420th epoch validation confusion matrix: [[4.52, 6.61], [10.48, 17.39]] eval_metric: 0.5618
epoch:  440
440th epoch validation confusion matrix: [[12.44, 19.03], [2.56, 4.97]] eval_metric: 0.4464
epoch:  460
460th epoch validation confusion matrix: [[11.62, 17.48], [3.38, 6.52]] eval_metric: 0.4651
epoch:  480
480th epoch validation confusion matrix: [[11.73, 17.34], [3.27, 6.66]] eval_metric: 0.4715
epoch:  500
500th epoch validation confusion matrix: [[9.61, 14.03], [5.39, 9.97]] eval_metric: 0.5021
epoch:  520
520th epoch validation confusion matrix: [[11.69, 17.32], [3.31, 6.68]] eval_metric: 0.4710
epoch:  540
540th epoch validation confusion matrix: [[8.08, 11.36], [6.92, 12.64]] eval_metric: 0.5313
epoch:  560
560th epoch validation confusion matrix: [[10.69, 15.71], [4.31, 8.29]] eval_metric: 0.4867
epoch:  580
580th epoch validation confusion matrix: [[11.28, 16.25], [3.72, 7.75]] eval_metric: 0.4879
epoch:  600
600th epoch validation confusion matrix: [[12.52, 18.3], [2.48, 5.7]] eval_metric: 0.4672
epoch:  620
620th epoch validation confusion matrix: [[7.97, 11.37], [7.03, 12.63]] eval_metric: 0.5282
epoch:  640
640th epoch validation confusion matrix: [[12.64, 18.76], [2.36, 5.24]] eval_metric: 0.4585
epoch:  660
660th epoch validation confusion matrix: [[12.23, 18.06], [2.77, 5.94]] eval_metric: 0.4659
epoch:  680
680th epoch validation confusion matrix: [[11.39, 16.53], [3.61, 7.47]] eval_metric: 0.4836
epoch:  700
700th epoch validation confusion matrix: [[9.57, 13.35], [5.43, 10.65]] eval_metric: 0.5185
epoch:  720
720th epoch validation confusion matrix: [[9.94, 13.91], [5.06, 10.09]] eval_metric: 0.5136
epoch:  740
740th epoch validation confusion matrix: [[10.85, 15.21], [4.15, 8.79]] eval_metric: 0.5036
epoch:  760
760th epoch validation confusion matrix: [[6.04, 7.75], [8.96, 16.25]] eval_metric: 0.5715
epoch:  780
780th epoch validation confusion matrix: [[8.75, 11.88], [6.25, 12.12]] eval_metric: 0.5351
epoch:  800
800th epoch validation confusion matrix: [[9.78, 13.5], [5.22, 10.5]] eval_metric: 0.5200
epoch:  820
820th epoch validation confusion matrix: [[11.52, 16.52], [3.48, 7.48]] eval_metric: 0.4872
epoch:  840
840th epoch validation confusion matrix: [[9.58, 13.48], [5.42, 10.52]] eval_metric: 0.5154
epoch:  860
860th epoch validation confusion matrix: [[11.64, 16.34], [3.36, 7.66]] eval_metric: 0.4949
epoch:  880
880th epoch validation confusion matrix: [[7.18, 9.28], [7.82, 14.72]] eval_metric: 0.5615
epoch:  900
900th epoch validation confusion matrix: [[10.16, 13.85], [4.84, 10.15]] eval_metric: 0.5208
epoch:  920
920th epoch validation confusion matrix: [[7.7, 9.87], [7.3, 14.13]] eval_metric: 0.5597
epoch:  940
940th epoch validation confusion matrix: [[9.01, 12.06], [5.99, 11.94]] eval_metric: 0.5372
epoch:  960
960th epoch validation confusion matrix: [[9.7, 12.71], [5.3, 11.29]] eval_metric: 0.5382
epoch:  980
980th epoch validation confusion matrix: [[11.46, 15.71], [3.54, 8.29]] eval_metric: 0.5064
epoch:  1000
1000th epoch validation confusion matrix: [[11.61, 16.58], [3.39, 7.42]] eval_metric: 0.4879
epoch:  1020
1020th epoch validation confusion matrix: [[10.98, 15.01], [4.02, 8.99]] eval_metric: 0.5121
epoch:  1040
1040th epoch validation confusion matrix: [[10.15, 13.49], [4.85, 10.51]] eval_metric: 0.5297
epoch:  1060
1060th epoch validation confusion matrix: [[11.01, 14.63], [3.99, 9.37]] eval_metric: 0.5226
epoch:  1080
1080th epoch validation confusion matrix: [[10.92, 15.09], [4.08, 8.91]] eval_metric: 0.5085
epoch:  1100
1100th epoch validation confusion matrix: [[10.24, 13.56], [4.76, 10.44]] eval_metric: 0.5303
epoch:  1120
1120th epoch validation confusion matrix: [[10.34, 13.9], [4.66, 10.1]] eval_metric: 0.5241
epoch:  1140
1140th epoch validation confusion matrix: [[12.23, 17.26], [2.77, 6.74]] eval_metric: 0.4864
epoch:  1160
1160th epoch validation confusion matrix: [[11.27, 15.6], [3.73, 8.4]] eval_metric: 0.5044
epoch:  1180
1180th epoch validation confusion matrix: [[9.09, 11.64], [5.91, 12.36]] eval_metric: 0.5500
epoch:  1200
1200th epoch validation confusion matrix: [[5.5, 6.38], [9.5, 17.62]] eval_metric: 0.5928
epoch:  1220
1220th epoch validation confusion matrix: [[9.51, 12.03], [5.49, 11.97]] eval_metric: 0.5508
epoch:  1240
1240th epoch validation confusion matrix: [[10.23, 12.99], [4.77, 11.01]] eval_metric: 0.5446
epoch:  1260
1260th epoch validation confusion matrix: [[7.3, 8.83], [7.7, 15.17]] eval_metric: 0.5762
epoch:  1280
1280th epoch validation confusion matrix: [[11.83, 16.06], [3.17, 7.94]] eval_metric: 0.5069
epoch:  1300
1300th epoch validation confusion matrix: [[11.84, 16.26], [3.16, 7.74]] eval_metric: 0.5021
epoch:  1320
1320th epoch validation confusion matrix: [[11.0, 15.08], [4.0, 8.92]] eval_metric: 0.5108
epoch:  1340
1340th epoch validation confusion matrix: [[9.34, 11.88], [5.66, 12.12]] eval_metric: 0.5503
epoch:  1360
1360th epoch validation confusion matrix: [[10.83, 14.35], [4.17, 9.65]] eval_metric: 0.5251
epoch:  1380
1380th epoch validation confusion matrix: [[8.32, 10.13], [6.68, 13.87]] eval_metric: 0.5690
epoch:  1400
1400th epoch validation confusion matrix: [[11.29, 15.2], [3.71, 8.8]] eval_metric: 0.5151
epoch:  1420
1420th epoch validation confusion matrix: [[5.46, 6.07], [9.54, 17.93]] eval_metric: 0.5997
epoch:  1440
1440th epoch validation confusion matrix: [[10.68, 13.73], [4.32, 10.27]] eval_metric: 0.5372
epoch:  1460
1460th epoch validation confusion matrix: [[11.42, 15.06], [3.58, 8.94]] eval_metric: 0.5221
epoch:  1480
1480th epoch validation confusion matrix: [[5.39, 5.83], [9.61, 18.17]] eval_metric: 0.6041
epoch:  1500
1500th epoch validation confusion matrix: [[10.28, 13.0], [4.72, 11.0]] eval_metric: 0.5456
epoch:  1520
1520th epoch validation confusion matrix: [[11.64, 15.41], [3.36, 8.59]] eval_metric: 0.5187
epoch:  1540
1540th epoch validation confusion matrix: [[9.38, 11.75], [5.62, 12.25]] eval_metric: 0.5546
epoch:  1560
1560th epoch validation confusion matrix: [[7.43, 8.93], [7.57, 15.07]] eval_metric: 0.5769
epoch:  1580
1580th epoch validation confusion matrix: [[12.28, 16.83], [2.72, 7.17]] eval_metric: 0.4987
epoch:  1600
1600th epoch validation confusion matrix: [[10.49, 13.3], [4.51, 10.7]] eval_metric: 0.5433
epoch:  1620
1620th epoch validation confusion matrix: [[4.95, 4.89], [10.05, 19.11]] eval_metric: 0.6169
epoch:  1640
1640th epoch validation confusion matrix: [[11.37, 14.74], [3.63, 9.26]] eval_metric: 0.5290
epoch:  1660
1660th epoch validation confusion matrix: [[12.14, 16.27], [2.86, 7.73]] eval_metric: 0.5095
epoch:  1680
1680th epoch validation confusion matrix: [[9.49, 11.95], [5.51, 12.05]] eval_metric: 0.5523
epoch:  1700
1700th epoch validation confusion matrix: [[10.18, 12.98], [4.82, 11.02]] eval_metric: 0.5436
epoch:  1720
1720th epoch validation confusion matrix: [[11.87, 15.67], [3.13, 8.33]] eval_metric: 0.5179
epoch:  1740
1740th epoch validation confusion matrix: [[10.52, 13.21], [4.48, 10.79]] eval_metric: 0.5464
epoch:  1760
1760th epoch validation confusion matrix: [[10.27, 13.17], [4.73, 10.83]] eval_metric: 0.5410
epoch:  1780
1780th epoch validation confusion matrix: [[10.04, 12.41], [4.96, 11.59]] eval_metric: 0.5546
epoch:  1800
1800th epoch validation confusion matrix: [[11.54, 15.14], [3.46, 8.86]] eval_metric: 0.5231
epoch:  1820
1820th epoch validation confusion matrix: [[10.19, 13.3], [4.81, 10.7]] eval_metric: 0.5356
epoch:  1840
1840th epoch validation confusion matrix: [[12.5, 16.91], [2.5, 7.09]] eval_metric: 0.5023
epoch:  1860
1860th epoch validation confusion matrix: [[11.83, 15.79], [3.17, 8.21]] eval_metric: 0.5138
epoch:  1880
1880th epoch validation confusion matrix: [[12.44, 16.54], [2.56, 7.46]] eval_metric: 0.5103
epoch:  1900
1900th epoch validation confusion matrix: [[12.17, 16.39], [2.83, 7.61]] eval_metric: 0.5072
epoch:  1920
1920th epoch validation confusion matrix: [[11.08, 14.48], [3.92, 9.52]] eval_metric: 0.5282
epoch:  1940
1940th epoch validation confusion matrix: [[9.63, 11.79], [5.37, 12.21]] eval_metric: 0.5600
epoch:  1960
1960th epoch validation confusion matrix: [[7.93, 9.93], [7.07, 14.07]] eval_metric: 0.5641
epoch:  1980
1980th epoch validation confusion matrix: [[10.56, 13.5], [4.44, 10.5]] eval_metric: 0.5400
epoch:  2000
2000th epoch validation confusion matrix: [[10.87, 13.77], [4.13, 10.23]] eval_metric: 0.5410
epoch:  2020
2020th epoch validation confusion matrix: [[9.41, 11.52], [5.59, 12.48]] eval_metric: 0.5613
epoch:  2040
2040th epoch validation confusion matrix: [[11.97, 16.18], [3.03, 7.82]] eval_metric: 0.5074
epoch:  2060
2060th epoch validation confusion matrix: [[7.32, 8.36], [7.68, 15.64]] eval_metric: 0.5887
epoch:  2080
2080th epoch validation confusion matrix: [[9.42, 11.57], [5.58, 12.43]] eval_metric: 0.5603
epoch:  2100
2100th epoch validation confusion matrix: [[11.2, 14.42], [3.8, 9.58]] eval_metric: 0.5328
epoch:  2120
2120th epoch validation confusion matrix: [[7.23, 8.36], [7.77, 15.64]] eval_metric: 0.5864
epoch:  2140
2140th epoch validation confusion matrix: [[9.78, 12.29], [5.22, 11.71]] eval_metric: 0.5510
epoch:  2160
2160th epoch validation confusion matrix: [[12.15, 16.06], [2.85, 7.94]] eval_metric: 0.5151
epoch:  2180
2180th epoch validation confusion matrix: [[11.13, 14.26], [3.87, 9.74]] eval_metric: 0.5351
epoch:  2200
2200th epoch validation confusion matrix: [[11.51, 15.12], [3.49, 8.88]] eval_metric: 0.5228
epoch:  2220
2220th epoch validation confusion matrix: [[11.45, 14.96], [3.55, 9.04]] eval_metric: 0.5254
epoch:  2240
2240th epoch validation confusion matrix: [[10.7, 13.45], [4.3, 10.55]] eval_metric: 0.5449
epoch:  2260
2260th epoch validation confusion matrix: [[12.68, 17.4], [2.32, 6.6]] eval_metric: 0.4944
epoch:  2280
2280th epoch validation confusion matrix: [[10.77, 13.54], [4.23, 10.46]] eval_metric: 0.5444
epoch:  2300
2300th epoch validation confusion matrix: [[10.64, 13.53], [4.36, 10.47]] eval_metric: 0.5413
epoch:  2320
2320th epoch validation confusion matrix: [[13.29, 18.39], [1.71, 5.61]] eval_metric: 0.4846
epoch:  2340
2340th epoch validation confusion matrix: [[12.96, 18.03], [2.04, 5.97]] eval_metric: 0.4854
epoch:  2360
2360th epoch validation confusion matrix: [[10.19, 12.55], [4.81, 11.45]] eval_metric: 0.5549
epoch:  2380
2380th epoch validation confusion matrix: [[6.76, 7.23], [8.24, 16.77]] eval_metric: 0.6033
epoch:  2400
2400th epoch validation confusion matrix: [[7.07, 7.47], [7.93, 16.53]] eval_metric: 0.6051
epoch:  2420
2420th epoch validation confusion matrix: [[8.93, 10.4], [6.07, 13.6]] eval_metric: 0.5777
epoch:  2440
2440th epoch validation confusion matrix: [[13.72, 19.52], [1.28, 4.48]] eval_metric: 0.4667
epoch:  2460
2460th epoch validation confusion matrix: [[7.44, 8.38], [7.56, 15.62]] eval_metric: 0.5913
epoch:  2480
2480th epoch validation confusion matrix: [[10.43, 13.02], [4.57, 10.98]] eval_metric: 0.5490
epoch:  2500
2500th epoch validation confusion matrix: [[9.15, 11.06], [5.85, 12.94]] eval_metric: 0.5664
epoch:  2520
2520th epoch validation confusion matrix: [[11.39, 14.56], [3.61, 9.44]] eval_metric: 0.5341
epoch:  2540
2540th epoch validation confusion matrix: [[10.44, 13.17], [4.56, 10.83]] eval_metric: 0.5454
epoch:  2560
2560th epoch validation confusion matrix: [[10.66, 13.32], [4.34, 10.68]] eval_metric: 0.5472
epoch:  2580
2580th epoch validation confusion matrix: [[10.7, 13.41], [4.3, 10.59]] eval_metric: 0.5459
epoch:  2600
2600th epoch validation confusion matrix: [[11.81, 15.59], [3.19, 8.41]] eval_metric: 0.5185
epoch:  2620
2620th epoch validation confusion matrix: [[11.06, 14.07], [3.94, 9.93]] eval_metric: 0.5382
epoch:  2640
2640th epoch validation confusion matrix: [[8.16, 10.02], [6.84, 13.98]] eval_metric: 0.5677
epoch:  2660
2660th epoch validation confusion matrix: [[11.19, 14.23], [3.81, 9.77]] eval_metric: 0.5374
epoch:  2680
2680th epoch validation confusion matrix: [[9.29, 11.43], [5.71, 12.57]] eval_metric: 0.5605
epoch:  2700
2700th epoch validation confusion matrix: [[12.03, 16.45], [2.97, 7.55]] eval_metric: 0.5021
epoch:  2720
2720th epoch validation confusion matrix: [[10.9, 13.57], [4.1, 10.43]] eval_metric: 0.5469
epoch:  2740
2740th epoch validation confusion matrix: [[8.68, 10.27], [6.32, 13.73]] eval_metric: 0.5746
epoch:  2760
2760th epoch validation confusion matrix: [[10.49, 13.02], [4.51, 10.98]] eval_metric: 0.5505
epoch:  2780
2780th epoch validation confusion matrix: [[10.52, 13.47], [4.48, 10.53]] eval_metric: 0.5397
epoch:  2800
2800th epoch validation confusion matrix: [[12.67, 17.12], [2.33, 6.88]] eval_metric: 0.5013
epoch:  2820
2820th epoch validation confusion matrix: [[11.13, 14.12], [3.87, 9.88]] eval_metric: 0.5387
epoch:  2840
2840th epoch validation confusion matrix: [[10.85, 13.51], [4.15, 10.49]] eval_metric: 0.5472
epoch:  2860
2860th epoch validation confusion matrix: [[12.06, 15.78], [2.94, 8.22]] eval_metric: 0.5200
epoch:  2880
2880th epoch validation confusion matrix: [[12.82, 17.28], [2.18, 6.72]] eval_metric: 0.5010
epoch:  2900
2900th epoch validation confusion matrix: [[10.48, 12.9], [4.52, 11.1]] eval_metric: 0.5533
epoch:  2920
2920th epoch validation confusion matrix: [[11.85, 15.32], [3.15, 8.68]] eval_metric: 0.5264
epoch:  2940
2940th epoch validation confusion matrix: [[12.47, 16.89], [2.53, 7.11]] eval_metric: 0.5021
epoch:  2960
2960th epoch validation confusion matrix: [[11.0, 13.89], [4.0, 10.11]] eval_metric: 0.5413
epoch:  2980
2980th epoch validation confusion matrix: [[10.17, 12.41], [4.83, 11.59]] eval_metric: 0.5579
Best model saved at the 1620th epoch: 0.6169230769230769 [[4.95, 4.89], [10.05, 19.11]]
testing and generating DPMs ... 
train confusion matrix  [[28.37, 16.28], [52.63, 62.72]]  accuracy  0.5693125
valid confusion matrix  [[4.95, 4.89], [10.05, 19.11]]  accuracy  0.6169230769230769
test confusion matrix  [[2.48, 2.6], [4.52, 10.4]]  accuracy  0.644
DPM generation is done
